#
# There is insufficient memory for the Java Runtime Environment to continue.
# Native memory allocation (malloc) failed to allocate 912016 bytes. Error detail: Chunk::new
# Possible reasons:
#   The system is out of physical RAM or swap space
#   This process is running with CompressedOops enabled, and the Java Heap may be blocking the growth of the native heap
# Possible solutions:
#   Reduce memory load on the system
#   Increase physical memory or swap space
#   Check if swap backing store is full
#   Decrease Java heap size (-Xmx/-Xms)
#   Decrease number of Java threads
#   Decrease Java thread stack sizes (-Xss)
#   Set larger code cache with -XX:ReservedCodeCacheSize=
#   JVM is running with Unscaled Compressed Oops mode in which the Java heap is
#     placed in the first 4GB address space. The Java Heap base address is the
#     maximum limit for the native heap growth. Please use -XX:HeapBaseMinAddress
#     to set the Java Heap base and to place the Java Heap above 4GB virtual address.
# This output file may be truncated or incomplete.
#
#  Out of Memory Error (arena.cpp:168), pid=10540, tid=18624
#
# JRE version: OpenJDK Runtime Environment (21.0.7) (build 21.0.7+-13880790-b1038.58)
# Java VM: OpenJDK 64-Bit Server VM (21.0.7+-13880790-b1038.58, mixed mode, tiered, compressed oops, compressed class ptrs, g1 gc, windows-amd64)
# No core dump will be written. Minidumps are not enabled by default on client versions of Windows
#

---------------  S U M M A R Y ------------

Command Line: --add-opens=java.base/java.lang=ALL-UNNAMED --add-opens=java.base/java.lang.invoke=ALL-UNNAMED --add-opens=java.base/java.util=ALL-UNNAMED --add-opens=java.prefs/java.util.prefs=ALL-UNNAMED --add-exports=jdk.compiler/com.sun.tools.javac.api=ALL-UNNAMED --add-exports=jdk.compiler/com.sun.tools.javac.util=ALL-UNNAMED --add-opens=java.base/java.util=ALL-UNNAMED --add-opens=java.prefs/java.util.prefs=ALL-UNNAMED --add-opens=java.base/java.nio.charset=ALL-UNNAMED --add-opens=java.base/java.net=ALL-UNNAMED --add-opens=java.base/java.util.concurrent.atomic=ALL-UNNAMED --add-opens=java.xml/javax.xml.namespace=ALL-UNNAMED -Xmx2048m -Dfile.encoding=UTF-8 -Duser.country=ID -Duser.language=en -Duser.variant -javaagent:C:\Users\Asus\.gradle\wrapper\dists\gradle-8.13-bin\5xuhj0ry160q40clulazy9h7d\gradle-8.13\lib\agents\gradle-instrumentation-agent-8.13.jar org.gradle.launcher.daemon.bootstrap.GradleDaemon 8.13

Host: Intel(R) Core(TM) i5-8265U CPU @ 1.60GHz, 8 cores, 3G,  Windows 10 , 64 bit Build 19041 (10.0.19041.5915)
Time: Fri Sep 26 11:27:57 2025 SE Asia Standard Time elapsed time: 68.601062 seconds (0d 0h 1m 8s)

---------------  T H R E A D  ---------------

Current thread (0x0000028d2fb33840):  JavaThread "C2 CompilerThread0" daemon [_thread_in_native, id=18624, stack(0x000000b93e200000,0x000000b93e300000) (1024K)]


Current CompileTask:
C2:68601 5291   !   4       jdk.internal.loader.BuiltinClassLoader::loadClassOrNull (143 bytes)

Stack: [0x000000b93e200000,0x000000b93e300000]
Native frames: (J=compiled Java code, j=interpreted, Vv=VM code, C=native code)
V  [jvm.dll+0x6d25c9]
V  [jvm.dll+0x860923]
V  [jvm.dll+0x862e7e]
V  [jvm.dll+0x863563]
V  [jvm.dll+0x27f156]
V  [jvm.dll+0xc002d]
V  [jvm.dll+0xc0563]
V  [jvm.dll+0x3b6d01]
V  [jvm.dll+0x382c27]
V  [jvm.dll+0x38209a]
V  [jvm.dll+0x247e72]
V  [jvm.dll+0x247441]
V  [jvm.dll+0x1c5fb4]
V  [jvm.dll+0x256bac]
V  [jvm.dll+0x2550f6]
V  [jvm.dll+0x3f1d16]
V  [jvm.dll+0x808d08]
V  [jvm.dll+0x6d0e1d]
C  [ucrtbase.dll+0x21bb2]
C  [KERNEL32.DLL+0x17374]
C  [ntdll.dll+0x4cc91]


---------------  P R O C E S S  ---------------

Threads class SMR info:
_java_thread_list=0x0000028d35b5ba90, length=41, elements={
0x0000028d182d0f00, 0x0000028d2f9d9d30, 0x0000028d2fb242b0, 0x0000028d2fb47450,
0x0000028d2fb2eb70, 0x0000028d2fb305e0, 0x0000028d2fb31040, 0x0000028d2fb31aa0,
0x0000028d2fb33840, 0x0000028d2fb34d00, 0x0000028d2fe3e370, 0x0000028d35695890,
0x0000028d34e9ab40, 0x0000028d35821610, 0x0000028d34cf21e0, 0x0000028d34ac80d0,
0x0000028d355772b0, 0x0000028d356f9250, 0x0000028d35797e80, 0x0000028d35799230,
0x0000028d3579a5e0, 0x0000028d35798510, 0x0000028d357998c0, 0x0000028d3579ac70,
0x0000028d357977f0, 0x0000028d35799f50, 0x0000028d34abab10, 0x0000028d34ac0060,
0x0000028d34abe620, 0x0000028d34abb830, 0x0000028d34abdf90, 0x0000028d34ab90d0,
0x0000028d34abd270, 0x0000028d34ac06f0, 0x0000028d34abf340, 0x0000028d34abbec0,
0x0000028d34abecb0, 0x0000028d34abf9d0, 0x0000028d34ab9760, 0x0000028d34abc550,
0x0000028d34ab9df0
}

Java Threads: ( => current thread )
  0x0000028d182d0f00 JavaThread "main"                              [_thread_blocked, id=1864, stack(0x000000b93d300000,0x000000b93d400000) (1024K)]
  0x0000028d2f9d9d30 JavaThread "Common-Cleaner"             daemon [_thread_blocked, id=9576, stack(0x000000b93db00000,0x000000b93dc00000) (1024K)]
  0x0000028d2fb242b0 JavaThread "Reference Handler"          daemon [_thread_blocked, id=23080, stack(0x000000b93dc00000,0x000000b93dd00000) (1024K)]
  0x0000028d2fb47450 JavaThread "Finalizer"                  daemon [_thread_blocked, id=9684, stack(0x000000b93dd00000,0x000000b93de00000) (1024K)]
  0x0000028d2fb2eb70 JavaThread "Signal Dispatcher"          daemon [_thread_blocked, id=21516, stack(0x000000b93de00000,0x000000b93df00000) (1024K)]
  0x0000028d2fb305e0 JavaThread "Attach Listener"            daemon [_thread_blocked, id=19028, stack(0x000000b93df00000,0x000000b93e000000) (1024K)]
  0x0000028d2fb31040 JavaThread "Service Thread"             daemon [_thread_blocked, id=5704, stack(0x000000b93e000000,0x000000b93e100000) (1024K)]
  0x0000028d2fb31aa0 JavaThread "Monitor Deflation Thread"   daemon [_thread_blocked, id=1856, stack(0x000000b93e100000,0x000000b93e200000) (1024K)]
=>0x0000028d2fb33840 JavaThread "C2 CompilerThread0"         daemon [_thread_in_native, id=18624, stack(0x000000b93e200000,0x000000b93e300000) (1024K)]
  0x0000028d2fb34d00 JavaThread "C1 CompilerThread0"         daemon [_thread_blocked, id=21136, stack(0x000000b93e300000,0x000000b93e400000) (1024K)]
  0x0000028d2fe3e370 JavaThread "Notification Thread"        daemon [_thread_blocked, id=17648, stack(0x000000b93e400000,0x000000b93e500000) (1024K)]
  0x0000028d35695890 JavaThread "Daemon health stats"               [_thread_blocked, id=11244, stack(0x000000b93e900000,0x000000b93ea00000) (1024K)]
  0x0000028d34e9ab40 JavaThread "Incoming local TCP Connector on port 62448"        [_thread_in_native, id=20096, stack(0x000000b93ed00000,0x000000b93ee00000) (1024K)]
  0x0000028d35821610 JavaThread "Daemon periodic checks"            [_thread_blocked, id=22488, stack(0x000000b93ee00000,0x000000b93ef00000) (1024K)]
  0x0000028d34cf21e0 JavaThread "Daemon"                            [_thread_blocked, id=9584, stack(0x000000b93ef00000,0x000000b93f000000) (1024K)]
  0x0000028d34ac80d0 JavaThread "Handler for socket connection from /127.0.0.1:62448 to /127.0.0.1:62458"        [_thread_in_native, id=21064, stack(0x000000b93f000000,0x000000b93f100000) (1024K)]
  0x0000028d355772b0 JavaThread "Cancel handler"                    [_thread_blocked, id=3124, stack(0x000000b93f100000,0x000000b93f200000) (1024K)]
  0x0000028d356f9250 JavaThread "Daemon worker"                     [_thread_in_vm, id=12428, stack(0x000000b93f200000,0x000000b93f300000) (1024K)]
  0x0000028d35797e80 JavaThread "Asynchronous log dispatcher for DefaultDaemonConnection: socket connection from /127.0.0.1:62448 to /127.0.0.1:62458"        [_thread_blocked, id=2880, stack(0x000000b93f300000,0x000000b93f400000) (1024K)]
  0x0000028d35799230 JavaThread "Stdin handler"                     [_thread_blocked, id=1708, stack(0x000000b93f500000,0x000000b93f600000) (1024K)]
  0x0000028d3579a5e0 JavaThread "Daemon client event forwarder"        [_thread_blocked, id=16832, stack(0x000000b93f600000,0x000000b93f700000) (1024K)]
  0x0000028d35798510 JavaThread "Cache worker for journal cache (C:\Users\Asus\.gradle\caches\journal-1)"        [_thread_blocked, id=17316, stack(0x000000b93f700000,0x000000b93f800000) (1024K)]
  0x0000028d357998c0 JavaThread "File lock request listener"        [_thread_in_native, id=11016, stack(0x000000b93f800000,0x000000b93f900000) (1024K)]
  0x0000028d3579ac70 JavaThread "File lock release action executor"        [_thread_blocked, id=20820, stack(0x000000b93f900000,0x000000b93fa00000) (1024K)]
  0x0000028d357977f0 JavaThread "Cache worker for file hash cache (C:\Users\Asus\.gradle\caches\8.13\fileHashes)"        [_thread_blocked, id=3608, stack(0x000000b93fa00000,0x000000b93fb00000) (1024K)]
  0x0000028d35799f50 JavaThread "Cache worker for file hash cache (E:\5\IF570-HL (Mobile Application Programming)\LAB_WEEK_052\.gradle\8.13\fileHashes)"        [_thread_blocked, id=12516, stack(0x000000b93fb00000,0x000000b93fc00000) (1024K)]
  0x0000028d34abab10 JavaThread "Cache worker for Build Output Cleanup Cache (E:\5\IF570-HL (Mobile Application Programming)\LAB_WEEK_052\.gradle\buildOutputCleanup)"        [_thread_blocked, id=7060, stack(0x000000b93fc00000,0x000000b93fd00000) (1024K)]
  0x0000028d34ac0060 JavaThread "File watcher server"        daemon [_thread_in_native, id=15796, stack(0x000000b93fd00000,0x000000b93fe00000) (1024K)]
  0x0000028d34abe620 JavaThread "File watcher consumer"      daemon [_thread_blocked, id=16408, stack(0x000000b93fe00000,0x000000b93ff00000) (1024K)]
  0x0000028d34abb830 JavaThread "jar transforms"                    [_thread_blocked, id=10192, stack(0x000000b93ff00000,0x000000b940000000) (1024K)]
  0x0000028d34abdf90 JavaThread "jar transforms Thread 2"           [_thread_blocked, id=8980, stack(0x000000b940000000,0x000000b940100000) (1024K)]
  0x0000028d34ab90d0 JavaThread "jar transforms Thread 3"           [_thread_blocked, id=18040, stack(0x000000b940100000,0x000000b940200000) (1024K)]
  0x0000028d34abd270 JavaThread "jar transforms Thread 4"           [_thread_blocked, id=3144, stack(0x000000b940200000,0x000000b940300000) (1024K)]
  0x0000028d34ac06f0 JavaThread "jar transforms Thread 5"           [_thread_blocked, id=6664, stack(0x000000b940300000,0x000000b940400000) (1024K)]
  0x0000028d34abf340 JavaThread "jar transforms Thread 6"           [_thread_blocked, id=5680, stack(0x000000b940400000,0x000000b940500000) (1024K)]
  0x0000028d34abbec0 JavaThread "jar transforms Thread 7"           [_thread_blocked, id=16144, stack(0x000000b940500000,0x000000b940600000) (1024K)]
  0x0000028d34abecb0 JavaThread "jar transforms Thread 8"           [_thread_blocked, id=16492, stack(0x000000b940600000,0x000000b940700000) (1024K)]
  0x0000028d34abf9d0 JavaThread "Cache worker for checksums cache (E:\5\IF570-HL (Mobile Application Programming)\LAB_WEEK_052\.gradle\8.13\checksums)"        [_thread_blocked, id=18396, stack(0x000000b940700000,0x000000b940800000) (1024K)]
  0x0000028d34ab9760 JavaThread "Cache worker for file content cache (C:\Users\Asus\.gradle\caches\8.13\fileContent)"        [_thread_blocked, id=1356, stack(0x000000b940800000,0x000000b940900000) (1024K)]
  0x0000028d34abc550 JavaThread "Cache worker for cache directory md-supplier (C:\Users\Asus\.gradle\caches\8.13\md-supplier)"        [_thread_blocked, id=7856, stack(0x000000b93d000000,0x000000b93d100000) (1024K)]
  0x0000028d34ab9df0 JavaThread "Cache worker for cache directory md-rule (C:\Users\Asus\.gradle\caches\8.13\md-rule)"        [_thread_blocked, id=2864, stack(0x000000b93d100000,0x000000b93d200000) (1024K)]
Total: 41

Other Threads:
  0x0000028d2f9a0060 VMThread "VM Thread"                           [id=22412, stack(0x000000b93da00000,0x000000b93db00000) (1024K)]
  0x0000028d2f910970 WatcherThread "VM Periodic Task Thread"        [id=12528, stack(0x000000b93d900000,0x000000b93da00000) (1024K)]
  0x0000028d18325bd0 WorkerThread "GC Thread#0"                     [id=10288, stack(0x000000b93d400000,0x000000b93d500000) (1024K)]
  0x0000028d34233aa0 WorkerThread "GC Thread#1"                     [id=10784, stack(0x000000b93e500000,0x000000b93e600000) (1024K)]
  0x0000028d343a9f00 WorkerThread "GC Thread#2"                     [id=19612, stack(0x000000b93e600000,0x000000b93e700000) (1024K)]
  0x0000028d343aa2a0 WorkerThread "GC Thread#3"                     [id=9024, stack(0x000000b93e700000,0x000000b93e800000) (1024K)]
  0x0000028d2fd08c30 WorkerThread "GC Thread#4"                     [id=7836, stack(0x000000b93e800000,0x000000b93e900000) (1024K)]
  0x0000028d2fd084f0 WorkerThread "GC Thread#5"                     [id=12144, stack(0x000000b93ea00000,0x000000b93eb00000) (1024K)]
  0x0000028d2fd09710 WorkerThread "GC Thread#6"                     [id=936, stack(0x000000b93eb00000,0x000000b93ec00000) (1024K)]
  0x0000028d2fd08890 WorkerThread "GC Thread#7"                     [id=2508, stack(0x000000b93ec00000,0x000000b93ed00000) (1024K)]
  0x0000028d183373d0 ConcurrentGCThread "G1 Main Marker"            [id=20276, stack(0x000000b93d500000,0x000000b93d600000) (1024K)]
  0x0000028d18338df0 WorkerThread "G1 Conc#0"                       [id=4480, stack(0x000000b93d600000,0x000000b93d700000) (1024K)]
  0x0000028d2fd09ab0 WorkerThread "G1 Conc#1"                       [id=7920, stack(0x000000b93f400000,0x000000b93f500000) (1024K)]
  0x0000028d2f7f1840 ConcurrentGCThread "G1 Refine#0"               [id=11884, stack(0x000000b93d700000,0x000000b93d800000) (1024K)]
  0x0000028d183901a0 ConcurrentGCThread "G1 Service"                [id=17736, stack(0x000000b93d800000,0x000000b93d900000) (1024K)]
Total: 15

Threads with active compile tasks:
C2 CompilerThread0  68728 5291   !   4       jdk.internal.loader.BuiltinClassLoader::loadClassOrNull (143 bytes)
Total: 1

VM state: not at safepoint (normal execution)

VM Mutex/Monitor currently owned by a thread: None

Heap address: 0x0000000080000000, size: 2048 MB, Compressed Oops mode: 32-bit

CDS archive(s) not mapped
Compressed class space mapped at: 0x0000000100000000-0x0000000140000000, reserved size: 1073741824
Narrow klass base: 0x0000000000000000, Narrow klass shift: 3, Narrow klass range: 0x140000000

GC Precious Log:
 CardTable entry size: 512
 Card Set container configuration: InlinePtr #cards 5 size 8 Array Of Cards #cards 12 size 40 Howl #buckets 4 coarsen threshold 1843 Howl Bitmap #cards 512 size 80 coarsen threshold 460 Card regions per heap region 1 cards per card region 2048
 CPUs: 8 total, 8 available
 Memory: 3947M
 Large Page Support: Disabled
 NUMA Support: Disabled
 Compressed Oops: Enabled (32-bit)
 Heap Region Size: 1M
 Heap Min Capacity: 8M
 Heap Initial Capacity: 62M
 Heap Max Capacity: 2G
 Pre-touch: Disabled
 Parallel Workers: 8
 Concurrent Workers: 2
 Concurrent Refinement Workers: 8
 Periodic GC: Disabled

Heap:
 garbage-first heap   total 121856K, used 100115K [0x0000000080000000, 0x0000000100000000)
  region size 1024K, 34 young (34816K), 2 survivors (2048K)
 Metaspace       used 54598K, committed 56064K, reserved 1114112K
  class space    used 7455K, committed 8192K, reserved 1048576K

Heap Regions: E=young(eden), S=young(survivor), O=old, HS=humongous(starts), HC=humongous(continues), CS=collection set, F=free, TAMS=top-at-mark-start, PB=parsable bottom
|   0|0x0000000080000000, 0x0000000080100000, 0x0000000080100000|100%|HS|  |TAMS 0x0000000080000000| PB 0x0000000080000000| Complete 
|   1|0x0000000080100000, 0x0000000080200000, 0x0000000080200000|100%|HC|  |TAMS 0x0000000080100000| PB 0x0000000080100000| Complete 
|   2|0x0000000080200000, 0x0000000080300000, 0x0000000080300000|100%|HC|  |TAMS 0x0000000080200000| PB 0x0000000080200000| Complete 
|   3|0x0000000080300000, 0x0000000080400000, 0x0000000080400000|100%| O|  |TAMS 0x0000000080300000| PB 0x0000000080300000| Untracked 
|   4|0x0000000080400000, 0x0000000080500000, 0x0000000080500000|100%| O|  |TAMS 0x0000000080400000| PB 0x0000000080400000| Untracked 
|   5|0x0000000080500000, 0x0000000080600000, 0x0000000080600000|100%| O|  |TAMS 0x0000000080500000| PB 0x0000000080500000| Untracked 
|   6|0x0000000080600000, 0x0000000080700000, 0x0000000080700000|100%| O|  |TAMS 0x0000000080600000| PB 0x0000000080600000| Untracked 
|   7|0x0000000080700000, 0x0000000080800000, 0x0000000080800000|100%| O|  |TAMS 0x0000000080700000| PB 0x0000000080700000| Untracked 
|   8|0x0000000080800000, 0x0000000080900000, 0x0000000080900000|100%| O|  |TAMS 0x0000000080800000| PB 0x0000000080800000| Untracked 
|   9|0x0000000080900000, 0x0000000080a00000, 0x0000000080a00000|100%| O|  |TAMS 0x0000000080900000| PB 0x0000000080900000| Untracked 
|  10|0x0000000080a00000, 0x0000000080b00000, 0x0000000080b00000|100%| O|  |TAMS 0x0000000080a00000| PB 0x0000000080a00000| Untracked 
|  11|0x0000000080b00000, 0x0000000080c00000, 0x0000000080c00000|100%|HS|  |TAMS 0x0000000080b00000| PB 0x0000000080b00000| Complete 
|  12|0x0000000080c00000, 0x0000000080d00000, 0x0000000080d00000|100%| O|  |TAMS 0x0000000080c00000| PB 0x0000000080c00000| Untracked 
|  13|0x0000000080d00000, 0x0000000080e00000, 0x0000000080e00000|100%| O|  |TAMS 0x0000000080d00000| PB 0x0000000080d00000| Untracked 
|  14|0x0000000080e00000, 0x0000000080f00000, 0x0000000080f00000|100%| O|  |TAMS 0x0000000080e00000| PB 0x0000000080e00000| Untracked 
|  15|0x0000000080f00000, 0x0000000081000000, 0x0000000081000000|100%| O|  |TAMS 0x0000000080f00000| PB 0x0000000080f00000| Untracked 
|  16|0x0000000081000000, 0x0000000081100000, 0x0000000081100000|100%| O|  |TAMS 0x0000000081000000| PB 0x0000000081000000| Untracked 
|  17|0x0000000081100000, 0x0000000081200000, 0x0000000081200000|100%| O|  |TAMS 0x0000000081100000| PB 0x0000000081100000| Untracked 
|  18|0x0000000081200000, 0x0000000081300000, 0x0000000081300000|100%| O|  |TAMS 0x0000000081200000| PB 0x0000000081200000| Untracked 
|  19|0x0000000081300000, 0x0000000081400000, 0x0000000081400000|100%| O|  |TAMS 0x0000000081300000| PB 0x0000000081300000| Untracked 
|  20|0x0000000081400000, 0x0000000081500000, 0x0000000081500000|100%| O|  |TAMS 0x0000000081400000| PB 0x0000000081400000| Untracked 
|  21|0x0000000081500000, 0x0000000081600000, 0x0000000081600000|100%| O|  |TAMS 0x0000000081500000| PB 0x0000000081500000| Untracked 
|  22|0x0000000081600000, 0x0000000081700000, 0x0000000081700000|100%| O|  |TAMS 0x0000000081600000| PB 0x0000000081600000| Untracked 
|  23|0x0000000081700000, 0x0000000081800000, 0x0000000081800000|100%| O|  |TAMS 0x0000000081700000| PB 0x0000000081700000| Untracked 
|  24|0x0000000081800000, 0x0000000081900000, 0x0000000081900000|100%|HS|  |TAMS 0x0000000081800000| PB 0x0000000081800000| Complete 
|  25|0x0000000081900000, 0x0000000081a00000, 0x0000000081a00000|100%|HC|  |TAMS 0x0000000081900000| PB 0x0000000081900000| Complete 
|  26|0x0000000081a00000, 0x0000000081b00000, 0x0000000081b00000|100%|HC|  |TAMS 0x0000000081a00000| PB 0x0000000081a00000| Complete 
|  27|0x0000000081b00000, 0x0000000081c00000, 0x0000000081c00000|100%|HC|  |TAMS 0x0000000081b00000| PB 0x0000000081b00000| Complete 
|  28|0x0000000081c00000, 0x0000000081d00000, 0x0000000081d00000|100%|HC|  |TAMS 0x0000000081c00000| PB 0x0000000081c00000| Complete 
|  29|0x0000000081d00000, 0x0000000081e00000, 0x0000000081e00000|100%|HC|  |TAMS 0x0000000081d00000| PB 0x0000000081d00000| Complete 
|  30|0x0000000081e00000, 0x0000000081f00000, 0x0000000081f00000|100%|HS|  |TAMS 0x0000000081e00000| PB 0x0000000081e00000| Complete 
|  31|0x0000000081f00000, 0x0000000082000000, 0x0000000082000000|100%|HS|  |TAMS 0x0000000081f00000| PB 0x0000000081f00000| Complete 
|  32|0x0000000082000000, 0x0000000082100000, 0x0000000082100000|100%|HC|  |TAMS 0x0000000082000000| PB 0x0000000082000000| Complete 
|  33|0x0000000082100000, 0x0000000082200000, 0x0000000082200000|100%|HC|  |TAMS 0x0000000082100000| PB 0x0000000082100000| Complete 
|  34|0x0000000082200000, 0x0000000082300000, 0x0000000082300000|100%|HC|  |TAMS 0x0000000082200000| PB 0x0000000082200000| Complete 
|  35|0x0000000082300000, 0x0000000082400000, 0x0000000082400000|100%|HS|  |TAMS 0x0000000082300000| PB 0x0000000082300000| Complete 
|  36|0x0000000082400000, 0x0000000082500000, 0x0000000082500000|100%|HC|  |TAMS 0x0000000082400000| PB 0x0000000082400000| Complete 
|  37|0x0000000082500000, 0x0000000082600000, 0x0000000082600000|100%|HS|  |TAMS 0x0000000082500000| PB 0x0000000082500000| Complete 
|  38|0x0000000082600000, 0x0000000082700000, 0x0000000082700000|100%|HS|  |TAMS 0x0000000082600000| PB 0x0000000082600000| Complete 
|  39|0x0000000082700000, 0x0000000082800000, 0x0000000082800000|100%|HC|  |TAMS 0x0000000082700000| PB 0x0000000082700000| Complete 
|  40|0x0000000082800000, 0x0000000082900000, 0x0000000082900000|100%|HC|  |TAMS 0x0000000082800000| PB 0x0000000082800000| Complete 
|  41|0x0000000082900000, 0x0000000082a00000, 0x0000000082a00000|100%|HC|  |TAMS 0x0000000082900000| PB 0x0000000082900000| Complete 
|  42|0x0000000082a00000, 0x0000000082b00000, 0x0000000082b00000|100%|HC|  |TAMS 0x0000000082a00000| PB 0x0000000082a00000| Complete 
|  43|0x0000000082b00000, 0x0000000082c00000, 0x0000000082c00000|100%|HC|  |TAMS 0x0000000082b00000| PB 0x0000000082b00000| Complete 
|  44|0x0000000082c00000, 0x0000000082d00000, 0x0000000082d00000|100%|HS|  |TAMS 0x0000000082c00000| PB 0x0000000082c00000| Complete 
|  45|0x0000000082d00000, 0x0000000082e00000, 0x0000000082e00000|100%| O|  |TAMS 0x0000000082d00000| PB 0x0000000082d00000| Untracked 
|  46|0x0000000082e00000, 0x0000000082f00000, 0x0000000082f00000|100%| O|  |TAMS 0x0000000082e00000| PB 0x0000000082e00000| Untracked 
|  47|0x0000000082f00000, 0x0000000083000000, 0x0000000083000000|100%| O|  |TAMS 0x0000000082f00000| PB 0x0000000082f00000| Untracked 
|  48|0x0000000083000000, 0x0000000083100000, 0x0000000083100000|100%| O|  |TAMS 0x0000000083000000| PB 0x0000000083000000| Untracked 
|  49|0x0000000083100000, 0x0000000083200000, 0x0000000083200000|100%| O|Cm|TAMS 0x0000000083100000| PB 0x0000000083100000| Complete 
|  50|0x0000000083200000, 0x0000000083300000, 0x0000000083300000|100%| O|  |TAMS 0x0000000083200000| PB 0x0000000083200000| Untracked 
|  51|0x0000000083300000, 0x0000000083400000, 0x0000000083400000|100%| O|  |TAMS 0x0000000083300000| PB 0x0000000083300000| Untracked 
|  52|0x0000000083400000, 0x0000000083500000, 0x0000000083500000|100%| O|  |TAMS 0x0000000083400000| PB 0x0000000083400000| Untracked 
|  53|0x0000000083500000, 0x0000000083600000, 0x0000000083600000|100%| O|  |TAMS 0x0000000083500000| PB 0x0000000083500000| Untracked 
|  54|0x0000000083600000, 0x0000000083600000, 0x0000000083700000|  0%| F|  |TAMS 0x0000000083600000| PB 0x0000000083600000| Untracked 
|  55|0x0000000083700000, 0x0000000083700000, 0x0000000083800000|  0%| F|  |TAMS 0x0000000083700000| PB 0x0000000083700000| Untracked 
|  56|0x0000000083800000, 0x0000000083800000, 0x0000000083900000|  0%| F|  |TAMS 0x0000000083800000| PB 0x0000000083800000| Untracked 
|  57|0x0000000083900000, 0x0000000083900000, 0x0000000083a00000|  0%| F|  |TAMS 0x0000000083900000| PB 0x0000000083900000| Untracked 
|  58|0x0000000083a00000, 0x0000000083a00000, 0x0000000083b00000|  0%| F|  |TAMS 0x0000000083a00000| PB 0x0000000083a00000| Untracked 
|  59|0x0000000083b00000, 0x0000000083c00000, 0x0000000083c00000|100%| O|  |TAMS 0x0000000083b00000| PB 0x0000000083b00000| Untracked 
|  60|0x0000000083c00000, 0x0000000083ce5a20, 0x0000000083d00000| 89%| O|  |TAMS 0x0000000083c00000| PB 0x0000000083c00000| Untracked 
|  61|0x0000000083d00000, 0x0000000083d00000, 0x0000000083e00000|  0%| F|  |TAMS 0x0000000083d00000| PB 0x0000000083d00000| Untracked 
|  62|0x0000000083e00000, 0x0000000083f00000, 0x0000000083f00000|100%|HS|  |TAMS 0x0000000083e00000| PB 0x0000000083e00000| Complete 
|  63|0x0000000083f00000, 0x0000000084000000, 0x0000000084000000|100%|HS|  |TAMS 0x0000000083f00000| PB 0x0000000083f00000| Complete 
|  64|0x0000000084000000, 0x0000000084100000, 0x0000000084100000|100%|HC|  |TAMS 0x0000000084000000| PB 0x0000000084000000| Complete 
|  65|0x0000000084100000, 0x0000000084200000, 0x0000000084200000|100%|HC|  |TAMS 0x0000000084100000| PB 0x0000000084100000| Complete 
|  66|0x0000000084200000, 0x0000000084300000, 0x0000000084300000|100%|HC|  |TAMS 0x0000000084200000| PB 0x0000000084200000| Complete 
|  67|0x0000000084300000, 0x0000000084400000, 0x0000000084400000|100%|HS|  |TAMS 0x0000000084300000| PB 0x0000000084300000| Complete 
|  68|0x0000000084400000, 0x0000000084500000, 0x0000000084500000|100%|HC|  |TAMS 0x0000000084400000| PB 0x0000000084400000| Complete 
|  69|0x0000000084500000, 0x0000000084500000, 0x0000000084600000|  0%| F|  |TAMS 0x0000000084500000| PB 0x0000000084500000| Untracked 
|  70|0x0000000084600000, 0x0000000084600000, 0x0000000084700000|  0%| F|  |TAMS 0x0000000084600000| PB 0x0000000084600000| Untracked 
|  71|0x0000000084700000, 0x0000000084700000, 0x0000000084800000|  0%| F|  |TAMS 0x0000000084700000| PB 0x0000000084700000| Untracked 
|  72|0x0000000084800000, 0x0000000084800000, 0x0000000084900000|  0%| F|  |TAMS 0x0000000084800000| PB 0x0000000084800000| Untracked 
|  73|0x0000000084900000, 0x0000000084900000, 0x0000000084a00000|  0%| F|  |TAMS 0x0000000084900000| PB 0x0000000084900000| Untracked 
|  74|0x0000000084a00000, 0x0000000084a00000, 0x0000000084b00000|  0%| F|  |TAMS 0x0000000084a00000| PB 0x0000000084a00000| Untracked 
|  75|0x0000000084b00000, 0x0000000084b00000, 0x0000000084c00000|  0%| F|  |TAMS 0x0000000084b00000| PB 0x0000000084b00000| Untracked 
|  76|0x0000000084c00000, 0x0000000084c00000, 0x0000000084d00000|  0%| F|  |TAMS 0x0000000084c00000| PB 0x0000000084c00000| Untracked 
|  77|0x0000000084d00000, 0x0000000084d00000, 0x0000000084e00000|  0%| F|  |TAMS 0x0000000084d00000| PB 0x0000000084d00000| Untracked 
|  78|0x0000000084e00000, 0x0000000084e00000, 0x0000000084f00000|  0%| F|  |TAMS 0x0000000084e00000| PB 0x0000000084e00000| Untracked 
|  79|0x0000000084f00000, 0x0000000084f00000, 0x0000000085000000|  0%| F|  |TAMS 0x0000000084f00000| PB 0x0000000084f00000| Untracked 
|  80|0x0000000085000000, 0x0000000085000000, 0x0000000085100000|  0%| F|  |TAMS 0x0000000085000000| PB 0x0000000085000000| Untracked 
|  81|0x0000000085100000, 0x0000000085100000, 0x0000000085200000|  0%| F|  |TAMS 0x0000000085100000| PB 0x0000000085100000| Untracked 
|  82|0x0000000085200000, 0x0000000085200000, 0x0000000085300000|  0%| F|  |TAMS 0x0000000085200000| PB 0x0000000085200000| Untracked 
|  83|0x0000000085300000, 0x0000000085380000, 0x0000000085400000| 50%| E|  |TAMS 0x0000000085300000| PB 0x0000000085300000| Complete 
|  84|0x0000000085400000, 0x0000000085500000, 0x0000000085500000|100%| E|CS|TAMS 0x0000000085400000| PB 0x0000000085400000| Complete 
|  85|0x0000000085500000, 0x0000000085600000, 0x0000000085600000|100%| E|CS|TAMS 0x0000000085500000| PB 0x0000000085500000| Complete 
|  86|0x0000000085600000, 0x0000000085700000, 0x0000000085700000|100%| E|CS|TAMS 0x0000000085600000| PB 0x0000000085600000| Complete 
|  87|0x0000000085700000, 0x0000000085800000, 0x0000000085800000|100%| E|CS|TAMS 0x0000000085700000| PB 0x0000000085700000| Complete 
|  88|0x0000000085800000, 0x0000000085900000, 0x0000000085900000|100%| E|CS|TAMS 0x0000000085800000| PB 0x0000000085800000| Complete 
|  89|0x0000000085900000, 0x00000000859df460, 0x0000000085a00000| 87%| S|CS|TAMS 0x0000000085900000| PB 0x0000000085900000| Complete 
|  90|0x0000000085a00000, 0x0000000085b00000, 0x0000000085b00000|100%| S|CS|TAMS 0x0000000085a00000| PB 0x0000000085a00000| Complete 
|  91|0x0000000085b00000, 0x0000000085c00000, 0x0000000085c00000|100%| E|CS|TAMS 0x0000000085b00000| PB 0x0000000085b00000| Complete 
|  92|0x0000000085c00000, 0x0000000085d00000, 0x0000000085d00000|100%| E|CS|TAMS 0x0000000085c00000| PB 0x0000000085c00000| Complete 
|  93|0x0000000085d00000, 0x0000000085e00000, 0x0000000085e00000|100%| E|CS|TAMS 0x0000000085d00000| PB 0x0000000085d00000| Complete 
|  94|0x0000000085e00000, 0x0000000085f00000, 0x0000000085f00000|100%| E|CS|TAMS 0x0000000085e00000| PB 0x0000000085e00000| Complete 
|  95|0x0000000085f00000, 0x0000000086000000, 0x0000000086000000|100%| E|CS|TAMS 0x0000000085f00000| PB 0x0000000085f00000| Complete 
|  96|0x0000000086000000, 0x0000000086100000, 0x0000000086100000|100%| E|CS|TAMS 0x0000000086000000| PB 0x0000000086000000| Complete 
|  97|0x0000000086100000, 0x0000000086200000, 0x0000000086200000|100%| E|CS|TAMS 0x0000000086100000| PB 0x0000000086100000| Complete 
|  98|0x0000000086200000, 0x0000000086300000, 0x0000000086300000|100%| E|CS|TAMS 0x0000000086200000| PB 0x0000000086200000| Complete 
|  99|0x0000000086300000, 0x0000000086400000, 0x0000000086400000|100%| E|CS|TAMS 0x0000000086300000| PB 0x0000000086300000| Complete 
| 100|0x0000000086400000, 0x0000000086500000, 0x0000000086500000|100%| E|CS|TAMS 0x0000000086400000| PB 0x0000000086400000| Complete 
| 101|0x0000000086500000, 0x0000000086600000, 0x0000000086600000|100%| E|CS|TAMS 0x0000000086500000| PB 0x0000000086500000| Complete 
| 102|0x0000000086600000, 0x0000000086700000, 0x0000000086700000|100%| E|CS|TAMS 0x0000000086600000| PB 0x0000000086600000| Complete 
| 103|0x0000000086700000, 0x0000000086800000, 0x0000000086800000|100%| E|CS|TAMS 0x0000000086700000| PB 0x0000000086700000| Complete 
| 104|0x0000000086800000, 0x0000000086900000, 0x0000000086900000|100%| E|CS|TAMS 0x0000000086800000| PB 0x0000000086800000| Complete 
| 105|0x0000000086900000, 0x0000000086a00000, 0x0000000086a00000|100%| E|CS|TAMS 0x0000000086900000| PB 0x0000000086900000| Complete 
| 106|0x0000000086a00000, 0x0000000086b00000, 0x0000000086b00000|100%| E|CS|TAMS 0x0000000086a00000| PB 0x0000000086a00000| Complete 
| 107|0x0000000086b00000, 0x0000000086c00000, 0x0000000086c00000|100%| E|CS|TAMS 0x0000000086b00000| PB 0x0000000086b00000| Complete 
| 108|0x0000000086c00000, 0x0000000086d00000, 0x0000000086d00000|100%| E|CS|TAMS 0x0000000086c00000| PB 0x0000000086c00000| Complete 
| 109|0x0000000086d00000, 0x0000000086e00000, 0x0000000086e00000|100%| E|CS|TAMS 0x0000000086d00000| PB 0x0000000086d00000| Complete 
| 110|0x0000000086e00000, 0x0000000086f00000, 0x0000000086f00000|100%| E|CS|TAMS 0x0000000086e00000| PB 0x0000000086e00000| Complete 
| 111|0x0000000086f00000, 0x0000000087000000, 0x0000000087000000|100%| E|CS|TAMS 0x0000000086f00000| PB 0x0000000086f00000| Complete 
| 112|0x0000000087000000, 0x0000000087100000, 0x0000000087100000|100%| E|CS|TAMS 0x0000000087000000| PB 0x0000000087000000| Complete 
| 113|0x0000000087100000, 0x0000000087200000, 0x0000000087200000|100%| E|CS|TAMS 0x0000000087100000| PB 0x0000000087100000| Complete 
| 114|0x0000000087200000, 0x0000000087300000, 0x0000000087300000|100%| E|CS|TAMS 0x0000000087200000| PB 0x0000000087200000| Complete 
| 115|0x0000000087300000, 0x0000000087400000, 0x0000000087400000|100%| E|CS|TAMS 0x0000000087300000| PB 0x0000000087300000| Complete 
| 116|0x0000000087400000, 0x0000000087500000, 0x0000000087500000|100%| E|CS|TAMS 0x0000000087400000| PB 0x0000000087400000| Complete 
|2046|0x00000000ffe00000, 0x00000000fff00000, 0x00000000fff00000|100%| O|  |TAMS 0x00000000ffe00000| PB 0x00000000ffe00000| Untracked 
|2047|0x00000000fff00000, 0x0000000100000000, 0x0000000100000000|100%| O|  |TAMS 0x00000000fff00000| PB 0x00000000fff00000| Untracked 

Card table byte_map: [0x0000028d2ab60000,0x0000028d2af60000] _byte_map_base: 0x0000028d2a760000

Marking Bits: (CMBitMap*) 0x0000028d183261e0
 Bits: [0x0000028d2af60000, 0x0000028d2cf60000)

Polling page: 0x0000028d161e0000

Metaspace:

Usage:
  Non-class:     46.04 MB used.
      Class:      7.28 MB used.
       Both:     53.32 MB used.

Virtual space:
  Non-class space:       64.00 MB reserved,      46.75 MB ( 73%) committed,  1 nodes.
      Class space:        1.00 GB reserved,       8.00 MB ( <1%) committed,  1 nodes.
             Both:        1.06 GB reserved,      54.75 MB (  5%) committed. 

Chunk freelists:
   Non-Class:  1.09 MB
       Class:  7.91 MB
        Both:  9.00 MB

MaxMetaspaceSize: unlimited
CompressedClassSpaceSize: 1.00 GB
Initial GC threshold: 21.00 MB
Current GC threshold: 79.81 MB
CDS: off
 - commit_granule_bytes: 65536.
 - commit_granule_words: 8192.
 - virtual_space_node_default_size: 8388608.
 - enlarge_chunks_in_place: 1.
 - use_allocation_guard: 0.


Internal statistics:

num_allocs_failed_limit: 6.
num_arena_births: 2746.
num_arena_deaths: 0.
num_vsnodes_births: 2.
num_vsnodes_deaths: 0.
num_space_committed: 876.
num_space_uncommitted: 0.
num_chunks_returned_to_freelist: 6.
num_chunks_taken_from_freelist: 4887.
num_chunk_merges: 0.
num_chunk_splits: 3130.
num_chunks_enlarged: 1872.
num_inconsistent_stats: 0.

CodeHeap 'non-profiled nmethods': size=120000Kb used=2594Kb max_used=2594Kb free=117406Kb
 bounds [0x0000028d22f00000, 0x0000028d23190000, 0x0000028d2a430000]
CodeHeap 'profiled nmethods': size=120000Kb used=8735Kb max_used=8735Kb free=111264Kb
 bounds [0x0000028d1b430000, 0x0000028d1bcc0000, 0x0000028d22960000]
CodeHeap 'non-nmethods': size=5760Kb used=2679Kb max_used=2707Kb free=3080Kb
 bounds [0x0000028d22960000, 0x0000028d22c10000, 0x0000028d22f00000]
 total_blobs=5485 nmethods=4647 adapters=742
 compilation: enabled
              stopped_count=0, restarted_count=0
 full_count=0

Compilation events (20 events):
Event: 68.382 Thread 0x0000028d2fb34d00 5283       3       jdk.internal.org.objectweb.asm.Type::getInternalName (16 bytes)
Event: 68.383 Thread 0x0000028d2fb34d00 nmethod 5283 0x0000028d1bcae010 code [0x0000028d1bcae1c0, 0x0000028d1bcae310]
Event: 68.385 Thread 0x0000028d2fb34d00 5284       3       java.lang.invoke.BoundMethodHandle::bindSingle (7 bytes)
Event: 68.386 Thread 0x0000028d2fb34d00 nmethod 5284 0x0000028d1bcae410 code [0x0000028d1bcae5c0, 0x0000028d1bcae6d8]
Event: 68.386 Thread 0x0000028d2fb34d00 5285       3       java.util.LinkedList::node (65 bytes)
Event: 68.386 Thread 0x0000028d2fb34d00 nmethod 5285 0x0000028d1bcae790 code [0x0000028d1bcae960, 0x0000028d1bcaec28]
Event: 68.390 Thread 0x0000028d2fb33840 nmethod 5277 0x0000028d23182190 code [0x0000028d23182400, 0x0000028d23183700]
Event: 68.390 Thread 0x0000028d2fb33840 5275       4       org.objectweb.asm.Frame::execute (2303 bytes)
Event: 68.410 Thread 0x0000028d2fb34d00 5286       3       org.objectweb.asm.Type::getType (10 bytes)
Event: 68.411 Thread 0x0000028d2fb34d00 nmethod 5286 0x0000028d1bcaed90 code [0x0000028d1bcaef60, 0x0000028d1bcaf190]
Event: 68.419 Thread 0x0000028d2fb34d00 5288       1       org.gradle.internal.instantiation.generator.AsmBackedClassGenerator$ClassBuilderImpl::access$1300 (5 bytes)
Event: 68.420 Thread 0x0000028d2fb34d00 nmethod 5288 0x0000028d23184090 code [0x0000028d23184220, 0x0000028d231842d0]
Event: 68.425 Thread 0x0000028d2fb33840 nmethod 5275 0x0000028d23184390 code [0x0000028d23184800, 0x0000028d23185de8]
Event: 68.425 Thread 0x0000028d2fb33840 5287       4       org.objectweb.asm.SymbolTable::addType (81 bytes)
Event: 68.447 Thread 0x0000028d2fb34d00 5289       3       java.lang.reflect.Constructor::setAccessible (21 bytes)
Event: 68.447 Thread 0x0000028d2fb34d00 nmethod 5289 0x0000028d1bcaf310 code [0x0000028d1bcaf520, 0x0000028d1bcafad8]
Event: 68.448 Thread 0x0000028d2fb33840 nmethod 5287 0x0000028d23186f90 code [0x0000028d23187160, 0x0000028d231875e8]
Event: 68.448 Thread 0x0000028d2fb34d00 5290       3       java.lang.reflect.Constructor::checkCanSetAccessible (29 bytes)
Event: 68.448 Thread 0x0000028d2fb34d00 nmethod 5290 0x0000028d1bcafd10 code [0x0000028d1bcafee0, 0x0000028d1bcb0198]
Event: 68.477 Thread 0x0000028d2fb33840 5291   !   4       jdk.internal.loader.BuiltinClassLoader::loadClassOrNull (143 bytes)

GC Heap History (20 events):
Event: 30.305 GC heap before
{Heap before GC invocations=7 (full 0):
 garbage-first heap   total 63488K, used 50600K [0x0000000080000000, 0x0000000100000000)
  region size 1024K, 32 young (32768K), 4 survivors (4096K)
 Metaspace       used 30486K, committed 31040K, reserved 1114112K
  class space    used 3964K, committed 4224K, reserved 1048576K
}
Event: 30.311 GC heap after
{Heap after GC invocations=8 (full 0):
 garbage-first heap   total 63488K, used 23552K [0x0000000080000000, 0x0000000100000000)
  region size 1024K, 4 young (4096K), 4 survivors (4096K)
 Metaspace       used 30486K, committed 31040K, reserved 1114112K
  class space    used 3964K, committed 4224K, reserved 1048576K
}
Event: 37.519 GC heap before
{Heap before GC invocations=8 (full 0):
 garbage-first heap   total 63488K, used 52224K [0x0000000080000000, 0x0000000100000000)
  region size 1024K, 32 young (32768K), 4 survivors (4096K)
 Metaspace       used 34138K, committed 34944K, reserved 1114112K
  class space    used 4594K, committed 4992K, reserved 1048576K
}
Event: 37.555 GC heap after
{Heap after GC invocations=9 (full 0):
 garbage-first heap   total 63488K, used 26116K [0x0000000080000000, 0x0000000100000000)
  region size 1024K, 4 young (4096K), 4 survivors (4096K)
 Metaspace       used 34138K, committed 34944K, reserved 1114112K
  class space    used 4594K, committed 4992K, reserved 1048576K
}
Event: 38.891 GC heap before
{Heap before GC invocations=9 (full 0):
 garbage-first heap   total 63488K, used 31236K [0x0000000080000000, 0x0000000100000000)
  region size 1024K, 10 young (10240K), 4 survivors (4096K)
 Metaspace       used 35121K, committed 35968K, reserved 1114112K
  class space    used 4770K, committed 5184K, reserved 1048576K
}
Event: 38.902 GC heap after
{Heap after GC invocations=10 (full 0):
 garbage-first heap   total 63488K, used 26563K [0x0000000080000000, 0x0000000100000000)
  region size 1024K, 3 young (3072K), 3 survivors (3072K)
 Metaspace       used 35121K, committed 35968K, reserved 1114112K
  class space    used 4770K, committed 5184K, reserved 1048576K
}
Event: 41.361 GC heap before
{Heap before GC invocations=11 (full 0):
 garbage-first heap   total 70656K, used 68547K [0x0000000080000000, 0x0000000100000000)
  region size 1024K, 18 young (18432K), 3 survivors (3072K)
 Metaspace       used 36474K, committed 37376K, reserved 1114112K
  class space    used 5019K, committed 5440K, reserved 1048576K
}
Event: 41.375 GC heap after
{Heap after GC invocations=12 (full 0):
 garbage-first heap   total 76800K, used 57584K [0x0000000080000000, 0x0000000100000000)
  region size 1024K, 4 young (4096K), 4 survivors (4096K)
 Metaspace       used 36474K, committed 37376K, reserved 1114112K
  class space    used 5019K, committed 5440K, reserved 1048576K
}
Event: 42.324 GC heap before
{Heap before GC invocations=12 (full 0):
 garbage-first heap   total 76800K, used 66800K [0x0000000080000000, 0x0000000100000000)
  region size 1024K, 13 young (13312K), 4 survivors (4096K)
 Metaspace       used 37577K, committed 38528K, reserved 1114112K
  class space    used 5175K, committed 5632K, reserved 1048576K
}
Event: 42.330 GC heap after
{Heap after GC invocations=13 (full 0):
 garbage-first heap   total 76800K, used 60699K [0x0000000080000000, 0x0000000100000000)
  region size 1024K, 2 young (2048K), 2 survivors (2048K)
 Metaspace       used 37577K, committed 38528K, reserved 1114112K
  class space    used 5175K, committed 5632K, reserved 1048576K
}
Event: 43.339 GC heap before
{Heap before GC invocations=13 (full 0):
 garbage-first heap   total 76800K, used 67867K [0x0000000080000000, 0x0000000100000000)
  region size 1024K, 10 young (10240K), 2 survivors (2048K)
 Metaspace       used 38593K, committed 39488K, reserved 1114112K
  class space    used 5311K, committed 5760K, reserved 1048576K
}
Event: 43.345 GC heap after
{Heap after GC invocations=14 (full 0):
 garbage-first heap   total 76800K, used 60724K [0x0000000080000000, 0x0000000100000000)
  region size 1024K, 1 young (1024K), 1 survivors (1024K)
 Metaspace       used 38593K, committed 39488K, reserved 1114112K
  class space    used 5311K, committed 5760K, reserved 1048576K
}
Event: 47.626 GC heap before
{Heap before GC invocations=15 (full 0):
 garbage-first heap   total 104448K, used 67892K [0x0000000080000000, 0x0000000100000000)
  region size 1024K, 8 young (8192K), 1 survivors (1024K)
 Metaspace       used 39632K, committed 40576K, reserved 1114112K
  class space    used 5489K, committed 5952K, reserved 1048576K
}
Event: 47.628 GC heap after
{Heap after GC invocations=16 (full 0):
 garbage-first heap   total 104448K, used 61038K [0x0000000080000000, 0x0000000100000000)
  region size 1024K, 1 young (1024K), 1 survivors (1024K)
 Metaspace       used 39632K, committed 40576K, reserved 1114112K
  class space    used 5489K, committed 5952K, reserved 1048576K
}
Event: 56.319 GC heap before
{Heap before GC invocations=16 (full 0):
 garbage-first heap   total 104448K, used 92782K [0x0000000080000000, 0x0000000100000000)
  region size 1024K, 33 young (33792K), 1 survivors (1024K)
 Metaspace       used 46248K, committed 47232K, reserved 1114112K
  class space    used 6238K, committed 6720K, reserved 1048576K
}
Event: 56.342 GC heap after
{Heap after GC invocations=17 (full 0):
 garbage-first heap   total 104448K, used 64179K [0x0000000080000000, 0x0000000100000000)
  region size 1024K, 4 young (4096K), 4 survivors (4096K)
 Metaspace       used 46248K, committed 47232K, reserved 1114112K
  class space    used 6238K, committed 6720K, reserved 1048576K
}
Event: 58.723 GC heap before
{Heap before GC invocations=17 (full 0):
 garbage-first heap   total 104448K, used 93875K [0x0000000080000000, 0x0000000100000000)
  region size 1024K, 33 young (33792K), 4 survivors (4096K)
 Metaspace       used 47352K, committed 48448K, reserved 1114112K
  class space    used 6389K, committed 6912K, reserved 1048576K
}
Event: 58.776 GC heap after
{Heap after GC invocations=18 (full 0):
 garbage-first heap   total 104448K, used 66729K [0x0000000080000000, 0x0000000100000000)
  region size 1024K, 3 young (3072K), 3 survivors (3072K)
 Metaspace       used 47352K, committed 48448K, reserved 1114112K
  class space    used 6389K, committed 6912K, reserved 1048576K
}
Event: 64.314 GC heap before
{Heap before GC invocations=19 (full 0):
 garbage-first heap   total 121856K, used 98473K [0x0000000080000000, 0x0000000100000000)
  region size 1024K, 29 young (29696K), 3 survivors (3072K)
 Metaspace       used 50832K, committed 52032K, reserved 1114112K
  class space    used 6837K, committed 7424K, reserved 1048576K
}
Event: 64.325 GC heap after
{Heap after GC invocations=20 (full 0):
 garbage-first heap   total 121856K, used 68371K [0x0000000080000000, 0x0000000100000000)
  region size 1024K, 2 young (2048K), 2 survivors (2048K)
 Metaspace       used 50832K, committed 52032K, reserved 1114112K
  class space    used 6837K, committed 7424K, reserved 1048576K
}

Dll operation events (3 events):
Event: 0.108 Loaded shared library C:\Program Files\Android\Android Studio\jbr\bin\java.dll
Event: 0.155 Loaded shared library C:\Program Files\Android\Android Studio\jbr\bin\zip.dll
Event: 5.030 Loaded shared library C:\Program Files\Android\Android Studio\jbr\bin\verify.dll

Deoptimization events (20 events):
Event: 64.674 Thread 0x0000028d356f9250 DEOPT PACKING pc=0x0000028d2309386c sp=0x000000b93f2f6240
Event: 64.676 Thread 0x0000028d356f9250 DEOPT UNPACKING pc=0x0000028d229b46a2 sp=0x000000b93f2f6168 mode 2
Event: 64.783 Thread 0x0000028d356f9250 Uncommon trap: trap_request=0xffffffde fr.pc=0x0000028d2309386c relative=0x00000000000004ac
Event: 64.783 Thread 0x0000028d356f9250 Uncommon trap: reason=class_check action=maybe_recompile pc=0x0000028d2309386c method=java.util.stream.MatchOps$MatchOp.evaluateSequential(Ljava/util/stream/PipelineHelper;Ljava/util/Spliterator;)Ljava/lang/Boolean; @ 14 c2
Event: 64.783 Thread 0x0000028d356f9250 DEOPT PACKING pc=0x0000028d2309386c sp=0x000000b93f2f6240
Event: 64.784 Thread 0x0000028d356f9250 DEOPT UNPACKING pc=0x0000028d229b46a2 sp=0x000000b93f2f6168 mode 2
Event: 65.377 Thread 0x0000028d356f9250 DEOPT PACKING pc=0x0000028d1ba25b8e sp=0x000000b93f2f6860
Event: 65.377 Thread 0x0000028d356f9250 DEOPT UNPACKING pc=0x0000028d229b4e42 sp=0x000000b93f2f5cd0 mode 0
Event: 66.423 Thread 0x0000028d356f9250 Uncommon trap: trap_request=0xffffff45 fr.pc=0x0000028d2308fc58 relative=0x0000000000000af8
Event: 66.423 Thread 0x0000028d356f9250 Uncommon trap: reason=unstable_if action=reinterpret pc=0x0000028d2308fc58 method=org.objectweb.asm.Frame.push(I)V @ 26 c2
Event: 66.423 Thread 0x0000028d356f9250 DEOPT PACKING pc=0x0000028d2308fc58 sp=0x000000b93f2f6700
Event: 66.423 Thread 0x0000028d356f9250 DEOPT UNPACKING pc=0x0000028d229b46a2 sp=0x000000b93f2f6608 mode 2
Event: 66.715 Thread 0x0000028d356f9250 Uncommon trap: trap_request=0xffffff3d fr.pc=0x0000028d22f25ffc relative=0x0000000000000cfc
Event: 66.715 Thread 0x0000028d356f9250 Uncommon trap: reason=unstable_fused_if action=reinterpret pc=0x0000028d22f25ffc method=org.objectweb.asm.ByteVector.putUTF8(Ljava/lang/String;)Lorg/objectweb/asm/ByteVector; @ 93 c2
Event: 66.715 Thread 0x0000028d356f9250 DEOPT PACKING pc=0x0000028d22f25ffc sp=0x000000b93f2f5c20
Event: 66.715 Thread 0x0000028d356f9250 DEOPT UNPACKING pc=0x0000028d229b46a2 sp=0x000000b93f2f5b78 mode 2
Event: 68.466 Thread 0x0000028d356f9250 Uncommon trap: trap_request=0xffffff45 fr.pc=0x0000028d23116650 relative=0x0000000000000130
Event: 68.466 Thread 0x0000028d356f9250 Uncommon trap: reason=unstable_if action=reinterpret pc=0x0000028d23116650 method=java.util.Arrays.hashCode([Ljava/lang/Object;)I @ 34 c2
Event: 68.466 Thread 0x0000028d356f9250 DEOPT PACKING pc=0x0000028d23116650 sp=0x000000b93f2f7660
Event: 68.466 Thread 0x0000028d356f9250 DEOPT UNPACKING pc=0x0000028d229b46a2 sp=0x000000b93f2f75d8 mode 2

Classes loaded (20 events):
Event: 65.370 Loading class java/lang/invoke/BoundMethodHandle$Species_LLLLLLLLLLLLLLLLLLLLLLLLLL
Event: 65.370 Loading class java/lang/invoke/BoundMethodHandle$Species_LLLLLLLLLLLLLLLLLLLLLLLLLL done
Event: 65.374 Loading class java/lang/invoke/BoundMethodHandle$Species_LLLLLLLLLLLLLLLLLLLLLLLLLLL
Event: 65.374 Loading class java/lang/invoke/BoundMethodHandle$Species_LLLLLLLLLLLLLLLLLLLLLLLLLLL done
Event: 65.379 Loading class java/lang/invoke/BoundMethodHandle$Species_LLLLLLLLLLLLLLLLLLLLLLLLLLLL
Event: 65.379 Loading class java/lang/invoke/BoundMethodHandle$Species_LLLLLLLLLLLLLLLLLLLLLLLLLLLL done
Event: 65.382 Loading class java/lang/invoke/BoundMethodHandle$Species_LLLLLLLLLLLLLLLLLLLLLLLLLLLLL
Event: 65.382 Loading class java/lang/invoke/BoundMethodHandle$Species_LLLLLLLLLLLLLLLLLLLLLLLLLLLLL done
Event: 65.385 Loading class java/lang/invoke/BoundMethodHandle$Species_LLLLLLLLLLLLLLLLLLLLLLLLLLLLLL
Event: 65.385 Loading class java/lang/invoke/BoundMethodHandle$Species_LLLLLLLLLLLLLLLLLLLLLLLLLLLLLL done
Event: 65.388 Loading class java/lang/invoke/BoundMethodHandle$Species_LLLLLLLLLLLLLLLLLLLLLLLLLLLLLLL
Event: 65.388 Loading class java/lang/invoke/BoundMethodHandle$Species_LLLLLLLLLLLLLLLLLLLLLLLLLLLLLLL done
Event: 65.391 Loading class java/lang/invoke/BoundMethodHandle$Species_LLLLLLLLLLLLLLLLLLLLLLLLLLLLLLLL
Event: 65.391 Loading class java/lang/invoke/BoundMethodHandle$Species_LLLLLLLLLLLLLLLLLLLLLLLLLLLLLLLL done
Event: 68.482 Loading class java/util/PrimitiveIterator$OfInt
Event: 68.483 Loading class java/util/PrimitiveIterator
Event: 68.483 Loading class java/util/PrimitiveIterator done
Event: 68.483 Loading class java/util/PrimitiveIterator$OfInt done
Event: 68.494 Loading class java/util/concurrent/RecursiveAction
Event: 68.499 Loading class java/util/concurrent/RecursiveAction done

Classes unloaded (0 events):
No events

Classes redefined (0 events):
No events

Internal exceptions (20 events):
Event: 65.380 Thread 0x0000028d356f9250 Exception <a 'java/lang/NoSuchMethodError'{0x0000000086e03c90}: 'java.lang.Object java.lang.invoke.DirectMethodHandle$Holder.invokeStatic(java.lang.Object, java.lang.Object, java.lang.Object, java.lang.Object, java.lang.Object, java.lang.Object, java.lang.Object, java.lang.Object, java.lang.Object, java.lang.Object, java.lang.Object, java.lang.Object, java.lang.Object, java.lang.Object, java.lang.Object, java.lang.Object, java.lang.Object, java.lang.Object, java.lang.Object, java.lang.Object, java.lang.Obj
Event: 65.383 Thread 0x0000028d356f9250 Exception <a 'java/lang/NoSuchMethodError'{0x0000000086e3f8a8}: 'java.lang.Object java.lang.invoke.DirectMethodHandle$Holder.invokeStatic(java.lang.Object, java.lang.Object, java.lang.Object, java.lang.Object, java.lang.Object, java.lang.Object, java.lang.Object, java.lang.Object, java.lang.Object, java.lang.Object, java.lang.Object, java.lang.Object, java.lang.Object, java.lang.Object, java.lang.Object, java.lang.Object, java.lang.Object, java.lang.Object, java.lang.Object, java.lang.Object, java.lang.Obj
Event: 65.386 Thread 0x0000028d356f9250 Exception <a 'java/lang/NoSuchMethodError'{0x0000000086e7c710}: 'java.lang.Object java.lang.invoke.DirectMethodHandle$Holder.invokeStatic(java.lang.Object, java.lang.Object, java.lang.Object, java.lang.Object, java.lang.Object, java.lang.Object, java.lang.Object, java.lang.Object, java.lang.Object, java.lang.Object, java.lang.Object, java.lang.Object, java.lang.Object, java.lang.Object, java.lang.Object, java.lang.Object, java.lang.Object, java.lang.Object, java.lang.Object, java.lang.Object, java.lang.Obj
Event: 65.390 Thread 0x0000028d356f9250 Exception <a 'java/lang/NoSuchMethodError'{0x0000000086ebb660}: 'java.lang.Object java.lang.invoke.DirectMethodHandle$Holder.invokeStatic(java.lang.Object, java.lang.Object, java.lang.Object, java.lang.Object, java.lang.Object, java.lang.Object, java.lang.Object, java.lang.Object, java.lang.Object, java.lang.Object, java.lang.Object, java.lang.Object, java.lang.Object, java.lang.Object, java.lang.Object, java.lang.Object, java.lang.Object, java.lang.Object, java.lang.Object, java.lang.Object, java.lang.Obj
Event: 65.394 Thread 0x0000028d356f9250 Exception <a 'java/lang/NoSuchMethodError'{0x0000000086efb6e0}: 'java.lang.Object java.lang.invoke.DirectMethodHandle$Holder.invokeStatic(java.lang.Object, java.lang.Object, java.lang.Object, java.lang.Object, java.lang.Object, java.lang.Object, java.lang.Object, java.lang.Object, java.lang.Object, java.lang.Object, java.lang.Object, java.lang.Object, java.lang.Object, java.lang.Object, java.lang.Object, java.lang.Object, java.lang.Object, java.lang.Object, java.lang.Object, java.lang.Object, java.lang.Obj
Event: 65.482 Thread 0x0000028d356f9250 Exception <a 'java/lang/NoSuchMethodError'{0x0000000086dd34f8}: 'java.lang.Object java.lang.invoke.DirectMethodHandle$Holder.newInvokeSpecial(java.lang.Object, java.lang.Object, java.lang.Object, java.lang.Object, java.lang.Object, java.lang.Object, java.lang.Object, java.lang.Object, java.lang.Object, java.lang.Object, java.lang.Object, java.lang.Object, java.lang.Object, java.lang.Object, java.lang.Object, java.lang.Object, java.lang.Object, java.lang.Object)'> (0x0000000086dd34f8) 
thrown [s\src\hotspot
Event: 65.483 Thread 0x0000028d356f9250 Exception <a 'java/lang/NoSuchMethodError'{0x0000000086dda3f8}: 'java.lang.Object java.lang.invoke.DirectMethodHandle$Holder.invokeSpecial(java.lang.Object, java.lang.Object, java.lang.Object, java.lang.Object, java.lang.Object, java.lang.Object, java.lang.Object, java.lang.Object, java.lang.Object, java.lang.Object, java.lang.Object, java.lang.Object, java.lang.Object, java.lang.Object, java.lang.Object, java.lang.Object, java.lang.Object, java.lang.Object, java.lang.Object)'> (0x0000000086dda3f8) 
thrown
Event: 65.484 Thread 0x0000028d356f9250 Exception <a 'java/lang/NoSuchMethodError'{0x0000000086de0010}: 'java.lang.Object java.lang.invoke.DelegatingMethodHandle$Holder.reinvoke_L(java.lang.Object, java.lang.Object, java.lang.Object, java.lang.Object, java.lang.Object, java.lang.Object, java.lang.Object, java.lang.Object, java.lang.Object, java.lang.Object, java.lang.Object, java.lang.Object, java.lang.Object, java.lang.Object, java.lang.Object, java.lang.Object, java.lang.Object, java.lang.Object)'> (0x0000000086de0010) 
thrown [s\src\hotspot\s
Event: 66.346 Thread 0x0000028d356f9250 Exception <a 'java/lang/NoSuchMethodError'{0x00000000867534b0}: 'java.lang.Object java.lang.invoke.DirectMethodHandle$Holder.invokeVirtual(java.lang.Object, java.lang.Object, java.lang.Object, java.lang.Object, java.lang.Object, java.lang.Object, java.lang.Object, java.lang.Object, java.lang.Object, java.lang.Object, java.lang.Object, java.lang.Object, java.lang.Object, java.lang.Object, java.lang.Object)'> (0x00000000867534b0) 
thrown [s\src\hotspot\share\interpreter\linkResolver.cpp, line 784]
Event: 66.432 Thread 0x0000028d356f9250 Exception <a 'java/lang/NoSuchMethodError'{0x0000000086633b30}: 'java.lang.Object java.lang.invoke.DirectMethodHandle$Holder.newInvokeSpecial(java.lang.Object, java.lang.Object, java.lang.Object, java.lang.Object, java.lang.Object, java.lang.Object, java.lang.Object, java.lang.Object, java.lang.Object, java.lang.Object, java.lang.Object, java.lang.Object, java.lang.Object)'> (0x0000000086633b30) 
thrown [s\src\hotspot\share\interpreter\linkResolver.cpp, line 784]
Event: 67.018 Thread 0x0000028d356f9250 Exception <a 'java/lang/NoSuchMethodError'{0x00000000863c6ea8}: 'java.lang.Object java.lang.invoke.DirectMethodHandle$Holder.newInvokeSpecial(java.lang.Object, java.lang.Object, java.lang.Object, java.lang.Object, int)'> (0x00000000863c6ea8) 
thrown [s\src\hotspot\share\interpreter\linkResolver.cpp, line 784]
Event: 67.019 Thread 0x0000028d356f9250 Exception <a 'java/lang/NoSuchMethodError'{0x00000000863cc1c8}: 'java.lang.Object java.lang.invoke.DirectMethodHandle$Holder.invokeSpecial(java.lang.Object, java.lang.Object, java.lang.Object, java.lang.Object, java.lang.Object, int)'> (0x00000000863cc1c8) 
thrown [s\src\hotspot\share\interpreter\linkResolver.cpp, line 784]
Event: 67.019 Thread 0x0000028d356f9250 Exception <a 'java/lang/NoSuchMethodError'{0x00000000863d0bb0}: 'java.lang.Object java.lang.invoke.Invokers$Holder.linkToTargetMethod(java.lang.Object, java.lang.Object, java.lang.Object, int, java.lang.Object)'> (0x00000000863d0bb0) 
thrown [s\src\hotspot\share\interpreter\linkResolver.cpp, line 784]
Event: 67.423 Thread 0x0000028d356f9250 Exception <a 'java/lang/NoSuchMethodError'{0x00000000860a9930}: 'int java.lang.invoke.DirectMethodHandle$Holder.invokeInterface(java.lang.Object, java.lang.Object, java.lang.Object, java.lang.Object)'> (0x00000000860a9930) 
thrown [s\src\hotspot\share\interpreter\linkResolver.cpp, line 784]
Event: 67.918 Thread 0x0000028d356f9250 Exception <a 'java/lang/NoSuchMethodError'{0x0000000085d6d120}: 'java.lang.Object java.lang.invoke.Invokers$Holder.linkToTargetMethod(java.lang.Object, java.lang.Object, java.lang.Object, java.lang.Object, long, java.lang.Object, java.lang.Object)'> (0x0000000085d6d120) 
thrown [s\src\hotspot\share\interpreter\linkResolver.cpp, line 784]
Event: 67.925 Thread 0x0000028d356f9250 Exception <a 'java/lang/NoSuchMethodError'{0x0000000085db2ea0}: 'java.lang.Object java.lang.invoke.DirectMethodHandle$Holder.newInvokeSpecial(java.lang.Object, java.lang.Object, java.lang.Object, long, java.lang.Object)'> (0x0000000085db2ea0) 
thrown [s\src\hotspot\share\interpreter\linkResolver.cpp, line 784]
Event: 67.925 Thread 0x0000028d356f9250 Exception <a 'java/lang/NoSuchMethodError'{0x0000000085db7ff8}: 'java.lang.Object java.lang.invoke.DirectMethodHandle$Holder.invokeSpecial(java.lang.Object, java.lang.Object, java.lang.Object, java.lang.Object, long, java.lang.Object)'> (0x0000000085db7ff8) 
thrown [s\src\hotspot\share\interpreter\linkResolver.cpp, line 784]
Event: 67.926 Thread 0x0000028d356f9250 Exception <a 'java/lang/NoSuchMethodError'{0x0000000085dbc7e0}: 'java.lang.Object java.lang.invoke.Invokers$Holder.linkToTargetMethod(java.lang.Object, java.lang.Object, long, java.lang.Object, java.lang.Object)'> (0x0000000085dbc7e0) 
thrown [s\src\hotspot\share\interpreter\linkResolver.cpp, line 784]
Event: 68.127 Thread 0x0000028d356f9250 Exception <a 'java/lang/NoSuchMethodError'{0x00000000858228e0}: 'java.lang.Object java.lang.invoke.DirectMethodHandle$Holder.newInvokeSpecial(java.lang.Object, java.lang.Object, java.lang.Object, java.lang.Object, java.lang.Object, java.lang.Object, java.lang.Object, java.lang.Object, java.lang.Object, java.lang.Object, java.lang.Object, java.lang.Object, java.lang.Object, java.lang.Object, java.lang.Object, java.lang.Object, java.lang.Object, java.lang.Object, java.lang.Object, java.lang.Object, java.lang
Event: 68.466 Thread 0x0000028d356f9250 Implicit null exception at 0x0000028d23116580 to 0x0000028d23116634

ZGC Phase Switch (0 events):
No events

VM Operations (20 events):
Event: 62.255 Executing VM operation: Cleanup
Event: 62.286 Executing VM operation: Cleanup done
Event: 62.433 Executing VM operation: HandshakeAllThreads (Deoptimize)
Event: 62.433 Executing VM operation: HandshakeAllThreads (Deoptimize) done
Event: 63.448 Executing VM operation: Cleanup
Event: 63.464 Executing VM operation: Cleanup done
Event: 64.314 Executing VM operation: G1CollectForAllocation (G1 Evacuation Pause)
Event: 64.326 Executing VM operation: G1CollectForAllocation (G1 Evacuation Pause) done
Event: 65.338 Executing VM operation: Cleanup
Event: 65.353 Executing VM operation: Cleanup done
Event: 66.358 Executing VM operation: Cleanup
Event: 66.373 Executing VM operation: Cleanup done
Event: 66.921 Executing VM operation: HandshakeAllThreads (Deoptimize)
Event: 66.921 Executing VM operation: HandshakeAllThreads (Deoptimize) done
Event: 67.419 Executing VM operation: HandshakeAllThreads (Deoptimize)
Event: 67.419 Executing VM operation: HandshakeAllThreads (Deoptimize) done
Event: 67.419 Executing VM operation: Cleanup
Event: 67.419 Executing VM operation: Cleanup done
Event: 68.427 Executing VM operation: Cleanup
Event: 68.442 Executing VM operation: Cleanup done

Memory protections (0 events):
No events

Nmethod flushes (20 events):
Event: 58.967 Thread 0x0000028d2f9a0060 flushing  nmethod 0x0000028d1b896a10
Event: 58.967 Thread 0x0000028d2f9a0060 flushing  nmethod 0x0000028d1b995b90
Event: 58.967 Thread 0x0000028d2f9a0060 flushing  nmethod 0x0000028d23089510
Event: 58.968 Thread 0x0000028d2f9a0060 flushing  nmethod 0x0000028d1b4fc810
Event: 58.968 Thread 0x0000028d2f9a0060 flushing  nmethod 0x0000028d1b95ce90
Event: 58.968 Thread 0x0000028d2f9a0060 flushing  nmethod 0x0000028d1bacde90
Event: 58.968 Thread 0x0000028d2f9a0060 flushing  nmethod 0x0000028d1bad1310
Event: 58.968 Thread 0x0000028d2f9a0060 flushing  nmethod 0x0000028d22f9bb90
Event: 58.968 Thread 0x0000028d2f9a0060 flushing  nmethod 0x0000028d23011f10
Event: 58.968 Thread 0x0000028d2f9a0060 flushing  nmethod 0x0000028d230af310
Event: 58.968 Thread 0x0000028d2f9a0060 flushing  nmethod 0x0000028d1b43af90
Event: 58.968 Thread 0x0000028d2f9a0060 flushing  nmethod 0x0000028d1b45e010
Event: 58.968 Thread 0x0000028d2f9a0060 flushing  nmethod 0x0000028d1b462f10
Event: 58.968 Thread 0x0000028d2f9a0060 flushing  nmethod 0x0000028d1b564110
Event: 58.968 Thread 0x0000028d2f9a0060 flushing  nmethod 0x0000028d1b5db290
Event: 58.968 Thread 0x0000028d2f9a0060 flushing  nmethod 0x0000028d1b6b2010
Event: 58.968 Thread 0x0000028d2f9a0060 flushing  nmethod 0x0000028d1b8ddc10
Event: 58.968 Thread 0x0000028d2f9a0060 flushing  nmethod 0x0000028d1b8deb10
Event: 58.968 Thread 0x0000028d2f9a0060 flushing  nmethod 0x0000028d1b958e10
Event: 58.968 Thread 0x0000028d2f9a0060 flushing  nmethod 0x0000028d1bab2e10

Events (20 events):
Event: 20.977 Thread 0x0000028d356f9250 Thread added: 0x0000028d35798510
Event: 22.336 Thread 0x0000028d356f9250 Thread added: 0x0000028d357998c0
Event: 24.212 Thread 0x0000028d357998c0 Thread added: 0x0000028d3579ac70
Event: 24.300 Thread 0x0000028d356f9250 Thread added: 0x0000028d357977f0
Event: 33.548 Thread 0x0000028d356f9250 Thread added: 0x0000028d35799f50
Event: 36.851 Thread 0x0000028d356f9250 Thread added: 0x0000028d34abab10
Event: 38.027 Thread 0x0000028d356f9250 Thread added: 0x0000028d34ac0060
Event: 38.060 Thread 0x0000028d356f9250 Thread added: 0x0000028d34abe620
Event: 39.179 Thread 0x0000028d356f9250 Thread added: 0x0000028d34abb830
Event: 39.179 Thread 0x0000028d356f9250 Thread added: 0x0000028d34abdf90
Event: 39.179 Thread 0x0000028d356f9250 Thread added: 0x0000028d34ab90d0
Event: 39.179 Thread 0x0000028d356f9250 Thread added: 0x0000028d34abd270
Event: 39.179 Thread 0x0000028d356f9250 Thread added: 0x0000028d34ac06f0
Event: 39.179 Thread 0x0000028d356f9250 Thread added: 0x0000028d34abf340
Event: 39.179 Thread 0x0000028d356f9250 Thread added: 0x0000028d34abbec0
Event: 39.180 Thread 0x0000028d356f9250 Thread added: 0x0000028d34abecb0
Event: 57.139 Thread 0x0000028d356f9250 Thread added: 0x0000028d34abf9d0
Event: 57.492 Thread 0x0000028d356f9250 Thread added: 0x0000028d34ab9760
Event: 64.159 Thread 0x0000028d356f9250 Thread added: 0x0000028d34abc550
Event: 64.969 Thread 0x0000028d356f9250 Thread added: 0x0000028d34ab9df0


Dynamic libraries:
0x00007ff7d35c0000 - 0x00007ff7d35ca000 	C:\Program Files\Android\Android Studio\jbr\bin\java.exe
0x00007ffdd5170000 - 0x00007ffdd5368000 	C:\Windows\SYSTEM32\ntdll.dll
0x00007ffdd40f0000 - 0x00007ffdd41b2000 	C:\Windows\System32\KERNEL32.DLL
0x00007ffdd2aa0000 - 0x00007ffdd2d96000 	C:\Windows\System32\KERNELBASE.dll
0x00007ffdd2f30000 - 0x00007ffdd3030000 	C:\Windows\System32\ucrtbase.dll
0x00007ffdcdb40000 - 0x00007ffdcdb58000 	C:\Program Files\Android\Android Studio\jbr\bin\jli.dll
0x00007ffdab800000 - 0x00007ffdab81b000 	C:\Program Files\Android\Android Studio\jbr\bin\VCRUNTIME140.dll
0x00007ffdd4cb0000 - 0x00007ffdd4e4d000 	C:\Windows\System32\USER32.dll
0x00007ffdd3030000 - 0x00007ffdd3052000 	C:\Windows\System32\win32u.dll
0x00007ffdd4060000 - 0x00007ffdd408b000 	C:\Windows\System32\GDI32.dll
0x00007ffdd2930000 - 0x00007ffdd2a49000 	C:\Windows\System32\gdi32full.dll
0x00007ffdd2890000 - 0x00007ffdd292d000 	C:\Windows\System32\msvcp_win.dll
0x00007ffdd1bb0000 - 0x00007ffdd1e4b000 	C:\Windows\WinSxS\amd64_microsoft.windows.common-controls_6595b64144ccf1df_6.0.19041.6280_none_60bc30a171f2f3f3\COMCTL32.dll
0x00007ffdd3650000 - 0x00007ffdd36ee000 	C:\Windows\System32\msvcrt.dll
0x00007ffdd3350000 - 0x00007ffdd337f000 	C:\Windows\System32\IMM32.DLL
0x00007ffdcc450000 - 0x00007ffdcc45c000 	C:\Program Files\Android\Android Studio\jbr\bin\vcruntime140_1.dll
0x00007ffdcd970000 - 0x00007ffdcd9fd000 	C:\Program Files\Android\Android Studio\jbr\bin\msvcp140.dll
0x00007ffd604d0000 - 0x00007ffd6115e000 	C:\Program Files\Android\Android Studio\jbr\bin\server\jvm.dll
0x00007ffdd4bf0000 - 0x00007ffdd4ca1000 	C:\Windows\System32\ADVAPI32.dll
0x00007ffdd4650000 - 0x00007ffdd46ef000 	C:\Windows\System32\sechost.dll
0x00007ffdd3380000 - 0x00007ffdd34a0000 	C:\Windows\System32\RPCRT4.dll
0x00007ffdd2f00000 - 0x00007ffdd2f27000 	C:\Windows\System32\bcrypt.dll
0x00007ffdd36f0000 - 0x00007ffdd375b000 	C:\Windows\System32\WS2_32.dll
0x00007ffdcef80000 - 0x00007ffdcef8a000 	C:\Windows\SYSTEM32\VERSION.dll
0x00007ffdd2250000 - 0x00007ffdd229b000 	C:\Windows\SYSTEM32\POWRPROF.dll
0x00007ffdc1a30000 - 0x00007ffdc1a57000 	C:\Windows\SYSTEM32\WINMM.dll
0x00007ffdd1e50000 - 0x00007ffdd1e62000 	C:\Windows\SYSTEM32\UMPDC.dll
0x00007ffdd0300000 - 0x00007ffdd0312000 	C:\Windows\SYSTEM32\kernel.appcore.dll
0x00007ffdcc420000 - 0x00007ffdcc42a000 	C:\Program Files\Android\Android Studio\jbr\bin\jimage.dll
0x00007ffdd1fc0000 - 0x00007ffdd21c1000 	C:\Windows\SYSTEM32\DBGHELP.DLL
0x00007ffdd1f80000 - 0x00007ffdd1fb4000 	C:\Windows\SYSTEM32\dbgcore.DLL
0x00007ffdd3110000 - 0x00007ffdd3192000 	C:\Windows\System32\bcryptPrimitives.dll
0x00007ffdcdd50000 - 0x00007ffdcdd5e000 	C:\Program Files\Android\Android Studio\jbr\bin\instrument.dll
0x00007ffdab710000 - 0x00007ffdab730000 	C:\Program Files\Android\Android Studio\jbr\bin\java.dll
0x00007ffd64a10000 - 0x00007ffd64a28000 	C:\Program Files\Android\Android Studio\jbr\bin\zip.dll
0x00007ffdd3840000 - 0x00007ffdd3fb0000 	C:\Windows\System32\SHELL32.dll
0x00007ffdcfb40000 - 0x00007ffdd02e5000 	C:\Windows\SYSTEM32\windows.storage.dll
0x00007ffdd41c0000 - 0x00007ffdd4513000 	C:\Windows\System32\combase.dll
0x00007ffdd1b10000 - 0x00007ffdd1b3b000 	C:\Windows\SYSTEM32\Wldp.dll
0x00007ffdd31a0000 - 0x00007ffdd326d000 	C:\Windows\System32\OLEAUT32.dll
0x00007ffdd4e50000 - 0x00007ffdd4efd000 	C:\Windows\System32\SHCORE.dll
0x00007ffdd4b70000 - 0x00007ffdd4bcb000 	C:\Windows\System32\shlwapi.dll
0x00007ffdd2740000 - 0x00007ffdd2764000 	C:\Windows\SYSTEM32\profapi.dll
0x00007ffdbb6d0000 - 0x00007ffdbb6e0000 	C:\Program Files\Android\Android Studio\jbr\bin\net.dll
0x00007ffdc8e60000 - 0x00007ffdc8f6a000 	C:\Windows\SYSTEM32\WINHTTP.dll
0x00007ffdd19e0000 - 0x00007ffdd1a4a000 	C:\Windows\system32\mswsock.dll
0x00007ffd7a530000 - 0x00007ffd7a546000 	C:\Program Files\Android\Android Studio\jbr\bin\nio.dll
0x00007ffdc5b90000 - 0x00007ffdc5ba0000 	C:\Program Files\Android\Android Studio\jbr\bin\verify.dll
0x00007ffdcdb60000 - 0x00007ffdcdb87000 	C:\Users\Asus\.gradle\native\1def1411415f61bf3af743bc5b6707747c0891f09f0c88961ee8f79bc544acac\windows-amd64\native-platform.dll
0x00007ffdcd8a0000 - 0x00007ffdcd918000 	C:\Users\Asus\.gradle\native\0.2.7\x86_64-windows-gnu\gradle-fileevents.dll
0x00007ffdb51e0000 - 0x00007ffdb51e9000 	C:\Program Files\Android\Android Studio\jbr\bin\management.dll
0x00007ffdb4ce0000 - 0x00007ffdb4ceb000 	C:\Program Files\Android\Android Studio\jbr\bin\management_ext.dll
0x00007ffdd32e0000 - 0x00007ffdd32e8000 	C:\Windows\System32\PSAPI.DLL
0x00007ffdd1550000 - 0x00007ffdd158b000 	C:\Windows\SYSTEM32\IPHLPAPI.DLL
0x00007ffdd32d0000 - 0x00007ffdd32d8000 	C:\Windows\System32\NSI.dll
0x00007ffdb69f0000 - 0x00007ffdb69f9000 	C:\Program Files\Android\Android Studio\jbr\bin\extnet.dll
0x00007ffdd2580000 - 0x00007ffdd2598000 	C:\Windows\SYSTEM32\CRYPTSP.dll
0x00007ffdd11f0000 - 0x00007ffdd1228000 	C:\Windows\system32\rsaenh.dll
0x00007ffdd26c0000 - 0x00007ffdd26ee000 	C:\Windows\SYSTEM32\USERENV.dll
0x00007ffdd1ad0000 - 0x00007ffdd1adc000 	C:\Windows\SYSTEM32\CRYPTBASE.dll
0x00007ffdb7b50000 - 0x00007ffdb7b57000 	C:\Windows\system32\wshunix.dll

dbghelp: loaded successfully - version: 4.0.5 - missing functions: none
symbol engine: initialized successfully - sym options: 0x614 - pdb path: .;C:\Program Files\Android\Android Studio\jbr\bin;C:\Windows\SYSTEM32;C:\Windows\WinSxS\amd64_microsoft.windows.common-controls_6595b64144ccf1df_6.0.19041.6280_none_60bc30a171f2f3f3;C:\Program Files\Android\Android Studio\jbr\bin\server;C:\Users\Asus\.gradle\native\1def1411415f61bf3af743bc5b6707747c0891f09f0c88961ee8f79bc544acac\windows-amd64;C:\Users\Asus\.gradle\native\0.2.7\x86_64-windows-gnu

VM Arguments:
jvm_args: --add-opens=java.base/java.lang=ALL-UNNAMED --add-opens=java.base/java.lang.invoke=ALL-UNNAMED --add-opens=java.base/java.util=ALL-UNNAMED --add-opens=java.prefs/java.util.prefs=ALL-UNNAMED --add-exports=jdk.compiler/com.sun.tools.javac.api=ALL-UNNAMED --add-exports=jdk.compiler/com.sun.tools.javac.util=ALL-UNNAMED --add-opens=java.base/java.util=ALL-UNNAMED --add-opens=java.prefs/java.util.prefs=ALL-UNNAMED --add-opens=java.base/java.nio.charset=ALL-UNNAMED --add-opens=java.base/java.net=ALL-UNNAMED --add-opens=java.base/java.util.concurrent.atomic=ALL-UNNAMED --add-opens=java.xml/javax.xml.namespace=ALL-UNNAMED -Xmx2048m -Dfile.encoding=UTF-8 -Duser.country=ID -Duser.language=en -Duser.variant -javaagent:C:\Users\Asus\.gradle\wrapper\dists\gradle-8.13-bin\5xuhj0ry160q40clulazy9h7d\gradle-8.13\lib\agents\gradle-instrumentation-agent-8.13.jar 
java_command: org.gradle.launcher.daemon.bootstrap.GradleDaemon 8.13
java_class_path (initial): C:\Users\Asus\.gradle\wrapper\dists\gradle-8.13-bin\5xuhj0ry160q40clulazy9h7d\gradle-8.13\lib\gradle-daemon-main-8.13.jar
Launcher Type: SUN_STANDARD

[Global flags]
     intx CICompilerCount                          = 4                                         {product} {ergonomic}
     uint ConcGCThreads                            = 2                                         {product} {ergonomic}
     uint G1ConcRefinementThreads                  = 8                                         {product} {ergonomic}
   size_t G1HeapRegionSize                         = 1048576                                   {product} {ergonomic}
    uintx GCDrainStackTargetSize                   = 64                                        {product} {ergonomic}
   size_t InitialHeapSize                          = 65011712                                  {product} {ergonomic}
   size_t MarkStackSize                            = 4194304                                   {product} {ergonomic}
   size_t MaxHeapSize                              = 2147483648                                {product} {command line}
   size_t MaxNewSize                               = 1287651328                                {product} {ergonomic}
   size_t MinHeapDeltaBytes                        = 1048576                                   {product} {ergonomic}
   size_t MinHeapSize                              = 8388608                                   {product} {ergonomic}
    uintx NonNMethodCodeHeapSize                   = 5839372                                {pd product} {ergonomic}
    uintx NonProfiledCodeHeapSize                  = 122909434                              {pd product} {ergonomic}
    uintx ProfiledCodeHeapSize                     = 122909434                              {pd product} {ergonomic}
    uintx ReservedCodeCacheSize                    = 251658240                              {pd product} {ergonomic}
     bool SegmentedCodeCache                       = true                                      {product} {ergonomic}
   size_t SoftMaxHeapSize                          = 2147483648                             {manageable} {ergonomic}
     bool UseCompressedOops                        = true                           {product lp64_product} {ergonomic}
     bool UseG1GC                                  = true                                      {product} {ergonomic}
     bool UseLargePagesIndividualAllocation        = false                                  {pd product} {ergonomic}

Logging:
Log output configuration:
 #0: stdout all=warning uptime,level,tags foldmultilines=false
 #1: stderr all=off uptime,level,tags foldmultilines=false

Environment Variables:
PATH=C:\Windows\system32;C:\Windows;C:\Windows\System32\Wbem;C:\Windows\System32\WindowsPowerShell\v1.0\;C:\Windows\System32\OpenSSH\;C:\Program Files (x86)\NVIDIA Corporation\PhysX\Common;C:\Program Files\Git\cmd;C:\Program Files\dotnet\;C:\Users\Asus\AppData\Local\Microsoft\WindowsApps;C:\Users\Asus\AppData\Local\Programs\Microsoft VS Code\bin;C:\Users\Asus\AppData\Local\GitHubDesktop\bin;C:\Users\Asus\.dotnet\tools
USERNAME=Asus
OS=Windows_NT
PROCESSOR_IDENTIFIER=Intel64 Family 6 Model 142 Stepping 12, GenuineIntel
TMP=C:\Users\Asus\AppData\Local\Temp
TEMP=C:\Users\Asus\AppData\Local\Temp




Periodic native trim disabled

JNI global refs:
JNI global refs: 26, weak refs: 0

JNI global refs memory usage: 835, weak refs: 833

Process memory usage:
Resident Set Size: 129168K (3% of 4042184K total physical memory with 23864K free physical memory)

OOME stack traces (most recent first):
Classloader memory used:
Loader org.gradle.internal.classloader.VisitableURLClassLoader                         : 25682K
Loader bootstrap                                                                       : 22294K
Loader org.gradle.initialization.MixInLegacyTypesClassLoader                           : 5029K
Loader org.gradle.internal.classloader.VisitableURLClassLoader                         : 735K
Loader jdk.internal.loader.ClassLoaders$PlatformClassLoader                            : 500K
Loader jdk.internal.loader.ClassLoaders$AppClassLoader                                 : 235K
Loader jdk.internal.reflect.DelegatingClassLoader                                      : 158K
Loader org.gradle.groovy.scripts.internal.DefaultScriptCompilationHandler$ScriptClassLoader: 35128B
Loader org.codehaus.groovy.runtime.callsite.CallSiteClassLoader                        : 7200B

Classes loaded by more than one classloader:
Class org.gradle.api.GradleException                                                  : loaded 3 times (x 80B)
Class org.gradle.internal.classloader.FilteringClassLoader                            : loaded 2 times (x 103B)
Class org.gradle.internal.classloader.ClassLoaderHierarchy                            : loaded 2 times (x 68B)
Class org.gradle.api.internal.classpath.ManifestUtil                                  : loaded 2 times (x 69B)
Class org.gradle.internal.operations.MultipleBuildOperationFailures                   : loaded 2 times (x 93B)
Class org.gradle.internal.classloader.DefaultClassLoaderFactory                       : loaded 2 times (x 80B)
Class kotlin.collections.AbstractList$Companion                                       : loaded 2 times (x 69B)
Class org.gradle.internal.classloader.ClassLoaderVisitor                              : loaded 2 times (x 74B)
Class org.gradle.api.internal.classpath.EffectiveClassPath                            : loaded 2 times (x 88B)
Class org.gradle.api.internal.DefaultClassPathProvider                                : loaded 2 times (x 74B)
Class [Lorg.gradle.api.internal.ClassPathProvider;                                    : loaded 2 times (x 67B)
Class org.gradle.api.internal.ClassPathProvider                                       : loaded 2 times (x 68B)
Class org.gradle.internal.service.UnknownServiceException                             : loaded 2 times (x 81B)
Class org.gradle.internal.classpath.TransformedClassPath                              : loaded 2 times (x 94B)
Class org.gradle.internal.classloader.InstrumentingClassLoader                        : loaded 2 times (x 68B)
Class kotlin.enums.EnumEntriesList                                                    : loaded 2 times (x 221B)
Class org.gradle.internal.service.ServiceLocator                                      : loaded 2 times (x 68B)
Class org.gradle.internal.InternalTransformer                                         : loaded 2 times (x 68B)
Class org.gradle.internal.time.DefaultTimer                                           : loaded 2 times (x 78B)
Class org.gradle.internal.classloader.ClasspathUtil$1                                 : loaded 2 times (x 74B)
Class org.gradle.api.internal.classpath.DefaultModuleRegistry$DefaultModule           : loaded 2 times (x 84B)
Class org.gradle.internal.time.DefaultCountdownTimer                                  : loaded 2 times (x 86B)
Class kotlin.Function                                                                 : loaded 2 times (x 68B)
Class org.gradle.api.internal.classpath.Module                                        : loaded 2 times (x 68B)
Class org.gradle.api.internal.classpath.UnknownModuleException                        : loaded 2 times (x 80B)
Class org.gradle.api.internal.DefaultClassPathRegistry                                : loaded 2 times (x 74B)
Class org.gradle.api.internal.ClassPathRegistry                                       : loaded 2 times (x 68B)
Class org.gradle.internal.classpath.DefaultClassPath$ImmutableUniqueList              : loaded 2 times (x 197B)
Class org.gradle.internal.classpath.ClassPath                                         : loaded 2 times (x 68B)
Class org.gradle.api.UncheckedIOException                                             : loaded 2 times (x 80B)
Class kotlin.UninitializedPropertyAccessException                                     : loaded 2 times (x 80B)
Class org.gradle.internal.installation.GradleInstallation$1                           : loaded 2 times (x 73B)
Class org.gradle.api.internal.classpath.ModuleRegistry                                : loaded 2 times (x 68B)
Class org.gradle.api.internal.classpath.DefaultModuleRegistry                         : loaded 2 times (x 84B)
Class org.gradle.internal.time.MonotonicClock                                         : loaded 2 times (x 75B)
Class org.gradle.internal.service.ServiceLookupException                              : loaded 2 times (x 80B)
Class org.gradle.internal.classloader.ClassLoaderFactory                              : loaded 2 times (x 68B)
Class org.gradle.internal.service.CachingServiceLocator                               : loaded 2 times (x 80B)
Class org.gradle.internal.time.TimeSource                                             : loaded 2 times (x 68B)
Class kotlin.enums.EnumEntries                                                        : loaded 2 times (x 68B)
Class org.gradle.internal.exceptions.ResolutionProvider                               : loaded 2 times (x 68B)
Class org.gradle.internal.classloader.ClasspathUtil                                   : loaded 2 times (x 69B)
Class org.gradle.internal.time.TimeSource$1                                           : loaded 2 times (x 75B)
Class org.gradle.api.specs.Spec                                                       : loaded 2 times (x 68B)
Class org.gradle.internal.time.Clock                                                  : loaded 2 times (x 68B)
Class kotlin.collections.AbstractList                                                 : loaded 2 times (x 195B)
Class kotlin.collections.AbstractCollection                                           : loaded 2 times (x 115B)
Class org.gradle.internal.classloader.VisitableURLClassLoader$InstrumentingVisitableURLClassLoader: loaded 2 times (x 121B)
Class org.gradle.internal.classloader.VisitableURLClassLoader$Spec                    : loaded 2 times (x 72B)
Class org.gradle.internal.classpath.DefaultClassPath                                  : loaded 2 times (x 88B)
Class org.gradle.internal.classloader.ClassLoaderSpec                                 : loaded 2 times (x 69B)
Class org.gradle.internal.classloader.VisitableURLClassLoader                         : loaded 2 times (x 115B)
Class org.gradle.internal.Cast                                                        : loaded 2 times (x 69B)
Class org.gradle.api.Action                                                           : loaded 2 times (x 68B)
Class kotlin.jvm.functions.Function1                                                  : loaded 2 times (x 68B)
Class org.gradle.internal.classpath.DefaultClassPath$ImmutableUniqueList$Builder      : loaded 2 times (x 73B)
Class kotlin.NotImplementedError                                                      : loaded 2 times (x 80B)
Class org.gradle.internal.exceptions.NonGradleCauseExceptionsHolder                   : loaded 2 times (x 68B)
Class kotlin.enums.EnumEntriesKt                                                      : loaded 2 times (x 69B)
Class org.gradle.internal.IoActions                                                   : loaded 2 times (x 69B)
Class org.gradle.internal.classloader.SystemClassLoaderSpec                           : loaded 2 times (x 69B)
Class org.gradle.internal.exceptions.MultiCauseException                              : loaded 2 times (x 68B)
Class org.gradle.internal.time.CountdownTimer                                         : loaded 2 times (x 68B)
Class kotlin.jvm.internal.Intrinsics                                                  : loaded 2 times (x 69B)
Class org.gradle.tooling.model.ProjectModel                                           : loaded 2 times (x 68B)
Class kotlin.KotlinNullPointerException                                               : loaded 2 times (x 81B)
Class org.gradle.internal.exceptions.DefaultMultiCauseException                       : loaded 2 times (x 93B)
Class org.gradle.internal.time.Time                                                   : loaded 2 times (x 69B)
Class org.gradle.api.internal.classpath.GlobalCacheRootsProvider                      : loaded 2 times (x 68B)
Class org.gradle.internal.time.Timer                                                  : loaded 2 times (x 68B)
Class kotlin.jvm.internal.markers.KMappedMarker                                       : loaded 2 times (x 68B)
Class org.gradle.internal.installation.CurrentGradleInstallationLocator               : loaded 2 times (x 69B)
Class org.gradle.internal.service.DefaultServiceLocator                               : loaded 2 times (x 81B)
Class org.gradle.util.GradleVersion                                                   : loaded 2 times (x 77B)
Class org.gradle.internal.installation.CurrentGradleInstallation                      : loaded 2 times (x 71B)
Class org.gradle.util.internal.GUtil                                                  : loaded 2 times (x 69B)
Class org.gradle.internal.installation.GradleInstallation                             : loaded 2 times (x 73B)

---------------  S Y S T E M  ---------------

OS:
 Windows 10 , 64 bit Build 19041 (10.0.19041.5915)
OS uptime: 6 days 20:06 hours

CPU: total 8 (initial active 8) (4 cores per cpu, 2 threads per core) family 6 model 142 stepping 12 microcode 0xde, cx8, cmov, fxsr, ht, mmx, 3dnowpref, sse, sse2, sse3, ssse3, sse4.1, sse4.2, popcnt, lzcnt, tsc, tscinvbit, avx, avx2, aes, erms, clmul, bmi1, bmi2, adx, fma, vzeroupper, clflush, clflushopt, rdtscp, f16c
Processor Information for the first 8 processors :
  Max Mhz: 1800, Current Mhz: 1600, Mhz Limit: 1584

Memory: 4k page, system-wide physical 3947M (15M free)
TotalPageFile size 16235M (AvailPageFile size 1M)
current process WorkingSet (physical memory assigned to process): 128M, peak: 149M
current process commit charge ("private bytes"): 306M, peak: 307M

vm_info: OpenJDK 64-Bit Server VM (21.0.7+-13880790-b1038.58) for windows-amd64 JRE (21.0.7+-13880790-b1038.58), built on 2025-08-04T20:56:21Z by "builder" with MS VC++ 16.10 / 16.11 (VS2019)

END.
