#
# There is insufficient memory for the Java Runtime Environment to continue.
# Native memory allocation (malloc) failed to allocate 262160 bytes. Error detail: Chunk::new
# Possible reasons:
#   The system is out of physical RAM or swap space
#   This process is running with CompressedOops enabled, and the Java Heap may be blocking the growth of the native heap
# Possible solutions:
#   Reduce memory load on the system
#   Increase physical memory or swap space
#   Check if swap backing store is full
#   Decrease Java heap size (-Xmx/-Xms)
#   Decrease number of Java threads
#   Decrease Java thread stack sizes (-Xss)
#   Set larger code cache with -XX:ReservedCodeCacheSize=
#   JVM is running with Unscaled Compressed Oops mode in which the Java heap is
#     placed in the first 4GB address space. The Java Heap base address is the
#     maximum limit for the native heap growth. Please use -XX:HeapBaseMinAddress
#     to set the Java Heap base and to place the Java Heap above 4GB virtual address.
# This output file may be truncated or incomplete.
#
#  Out of Memory Error (arena.cpp:168), pid=10676, tid=21604
#
# JRE version: OpenJDK Runtime Environment (21.0.7) (build 21.0.7+-13880790-b1038.58)
# Java VM: OpenJDK 64-Bit Server VM (21.0.7+-13880790-b1038.58, mixed mode, tiered, compressed oops, compressed class ptrs, g1 gc, windows-amd64)
# No core dump will be written. Minidumps are not enabled by default on client versions of Windows
#

---------------  S U M M A R Y ------------

Command Line: --add-opens=java.base/java.lang=ALL-UNNAMED --add-opens=java.base/java.lang.invoke=ALL-UNNAMED --add-opens=java.base/java.util=ALL-UNNAMED --add-opens=java.prefs/java.util.prefs=ALL-UNNAMED --add-exports=jdk.compiler/com.sun.tools.javac.api=ALL-UNNAMED --add-exports=jdk.compiler/com.sun.tools.javac.util=ALL-UNNAMED --add-opens=java.base/java.util=ALL-UNNAMED --add-opens=java.prefs/java.util.prefs=ALL-UNNAMED --add-opens=java.base/java.nio.charset=ALL-UNNAMED --add-opens=java.base/java.net=ALL-UNNAMED --add-opens=java.base/java.util.concurrent.atomic=ALL-UNNAMED --add-opens=java.xml/javax.xml.namespace=ALL-UNNAMED -Xmx2048m -Dfile.encoding=UTF-8 -Duser.country=ID -Duser.language=en -Duser.variant -javaagent:C:\Users\Asus\.gradle\wrapper\dists\gradle-8.13-bin\5xuhj0ry160q40clulazy9h7d\gradle-8.13\lib\agents\gradle-instrumentation-agent-8.13.jar org.gradle.launcher.daemon.bootstrap.GradleDaemon 8.13

Host: Intel(R) Core(TM) i5-8265U CPU @ 1.60GHz, 8 cores, 3G,  Windows 10 , 64 bit Build 19041 (10.0.19041.5915)
Time: Fri Sep 26 11:27:58 2025 SE Asia Standard Time elapsed time: 69.271363 seconds (0d 0h 1m 9s)

---------------  T H R E A D  ---------------

Current thread (0x0000027b7f038130):  JavaThread "C2 CompilerThread0" daemon [_thread_in_native, id=21604, stack(0x000000e2c7a00000,0x000000e2c7b00000) (1024K)]


Current CompileTask:
C2:69271 5463       4       java.lang.invoke.MethodType::makeImpl (109 bytes)

Stack: [0x000000e2c7a00000,0x000000e2c7b00000]
Native frames: (J=compiled Java code, j=interpreted, Vv=VM code, C=native code)
V  [jvm.dll+0x6d25c9]
V  [jvm.dll+0x860923]
V  [jvm.dll+0x862e7e]
V  [jvm.dll+0x863563]
V  [jvm.dll+0x27f156]
V  [jvm.dll+0xc002d]
V  [jvm.dll+0xc0563]
V  [jvm.dll+0x6f9334]
V  [jvm.dll+0x6f9a3d]
V  [jvm.dll+0x6fbd80]
V  [jvm.dll+0x6fa0e3]
V  [jvm.dll+0x2495ab]
V  [jvm.dll+0x24733e]
V  [jvm.dll+0x1c5fb4]
V  [jvm.dll+0x256bac]
V  [jvm.dll+0x2550f6]
V  [jvm.dll+0x3f1d16]
V  [jvm.dll+0x808d08]
V  [jvm.dll+0x6d0e1d]
C  [ucrtbase.dll+0x21bb2]
C  [KERNEL32.DLL+0x17374]
C  [ntdll.dll+0x4cc91]


---------------  P R O C E S S  ---------------

Threads class SMR info:
_java_thread_list=0x0000027b01d6ff90, length=45, elements={
0x0000027b63680f70, 0x0000027b7ad8e830, 0x0000027b7f017770, 0x0000027b7f0181d0,
0x0000027b7f018d50, 0x0000027b7f032ec0, 0x0000027b7f035930, 0x0000027b7f036390,
0x0000027b7f038130, 0x0000027b7f03cbf0, 0x0000027b7f2b2cc0, 0x0000027b7f3fb050,
0x0000027b00ff8ea0, 0x0000027b01039660, 0x0000027b0054c050, 0x0000027b003e9c70,
0x0000027b00c236a0, 0x0000027b00c7b290, 0x0000027b7f355de0, 0x0000027b7f353680,
0x0000027b7f355750, 0x0000027b7f353d10, 0x0000027b7f3543a0, 0x0000027b7f354a30,
0x0000027b7f3550c0, 0x0000027b7f356470, 0x0000027b021a12c0, 0x0000027b0219e4d0,
0x0000027b021a1950, 0x0000027b021a40b0, 0x0000027b021a3a20, 0x0000027b021a2d00,
0x0000027b0219ff10, 0x0000027b021a1fe0, 0x0000027b021a0c30, 0x0000027b021a2670,
0x0000027b0219f880, 0x0000027b0219f1f0, 0x0000027b021a4dd0, 0x0000027b021a05a0,
0x0000027b021a4740, 0x0000027b021a3390, 0x0000027b021a5460, 0x0000027b01ec4bd0,
0x0000027b01ebe960
}

Java Threads: ( => current thread )
  0x0000027b63680f70 JavaThread "main"                              [_thread_blocked, id=15892, stack(0x000000e2c6b00000,0x000000e2c6c00000) (1024K)]
  0x0000027b7ad8e830 JavaThread "Common-Cleaner"             daemon [_thread_blocked, id=23356, stack(0x000000e2c7300000,0x000000e2c7400000) (1024K)]
  0x0000027b7f017770 JavaThread "Reference Handler"          daemon [_thread_blocked, id=1132, stack(0x000000e2c7400000,0x000000e2c7500000) (1024K)]
  0x0000027b7f0181d0 JavaThread "Finalizer"                  daemon [_thread_blocked, id=16500, stack(0x000000e2c7500000,0x000000e2c7600000) (1024K)]
  0x0000027b7f018d50 JavaThread "Signal Dispatcher"          daemon [_thread_blocked, id=21512, stack(0x000000e2c7600000,0x000000e2c7700000) (1024K)]
  0x0000027b7f032ec0 JavaThread "Attach Listener"            daemon [_thread_blocked, id=7028, stack(0x000000e2c7700000,0x000000e2c7800000) (1024K)]
  0x0000027b7f035930 JavaThread "Service Thread"             daemon [_thread_blocked, id=3440, stack(0x000000e2c7800000,0x000000e2c7900000) (1024K)]
  0x0000027b7f036390 JavaThread "Monitor Deflation Thread"   daemon [_thread_blocked, id=16636, stack(0x000000e2c7900000,0x000000e2c7a00000) (1024K)]
=>0x0000027b7f038130 JavaThread "C2 CompilerThread0"         daemon [_thread_in_native, id=21604, stack(0x000000e2c7a00000,0x000000e2c7b00000) (1024K)]
  0x0000027b7f03cbf0 JavaThread "C1 CompilerThread0"         daemon [_thread_blocked, id=4016, stack(0x000000e2c7b00000,0x000000e2c7c00000) (1024K)]
  0x0000027b7f2b2cc0 JavaThread "Notification Thread"        daemon [_thread_blocked, id=16456, stack(0x000000e2c7c00000,0x000000e2c7d00000) (1024K)]
  0x0000027b7f3fb050 JavaThread "Daemon health stats"               [_thread_blocked, id=11180, stack(0x000000e2c8100000,0x000000e2c8200000) (1024K)]
  0x0000027b00ff8ea0 JavaThread "Incoming local TCP Connector on port 62442"        [_thread_in_native, id=14532, stack(0x000000e2c8200000,0x000000e2c8300000) (1024K)]
  0x0000027b01039660 JavaThread "Daemon periodic checks"            [_thread_blocked, id=2908, stack(0x000000e2c8600000,0x000000e2c8700000) (1024K)]
  0x0000027b0054c050 JavaThread "Daemon"                            [_thread_blocked, id=22224, stack(0x000000e2c8700000,0x000000e2c8800000) (1024K)]
  0x0000027b003e9c70 JavaThread "Handler for socket connection from /127.0.0.1:62442 to /127.0.0.1:62451"        [_thread_in_native, id=22424, stack(0x000000e2c8800000,0x000000e2c8900000) (1024K)]
  0x0000027b00c236a0 JavaThread "Cancel handler"                    [_thread_blocked, id=2800, stack(0x000000e2c8900000,0x000000e2c8a00000) (1024K)]
  0x0000027b00c7b290 JavaThread "Daemon worker"                     [_thread_blocked, id=8780, stack(0x000000e2c8a00000,0x000000e2c8b00000) (1024K)]
  0x0000027b7f355de0 JavaThread "Asynchronous log dispatcher for DefaultDaemonConnection: socket connection from /127.0.0.1:62442 to /127.0.0.1:62451"        [_thread_blocked, id=21632, stack(0x000000e2c8b00000,0x000000e2c8c00000) (1024K)]
  0x0000027b7f353680 JavaThread "Stdin handler"                     [_thread_blocked, id=16352, stack(0x000000e2c8d00000,0x000000e2c8e00000) (1024K)]
  0x0000027b7f355750 JavaThread "Daemon client event forwarder"        [_thread_blocked, id=21832, stack(0x000000e2c8e00000,0x000000e2c8f00000) (1024K)]
  0x0000027b7f353d10 JavaThread "Cache worker for journal cache (C:\Users\Asus\.gradle\caches\journal-1)"        [_thread_blocked, id=2928, stack(0x000000e2c8f00000,0x000000e2c9000000) (1024K)]
  0x0000027b7f3543a0 JavaThread "File lock request listener"        [_thread_in_native, id=15944, stack(0x000000e2c9000000,0x000000e2c9100000) (1024K)]
  0x0000027b7f354a30 JavaThread "File lock release action executor"        [_thread_blocked, id=1500, stack(0x000000e2c9100000,0x000000e2c9200000) (1024K)]
  0x0000027b7f3550c0 JavaThread "Cache worker for file hash cache (C:\Users\Asus\.gradle\caches\8.13\fileHashes)"        [_thread_blocked, id=13672, stack(0x000000e2c9200000,0x000000e2c9300000) (1024K)]
  0x0000027b7f356470 JavaThread "Cache worker for file hash cache (E:\5\IF570-HL (Mobile Application Programming)\LAB_WEEK_052\.gradle\8.13\fileHashes)"        [_thread_blocked, id=13708, stack(0x000000e2c6800000,0x000000e2c6900000) (1024K)]
  0x0000027b021a12c0 JavaThread "Cache worker for Build Output Cleanup Cache (E:\5\IF570-HL (Mobile Application Programming)\LAB_WEEK_052\.gradle\buildOutputCleanup)"        [_thread_blocked, id=6468, stack(0x000000e2c9300000,0x000000e2c9400000) (1024K)]
  0x0000027b0219e4d0 JavaThread "File watcher server"        daemon [_thread_in_native, id=18536, stack(0x000000e2c9400000,0x000000e2c9500000) (1024K)]
  0x0000027b021a1950 JavaThread "File watcher consumer"      daemon [_thread_blocked, id=8692, stack(0x000000e2c9500000,0x000000e2c9600000) (1024K)]
  0x0000027b021a40b0 JavaThread "jar transforms"                    [_thread_blocked, id=4508, stack(0x000000e2c9600000,0x000000e2c9700000) (1024K)]
  0x0000027b021a3a20 JavaThread "jar transforms Thread 2"           [_thread_blocked, id=16872, stack(0x000000e2c9700000,0x000000e2c9800000) (1024K)]
  0x0000027b021a2d00 JavaThread "jar transforms Thread 3"           [_thread_blocked, id=13984, stack(0x000000e2c9800000,0x000000e2c9900000) (1024K)]
  0x0000027b0219ff10 JavaThread "jar transforms Thread 4"           [_thread_blocked, id=2268, stack(0x000000e2c9900000,0x000000e2c9a00000) (1024K)]
  0x0000027b021a1fe0 JavaThread "jar transforms Thread 5"           [_thread_blocked, id=16756, stack(0x000000e2c9a00000,0x000000e2c9b00000) (1024K)]
  0x0000027b021a0c30 JavaThread "jar transforms Thread 6"           [_thread_blocked, id=1292, stack(0x000000e2c9b00000,0x000000e2c9c00000) (1024K)]
  0x0000027b021a2670 JavaThread "jar transforms Thread 7"           [_thread_blocked, id=18148, stack(0x000000e2c9c00000,0x000000e2c9d00000) (1024K)]
  0x0000027b0219f880 JavaThread "jar transforms Thread 8"           [_thread_blocked, id=22480, stack(0x000000e2c9d00000,0x000000e2c9e00000) (1024K)]
  0x0000027b0219f1f0 JavaThread "Cache worker for checksums cache (E:\5\IF570-HL (Mobile Application Programming)\LAB_WEEK_052\.gradle\8.13\checksums)"        [_thread_blocked, id=17656, stack(0x000000e2c9e00000,0x000000e2c9f00000) (1024K)]
  0x0000027b021a4dd0 JavaThread "Cache worker for file content cache (C:\Users\Asus\.gradle\caches\8.13\fileContent)"        [_thread_blocked, id=14744, stack(0x000000e2c9f00000,0x000000e2ca000000) (1024K)]
  0x0000027b021a05a0 JavaThread "Cache worker for cache directory md-supplier (C:\Users\Asus\.gradle\caches\8.13\md-supplier)"        [_thread_blocked, id=10284, stack(0x000000e2c6900000,0x000000e2c6a00000) (1024K)]
  0x0000027b021a4740 JavaThread "Cache worker for cache directory md-rule (C:\Users\Asus\.gradle\caches\8.13\md-rule)"        [_thread_blocked, id=22796, stack(0x000000e2c6a00000,0x000000e2c6b00000) (1024K)]
  0x0000027b021a3390 JavaThread "Unconstrained build operations"        [_thread_blocked, id=8540, stack(0x000000e2ca000000,0x000000e2ca100000) (1024K)]
  0x0000027b021a5460 JavaThread "Unconstrained build operations Thread 2"        [_thread_blocked, id=10424, stack(0x000000e2ca100000,0x000000e2ca200000) (1024K)]
  0x0000027b01ec4bd0 JavaThread "Unconstrained build operations Thread 3"        [_thread_blocked, id=8332, stack(0x000000e2ca200000,0x000000e2ca300000) (1024K)]
  0x0000027b01ebe960 JavaThread "Unconstrained build operations Thread 4"        [_thread_blocked, id=16232, stack(0x000000e2ca300000,0x000000e2ca400000) (1024K)]
Total: 45

Other Threads:
  0x0000027b7ad52b20 VMThread "VM Thread"                           [id=19576, stack(0x000000e2c7200000,0x000000e2c7300000) (1024K)]
  0x0000027b7acc0a10 WatcherThread "VM Periodic Task Thread"        [id=20120, stack(0x000000e2c7100000,0x000000e2c7200000) (1024K)]
  0x0000027b636d5c40 WorkerThread "GC Thread#0"                     [id=2232, stack(0x000000e2c6c00000,0x000000e2c6d00000) (1024K)]
  0x0000027b7f638f60 WorkerThread "GC Thread#1"                     [id=20772, stack(0x000000e2c7d00000,0x000000e2c7e00000) (1024K)]
  0x0000027b7f7e8930 WorkerThread "GC Thread#2"                     [id=6812, stack(0x000000e2c7e00000,0x000000e2c7f00000) (1024K)]
  0x0000027b7f472a20 WorkerThread "GC Thread#3"                     [id=5408, stack(0x000000e2c7f00000,0x000000e2c8000000) (1024K)]
  0x0000027b7f50b200 WorkerThread "GC Thread#4"                     [id=12604, stack(0x000000e2c8000000,0x000000e2c8100000) (1024K)]
  0x0000027b0012cb10 WorkerThread "GC Thread#5"                     [id=720, stack(0x000000e2c8300000,0x000000e2c8400000) (1024K)]
  0x0000027b0101fa30 WorkerThread "GC Thread#6"                     [id=1828, stack(0x000000e2c8400000,0x000000e2c8500000) (1024K)]
  0x0000027b0101fdd0 WorkerThread "GC Thread#7"                     [id=13332, stack(0x000000e2c8500000,0x000000e2c8600000) (1024K)]
  0x0000027b636e7440 ConcurrentGCThread "G1 Main Marker"            [id=12180, stack(0x000000e2c6d00000,0x000000e2c6e00000) (1024K)]
  0x0000027b636e8fd0 WorkerThread "G1 Conc#0"                       [id=21880, stack(0x000000e2c6e00000,0x000000e2c6f00000) (1024K)]
  0x0000027b0107cc10 WorkerThread "G1 Conc#1"                       [id=15720, stack(0x000000e2c8c00000,0x000000e2c8d00000) (1024K)]
  0x0000027b7aba10a0 ConcurrentGCThread "G1 Refine#0"               [id=19892, stack(0x000000e2c6f00000,0x000000e2c7000000) (1024K)]
  0x0000027b7aba1b20 ConcurrentGCThread "G1 Service"                [id=13324, stack(0x000000e2c7000000,0x000000e2c7100000) (1024K)]
Total: 15

Threads with active compile tasks:
C2 CompilerThread0  69338 5463       4       java.lang.invoke.MethodType::makeImpl (109 bytes)
Total: 1

VM state: not at safepoint (normal execution)

VM Mutex/Monitor currently owned by a thread: None

Heap address: 0x0000000080000000, size: 2048 MB, Compressed Oops mode: 32-bit

CDS archive(s) not mapped
Compressed class space mapped at: 0x0000000100000000-0x0000000140000000, reserved size: 1073741824
Narrow klass base: 0x0000000000000000, Narrow klass shift: 3, Narrow klass range: 0x140000000

GC Precious Log:
 CardTable entry size: 512
 Card Set container configuration: InlinePtr #cards 5 size 8 Array Of Cards #cards 12 size 40 Howl #buckets 4 coarsen threshold 1843 Howl Bitmap #cards 512 size 80 coarsen threshold 460 Card regions per heap region 1 cards per card region 2048
 CPUs: 8 total, 8 available
 Memory: 3947M
 Large Page Support: Disabled
 NUMA Support: Disabled
 Compressed Oops: Enabled (32-bit)
 Heap Region Size: 1M
 Heap Min Capacity: 8M
 Heap Initial Capacity: 62M
 Heap Max Capacity: 2G
 Pre-touch: Disabled
 Parallel Workers: 8
 Concurrent Workers: 2
 Concurrent Refinement Workers: 8
 Periodic GC: Disabled

Heap:
 garbage-first heap   total 112640K, used 91934K [0x0000000080000000, 0x0000000100000000)
  region size 1024K, 26 young (26624K), 4 survivors (4096K)
 Metaspace       used 57225K, committed 58688K, reserved 1114112K
  class space    used 7917K, committed 8640K, reserved 1048576K

Heap Regions: E=young(eden), S=young(survivor), O=old, HS=humongous(starts), HC=humongous(continues), CS=collection set, F=free, TAMS=top-at-mark-start, PB=parsable bottom
|   0|0x0000000080000000, 0x0000000080100000, 0x0000000080100000|100%|HS|  |TAMS 0x0000000080000000| PB 0x0000000080000000| Complete 
|   1|0x0000000080100000, 0x0000000080200000, 0x0000000080200000|100%|HC|  |TAMS 0x0000000080100000| PB 0x0000000080100000| Complete 
|   2|0x0000000080200000, 0x0000000080300000, 0x0000000080300000|100%|HC|  |TAMS 0x0000000080200000| PB 0x0000000080200000| Complete 
|   3|0x0000000080300000, 0x0000000080400000, 0x0000000080400000|100%| O|  |TAMS 0x0000000080300000| PB 0x0000000080300000| Untracked 
|   4|0x0000000080400000, 0x0000000080500000, 0x0000000080500000|100%| O|  |TAMS 0x0000000080400000| PB 0x0000000080400000| Untracked 
|   5|0x0000000080500000, 0x0000000080600000, 0x0000000080600000|100%| O|  |TAMS 0x0000000080500000| PB 0x0000000080500000| Untracked 
|   6|0x0000000080600000, 0x0000000080700000, 0x0000000080700000|100%| O|  |TAMS 0x0000000080600000| PB 0x0000000080600000| Untracked 
|   7|0x0000000080700000, 0x0000000080800000, 0x0000000080800000|100%| O|  |TAMS 0x0000000080700000| PB 0x0000000080700000| Untracked 
|   8|0x0000000080800000, 0x0000000080900000, 0x0000000080900000|100%| O|  |TAMS 0x0000000080800000| PB 0x0000000080800000| Untracked 
|   9|0x0000000080900000, 0x0000000080a00000, 0x0000000080a00000|100%| O|  |TAMS 0x0000000080900000| PB 0x0000000080900000| Untracked 
|  10|0x0000000080a00000, 0x0000000080b00000, 0x0000000080b00000|100%| O|  |TAMS 0x0000000080a00000| PB 0x0000000080a00000| Untracked 
|  11|0x0000000080b00000, 0x0000000080c00000, 0x0000000080c00000|100%|HS|  |TAMS 0x0000000080b00000| PB 0x0000000080b00000| Complete 
|  12|0x0000000080c00000, 0x0000000080d00000, 0x0000000080d00000|100%| O|  |TAMS 0x0000000080c00000| PB 0x0000000080c00000| Untracked 
|  13|0x0000000080d00000, 0x0000000080e00000, 0x0000000080e00000|100%| O|  |TAMS 0x0000000080d00000| PB 0x0000000080d00000| Untracked 
|  14|0x0000000080e00000, 0x0000000080f00000, 0x0000000080f00000|100%| O|  |TAMS 0x0000000080e00000| PB 0x0000000080e00000| Untracked 
|  15|0x0000000080f00000, 0x0000000081000000, 0x0000000081000000|100%| O|  |TAMS 0x0000000080f00000| PB 0x0000000080f00000| Untracked 
|  16|0x0000000081000000, 0x0000000081100000, 0x0000000081100000|100%| O|  |TAMS 0x0000000081000000| PB 0x0000000081000000| Untracked 
|  17|0x0000000081100000, 0x0000000081200000, 0x0000000081200000|100%| O|  |TAMS 0x0000000081100000| PB 0x0000000081100000| Untracked 
|  18|0x0000000081200000, 0x0000000081300000, 0x0000000081300000|100%| O|  |TAMS 0x0000000081200000| PB 0x0000000081200000| Untracked 
|  19|0x0000000081300000, 0x0000000081400000, 0x0000000081400000|100%| O|  |TAMS 0x0000000081300000| PB 0x0000000081300000| Untracked 
|  20|0x0000000081400000, 0x0000000081500000, 0x0000000081500000|100%| O|  |TAMS 0x0000000081400000| PB 0x0000000081400000| Untracked 
|  21|0x0000000081500000, 0x0000000081600000, 0x0000000081600000|100%| O|  |TAMS 0x0000000081500000| PB 0x0000000081500000| Untracked 
|  22|0x0000000081600000, 0x0000000081700000, 0x0000000081700000|100%| O|  |TAMS 0x0000000081600000| PB 0x0000000081600000| Untracked 
|  23|0x0000000081700000, 0x0000000081800000, 0x0000000081800000|100%|HS|  |TAMS 0x0000000081700000| PB 0x0000000081700000| Complete 
|  24|0x0000000081800000, 0x0000000081900000, 0x0000000081900000|100%|HC|  |TAMS 0x0000000081800000| PB 0x0000000081800000| Complete 
|  25|0x0000000081900000, 0x0000000081a00000, 0x0000000081a00000|100%|HC|  |TAMS 0x0000000081900000| PB 0x0000000081900000| Complete 
|  26|0x0000000081a00000, 0x0000000081b00000, 0x0000000081b00000|100%|HC|  |TAMS 0x0000000081a00000| PB 0x0000000081a00000| Complete 
|  27|0x0000000081b00000, 0x0000000081c00000, 0x0000000081c00000|100%|HC|  |TAMS 0x0000000081b00000| PB 0x0000000081b00000| Complete 
|  28|0x0000000081c00000, 0x0000000081d00000, 0x0000000081d00000|100%|HC|  |TAMS 0x0000000081c00000| PB 0x0000000081c00000| Complete 
|  29|0x0000000081d00000, 0x0000000081e00000, 0x0000000081e00000|100%|HS|  |TAMS 0x0000000081d00000| PB 0x0000000081d00000| Complete 
|  30|0x0000000081e00000, 0x0000000081f00000, 0x0000000081f00000|100%|HS|  |TAMS 0x0000000081e00000| PB 0x0000000081e00000| Complete 
|  31|0x0000000081f00000, 0x0000000082000000, 0x0000000082000000|100%|HC|  |TAMS 0x0000000081f00000| PB 0x0000000081f00000| Complete 
|  32|0x0000000082000000, 0x0000000082100000, 0x0000000082100000|100%|HC|  |TAMS 0x0000000082000000| PB 0x0000000082000000| Complete 
|  33|0x0000000082100000, 0x0000000082200000, 0x0000000082200000|100%|HC|  |TAMS 0x0000000082100000| PB 0x0000000082100000| Complete 
|  34|0x0000000082200000, 0x0000000082300000, 0x0000000082300000|100%|HS|  |TAMS 0x0000000082200000| PB 0x0000000082200000| Complete 
|  35|0x0000000082300000, 0x0000000082400000, 0x0000000082400000|100%|HC|  |TAMS 0x0000000082300000| PB 0x0000000082300000| Complete 
|  36|0x0000000082400000, 0x0000000082500000, 0x0000000082500000|100%|HS|  |TAMS 0x0000000082400000| PB 0x0000000082400000| Complete 
|  37|0x0000000082500000, 0x0000000082600000, 0x0000000082600000|100%|HS|  |TAMS 0x0000000082500000| PB 0x0000000082500000| Complete 
|  38|0x0000000082600000, 0x0000000082700000, 0x0000000082700000|100%|HC|  |TAMS 0x0000000082600000| PB 0x0000000082600000| Complete 
|  39|0x0000000082700000, 0x0000000082800000, 0x0000000082800000|100%|HC|  |TAMS 0x0000000082700000| PB 0x0000000082700000| Complete 
|  40|0x0000000082800000, 0x0000000082900000, 0x0000000082900000|100%|HC|  |TAMS 0x0000000082800000| PB 0x0000000082800000| Complete 
|  41|0x0000000082900000, 0x0000000082a00000, 0x0000000082a00000|100%|HC|  |TAMS 0x0000000082900000| PB 0x0000000082900000| Complete 
|  42|0x0000000082a00000, 0x0000000082b00000, 0x0000000082b00000|100%|HC|  |TAMS 0x0000000082a00000| PB 0x0000000082a00000| Complete 
|  43|0x0000000082b00000, 0x0000000082c00000, 0x0000000082c00000|100%|HS|  |TAMS 0x0000000082b00000| PB 0x0000000082b00000| Complete 
|  44|0x0000000082c00000, 0x0000000082d00000, 0x0000000082d00000|100%|HS|  |TAMS 0x0000000082c00000| PB 0x0000000082c00000| Complete 
|  45|0x0000000082d00000, 0x0000000082e00000, 0x0000000082e00000|100%| O|  |TAMS 0x0000000082d00000| PB 0x0000000082d00000| Untracked 
|  46|0x0000000082e00000, 0x0000000082f00000, 0x0000000082f00000|100%| O|  |TAMS 0x0000000082e00000| PB 0x0000000082e00000| Untracked 
|  47|0x0000000082f00000, 0x0000000083000000, 0x0000000083000000|100%| O|  |TAMS 0x0000000082f00000| PB 0x0000000082f00000| Untracked 
|  48|0x0000000083000000, 0x0000000083100000, 0x0000000083100000|100%| O|  |TAMS 0x0000000083000000| PB 0x0000000083000000| Untracked 
|  49|0x0000000083100000, 0x0000000083100000, 0x0000000083200000|  0%| F|  |TAMS 0x0000000083100000| PB 0x0000000083100000| Untracked 
|  50|0x0000000083200000, 0x0000000083300000, 0x0000000083300000|100%| O|  |TAMS 0x0000000083200000| PB 0x0000000083200000| Untracked 
|  51|0x0000000083300000, 0x0000000083400000, 0x0000000083400000|100%| O|  |TAMS 0x0000000083300000| PB 0x0000000083300000| Untracked 
|  52|0x0000000083400000, 0x0000000083500000, 0x0000000083500000|100%| O|  |TAMS 0x0000000083400000| PB 0x0000000083400000| Untracked 
|  53|0x0000000083500000, 0x0000000083600000, 0x0000000083600000|100%| O|  |TAMS 0x0000000083500000| PB 0x0000000083500000| Untracked 
|  54|0x0000000083600000, 0x0000000083666cf8, 0x0000000083700000| 40%| O|  |TAMS 0x0000000083600000| PB 0x0000000083600000| Untracked 
|  55|0x0000000083700000, 0x0000000083700000, 0x0000000083800000|  0%| F|  |TAMS 0x0000000083700000| PB 0x0000000083700000| Untracked 
|  56|0x0000000083800000, 0x0000000083800000, 0x0000000083900000|  0%| F|  |TAMS 0x0000000083800000| PB 0x0000000083800000| Untracked 
|  57|0x0000000083900000, 0x0000000083900000, 0x0000000083a00000|  0%| F|  |TAMS 0x0000000083900000| PB 0x0000000083900000| Untracked 
|  58|0x0000000083a00000, 0x0000000083a00000, 0x0000000083b00000|  0%| F|  |TAMS 0x0000000083a00000| PB 0x0000000083a00000| Untracked 
|  59|0x0000000083b00000, 0x0000000083c00000, 0x0000000083c00000|100%| O|  |TAMS 0x0000000083b00000| PB 0x0000000083b00000| Untracked 
|  60|0x0000000083c00000, 0x0000000083d00000, 0x0000000083d00000|100%| O|  |TAMS 0x0000000083c00000| PB 0x0000000083c00000| Untracked 
|  61|0x0000000083d00000, 0x0000000083d60c50, 0x0000000083e00000| 37%| S|CS|TAMS 0x0000000083d00000| PB 0x0000000083d00000| Complete 
|  62|0x0000000083e00000, 0x0000000083f00000, 0x0000000083f00000|100%|HS|  |TAMS 0x0000000083e00000| PB 0x0000000083e00000| Complete 
|  63|0x0000000083f00000, 0x0000000084000000, 0x0000000084000000|100%|HC|  |TAMS 0x0000000083f00000| PB 0x0000000083f00000| Complete 
|  64|0x0000000084000000, 0x0000000084100000, 0x0000000084100000|100%|HC|  |TAMS 0x0000000084000000| PB 0x0000000084000000| Complete 
|  65|0x0000000084100000, 0x0000000084200000, 0x0000000084200000|100%|HC|  |TAMS 0x0000000084100000| PB 0x0000000084100000| Complete 
|  66|0x0000000084200000, 0x0000000084300000, 0x0000000084300000|100%|HS|  |TAMS 0x0000000084200000| PB 0x0000000084200000| Complete 
|  67|0x0000000084300000, 0x0000000084400000, 0x0000000084400000|100%|HC|  |TAMS 0x0000000084300000| PB 0x0000000084300000| Complete 
|  68|0x0000000084400000, 0x0000000084500000, 0x0000000084500000|100%| S|CS|TAMS 0x0000000084400000| PB 0x0000000084400000| Complete 
|  69|0x0000000084500000, 0x0000000084600000, 0x0000000084600000|100%| S|CS|TAMS 0x0000000084500000| PB 0x0000000084500000| Complete 
|  70|0x0000000084600000, 0x0000000084700000, 0x0000000084700000|100%| O|  |TAMS 0x0000000084600000| PB 0x0000000084600000| Untracked 
|  71|0x0000000084700000, 0x0000000084800000, 0x0000000084800000|100%| S|CS|TAMS 0x0000000084700000| PB 0x0000000084700000| Complete 
|  72|0x0000000084800000, 0x0000000084800000, 0x0000000084900000|  0%| F|  |TAMS 0x0000000084800000| PB 0x0000000084800000| Untracked 
|  73|0x0000000084900000, 0x0000000084900000, 0x0000000084a00000|  0%| F|  |TAMS 0x0000000084900000| PB 0x0000000084900000| Untracked 
|  74|0x0000000084a00000, 0x0000000084a00000, 0x0000000084b00000|  0%| F|  |TAMS 0x0000000084a00000| PB 0x0000000084a00000| Untracked 
|  75|0x0000000084b00000, 0x0000000084b00000, 0x0000000084c00000|  0%| F|  |TAMS 0x0000000084b00000| PB 0x0000000084b00000| Untracked 
|  76|0x0000000084c00000, 0x0000000084c00000, 0x0000000084d00000|  0%| F|  |TAMS 0x0000000084c00000| PB 0x0000000084c00000| Untracked 
|  77|0x0000000084d00000, 0x0000000084d00000, 0x0000000084e00000|  0%| F|  |TAMS 0x0000000084d00000| PB 0x0000000084d00000| Untracked 
|  78|0x0000000084e00000, 0x0000000084e00000, 0x0000000084f00000|  0%| F|  |TAMS 0x0000000084e00000| PB 0x0000000084e00000| Untracked 
|  79|0x0000000084f00000, 0x0000000084f00000, 0x0000000085000000|  0%| F|  |TAMS 0x0000000084f00000| PB 0x0000000084f00000| Untracked 
|  80|0x0000000085000000, 0x0000000085000000, 0x0000000085100000|  0%| F|  |TAMS 0x0000000085000000| PB 0x0000000085000000| Untracked 
|  81|0x0000000085100000, 0x0000000085100000, 0x0000000085200000|  0%| F|  |TAMS 0x0000000085100000| PB 0x0000000085100000| Untracked 
|  82|0x0000000085200000, 0x0000000085200000, 0x0000000085300000|  0%| F|  |TAMS 0x0000000085200000| PB 0x0000000085200000| Untracked 
|  83|0x0000000085300000, 0x0000000085300000, 0x0000000085400000|  0%| F|  |TAMS 0x0000000085300000| PB 0x0000000085300000| Untracked 
|  84|0x0000000085400000, 0x0000000085400000, 0x0000000085500000|  0%| F|  |TAMS 0x0000000085400000| PB 0x0000000085400000| Untracked 
|  85|0x0000000085500000, 0x00000000855aba90, 0x0000000085600000| 67%| E|  |TAMS 0x0000000085500000| PB 0x0000000085500000| Complete 
|  86|0x0000000085600000, 0x0000000085700000, 0x0000000085700000|100%| E|CS|TAMS 0x0000000085600000| PB 0x0000000085600000| Complete 
|  87|0x0000000085700000, 0x0000000085800000, 0x0000000085800000|100%| E|CS|TAMS 0x0000000085700000| PB 0x0000000085700000| Complete 
|  88|0x0000000085800000, 0x0000000085900000, 0x0000000085900000|100%| E|CS|TAMS 0x0000000085800000| PB 0x0000000085800000| Complete 
|  89|0x0000000085900000, 0x0000000085a00000, 0x0000000085a00000|100%| E|CS|TAMS 0x0000000085900000| PB 0x0000000085900000| Complete 
|  90|0x0000000085a00000, 0x0000000085b00000, 0x0000000085b00000|100%| E|CS|TAMS 0x0000000085a00000| PB 0x0000000085a00000| Complete 
|  91|0x0000000085b00000, 0x0000000085c00000, 0x0000000085c00000|100%| E|CS|TAMS 0x0000000085b00000| PB 0x0000000085b00000| Complete 
|  92|0x0000000085c00000, 0x0000000085d00000, 0x0000000085d00000|100%| E|CS|TAMS 0x0000000085c00000| PB 0x0000000085c00000| Complete 
|  93|0x0000000085d00000, 0x0000000085e00000, 0x0000000085e00000|100%| E|CS|TAMS 0x0000000085d00000| PB 0x0000000085d00000| Complete 
|  94|0x0000000085e00000, 0x0000000085f00000, 0x0000000085f00000|100%| E|CS|TAMS 0x0000000085e00000| PB 0x0000000085e00000| Complete 
|  95|0x0000000085f00000, 0x0000000086000000, 0x0000000086000000|100%| E|CS|TAMS 0x0000000085f00000| PB 0x0000000085f00000| Complete 
|  96|0x0000000086000000, 0x0000000086100000, 0x0000000086100000|100%| E|CS|TAMS 0x0000000086000000| PB 0x0000000086000000| Complete 
|  97|0x0000000086100000, 0x0000000086200000, 0x0000000086200000|100%| E|CS|TAMS 0x0000000086100000| PB 0x0000000086100000| Complete 
|  98|0x0000000086200000, 0x0000000086300000, 0x0000000086300000|100%| E|CS|TAMS 0x0000000086200000| PB 0x0000000086200000| Complete 
|  99|0x0000000086300000, 0x0000000086400000, 0x0000000086400000|100%| E|CS|TAMS 0x0000000086300000| PB 0x0000000086300000| Complete 
| 100|0x0000000086400000, 0x0000000086500000, 0x0000000086500000|100%| E|CS|TAMS 0x0000000086400000| PB 0x0000000086400000| Complete 
| 101|0x0000000086500000, 0x0000000086600000, 0x0000000086600000|100%| E|CS|TAMS 0x0000000086500000| PB 0x0000000086500000| Complete 
| 102|0x0000000086600000, 0x0000000086700000, 0x0000000086700000|100%| E|CS|TAMS 0x0000000086600000| PB 0x0000000086600000| Complete 
| 103|0x0000000086700000, 0x0000000086800000, 0x0000000086800000|100%| E|CS|TAMS 0x0000000086700000| PB 0x0000000086700000| Complete 
| 104|0x0000000086800000, 0x0000000086900000, 0x0000000086900000|100%| E|CS|TAMS 0x0000000086800000| PB 0x0000000086800000| Complete 
| 105|0x0000000086900000, 0x0000000086a00000, 0x0000000086a00000|100%| E|CS|TAMS 0x0000000086900000| PB 0x0000000086900000| Complete 
| 106|0x0000000086a00000, 0x0000000086b00000, 0x0000000086b00000|100%| E|CS|TAMS 0x0000000086a00000| PB 0x0000000086a00000| Complete 
|2045|0x00000000ffd00000, 0x00000000ffe00000, 0x00000000ffe00000|100%| O|  |TAMS 0x00000000ffd00000| PB 0x00000000ffd00000| Untracked 
|2046|0x00000000ffe00000, 0x00000000fff00000, 0x00000000fff00000|100%| O|  |TAMS 0x00000000ffe00000| PB 0x00000000ffe00000| Untracked 
|2047|0x00000000fff00000, 0x0000000100000000, 0x0000000100000000|100%| O|  |TAMS 0x00000000fff00000| PB 0x00000000fff00000| Untracked 

Card table byte_map: [0x0000027b75f10000,0x0000027b76310000] _byte_map_base: 0x0000027b75b10000

Marking Bits: (CMBitMap*) 0x0000027b636d6250
 Bits: [0x0000027b76310000, 0x0000027b78310000)

Polling page: 0x0000027b61680000

Metaspace:

Usage:
  Non-class:     48.15 MB used.
      Class:      7.73 MB used.
       Both:     55.88 MB used.

Virtual space:
  Non-class space:       64.00 MB reserved,      48.88 MB ( 76%) committed,  1 nodes.
      Class space:        1.00 GB reserved,       8.44 MB ( <1%) committed,  1 nodes.
             Both:        1.06 GB reserved,      57.31 MB (  5%) committed. 

Chunk freelists:
   Non-Class:  15.07 MB
       Class:  7.61 MB
        Both:  22.67 MB

MaxMetaspaceSize: unlimited
CompressedClassSpaceSize: 1.00 GB
Initial GC threshold: 21.00 MB
Current GC threshold: 78.69 MB
CDS: off
 - commit_granule_bytes: 65536.
 - commit_granule_words: 8192.
 - virtual_space_node_default_size: 8388608.
 - enlarge_chunks_in_place: 1.
 - use_allocation_guard: 0.


Internal statistics:

num_allocs_failed_limit: 6.
num_arena_births: 2768.
num_arena_deaths: 0.
num_vsnodes_births: 2.
num_vsnodes_deaths: 0.
num_space_committed: 917.
num_space_uncommitted: 0.
num_chunks_returned_to_freelist: 6.
num_chunks_taken_from_freelist: 5084.
num_chunk_merges: 3.
num_chunk_splits: 3221.
num_chunks_enlarged: 1907.
num_inconsistent_stats: 0.

CodeHeap 'non-profiled nmethods': size=120000Kb used=2808Kb max_used=2808Kb free=117191Kb
 bounds [0x0000027b6e2b0000, 0x0000027b6e570000, 0x0000027b757e0000]
CodeHeap 'profiled nmethods': size=120000Kb used=9055Kb max_used=9055Kb free=110944Kb
 bounds [0x0000027b667e0000, 0x0000027b670c0000, 0x0000027b6dd10000]
CodeHeap 'non-nmethods': size=5760Kb used=2690Kb max_used=2724Kb free=3069Kb
 bounds [0x0000027b6dd10000, 0x0000027b6dfd0000, 0x0000027b6e2b0000]
 total_blobs=5655 nmethods=4807 adapters=752
 compilation: enabled
              stopped_count=0, restarted_count=0
 full_count=0

Compilation events (20 events):
Event: 69.035 Thread 0x0000027b7f03cbf0 5473       3       com.google.common.collect.Iterators$9::next (25 bytes)
Event: 69.035 Thread 0x0000027b7f03cbf0 nmethod 5473 0x0000027b670b3a10 code [0x0000027b670b3bc0, 0x0000027b670b3dd8]
Event: 69.035 Thread 0x0000027b7f03cbf0 5474       1       org.gradle.internal.reflect.annotations.AnnotationCategory$1::getDisplayName (3 bytes)
Event: 69.035 Thread 0x0000027b7f03cbf0 nmethod 5474 0x0000027b6e56db10 code [0x0000027b6e56dca0, 0x0000027b6e56dd70]
Event: 69.045 Thread 0x0000027b7f03cbf0 5475       3       java.util.Optional::map (30 bytes)
Event: 69.046 Thread 0x0000027b7f03cbf0 nmethod 5475 0x0000027b670b3f10 code [0x0000027b670b4120, 0x0000027b670b47d8]
Event: 69.053 Thread 0x0000027b7f03cbf0 5476       1       org.gradle.internal.concurrent.AbstractManagedExecutor::access$100 (5 bytes)
Event: 69.053 Thread 0x0000027b7f03cbf0 nmethod 5476 0x0000027b6e56de10 code [0x0000027b6e56dfa0, 0x0000027b6e56e050]
Event: 69.054 Thread 0x0000027b7f03cbf0 5477       3       java.nio.HeapByteBuffer::putInt (31 bytes)
Event: 69.062 Thread 0x0000027b7f03cbf0 nmethod 5477 0x0000027b670b4a10 code [0x0000027b670b4c80, 0x0000027b670b5688]
Event: 69.062 Thread 0x0000027b7f03cbf0 5478   !   3       jdk.internal.misc.ScopedMemoryAccess::putIntUnaligned (23 bytes)
Event: 69.063 Thread 0x0000027b7f03cbf0 nmethod 5478 0x0000027b670b5b10 code [0x0000027b670b5d00, 0x0000027b670b6238]
Event: 69.063 Thread 0x0000027b7f03cbf0 5479   !   3       jdk.internal.misc.ScopedMemoryAccess::putIntUnalignedInternal (37 bytes)
Event: 69.063 Thread 0x0000027b7f03cbf0 nmethod 5479 0x0000027b670b6510 code [0x0000027b670b66e0, 0x0000027b670b6a98]
Event: 69.063 Thread 0x0000027b7f03cbf0 5480       3       org.gradle.internal.logging.slf4j.OutputEventListenerBackedLogger::debug (7 bytes)
Event: 69.063 Thread 0x0000027b7f03cbf0 nmethod 5480 0x0000027b670b6c90 code [0x0000027b670b6e40, 0x0000027b670b6f80]
Event: 69.063 Thread 0x0000027b7f03cbf0 5481       3       org.gradle.internal.logging.slf4j.BuildOperationAwareLogger::debug (18 bytes)
Event: 69.063 Thread 0x0000027b7f03cbf0 nmethod 5481 0x0000027b670b7010 code [0x0000027b670b71e0, 0x0000027b670b7518]
Event: 69.063 Thread 0x0000027b7f03cbf0 5482   !   3       org.gradle.cache.internal.filelock.LockInfoAccess::tryLock (39 bytes)
Event: 69.066 Thread 0x0000027b7f03cbf0 nmethod 5482 0x0000027b670b7690 code [0x0000027b670b7880, 0x0000027b670b7d20]

GC Heap History (20 events):
Event: 37.322 GC heap before
{Heap before GC invocations=8 (full 0):
 garbage-first heap   total 63488K, used 49768K [0x0000000080000000, 0x0000000100000000)
  region size 1024K, 31 young (31744K), 4 survivors (4096K)
 Metaspace       used 33574K, committed 34304K, reserved 1114112K
  class space    used 4487K, committed 4800K, reserved 1048576K
}
Event: 37.332 GC heap after
{Heap after GC invocations=9 (full 0):
 garbage-first heap   total 63488K, used 25356K [0x0000000080000000, 0x0000000100000000)
  region size 1024K, 4 young (4096K), 4 survivors (4096K)
 Metaspace       used 33574K, committed 34304K, reserved 1114112K
  class space    used 4487K, committed 4800K, reserved 1048576K
}
Event: 41.007 GC heap before
{Heap before GC invocations=9 (full 0):
 garbage-first heap   total 63488K, used 35596K [0x0000000080000000, 0x0000000100000000)
  region size 1024K, 15 young (15360K), 4 survivors (4096K)
 Metaspace       used 35175K, committed 35968K, reserved 1114112K
  class space    used 4777K, committed 5120K, reserved 1048576K
}
Event: 41.033 GC heap after
{Heap after GC invocations=10 (full 0):
 garbage-first heap   total 63488K, used 26021K [0x0000000080000000, 0x0000000100000000)
  region size 1024K, 3 young (3072K), 3 survivors (3072K)
 Metaspace       used 35175K, committed 35968K, reserved 1114112K
  class space    used 4777K, committed 5120K, reserved 1048576K
}
Event: 44.421 GC heap before
{Heap before GC invocations=11 (full 0):
 garbage-first heap   total 69632K, used 68005K [0x0000000080000000, 0x0000000100000000)
  region size 1024K, 18 young (18432K), 3 survivors (3072K)
 Metaspace       used 36453K, committed 37312K, reserved 1114112K
  class space    used 5011K, committed 5440K, reserved 1048576K
}
Event: 44.429 GC heap after
{Heap after GC invocations=12 (full 0):
 garbage-first heap   total 76800K, used 57632K [0x0000000080000000, 0x0000000100000000)
  region size 1024K, 4 young (4096K), 4 survivors (4096K)
 Metaspace       used 36453K, committed 37312K, reserved 1114112K
  class space    used 5011K, committed 5440K, reserved 1048576K
}
Event: 45.129 GC heap before
{Heap before GC invocations=12 (full 0):
 garbage-first heap   total 76800K, used 67872K [0x0000000080000000, 0x0000000100000000)
  region size 1024K, 13 young (13312K), 4 survivors (4096K)
 Metaspace       used 37618K, committed 38464K, reserved 1114112K
  class space    used 5179K, committed 5568K, reserved 1048576K
}
Event: 45.134 GC heap after
{Heap after GC invocations=13 (full 0):
 garbage-first heap   total 76800K, used 60149K [0x0000000080000000, 0x0000000100000000)
  region size 1024K, 2 young (2048K), 2 survivors (2048K)
 Metaspace       used 37618K, committed 38464K, reserved 1114112K
  class space    used 5179K, committed 5568K, reserved 1048576K
}
Event: 45.528 GC heap before
{Heap before GC invocations=13 (full 0):
 garbage-first heap   total 76800K, used 67317K [0x0000000080000000, 0x0000000100000000)
  region size 1024K, 10 young (10240K), 2 survivors (2048K)
 Metaspace       used 38615K, committed 39424K, reserved 1114112K
  class space    used 5309K, committed 5696K, reserved 1048576K
}
Event: 45.539 GC heap after
{Heap after GC invocations=14 (full 0):
 garbage-first heap   total 76800K, used 60753K [0x0000000080000000, 0x0000000100000000)
  region size 1024K, 1 young (1024K), 1 survivors (1024K)
 Metaspace       used 38615K, committed 39424K, reserved 1114112K
  class space    used 5309K, committed 5696K, reserved 1048576K
}
Event: 49.104 GC heap before
{Heap before GC invocations=15 (full 0):
 garbage-first heap   total 102400K, used 69969K [0x0000000080000000, 0x0000000100000000)
  region size 1024K, 10 young (10240K), 1 survivors (1024K)
 Metaspace       used 39864K, committed 40832K, reserved 1114112K
  class space    used 5525K, committed 6016K, reserved 1048576K
}
Event: 49.107 GC heap after
{Heap after GC invocations=16 (full 0):
 garbage-first heap   total 102400K, used 60995K [0x0000000080000000, 0x0000000100000000)
  region size 1024K, 1 young (1024K), 1 survivors (1024K)
 Metaspace       used 39864K, committed 40832K, reserved 1114112K
  class space    used 5525K, committed 6016K, reserved 1048576K
}
Event: 53.426 GC heap before
{Heap before GC invocations=16 (full 0):
 garbage-first heap   total 102400K, used 91715K [0x0000000080000000, 0x0000000100000000)
  region size 1024K, 32 young (32768K), 1 survivors (1024K)
 Metaspace       used 46253K, committed 47168K, reserved 1114112K
  class space    used 6232K, committed 6720K, reserved 1048576K
}
Event: 53.438 GC heap after
{Heap after GC invocations=17 (full 0):
 garbage-first heap   total 102400K, used 64984K [0x0000000080000000, 0x0000000100000000)
  region size 1024K, 4 young (4096K), 4 survivors (4096K)
 Metaspace       used 46253K, committed 47168K, reserved 1114112K
  class space    used 6232K, committed 6720K, reserved 1048576K
}
Event: 56.136 GC heap before
{Heap before GC invocations=17 (full 0):
 garbage-first heap   total 102400K, used 92632K [0x0000000080000000, 0x0000000100000000)
  region size 1024K, 31 young (31744K), 4 survivors (4096K)
 Metaspace       used 47212K, committed 48256K, reserved 1114112K
  class space    used 6376K, committed 6912K, reserved 1048576K
}
Event: 56.156 GC heap after
{Heap after GC invocations=18 (full 0):
 garbage-first heap   total 102400K, used 67091K [0x0000000080000000, 0x0000000100000000)
  region size 1024K, 3 young (3072K), 3 survivors (3072K)
 Metaspace       used 47212K, committed 48256K, reserved 1114112K
  class space    used 6376K, committed 6912K, reserved 1048576K
}
Event: 61.568 GC heap before
{Heap before GC invocations=19 (full 0):
 garbage-first heap   total 112640K, used 97811K [0x0000000080000000, 0x0000000100000000)
  region size 1024K, 28 young (28672K), 3 survivors (3072K)
 Metaspace       used 50740K, committed 51904K, reserved 1114112K
  class space    used 6803K, committed 7360K, reserved 1048576K
}
Event: 61.574 GC heap after
{Heap after GC invocations=20 (full 0):
 garbage-first heap   total 112640K, used 68879K [0x0000000080000000, 0x0000000100000000)
  region size 1024K, 2 young (2048K), 2 survivors (2048K)
 Metaspace       used 50740K, committed 51904K, reserved 1114112K
  class space    used 6803K, committed 7360K, reserved 1048576K
}
Event: 65.056 GC heap before
{Heap before GC invocations=20 (full 0):
 garbage-first heap   total 112640K, used 102671K [0x0000000080000000, 0x0000000100000000)
  region size 1024K, 35 young (35840K), 2 survivors (2048K)
 Metaspace       used 54725K, committed 56192K, reserved 1114112K
  class space    used 7470K, committed 8192K, reserved 1048576K
}
Event: 65.071 GC heap after
{Heap after GC invocations=21 (full 0):
 garbage-first heap   total 112640K, used 70430K [0x0000000080000000, 0x0000000100000000)
  region size 1024K, 4 young (4096K), 4 survivors (4096K)
 Metaspace       used 54725K, committed 56192K, reserved 1114112K
  class space    used 7470K, committed 8192K, reserved 1048576K
}

Dll operation events (3 events):
Event: 0.106 Loaded shared library C:\Program Files\Android\Android Studio\jbr\bin\java.dll
Event: 0.154 Loaded shared library C:\Program Files\Android\Android Studio\jbr\bin\zip.dll
Event: 4.484 Loaded shared library C:\Program Files\Android\Android Studio\jbr\bin\verify.dll

Deoptimization events (20 events):
Event: 68.941 Thread 0x0000027b00c7b290 Uncommon trap: trap_request=0xffffff54 fr.pc=0x0000027b6e416750 relative=0x00000000000012f0
Event: 68.944 Thread 0x0000027b00c7b290 Uncommon trap: reason=speculate_null_assert action=make_not_entrant pc=0x0000027b6e416750 method=jdk.internal.util.ReferencedKeyMap.existingKey(Ljdk/internal/util/ReferencedKeyMap;Ljava/lang/Object;)Ljava/lang/Object; @ 18 c2
Event: 68.944 Thread 0x0000027b00c7b290 DEOPT PACKING pc=0x0000027b6e416750 sp=0x000000e2c8af3bd0
Event: 68.945 Thread 0x0000027b00c7b290 DEOPT UNPACKING pc=0x0000027b6dd646a2 sp=0x000000e2c8af3ab0 mode 2
Event: 68.976 Thread 0x0000027b00c7b290 Uncommon trap: trap_request=0xffffffde fr.pc=0x0000027b6e44f01c relative=0x00000000000002dc
Event: 68.976 Thread 0x0000027b00c7b290 Uncommon trap: reason=class_check action=maybe_recompile pc=0x0000027b6e44f01c method=java.util.Collections$SetFromMap.remove(Ljava/lang/Object;)Z @ 5 c2
Event: 68.976 Thread 0x0000027b00c7b290 DEOPT PACKING pc=0x0000027b6e44f01c sp=0x000000e2c8af5450
Event: 68.976 Thread 0x0000027b00c7b290 DEOPT UNPACKING pc=0x0000027b6dd646a2 sp=0x000000e2c8af5438 mode 2
Event: 69.044 Thread 0x0000027b00c7b290 Uncommon trap: trap_request=0xffffffde fr.pc=0x0000027b6e4bc9d4 relative=0x00000000000010b4
Event: 69.044 Thread 0x0000027b00c7b290 Uncommon trap: reason=class_check action=maybe_recompile pc=0x0000027b6e4bc9d4 method=java.util.concurrent.ConcurrentHashMap.putVal(Ljava/lang/Object;Ljava/lang/Object;Z)Ljava/lang/Object; @ 242 c2
Event: 69.044 Thread 0x0000027b00c7b290 DEOPT PACKING pc=0x0000027b6e4bc9d4 sp=0x000000e2c8af7130
Event: 69.044 Thread 0x0000027b00c7b290 DEOPT UNPACKING pc=0x0000027b6dd646a2 sp=0x000000e2c8af70b0 mode 2
Event: 69.054 Thread 0x0000027b00c7b290 Uncommon trap: trap_request=0xffffffde fr.pc=0x0000027b6e4bc9d4 relative=0x00000000000010b4
Event: 69.054 Thread 0x0000027b00c7b290 Uncommon trap: reason=class_check action=maybe_recompile pc=0x0000027b6e4bc9d4 method=java.util.concurrent.ConcurrentHashMap.putVal(Ljava/lang/Object;Ljava/lang/Object;Z)Ljava/lang/Object; @ 242 c2
Event: 69.054 Thread 0x0000027b00c7b290 DEOPT PACKING pc=0x0000027b6e4bc9d4 sp=0x000000e2c8af7130
Event: 69.054 Thread 0x0000027b00c7b290 DEOPT UNPACKING pc=0x0000027b6dd646a2 sp=0x000000e2c8af70b0 mode 2
Event: 69.055 Thread 0x0000027b00c7b290 Uncommon trap: trap_request=0xffffff45 fr.pc=0x0000027b6e42d440 relative=0x0000000000000280
Event: 69.055 Thread 0x0000027b00c7b290 Uncommon trap: reason=unstable_if action=reinterpret pc=0x0000027b6e42d440 method=java.util.concurrent.ConcurrentHashMap.get(Ljava/lang/Object;)Ljava/lang/Object; @ 86 c2
Event: 69.055 Thread 0x0000027b00c7b290 DEOPT PACKING pc=0x0000027b6e42d440 sp=0x000000e2c8af6bb0
Event: 69.055 Thread 0x0000027b00c7b290 DEOPT UNPACKING pc=0x0000027b6dd646a2 sp=0x000000e2c8af6b28 mode 2

Classes loaded (20 events):
Event: 64.933 Loading class java/util/PrimitiveIterator done
Event: 64.933 Loading class java/util/PrimitiveIterator$OfInt done
Event: 64.957 Loading class java/util/concurrent/RecursiveAction
Event: 64.961 Loading class java/util/concurrent/RecursiveAction done
Event: 67.247 Loading class java/io/DeleteOnExitHook
Event: 67.247 Loading class java/io/DeleteOnExitHook done
Event: 67.247 Loading class java/io/DeleteOnExitHook$1
Event: 67.247 Loading class java/io/DeleteOnExitHook$1 done
Event: 67.776 Loading class java/util/stream/DistinctOps
Event: 67.777 Loading class java/util/stream/DistinctOps done
Event: 67.777 Loading class java/util/stream/DistinctOps$1
Event: 67.778 Loading class java/util/stream/ReferencePipeline$StatefulOp
Event: 67.781 Loading class java/util/stream/ReferencePipeline$StatefulOp done
Event: 67.781 Loading class java/util/stream/DistinctOps$1 done
Event: 67.791 Loading class java/util/stream/DistinctOps$1$2
Event: 67.792 Loading class java/util/stream/DistinctOps$1$2 done
Event: 67.952 Loading class sun/reflect/ReflectionFactory
Event: 67.983 Loading class sun/reflect/ReflectionFactory done
Event: 67.983 Loading class sun/reflect/ReflectionFactory$1
Event: 67.985 Loading class sun/reflect/ReflectionFactory$1 done

Classes unloaded (0 events):
No events

Classes redefined (0 events):
No events

Internal exceptions (20 events):
Event: 63.118 Thread 0x0000027b00c7b290 Exception <a 'java/lang/NoSuchMethodError'{0x000000008562fe18}: 'java.lang.Object java.lang.invoke.Invokers$Holder.linkToTargetMethod(java.lang.Object, java.lang.Object, java.lang.Object, int, java.lang.Object)'> (0x000000008562fe18) 
thrown [s\src\hotspot\share\interpreter\linkResolver.cpp, line 784]
Event: 63.858 Thread 0x0000027b00c7b290 Exception <a 'java/lang/NoSuchMethodError'{0x0000000085309e30}: 'int java.lang.invoke.DirectMethodHandle$Holder.invokeInterface(java.lang.Object, java.lang.Object, java.lang.Object, java.lang.Object)'> (0x0000000085309e30) 
thrown [s\src\hotspot\share\interpreter\linkResolver.cpp, line 784]
Event: 64.121 Thread 0x0000027b00c7b290 Exception <a 'java/lang/NoSuchMethodError'{0x0000000084fcfb18}: 'java.lang.Object java.lang.invoke.Invokers$Holder.linkToTargetMethod(java.lang.Object, java.lang.Object, java.lang.Object, java.lang.Object, long, java.lang.Object, java.lang.Object)'> (0x0000000084fcfb18) 
thrown [s\src\hotspot\share\interpreter\linkResolver.cpp, line 784]
Event: 64.151 Thread 0x0000027b00c7b290 Exception <a 'java/lang/NoSuchMethodError'{0x0000000084e15890}: 'java.lang.Object java.lang.invoke.DirectMethodHandle$Holder.newInvokeSpecial(java.lang.Object, java.lang.Object, java.lang.Object, long, java.lang.Object)'> (0x0000000084e15890) 
thrown [s\src\hotspot\share\interpreter\linkResolver.cpp, line 784]
Event: 64.153 Thread 0x0000027b00c7b290 Exception <a 'java/lang/NoSuchMethodError'{0x0000000084e1a9e8}: 'java.lang.Object java.lang.invoke.DirectMethodHandle$Holder.invokeSpecial(java.lang.Object, java.lang.Object, java.lang.Object, java.lang.Object, long, java.lang.Object)'> (0x0000000084e1a9e8) 
thrown [s\src\hotspot\share\interpreter\linkResolver.cpp, line 784]
Event: 64.154 Thread 0x0000027b00c7b290 Exception <a 'java/lang/NoSuchMethodError'{0x0000000084e1f1d0}: 'java.lang.Object java.lang.invoke.Invokers$Holder.linkToTargetMethod(java.lang.Object, java.lang.Object, long, java.lang.Object, java.lang.Object)'> (0x0000000084e1f1d0) 
thrown [s\src\hotspot\share\interpreter\linkResolver.cpp, line 784]
Event: 64.497 Thread 0x0000027b00c7b290 Exception <a 'java/lang/NoSuchMethodError'{0x0000000084c87330}: 'java.lang.Object java.lang.invoke.DirectMethodHandle$Holder.newInvokeSpecial(java.lang.Object, java.lang.Object, java.lang.Object, java.lang.Object, java.lang.Object, java.lang.Object, java.lang.Object, java.lang.Object, java.lang.Object, java.lang.Object, java.lang.Object, java.lang.Object, java.lang.Object, java.lang.Object, java.lang.Object, java.lang.Object, java.lang.Object, java.lang.Object, java.lang.Object, java.lang.Object, java.lang
Event: 64.823 Thread 0x0000027b00c7b290 Implicit null exception at 0x0000027b6e4c6500 to 0x0000027b6e4c65b4
Event: 65.024 Thread 0x0000027b00c7b290 Exception <a 'java/lang/ClassNotFoundException'{0x0000000084898588}: org/gradle/api/internal/artifacts/dsl/dependencies/DefaultDependencyHandler_DecoratedBeanInfo> (0x0000000084898588) 
thrown [s\src\hotspot\share\classfile\systemDictionary.cpp, line 312]
Event: 65.032 Thread 0x0000027b00c7b290 Exception <a 'java/lang/ClassNotFoundException'{0x00000000848ae2b8}: org/gradle/api/internal/artifacts/dsl/dependencies/DefaultDependencyHandlerBeanInfo> (0x00000000848ae2b8) 
thrown [s\src\hotspot\share\classfile\systemDictionary.cpp, line 312]
Event: 65.034 Thread 0x0000027b00c7b290 Exception <a 'java/lang/ClassNotFoundException'{0x00000000848c3fa8}: org/gradle/api/internal/artifacts/dsl/dependencies/DefaultDependencyHandlerCustomizer> (0x00000000848c3fa8) 
thrown [s\src\hotspot\share\classfile\systemDictionary.cpp, line 312]
Event: 65.088 Thread 0x0000027b00c7b290 Exception <a 'java/lang/ClassNotFoundException'{0x0000000086a0f2c8}: org/gradle/api/internal/artifacts/dsl/dependencies/DefaultDependencyHandler_DecoratedCustomizer> (0x0000000086a0f2c8) 
thrown [s\src\hotspot\share\classfile\systemDictionary.cpp, line 312]
Event: 65.123 Thread 0x0000027b00c7b290 Exception <a 'java/lang/ClassNotFoundException'{0x0000000086a50838}: sync_studio_tooling1110_dhh85p3885qkmf6f7snv6zzaq$_run_closure1BeanInfo> (0x0000000086a50838) 
thrown [s\src\hotspot\share\classfile\systemDictionary.cpp, line 312]
Event: 65.132 Thread 0x0000027b00c7b290 Exception <a 'java/lang/ClassNotFoundException'{0x0000000086a58a38}: sync_studio_tooling1110_dhh85p3885qkmf6f7snv6zzaq$_run_closure1Customizer> (0x0000000086a58a38) 
thrown [s\src\hotspot\share\classfile\systemDictionary.cpp, line 312]
Event: 65.657 Thread 0x0000027b00c7b290 Exception <a 'java/lang/NoSuchMethodError'{0x000000008671e7e0}: 'java.lang.Object java.lang.invoke.DirectMethodHandle$Holder.newInvokeSpecial(java.lang.Object, int, java.lang.Object)'> (0x000000008671e7e0) 
thrown [s\src\hotspot\share\interpreter\linkResolver.cpp, line 784]
Event: 66.811 Thread 0x0000027b00c7b290 Exception <a 'java/lang/NoSuchMethodError'{0x0000000085ffbfa0}: 'java.lang.Object java.lang.invoke.DirectMethodHandle$Holder.invokeSpecial(java.lang.Object, java.lang.Object, long, java.lang.Object, java.lang.Object)'> (0x0000000085ffbfa0) 
thrown [s\src\hotspot\share\interpreter\linkResolver.cpp, line 784]
Event: 67.750 Thread 0x0000027b00c7b290 Exception <a 'java/lang/NoSuchMethodError'{0x0000000085a0aea0}: 'int java.lang.invoke.DirectMethodHandle$Holder.invokeInterface(java.lang.Object, java.lang.Object, java.lang.Object, java.lang.Object, java.lang.Object)'> (0x0000000085a0aea0) 
thrown [s\src\hotspot\share\interpreter\linkResolver.cpp, line 784]
Event: 68.021 Thread 0x0000027b00c7b290 Exception <a 'java/lang/NoSuchMethodError'{0x000000008593b608}: 'java.lang.Object java.lang.invoke.DirectMethodHandle$Holder.newInvokeSpecial(java.lang.Object, java.lang.Object, java.lang.Object, java.lang.Object, int, java.lang.Object)'> (0x000000008593b608) 
thrown [s\src\hotspot\share\interpreter\linkResolver.cpp, line 784]
Event: 68.023 Thread 0x0000027b00c7b290 Exception <a 'java/lang/NoSuchMethodError'{0x0000000085943eb8}: 'java.lang.Object java.lang.invoke.Invokers$Holder.linkToTargetMethod(java.lang.Object, java.lang.Object, java.lang.Object, int, java.lang.Object, java.lang.Object)'> (0x0000000085943eb8) 
thrown [s\src\hotspot\share\interpreter\linkResolver.cpp, line 784]
Event: 69.049 Thread 0x0000027b00c7b290 Exception <a 'java/lang/NoSuchMethodError'{0x0000000085541e40}: 'java.lang.Object java.lang.invoke.DirectMethodHandle$Holder.invokeSpecialIFC(java.lang.Object, java.lang.Object, java.lang.Object)'> (0x0000000085541e40) 
thrown [s\src\hotspot\share\interpreter\linkResolver.cpp, line 784]

ZGC Phase Switch (0 events):
No events

VM Operations (20 events):
Event: 63.091 Executing VM operation: HandshakeAllThreads (Deoptimize)
Event: 63.092 Executing VM operation: HandshakeAllThreads (Deoptimize) done
Event: 63.842 Executing VM operation: HandshakeAllThreads (Deoptimize)
Event: 63.843 Executing VM operation: HandshakeAllThreads (Deoptimize) done
Event: 63.843 Executing VM operation: Cleanup
Event: 63.843 Executing VM operation: Cleanup done
Event: 64.856 Executing VM operation: Cleanup
Event: 64.904 Executing VM operation: Cleanup done
Event: 65.056 Executing VM operation: G1CollectForAllocation (G1 Evacuation Pause)
Event: 65.071 Executing VM operation: G1CollectForAllocation (G1 Evacuation Pause) done
Event: 66.079 Executing VM operation: Cleanup
Event: 66.094 Executing VM operation: Cleanup done
Event: 66.618 Executing VM operation: HandshakeAllThreads (Deoptimize)
Event: 66.619 Executing VM operation: HandshakeAllThreads (Deoptimize) done
Event: 67.621 Executing VM operation: Cleanup
Event: 67.622 Executing VM operation: Cleanup done
Event: 67.783 Executing VM operation: HandshakeAllThreads (Deoptimize)
Event: 67.790 Executing VM operation: HandshakeAllThreads (Deoptimize) done
Event: 68.796 Executing VM operation: Cleanup
Event: 68.796 Executing VM operation: Cleanup done

Memory protections (0 events):
No events

Nmethod flushes (20 events):
Event: 56.270 Thread 0x0000027b7ad52b20 flushing  nmethod 0x0000027b66c76e10
Event: 56.270 Thread 0x0000027b7ad52b20 flushing  nmethod 0x0000027b66cbc110
Event: 56.270 Thread 0x0000027b7ad52b20 flushing  nmethod 0x0000027b66d0e510
Event: 56.270 Thread 0x0000027b7ad52b20 flushing  nmethod 0x0000027b6e313110
Event: 56.270 Thread 0x0000027b7ad52b20 flushing  nmethod 0x0000027b66903990
Event: 56.270 Thread 0x0000027b7ad52b20 flushing  nmethod 0x0000027b6693db90
Event: 56.270 Thread 0x0000027b7ad52b20 flushing  nmethod 0x0000027b6693fe90
Event: 56.270 Thread 0x0000027b7ad52b20 flushing  nmethod 0x0000027b66a23190
Event: 56.270 Thread 0x0000027b7ad52b20 flushing  nmethod 0x0000027b66a2ba90
Event: 56.270 Thread 0x0000027b7ad52b20 flushing  nmethod 0x0000027b66b2bd10
Event: 56.270 Thread 0x0000027b7ad52b20 flushing  nmethod 0x0000027b66b84110
Event: 56.270 Thread 0x0000027b7ad52b20 flushing  nmethod 0x0000027b66d76790
Event: 56.270 Thread 0x0000027b7ad52b20 flushing  nmethod 0x0000027b66d77710
Event: 56.270 Thread 0x0000027b7ad52b20 flushing  nmethod 0x0000027b66e55590
Event: 56.270 Thread 0x0000027b7ad52b20 flushing  nmethod 0x0000027b668acd90
Event: 56.270 Thread 0x0000027b7ad52b20 flushing  nmethod 0x0000027b668b4590
Event: 56.270 Thread 0x0000027b7ad52b20 flushing  nmethod 0x0000027b66944310
Event: 56.270 Thread 0x0000027b7ad52b20 flushing  nmethod 0x0000027b66972d10
Event: 56.270 Thread 0x0000027b7ad52b20 flushing  nmethod 0x0000027b66993f10
Event: 56.270 Thread 0x0000027b7ad52b20 flushing  nmethod 0x0000027b66a10910

Events (20 events):
Event: 33.557 Thread 0x0000027b00c7b290 Thread added: 0x0000027b7f356470
Event: 36.964 Thread 0x0000027b00c7b290 Thread added: 0x0000027b021a12c0
Event: 38.152 Thread 0x0000027b00c7b290 Thread added: 0x0000027b0219e4d0
Event: 38.173 Thread 0x0000027b00c7b290 Thread added: 0x0000027b021a1950
Event: 41.343 Thread 0x0000027b00c7b290 Thread added: 0x0000027b021a40b0
Event: 41.344 Thread 0x0000027b00c7b290 Thread added: 0x0000027b021a3a20
Event: 41.344 Thread 0x0000027b00c7b290 Thread added: 0x0000027b021a2d00
Event: 41.344 Thread 0x0000027b00c7b290 Thread added: 0x0000027b0219ff10
Event: 41.344 Thread 0x0000027b00c7b290 Thread added: 0x0000027b021a1fe0
Event: 41.344 Thread 0x0000027b00c7b290 Thread added: 0x0000027b021a0c30
Event: 41.344 Thread 0x0000027b00c7b290 Thread added: 0x0000027b021a2670
Event: 41.344 Thread 0x0000027b00c7b290 Thread added: 0x0000027b0219f880
Event: 54.925 Thread 0x0000027b00c7b290 Thread added: 0x0000027b0219f1f0
Event: 55.361 Thread 0x0000027b00c7b290 Thread added: 0x0000027b021a4dd0
Event: 61.841 Thread 0x0000027b00c7b290 Thread added: 0x0000027b021a05a0
Event: 62.216 Thread 0x0000027b00c7b290 Thread added: 0x0000027b021a4740
Event: 68.402 Thread 0x0000027b00c7b290 Thread added: 0x0000027b021a3390
Event: 68.408 Thread 0x0000027b00c7b290 Thread added: 0x0000027b021a5460
Event: 69.053 Thread 0x0000027b00c7b290 Thread added: 0x0000027b01ec4bd0
Event: 69.054 Thread 0x0000027b00c7b290 Thread added: 0x0000027b01ebe960


Dynamic libraries:
0x00007ff7d35c0000 - 0x00007ff7d35ca000 	C:\Program Files\Android\Android Studio\jbr\bin\java.exe
0x00007ffdd5170000 - 0x00007ffdd5368000 	C:\Windows\SYSTEM32\ntdll.dll
0x00007ffdd40f0000 - 0x00007ffdd41b2000 	C:\Windows\System32\KERNEL32.DLL
0x00007ffdd2aa0000 - 0x00007ffdd2d96000 	C:\Windows\System32\KERNELBASE.dll
0x00007ffdd2f30000 - 0x00007ffdd3030000 	C:\Windows\System32\ucrtbase.dll
0x00007ffdcdb40000 - 0x00007ffdcdb58000 	C:\Program Files\Android\Android Studio\jbr\bin\jli.dll
0x00007ffdab800000 - 0x00007ffdab81b000 	C:\Program Files\Android\Android Studio\jbr\bin\VCRUNTIME140.dll
0x00007ffdd4cb0000 - 0x00007ffdd4e4d000 	C:\Windows\System32\USER32.dll
0x00007ffdd1bb0000 - 0x00007ffdd1e4b000 	C:\Windows\WinSxS\amd64_microsoft.windows.common-controls_6595b64144ccf1df_6.0.19041.6280_none_60bc30a171f2f3f3\COMCTL32.dll
0x00007ffdd3030000 - 0x00007ffdd3052000 	C:\Windows\System32\win32u.dll
0x00007ffdd4060000 - 0x00007ffdd408b000 	C:\Windows\System32\GDI32.dll
0x00007ffdd2930000 - 0x00007ffdd2a49000 	C:\Windows\System32\gdi32full.dll
0x00007ffdd2890000 - 0x00007ffdd292d000 	C:\Windows\System32\msvcp_win.dll
0x00007ffdd3650000 - 0x00007ffdd36ee000 	C:\Windows\System32\msvcrt.dll
0x00007ffdd3350000 - 0x00007ffdd337f000 	C:\Windows\System32\IMM32.DLL
0x00007ffdcc450000 - 0x00007ffdcc45c000 	C:\Program Files\Android\Android Studio\jbr\bin\vcruntime140_1.dll
0x00007ffdcd970000 - 0x00007ffdcd9fd000 	C:\Program Files\Android\Android Studio\jbr\bin\msvcp140.dll
0x00007ffd604d0000 - 0x00007ffd6115e000 	C:\Program Files\Android\Android Studio\jbr\bin\server\jvm.dll
0x00007ffdd4bf0000 - 0x00007ffdd4ca1000 	C:\Windows\System32\ADVAPI32.dll
0x00007ffdd4650000 - 0x00007ffdd46ef000 	C:\Windows\System32\sechost.dll
0x00007ffdd3380000 - 0x00007ffdd34a0000 	C:\Windows\System32\RPCRT4.dll
0x00007ffdd2f00000 - 0x00007ffdd2f27000 	C:\Windows\System32\bcrypt.dll
0x00007ffdd36f0000 - 0x00007ffdd375b000 	C:\Windows\System32\WS2_32.dll
0x00007ffdd2250000 - 0x00007ffdd229b000 	C:\Windows\SYSTEM32\POWRPROF.dll
0x00007ffdc1a30000 - 0x00007ffdc1a57000 	C:\Windows\SYSTEM32\WINMM.dll
0x00007ffdcef80000 - 0x00007ffdcef8a000 	C:\Windows\SYSTEM32\VERSION.dll
0x00007ffdd1e50000 - 0x00007ffdd1e62000 	C:\Windows\SYSTEM32\UMPDC.dll
0x00007ffdd0300000 - 0x00007ffdd0312000 	C:\Windows\SYSTEM32\kernel.appcore.dll
0x00007ffdcc420000 - 0x00007ffdcc42a000 	C:\Program Files\Android\Android Studio\jbr\bin\jimage.dll
0x00007ffdd1fc0000 - 0x00007ffdd21c1000 	C:\Windows\SYSTEM32\DBGHELP.DLL
0x00007ffdd1f80000 - 0x00007ffdd1fb4000 	C:\Windows\SYSTEM32\dbgcore.DLL
0x00007ffdd3110000 - 0x00007ffdd3192000 	C:\Windows\System32\bcryptPrimitives.dll
0x00007ffdcdd50000 - 0x00007ffdcdd5e000 	C:\Program Files\Android\Android Studio\jbr\bin\instrument.dll
0x00007ffdab710000 - 0x00007ffdab730000 	C:\Program Files\Android\Android Studio\jbr\bin\java.dll
0x00007ffd64a10000 - 0x00007ffd64a28000 	C:\Program Files\Android\Android Studio\jbr\bin\zip.dll
0x00007ffdd3840000 - 0x00007ffdd3fb0000 	C:\Windows\System32\SHELL32.dll
0x00007ffdcfb40000 - 0x00007ffdd02e5000 	C:\Windows\SYSTEM32\windows.storage.dll
0x00007ffdd41c0000 - 0x00007ffdd4513000 	C:\Windows\System32\combase.dll
0x00007ffdd1b10000 - 0x00007ffdd1b3b000 	C:\Windows\SYSTEM32\Wldp.dll
0x00007ffdd31a0000 - 0x00007ffdd326d000 	C:\Windows\System32\OLEAUT32.dll
0x00007ffdd4e50000 - 0x00007ffdd4efd000 	C:\Windows\System32\SHCORE.dll
0x00007ffdd4b70000 - 0x00007ffdd4bcb000 	C:\Windows\System32\shlwapi.dll
0x00007ffdd2740000 - 0x00007ffdd2764000 	C:\Windows\SYSTEM32\profapi.dll
0x00007ffdbb6d0000 - 0x00007ffdbb6e0000 	C:\Program Files\Android\Android Studio\jbr\bin\net.dll
0x00007ffdc8e60000 - 0x00007ffdc8f6a000 	C:\Windows\SYSTEM32\WINHTTP.dll
0x00007ffdd19e0000 - 0x00007ffdd1a4a000 	C:\Windows\system32\mswsock.dll
0x00007ffd7a530000 - 0x00007ffd7a546000 	C:\Program Files\Android\Android Studio\jbr\bin\nio.dll
0x00007ffdc5b90000 - 0x00007ffdc5ba0000 	C:\Program Files\Android\Android Studio\jbr\bin\verify.dll
0x00007ffdcdb60000 - 0x00007ffdcdb87000 	C:\Users\Asus\.gradle\native\1def1411415f61bf3af743bc5b6707747c0891f09f0c88961ee8f79bc544acac\windows-amd64\native-platform.dll
0x00007ffdcd8a0000 - 0x00007ffdcd918000 	C:\Users\Asus\.gradle\native\0.2.7\x86_64-windows-gnu\gradle-fileevents.dll
0x00007ffdb51e0000 - 0x00007ffdb51e9000 	C:\Program Files\Android\Android Studio\jbr\bin\management.dll
0x00007ffdb4ce0000 - 0x00007ffdb4ceb000 	C:\Program Files\Android\Android Studio\jbr\bin\management_ext.dll
0x00007ffdd32e0000 - 0x00007ffdd32e8000 	C:\Windows\System32\PSAPI.DLL
0x00007ffdd1550000 - 0x00007ffdd158b000 	C:\Windows\SYSTEM32\IPHLPAPI.DLL
0x00007ffdd32d0000 - 0x00007ffdd32d8000 	C:\Windows\System32\NSI.dll
0x00007ffdb69f0000 - 0x00007ffdb69f9000 	C:\Program Files\Android\Android Studio\jbr\bin\extnet.dll
0x00007ffdd2580000 - 0x00007ffdd2598000 	C:\Windows\SYSTEM32\CRYPTSP.dll
0x00007ffdd11f0000 - 0x00007ffdd1228000 	C:\Windows\system32\rsaenh.dll
0x00007ffdd26c0000 - 0x00007ffdd26ee000 	C:\Windows\SYSTEM32\USERENV.dll
0x00007ffdd1ad0000 - 0x00007ffdd1adc000 	C:\Windows\SYSTEM32\CRYPTBASE.dll
0x00007ffdb7b50000 - 0x00007ffdb7b57000 	C:\Windows\system32\wshunix.dll

dbghelp: loaded successfully - version: 4.0.5 - missing functions: none
symbol engine: initialized successfully - sym options: 0x614 - pdb path: .;C:\Program Files\Android\Android Studio\jbr\bin;C:\Windows\SYSTEM32;C:\Windows\WinSxS\amd64_microsoft.windows.common-controls_6595b64144ccf1df_6.0.19041.6280_none_60bc30a171f2f3f3;C:\Program Files\Android\Android Studio\jbr\bin\server;C:\Users\Asus\.gradle\native\1def1411415f61bf3af743bc5b6707747c0891f09f0c88961ee8f79bc544acac\windows-amd64;C:\Users\Asus\.gradle\native\0.2.7\x86_64-windows-gnu

VM Arguments:
jvm_args: --add-opens=java.base/java.lang=ALL-UNNAMED --add-opens=java.base/java.lang.invoke=ALL-UNNAMED --add-opens=java.base/java.util=ALL-UNNAMED --add-opens=java.prefs/java.util.prefs=ALL-UNNAMED --add-exports=jdk.compiler/com.sun.tools.javac.api=ALL-UNNAMED --add-exports=jdk.compiler/com.sun.tools.javac.util=ALL-UNNAMED --add-opens=java.base/java.util=ALL-UNNAMED --add-opens=java.prefs/java.util.prefs=ALL-UNNAMED --add-opens=java.base/java.nio.charset=ALL-UNNAMED --add-opens=java.base/java.net=ALL-UNNAMED --add-opens=java.base/java.util.concurrent.atomic=ALL-UNNAMED --add-opens=java.xml/javax.xml.namespace=ALL-UNNAMED -Xmx2048m -Dfile.encoding=UTF-8 -Duser.country=ID -Duser.language=en -Duser.variant -javaagent:C:\Users\Asus\.gradle\wrapper\dists\gradle-8.13-bin\5xuhj0ry160q40clulazy9h7d\gradle-8.13\lib\agents\gradle-instrumentation-agent-8.13.jar 
java_command: org.gradle.launcher.daemon.bootstrap.GradleDaemon 8.13
java_class_path (initial): C:\Users\Asus\.gradle\wrapper\dists\gradle-8.13-bin\5xuhj0ry160q40clulazy9h7d\gradle-8.13\lib\gradle-daemon-main-8.13.jar
Launcher Type: SUN_STANDARD

[Global flags]
     intx CICompilerCount                          = 4                                         {product} {ergonomic}
     uint ConcGCThreads                            = 2                                         {product} {ergonomic}
     uint G1ConcRefinementThreads                  = 8                                         {product} {ergonomic}
   size_t G1HeapRegionSize                         = 1048576                                   {product} {ergonomic}
    uintx GCDrainStackTargetSize                   = 64                                        {product} {ergonomic}
   size_t InitialHeapSize                          = 65011712                                  {product} {ergonomic}
   size_t MarkStackSize                            = 4194304                                   {product} {ergonomic}
   size_t MaxHeapSize                              = 2147483648                                {product} {command line}
   size_t MaxNewSize                               = 1287651328                                {product} {ergonomic}
   size_t MinHeapDeltaBytes                        = 1048576                                   {product} {ergonomic}
   size_t MinHeapSize                              = 8388608                                   {product} {ergonomic}
    uintx NonNMethodCodeHeapSize                   = 5839372                                {pd product} {ergonomic}
    uintx NonProfiledCodeHeapSize                  = 122909434                              {pd product} {ergonomic}
    uintx ProfiledCodeHeapSize                     = 122909434                              {pd product} {ergonomic}
    uintx ReservedCodeCacheSize                    = 251658240                              {pd product} {ergonomic}
     bool SegmentedCodeCache                       = true                                      {product} {ergonomic}
   size_t SoftMaxHeapSize                          = 2147483648                             {manageable} {ergonomic}
     bool UseCompressedOops                        = true                           {product lp64_product} {ergonomic}
     bool UseG1GC                                  = true                                      {product} {ergonomic}
     bool UseLargePagesIndividualAllocation        = false                                  {pd product} {ergonomic}

Logging:
Log output configuration:
 #0: stdout all=warning uptime,level,tags foldmultilines=false
 #1: stderr all=off uptime,level,tags foldmultilines=false

Environment Variables:
PATH=C:\Windows\system32;C:\Windows;C:\Windows\System32\Wbem;C:\Windows\System32\WindowsPowerShell\v1.0\;C:\Windows\System32\OpenSSH\;C:\Program Files (x86)\NVIDIA Corporation\PhysX\Common;C:\Program Files\Git\cmd;C:\Program Files\dotnet\;C:\Users\Asus\AppData\Local\Microsoft\WindowsApps;C:\Users\Asus\AppData\Local\Programs\Microsoft VS Code\bin;C:\Users\Asus\AppData\Local\GitHubDesktop\bin;C:\Users\Asus\.dotnet\tools
USERNAME=Asus
OS=Windows_NT
PROCESSOR_IDENTIFIER=Intel64 Family 6 Model 142 Stepping 12, GenuineIntel
TMP=C:\Users\Asus\AppData\Local\Temp
TEMP=C:\Users\Asus\AppData\Local\Temp




Periodic native trim disabled

JNI global refs:
JNI global refs: 26, weak refs: 0

JNI global refs memory usage: 835, weak refs: 833

Process memory usage:
Resident Set Size: 115212K (2% of 4042184K total physical memory with 35032K free physical memory)

OOME stack traces (most recent first):
Classloader memory used:
Loader org.gradle.internal.classloader.VisitableURLClassLoader                         : 26604K
Loader bootstrap                                                                       : 22419K
Loader org.gradle.initialization.MixInLegacyTypesClassLoader                           : 6514K
Loader org.gradle.internal.classloader.VisitableURLClassLoader                         : 733K
Loader jdk.internal.loader.ClassLoaders$PlatformClassLoader                            : 506K
Loader jdk.internal.loader.ClassLoaders$AppClassLoader                                 : 235K
Loader jdk.internal.reflect.DelegatingClassLoader                                      : 168K
Loader org.gradle.groovy.scripts.internal.DefaultScriptCompilationHandler$ScriptClassLoader: 36712B
Loader org.codehaus.groovy.runtime.callsite.CallSiteClassLoader                        : 7200B

Classes loaded by more than one classloader:
Class org.gradle.api.GradleException                                                  : loaded 3 times (x 80B)
Class org.gradle.internal.classloader.FilteringClassLoader                            : loaded 2 times (x 103B)
Class org.gradle.internal.classloader.ClassLoaderHierarchy                            : loaded 2 times (x 68B)
Class org.gradle.api.internal.classpath.ManifestUtil                                  : loaded 2 times (x 69B)
Class org.gradle.internal.operations.MultipleBuildOperationFailures                   : loaded 2 times (x 93B)
Class org.gradle.internal.classloader.DefaultClassLoaderFactory                       : loaded 2 times (x 80B)
Class kotlin.collections.AbstractList$Companion                                       : loaded 2 times (x 69B)
Class org.gradle.internal.classloader.ClassLoaderVisitor                              : loaded 2 times (x 74B)
Class org.gradle.api.internal.classpath.EffectiveClassPath                            : loaded 2 times (x 88B)
Class org.gradle.api.internal.DefaultClassPathProvider                                : loaded 2 times (x 74B)
Class [Lorg.gradle.api.internal.ClassPathProvider;                                    : loaded 2 times (x 67B)
Class org.gradle.api.internal.ClassPathProvider                                       : loaded 2 times (x 68B)
Class org.gradle.internal.service.UnknownServiceException                             : loaded 2 times (x 81B)
Class org.gradle.internal.classpath.TransformedClassPath                              : loaded 2 times (x 94B)
Class org.gradle.internal.classloader.InstrumentingClassLoader                        : loaded 2 times (x 68B)
Class kotlin.enums.EnumEntriesList                                                    : loaded 2 times (x 221B)
Class org.gradle.internal.service.ServiceLocator                                      : loaded 2 times (x 68B)
Class org.gradle.internal.InternalTransformer                                         : loaded 2 times (x 68B)
Class org.gradle.internal.time.DefaultTimer                                           : loaded 2 times (x 78B)
Class org.gradle.internal.classloader.ClasspathUtil$1                                 : loaded 2 times (x 74B)
Class org.gradle.api.internal.classpath.DefaultModuleRegistry$DefaultModule           : loaded 2 times (x 84B)
Class org.gradle.internal.time.DefaultCountdownTimer                                  : loaded 2 times (x 86B)
Class kotlin.Function                                                                 : loaded 2 times (x 68B)
Class org.gradle.api.internal.classpath.Module                                        : loaded 2 times (x 68B)
Class org.gradle.api.internal.classpath.UnknownModuleException                        : loaded 2 times (x 80B)
Class org.gradle.api.internal.DefaultClassPathRegistry                                : loaded 2 times (x 74B)
Class org.gradle.api.internal.ClassPathRegistry                                       : loaded 2 times (x 68B)
Class org.gradle.internal.classpath.DefaultClassPath$ImmutableUniqueList              : loaded 2 times (x 197B)
Class org.gradle.internal.classpath.ClassPath                                         : loaded 2 times (x 68B)
Class org.gradle.api.UncheckedIOException                                             : loaded 2 times (x 80B)
Class kotlin.UninitializedPropertyAccessException                                     : loaded 2 times (x 80B)
Class org.gradle.internal.installation.GradleInstallation$1                           : loaded 2 times (x 73B)
Class org.gradle.api.internal.classpath.ModuleRegistry                                : loaded 2 times (x 68B)
Class org.gradle.api.internal.classpath.DefaultModuleRegistry                         : loaded 2 times (x 84B)
Class org.gradle.internal.time.MonotonicClock                                         : loaded 2 times (x 75B)
Class org.gradle.internal.service.ServiceLookupException                              : loaded 2 times (x 80B)
Class org.gradle.internal.classloader.ClassLoaderFactory                              : loaded 2 times (x 68B)
Class org.gradle.internal.service.CachingServiceLocator                               : loaded 2 times (x 80B)
Class org.gradle.internal.time.TimeSource                                             : loaded 2 times (x 68B)
Class kotlin.enums.EnumEntries                                                        : loaded 2 times (x 68B)
Class org.gradle.internal.exceptions.ResolutionProvider                               : loaded 2 times (x 68B)
Class org.gradle.internal.classloader.ClasspathUtil                                   : loaded 2 times (x 69B)
Class org.gradle.internal.time.TimeSource$1                                           : loaded 2 times (x 75B)
Class org.gradle.api.specs.Spec                                                       : loaded 2 times (x 68B)
Class org.gradle.internal.time.Clock                                                  : loaded 2 times (x 68B)
Class kotlin.collections.AbstractList                                                 : loaded 2 times (x 195B)
Class kotlin.collections.AbstractCollection                                           : loaded 2 times (x 115B)
Class org.gradle.internal.classloader.VisitableURLClassLoader$InstrumentingVisitableURLClassLoader: loaded 2 times (x 121B)
Class org.gradle.internal.classloader.VisitableURLClassLoader$Spec                    : loaded 2 times (x 72B)
Class org.gradle.internal.classpath.DefaultClassPath                                  : loaded 2 times (x 88B)
Class org.gradle.internal.classloader.ClassLoaderSpec                                 : loaded 2 times (x 69B)
Class org.gradle.internal.classloader.VisitableURLClassLoader                         : loaded 2 times (x 115B)
Class org.gradle.internal.Cast                                                        : loaded 2 times (x 69B)
Class org.gradle.api.Action                                                           : loaded 2 times (x 68B)
Class kotlin.jvm.functions.Function1                                                  : loaded 2 times (x 68B)
Class org.gradle.internal.classpath.DefaultClassPath$ImmutableUniqueList$Builder      : loaded 2 times (x 73B)
Class kotlin.NotImplementedError                                                      : loaded 2 times (x 80B)
Class org.gradle.internal.exceptions.NonGradleCauseExceptionsHolder                   : loaded 2 times (x 68B)
Class kotlin.enums.EnumEntriesKt                                                      : loaded 2 times (x 69B)
Class org.gradle.internal.IoActions                                                   : loaded 2 times (x 69B)
Class org.gradle.internal.classloader.SystemClassLoaderSpec                           : loaded 2 times (x 69B)
Class org.gradle.internal.exceptions.MultiCauseException                              : loaded 2 times (x 68B)
Class org.gradle.internal.time.CountdownTimer                                         : loaded 2 times (x 68B)
Class kotlin.jvm.internal.Intrinsics                                                  : loaded 2 times (x 69B)
Class org.gradle.tooling.model.ProjectModel                                           : loaded 2 times (x 68B)
Class kotlin.KotlinNullPointerException                                               : loaded 2 times (x 81B)
Class org.gradle.internal.exceptions.DefaultMultiCauseException                       : loaded 2 times (x 93B)
Class org.gradle.internal.time.Time                                                   : loaded 2 times (x 69B)
Class org.gradle.api.internal.classpath.GlobalCacheRootsProvider                      : loaded 2 times (x 68B)
Class org.gradle.internal.time.Timer                                                  : loaded 2 times (x 68B)
Class kotlin.jvm.internal.markers.KMappedMarker                                       : loaded 2 times (x 68B)
Class org.gradle.internal.installation.CurrentGradleInstallationLocator               : loaded 2 times (x 69B)
Class org.gradle.internal.service.DefaultServiceLocator                               : loaded 2 times (x 81B)
Class org.gradle.util.GradleVersion                                                   : loaded 2 times (x 77B)
Class org.gradle.internal.installation.CurrentGradleInstallation                      : loaded 2 times (x 71B)
Class org.gradle.util.internal.GUtil                                                  : loaded 2 times (x 69B)
Class org.gradle.internal.installation.GradleInstallation                             : loaded 2 times (x 73B)

---------------  S Y S T E M  ---------------

OS:
 Windows 10 , 64 bit Build 19041 (10.0.19041.5915)
OS uptime: 6 days 20:06 hours

CPU: total 8 (initial active 8) (4 cores per cpu, 2 threads per core) family 6 model 142 stepping 12 microcode 0xde, cx8, cmov, fxsr, ht, mmx, 3dnowpref, sse, sse2, sse3, ssse3, sse4.1, sse4.2, popcnt, lzcnt, tsc, tscinvbit, avx, avx2, aes, erms, clmul, bmi1, bmi2, adx, fma, vzeroupper, clflush, clflushopt, rdtscp, f16c
Processor Information for the first 8 processors :
  Max Mhz: 1800, Current Mhz: 1600, Mhz Limit: 1584

Memory: 4k page, system-wide physical 3947M (21M free)
TotalPageFile size 16235M (AvailPageFile size 3M)
current process WorkingSet (physical memory assigned to process): 116M, peak: 154M
current process commit charge ("private bytes"): 303M, peak: 303M

vm_info: OpenJDK 64-Bit Server VM (21.0.7+-13880790-b1038.58) for windows-amd64 JRE (21.0.7+-13880790-b1038.58), built on 2025-08-04T20:56:21Z by "builder" with MS VC++ 16.10 / 16.11 (VS2019)

END.
