#
# There is insufficient memory for the Java Runtime Environment to continue.
# Native memory allocation (malloc) failed to allocate 614960 bytes. Error detail: Chunk::new
# Possible reasons:
#   The system is out of physical RAM or swap space
#   This process is running with CompressedOops enabled, and the Java Heap may be blocking the growth of the native heap
# Possible solutions:
#   Reduce memory load on the system
#   Increase physical memory or swap space
#   Check if swap backing store is full
#   Decrease Java heap size (-Xmx/-Xms)
#   Decrease number of Java threads
#   Decrease Java thread stack sizes (-Xss)
#   Set larger code cache with -XX:ReservedCodeCacheSize=
#   JVM is running with Unscaled Compressed Oops mode in which the Java heap is
#     placed in the first 4GB address space. The Java Heap base address is the
#     maximum limit for the native heap growth. Please use -XX:HeapBaseMinAddress
#     to set the Java Heap base and to place the Java Heap above 4GB virtual address.
# This output file may be truncated or incomplete.
#
#  Out of Memory Error (arena.cpp:168), pid=16124, tid=8588
#
# JRE version: OpenJDK Runtime Environment (21.0.7) (build 21.0.7+-13880790-b1038.58)
# Java VM: OpenJDK 64-Bit Server VM (21.0.7+-13880790-b1038.58, mixed mode, tiered, compressed oops, compressed class ptrs, g1 gc, windows-amd64)
# No core dump will be written. Minidumps are not enabled by default on client versions of Windows
#

---------------  S U M M A R Y ------------

Command Line: --add-opens=java.base/java.lang=ALL-UNNAMED --add-opens=java.base/java.lang.invoke=ALL-UNNAMED --add-opens=java.base/java.util=ALL-UNNAMED --add-opens=java.prefs/java.util.prefs=ALL-UNNAMED --add-exports=jdk.compiler/com.sun.tools.javac.api=ALL-UNNAMED --add-exports=jdk.compiler/com.sun.tools.javac.util=ALL-UNNAMED --add-opens=java.base/java.util=ALL-UNNAMED --add-opens=java.prefs/java.util.prefs=ALL-UNNAMED --add-opens=java.base/java.nio.charset=ALL-UNNAMED --add-opens=java.base/java.net=ALL-UNNAMED --add-opens=java.base/java.util.concurrent.atomic=ALL-UNNAMED --add-opens=java.xml/javax.xml.namespace=ALL-UNNAMED -Xmx2048m -Dfile.encoding=UTF-8 -Duser.country=ID -Duser.language=en -Duser.variant -javaagent:C:\Users\Asus\.gradle\wrapper\dists\gradle-8.13-bin\5xuhj0ry160q40clulazy9h7d\gradle-8.13\lib\agents\gradle-instrumentation-agent-8.13.jar org.gradle.launcher.daemon.bootstrap.GradleDaemon 8.13

Host: Intel(R) Core(TM) i5-8265U CPU @ 1.60GHz, 8 cores, 3G,  Windows 10 , 64 bit Build 19041 (10.0.19041.5915)
Time: Fri Sep 26 11:27:57 2025 SE Asia Standard Time elapsed time: 68.561027 seconds (0d 0h 1m 8s)

---------------  T H R E A D  ---------------

Current thread (0x000001c27e7465d0):  JavaThread "C2 CompilerThread0" daemon [_thread_in_native, id=8588, stack(0x0000007991f00000,0x0000007992000000) (1024K)]


Current CompileTask:
C2:68561 5352       4       org.objectweb.asm.SymbolTable::addConstantMemberReference (147 bytes)

Stack: [0x0000007991f00000,0x0000007992000000]
Native frames: (J=compiled Java code, j=interpreted, Vv=VM code, C=native code)
V  [jvm.dll+0x6d25c9]
V  [jvm.dll+0x860923]
V  [jvm.dll+0x862e7e]
V  [jvm.dll+0x863563]
V  [jvm.dll+0x27f156]
V  [jvm.dll+0xc002d]
V  [jvm.dll+0xc0563]
V  [jvm.dll+0x3b6d3b]
V  [jvm.dll+0x382c27]
V  [jvm.dll+0x38209a]
V  [jvm.dll+0x247e72]
V  [jvm.dll+0x247441]
V  [jvm.dll+0x1c5fb4]
V  [jvm.dll+0x256bac]
V  [jvm.dll+0x2550f6]
V  [jvm.dll+0x3f1d16]
V  [jvm.dll+0x808d08]
V  [jvm.dll+0x6d0e1d]
C  [ucrtbase.dll+0x21bb2]
C  [KERNEL32.DLL+0x17374]
C  [ntdll.dll+0x4cc91]


---------------  P R O C E S S  ---------------

Threads class SMR info:
_java_thread_list=0x000001c2053b2a00, length=41, elements={
0x000001c264ca1710, 0x000001c27e5d5780, 0x000001c27e73e170, 0x000001c27e740ea0,
0x000001c27e742910, 0x000001c27e743370, 0x000001c27e743dd0, 0x000001c27e744830,
0x000001c27e7465d0, 0x000001c27e749080, 0x000001c27eac2880, 0x000001c27ea55790,
0x000001c2052110c0, 0x000001c205146560, 0x000001c27ea64860, 0x000001c20464a360,
0x000001c204cafd40, 0x000001c27ec0e7c0, 0x000001c204d872f0, 0x000001c204d86c60,
0x000001c204d88010, 0x000001c204d858b0, 0x000001c204d865d0, 0x000001c204d87980,
0x000001c204d84b90, 0x000001c204d85220, 0x000001c204cbf3b0, 0x000001c204cbd970,
0x000001c204cbe000, 0x000001c204cb8420, 0x000001c204cbbf30, 0x000001c204cbcc50,
0x000001c204cbd2e0, 0x000001c204cbc5c0, 0x000001c204cbb8a0, 0x000001c204cbed20,
0x000001c204cbfa40, 0x000001c204cbe690, 0x000001c204cbab80, 0x000001c204cb9140,
0x000001c204cb97d0
}

Java Threads: ( => current thread )
  0x000001c264ca1710 JavaThread "main"                              [_thread_blocked, id=16716, stack(0x0000007991000000,0x0000007991100000) (1024K)]
  0x000001c27e5d5780 JavaThread "Common-Cleaner"             daemon [_thread_blocked, id=14356, stack(0x0000007991800000,0x0000007991900000) (1024K)]
  0x000001c27e73e170 JavaThread "Reference Handler"          daemon [_thread_blocked, id=14296, stack(0x0000007991900000,0x0000007991a00000) (1024K)]
  0x000001c27e740ea0 JavaThread "Finalizer"                  daemon [_thread_blocked, id=11452, stack(0x0000007991a00000,0x0000007991b00000) (1024K)]
  0x000001c27e742910 JavaThread "Signal Dispatcher"          daemon [_thread_blocked, id=11912, stack(0x0000007991b00000,0x0000007991c00000) (1024K)]
  0x000001c27e743370 JavaThread "Attach Listener"            daemon [_thread_blocked, id=15308, stack(0x0000007991c00000,0x0000007991d00000) (1024K)]
  0x000001c27e743dd0 JavaThread "Service Thread"             daemon [_thread_blocked, id=11304, stack(0x0000007991d00000,0x0000007991e00000) (1024K)]
  0x000001c27e744830 JavaThread "Monitor Deflation Thread"   daemon [_thread_blocked, id=9780, stack(0x0000007991e00000,0x0000007991f00000) (1024K)]
=>0x000001c27e7465d0 JavaThread "C2 CompilerThread0"         daemon [_thread_in_native, id=8588, stack(0x0000007991f00000,0x0000007992000000) (1024K)]
  0x000001c27e749080 JavaThread "C1 CompilerThread0"         daemon [_thread_blocked, id=13000, stack(0x0000007992000000,0x0000007992100000) (1024K)]
  0x000001c27eac2880 JavaThread "Notification Thread"        daemon [_thread_blocked, id=22724, stack(0x0000007992100000,0x0000007992200000) (1024K)]
  0x000001c27ea55790 JavaThread "Daemon health stats"               [_thread_blocked, id=500, stack(0x0000007992600000,0x0000007992700000) (1024K)]
  0x000001c2052110c0 JavaThread "Incoming local TCP Connector on port 62440"        [_thread_in_native, id=4544, stack(0x0000007992a00000,0x0000007992b00000) (1024K)]
  0x000001c205146560 JavaThread "Daemon periodic checks"            [_thread_blocked, id=18128, stack(0x0000007992b00000,0x0000007992c00000) (1024K)]
  0x000001c27ea64860 JavaThread "Daemon"                            [_thread_blocked, id=21248, stack(0x0000007992c00000,0x0000007992d00000) (1024K)]
  0x000001c20464a360 JavaThread "Handler for socket connection from /127.0.0.1:62440 to /127.0.0.1:62456"        [_thread_in_native, id=14996, stack(0x0000007992d00000,0x0000007992e00000) (1024K)]
  0x000001c204cafd40 JavaThread "Cancel handler"                    [_thread_blocked, id=6852, stack(0x0000007992e00000,0x0000007992f00000) (1024K)]
  0x000001c27ec0e7c0 JavaThread "Daemon worker"                     [_thread_in_vm, id=15064, stack(0x0000007992f00000,0x0000007993000000) (1024K)]
  0x000001c204d872f0 JavaThread "Asynchronous log dispatcher for DefaultDaemonConnection: socket connection from /127.0.0.1:62440 to /127.0.0.1:62456"        [_thread_blocked, id=4300, stack(0x0000007993000000,0x0000007993100000) (1024K)]
  0x000001c204d86c60 JavaThread "Stdin handler"                     [_thread_blocked, id=4524, stack(0x0000007993200000,0x0000007993300000) (1024K)]
  0x000001c204d88010 JavaThread "Daemon client event forwarder"        [_thread_blocked, id=21412, stack(0x0000007993300000,0x0000007993400000) (1024K)]
  0x000001c204d858b0 JavaThread "Cache worker for journal cache (C:\Users\Asus\.gradle\caches\journal-1)"        [_thread_blocked, id=4696, stack(0x0000007993400000,0x0000007993500000) (1024K)]
  0x000001c204d865d0 JavaThread "File lock request listener"        [_thread_in_native, id=14028, stack(0x0000007993500000,0x0000007993600000) (1024K)]
  0x000001c204d87980 JavaThread "Cache worker for file hash cache (C:\Users\Asus\.gradle\caches\8.13\fileHashes)"        [_thread_blocked, id=8108, stack(0x0000007993600000,0x0000007993700000) (1024K)]
  0x000001c204d84b90 JavaThread "File lock release action executor"        [_thread_blocked, id=10164, stack(0x0000007993700000,0x0000007993800000) (1024K)]
  0x000001c204d85220 JavaThread "Cache worker for file hash cache (E:\5\IF570-HL (Mobile Application Programming)\LAB_WEEK_052\.gradle\8.13\fileHashes)"        [_thread_blocked, id=16780, stack(0x0000007993800000,0x0000007993900000) (1024K)]
  0x000001c204cbf3b0 JavaThread "Cache worker for Build Output Cleanup Cache (E:\5\IF570-HL (Mobile Application Programming)\LAB_WEEK_052\.gradle\buildOutputCleanup)"        [_thread_blocked, id=13084, stack(0x0000007993900000,0x0000007993a00000) (1024K)]
  0x000001c204cbd970 JavaThread "File watcher server"        daemon [_thread_in_native, id=1280, stack(0x0000007993a00000,0x0000007993b00000) (1024K)]
  0x000001c204cbe000 JavaThread "File watcher consumer"      daemon [_thread_blocked, id=1768, stack(0x0000007993b00000,0x0000007993c00000) (1024K)]
  0x000001c204cb8420 JavaThread "jar transforms"                    [_thread_blocked, id=18296, stack(0x0000007993c00000,0x0000007993d00000) (1024K)]
  0x000001c204cbbf30 JavaThread "jar transforms Thread 2"           [_thread_blocked, id=16612, stack(0x0000007993d00000,0x0000007993e00000) (1024K)]
  0x000001c204cbcc50 JavaThread "jar transforms Thread 3"           [_thread_blocked, id=14720, stack(0x0000007993e00000,0x0000007993f00000) (1024K)]
  0x000001c204cbd2e0 JavaThread "jar transforms Thread 4"           [_thread_blocked, id=17312, stack(0x0000007993f00000,0x0000007994000000) (1024K)]
  0x000001c204cbc5c0 JavaThread "jar transforms Thread 5"           [_thread_blocked, id=23208, stack(0x0000007994000000,0x0000007994100000) (1024K)]
  0x000001c204cbb8a0 JavaThread "jar transforms Thread 6"           [_thread_blocked, id=19552, stack(0x0000007994100000,0x0000007994200000) (1024K)]
  0x000001c204cbed20 JavaThread "jar transforms Thread 7"           [_thread_blocked, id=14116, stack(0x0000007994200000,0x0000007994300000) (1024K)]
  0x000001c204cbfa40 JavaThread "jar transforms Thread 8"           [_thread_blocked, id=21524, stack(0x0000007994300000,0x0000007994400000) (1024K)]
  0x000001c204cbe690 JavaThread "Cache worker for checksums cache (E:\5\IF570-HL (Mobile Application Programming)\LAB_WEEK_052\.gradle\8.13\checksums)"        [_thread_blocked, id=8752, stack(0x0000007994400000,0x0000007994500000) (1024K)]
  0x000001c204cbab80 JavaThread "Cache worker for file content cache (C:\Users\Asus\.gradle\caches\8.13\fileContent)"        [_thread_blocked, id=11204, stack(0x0000007994500000,0x0000007994600000) (1024K)]
  0x000001c204cb9140 JavaThread "Cache worker for cache directory md-supplier (C:\Users\Asus\.gradle\caches\8.13\md-supplier)"        [_thread_blocked, id=23456, stack(0x0000007990d00000,0x0000007990e00000) (1024K)]
  0x000001c204cb97d0 JavaThread "Cache worker for cache directory md-rule (C:\Users\Asus\.gradle\caches\8.13\md-rule)"        [_thread_blocked, id=22576, stack(0x0000007990e00000,0x0000007990f00000) (1024K)]
Total: 41

Other Threads:
  0x000001c27e5a3770 VMThread "VM Thread"                           [id=488, stack(0x0000007991700000,0x0000007991800000) (1024K)]
  0x000001c27e50d0c0 WatcherThread "VM Periodic Task Thread"        [id=11740, stack(0x0000007991600000,0x0000007991700000) (1024K)]
  0x000001c266f26b40 WorkerThread "GC Thread#0"                     [id=18216, stack(0x0000007991100000,0x0000007991200000) (1024K)]
  0x000001c27eb7aad0 WorkerThread "GC Thread#1"                     [id=19348, stack(0x0000007992200000,0x0000007992300000) (1024K)]
  0x000001c27ecce560 WorkerThread "GC Thread#2"                     [id=15312, stack(0x0000007992300000,0x0000007992400000) (1024K)]
  0x000001c27eb57480 WorkerThread "GC Thread#3"                     [id=12892, stack(0x0000007992400000,0x0000007992500000) (1024K)]
  0x000001c204109920 WorkerThread "GC Thread#4"                     [id=7520, stack(0x0000007992500000,0x0000007992600000) (1024K)]
  0x000001c204109580 WorkerThread "GC Thread#5"                     [id=20948, stack(0x0000007992700000,0x0000007992800000) (1024K)]
  0x000001c204109cc0 WorkerThread "GC Thread#6"                     [id=1584, stack(0x0000007992800000,0x0000007992900000) (1024K)]
  0x000001c20410a060 WorkerThread "GC Thread#7"                     [id=22632, stack(0x0000007992900000,0x0000007992a00000) (1024K)]
  0x000001c266f38340 ConcurrentGCThread "G1 Main Marker"            [id=5948, stack(0x0000007991200000,0x0000007991300000) (1024K)]
  0x000001c266f39d60 WorkerThread "G1 Conc#0"                       [id=23532, stack(0x0000007991300000,0x0000007991400000) (1024K)]
  0x000001c27e8f05b0 WorkerThread "G1 Conc#1"                       [id=12096, stack(0x0000007993100000,0x0000007993200000) (1024K)]
  0x000001c27e3f10a0 ConcurrentGCThread "G1 Refine#0"               [id=22476, stack(0x0000007991400000,0x0000007991500000) (1024K)]
  0x000001c27e3f1b20 ConcurrentGCThread "G1 Service"                [id=14376, stack(0x0000007991500000,0x0000007991600000) (1024K)]
Total: 15

Threads with active compile tasks:
C2 CompilerThread0  68673 5352       4       org.objectweb.asm.SymbolTable::addConstantMemberReference (147 bytes)
Total: 1

VM state: not at safepoint (normal execution)

VM Mutex/Monitor currently owned by a thread: None

Heap address: 0x0000000080000000, size: 2048 MB, Compressed Oops mode: 32-bit

CDS archive(s) not mapped
Compressed class space mapped at: 0x0000000100000000-0x0000000140000000, reserved size: 1073741824
Narrow klass base: 0x0000000000000000, Narrow klass shift: 3, Narrow klass range: 0x140000000

GC Precious Log:
 CardTable entry size: 512
 Card Set container configuration: InlinePtr #cards 5 size 8 Array Of Cards #cards 12 size 40 Howl #buckets 4 coarsen threshold 1843 Howl Bitmap #cards 512 size 80 coarsen threshold 460 Card regions per heap region 1 cards per card region 2048
 CPUs: 8 total, 8 available
 Memory: 3947M
 Large Page Support: Disabled
 NUMA Support: Disabled
 Compressed Oops: Enabled (32-bit)
 Heap Region Size: 1M
 Heap Min Capacity: 8M
 Heap Initial Capacity: 62M
 Heap Max Capacity: 2G
 Pre-touch: Disabled
 Parallel Workers: 8
 Concurrent Workers: 2
 Concurrent Refinement Workers: 8
 Periodic GC: Disabled

Heap:
 garbage-first heap   total 112640K, used 81331K [0x0000000080000000, 0x0000000100000000)
  region size 1024K, 16 young (16384K), 4 survivors (4096K)
 Metaspace       used 56419K, committed 57792K, reserved 1114112K
  class space    used 7755K, committed 8448K, reserved 1048576K

Heap Regions: E=young(eden), S=young(survivor), O=old, HS=humongous(starts), HC=humongous(continues), CS=collection set, F=free, TAMS=top-at-mark-start, PB=parsable bottom
|   0|0x0000000080000000, 0x0000000080100000, 0x0000000080100000|100%|HS|  |TAMS 0x0000000080000000| PB 0x0000000080000000| Complete 
|   1|0x0000000080100000, 0x0000000080200000, 0x0000000080200000|100%|HC|  |TAMS 0x0000000080100000| PB 0x0000000080100000| Complete 
|   2|0x0000000080200000, 0x0000000080300000, 0x0000000080300000|100%|HC|  |TAMS 0x0000000080200000| PB 0x0000000080200000| Complete 
|   3|0x0000000080300000, 0x0000000080400000, 0x0000000080400000|100%| O|  |TAMS 0x0000000080300000| PB 0x0000000080300000| Untracked 
|   4|0x0000000080400000, 0x0000000080500000, 0x0000000080500000|100%| O|  |TAMS 0x0000000080400000| PB 0x0000000080400000| Untracked 
|   5|0x0000000080500000, 0x0000000080600000, 0x0000000080600000|100%| O|  |TAMS 0x0000000080500000| PB 0x0000000080500000| Untracked 
|   6|0x0000000080600000, 0x0000000080700000, 0x0000000080700000|100%| O|  |TAMS 0x0000000080600000| PB 0x0000000080600000| Untracked 
|   7|0x0000000080700000, 0x0000000080800000, 0x0000000080800000|100%| O|  |TAMS 0x0000000080700000| PB 0x0000000080700000| Untracked 
|   8|0x0000000080800000, 0x0000000080900000, 0x0000000080900000|100%| O|  |TAMS 0x0000000080800000| PB 0x0000000080800000| Untracked 
|   9|0x0000000080900000, 0x0000000080a00000, 0x0000000080a00000|100%| O|  |TAMS 0x0000000080900000| PB 0x0000000080900000| Untracked 
|  10|0x0000000080a00000, 0x0000000080b00000, 0x0000000080b00000|100%| O|  |TAMS 0x0000000080a00000| PB 0x0000000080a00000| Untracked 
|  11|0x0000000080b00000, 0x0000000080c00000, 0x0000000080c00000|100%|HS|  |TAMS 0x0000000080b00000| PB 0x0000000080b00000| Complete 
|  12|0x0000000080c00000, 0x0000000080d00000, 0x0000000080d00000|100%| O|  |TAMS 0x0000000080c00000| PB 0x0000000080c00000| Untracked 
|  13|0x0000000080d00000, 0x0000000080e00000, 0x0000000080e00000|100%| O|  |TAMS 0x0000000080d00000| PB 0x0000000080d00000| Untracked 
|  14|0x0000000080e00000, 0x0000000080f00000, 0x0000000080f00000|100%| O|  |TAMS 0x0000000080e00000| PB 0x0000000080e00000| Untracked 
|  15|0x0000000080f00000, 0x0000000081000000, 0x0000000081000000|100%| O|  |TAMS 0x0000000080f00000| PB 0x0000000080f00000| Untracked 
|  16|0x0000000081000000, 0x0000000081100000, 0x0000000081100000|100%| O|  |TAMS 0x0000000081000000| PB 0x0000000081000000| Untracked 
|  17|0x0000000081100000, 0x0000000081200000, 0x0000000081200000|100%| O|  |TAMS 0x0000000081100000| PB 0x0000000081100000| Untracked 
|  18|0x0000000081200000, 0x0000000081300000, 0x0000000081300000|100%| O|  |TAMS 0x0000000081200000| PB 0x0000000081200000| Untracked 
|  19|0x0000000081300000, 0x0000000081400000, 0x0000000081400000|100%| O|  |TAMS 0x0000000081300000| PB 0x0000000081300000| Untracked 
|  20|0x0000000081400000, 0x0000000081500000, 0x0000000081500000|100%| O|  |TAMS 0x0000000081400000| PB 0x0000000081400000| Untracked 
|  21|0x0000000081500000, 0x0000000081600000, 0x0000000081600000|100%| O|  |TAMS 0x0000000081500000| PB 0x0000000081500000| Untracked 
|  22|0x0000000081600000, 0x0000000081700000, 0x0000000081700000|100%| O|  |TAMS 0x0000000081600000| PB 0x0000000081600000| Untracked 
|  23|0x0000000081700000, 0x0000000081800000, 0x0000000081800000|100%|HS|  |TAMS 0x0000000081700000| PB 0x0000000081700000| Complete 
|  24|0x0000000081800000, 0x0000000081900000, 0x0000000081900000|100%|HC|  |TAMS 0x0000000081800000| PB 0x0000000081800000| Complete 
|  25|0x0000000081900000, 0x0000000081a00000, 0x0000000081a00000|100%|HC|  |TAMS 0x0000000081900000| PB 0x0000000081900000| Complete 
|  26|0x0000000081a00000, 0x0000000081b00000, 0x0000000081b00000|100%|HC|  |TAMS 0x0000000081a00000| PB 0x0000000081a00000| Complete 
|  27|0x0000000081b00000, 0x0000000081c00000, 0x0000000081c00000|100%|HC|  |TAMS 0x0000000081b00000| PB 0x0000000081b00000| Complete 
|  28|0x0000000081c00000, 0x0000000081d00000, 0x0000000081d00000|100%|HC|  |TAMS 0x0000000081c00000| PB 0x0000000081c00000| Complete 
|  29|0x0000000081d00000, 0x0000000081e00000, 0x0000000081e00000|100%|HS|  |TAMS 0x0000000081d00000| PB 0x0000000081d00000| Complete 
|  30|0x0000000081e00000, 0x0000000081f00000, 0x0000000081f00000|100%|HS|  |TAMS 0x0000000081e00000| PB 0x0000000081e00000| Complete 
|  31|0x0000000081f00000, 0x0000000082000000, 0x0000000082000000|100%|HC|  |TAMS 0x0000000081f00000| PB 0x0000000081f00000| Complete 
|  32|0x0000000082000000, 0x0000000082100000, 0x0000000082100000|100%|HC|  |TAMS 0x0000000082000000| PB 0x0000000082000000| Complete 
|  33|0x0000000082100000, 0x0000000082200000, 0x0000000082200000|100%|HC|  |TAMS 0x0000000082100000| PB 0x0000000082100000| Complete 
|  34|0x0000000082200000, 0x0000000082300000, 0x0000000082300000|100%|HS|  |TAMS 0x0000000082200000| PB 0x0000000082200000| Complete 
|  35|0x0000000082300000, 0x0000000082400000, 0x0000000082400000|100%|HC|  |TAMS 0x0000000082300000| PB 0x0000000082300000| Complete 
|  36|0x0000000082400000, 0x0000000082500000, 0x0000000082500000|100%|HS|  |TAMS 0x0000000082400000| PB 0x0000000082400000| Complete 
|  37|0x0000000082500000, 0x0000000082600000, 0x0000000082600000|100%|HS|  |TAMS 0x0000000082500000| PB 0x0000000082500000| Complete 
|  38|0x0000000082600000, 0x0000000082700000, 0x0000000082700000|100%|HC|  |TAMS 0x0000000082600000| PB 0x0000000082600000| Complete 
|  39|0x0000000082700000, 0x0000000082800000, 0x0000000082800000|100%|HC|  |TAMS 0x0000000082700000| PB 0x0000000082700000| Complete 
|  40|0x0000000082800000, 0x0000000082900000, 0x0000000082900000|100%|HC|  |TAMS 0x0000000082800000| PB 0x0000000082800000| Complete 
|  41|0x0000000082900000, 0x0000000082a00000, 0x0000000082a00000|100%|HC|  |TAMS 0x0000000082900000| PB 0x0000000082900000| Complete 
|  42|0x0000000082a00000, 0x0000000082b00000, 0x0000000082b00000|100%|HC|  |TAMS 0x0000000082a00000| PB 0x0000000082a00000| Complete 
|  43|0x0000000082b00000, 0x0000000082c00000, 0x0000000082c00000|100%|HS|  |TAMS 0x0000000082b00000| PB 0x0000000082b00000| Complete 
|  44|0x0000000082c00000, 0x0000000082d00000, 0x0000000082d00000|100%|HS|  |TAMS 0x0000000082c00000| PB 0x0000000082c00000| Complete 
|  45|0x0000000082d00000, 0x0000000082e00000, 0x0000000082e00000|100%| O|  |TAMS 0x0000000082d00000| PB 0x0000000082d00000| Untracked 
|  46|0x0000000082e00000, 0x0000000082f00000, 0x0000000082f00000|100%| O|  |TAMS 0x0000000082e00000| PB 0x0000000082e00000| Untracked 
|  47|0x0000000082f00000, 0x0000000083000000, 0x0000000083000000|100%| O|  |TAMS 0x0000000082f00000| PB 0x0000000082f00000| Untracked 
|  48|0x0000000083000000, 0x0000000083100000, 0x0000000083100000|100%| O|  |TAMS 0x0000000083000000| PB 0x0000000083000000| Untracked 
|  49|0x0000000083100000, 0x0000000083100000, 0x0000000083200000|  0%| F|  |TAMS 0x0000000083100000| PB 0x0000000083100000| Untracked 
|  50|0x0000000083200000, 0x0000000083300000, 0x0000000083300000|100%| O|  |TAMS 0x0000000083200000| PB 0x0000000083200000| Untracked 
|  51|0x0000000083300000, 0x0000000083400000, 0x0000000083400000|100%| O|  |TAMS 0x0000000083300000| PB 0x0000000083300000| Untracked 
|  52|0x0000000083400000, 0x0000000083500000, 0x0000000083500000|100%| O|  |TAMS 0x0000000083400000| PB 0x0000000083400000| Untracked 
|  53|0x0000000083500000, 0x0000000083600000, 0x0000000083600000|100%| O|  |TAMS 0x0000000083500000| PB 0x0000000083500000| Untracked 
|  54|0x0000000083600000, 0x00000000836bdc88, 0x0000000083700000| 74%| O|  |TAMS 0x0000000083600000| PB 0x0000000083600000| Untracked 
|  55|0x0000000083700000, 0x0000000083700000, 0x0000000083800000|  0%| F|  |TAMS 0x0000000083700000| PB 0x0000000083700000| Untracked 
|  56|0x0000000083800000, 0x0000000083800000, 0x0000000083900000|  0%| F|  |TAMS 0x0000000083800000| PB 0x0000000083800000| Untracked 
|  57|0x0000000083900000, 0x0000000083900000, 0x0000000083a00000|  0%| F|  |TAMS 0x0000000083900000| PB 0x0000000083900000| Untracked 
|  58|0x0000000083a00000, 0x0000000083a00000, 0x0000000083b00000|  0%| F|  |TAMS 0x0000000083a00000| PB 0x0000000083a00000| Untracked 
|  59|0x0000000083b00000, 0x0000000083c00000, 0x0000000083c00000|100%| O|  |TAMS 0x0000000083b00000| PB 0x0000000083b00000| Untracked 
|  60|0x0000000083c00000, 0x0000000083d00000, 0x0000000083d00000|100%| O|  |TAMS 0x0000000083c00000| PB 0x0000000083c00000| Untracked 
|  61|0x0000000083d00000, 0x0000000083daf300, 0x0000000083e00000| 68%| S|CS|TAMS 0x0000000083d00000| PB 0x0000000083d00000| Complete 
|  62|0x0000000083e00000, 0x0000000083f00000, 0x0000000083f00000|100%|HS|  |TAMS 0x0000000083e00000| PB 0x0000000083e00000| Complete 
|  63|0x0000000083f00000, 0x0000000084000000, 0x0000000084000000|100%|HC|  |TAMS 0x0000000083f00000| PB 0x0000000083f00000| Complete 
|  64|0x0000000084000000, 0x0000000084100000, 0x0000000084100000|100%|HC|  |TAMS 0x0000000084000000| PB 0x0000000084000000| Complete 
|  65|0x0000000084100000, 0x0000000084200000, 0x0000000084200000|100%|HC|  |TAMS 0x0000000084100000| PB 0x0000000084100000| Complete 
|  66|0x0000000084200000, 0x0000000084300000, 0x0000000084300000|100%|HS|  |TAMS 0x0000000084200000| PB 0x0000000084200000| Complete 
|  67|0x0000000084300000, 0x0000000084400000, 0x0000000084400000|100%|HC|  |TAMS 0x0000000084300000| PB 0x0000000084300000| Complete 
|  68|0x0000000084400000, 0x0000000084500000, 0x0000000084500000|100%| S|CS|TAMS 0x0000000084400000| PB 0x0000000084400000| Complete 
|  69|0x0000000084500000, 0x0000000084600000, 0x0000000084600000|100%| S|CS|TAMS 0x0000000084500000| PB 0x0000000084500000| Complete 
|  70|0x0000000084600000, 0x0000000084700000, 0x0000000084700000|100%| S|CS|TAMS 0x0000000084600000| PB 0x0000000084600000| Complete 
|  71|0x0000000084700000, 0x0000000084700000, 0x0000000084800000|  0%| F|  |TAMS 0x0000000084700000| PB 0x0000000084700000| Untracked 
|  72|0x0000000084800000, 0x0000000084800000, 0x0000000084900000|  0%| F|  |TAMS 0x0000000084800000| PB 0x0000000084800000| Untracked 
|  73|0x0000000084900000, 0x0000000084900000, 0x0000000084a00000|  0%| F|  |TAMS 0x0000000084900000| PB 0x0000000084900000| Untracked 
|  74|0x0000000084a00000, 0x0000000084a00000, 0x0000000084b00000|  0%| F|  |TAMS 0x0000000084a00000| PB 0x0000000084a00000| Untracked 
|  75|0x0000000084b00000, 0x0000000084b00000, 0x0000000084c00000|  0%| F|  |TAMS 0x0000000084b00000| PB 0x0000000084b00000| Untracked 
|  76|0x0000000084c00000, 0x0000000084c00000, 0x0000000084d00000|  0%| F|  |TAMS 0x0000000084c00000| PB 0x0000000084c00000| Untracked 
|  77|0x0000000084d00000, 0x0000000084d00000, 0x0000000084e00000|  0%| F|  |TAMS 0x0000000084d00000| PB 0x0000000084d00000| Untracked 
|  78|0x0000000084e00000, 0x0000000084e00000, 0x0000000084f00000|  0%| F|  |TAMS 0x0000000084e00000| PB 0x0000000084e00000| Untracked 
|  79|0x0000000084f00000, 0x0000000084f00000, 0x0000000085000000|  0%| F|  |TAMS 0x0000000084f00000| PB 0x0000000084f00000| Untracked 
|  80|0x0000000085000000, 0x0000000085000000, 0x0000000085100000|  0%| F|  |TAMS 0x0000000085000000| PB 0x0000000085000000| Untracked 
|  81|0x0000000085100000, 0x0000000085100000, 0x0000000085200000|  0%| F|  |TAMS 0x0000000085100000| PB 0x0000000085100000| Untracked 
|  82|0x0000000085200000, 0x0000000085200000, 0x0000000085300000|  0%| F|  |TAMS 0x0000000085200000| PB 0x0000000085200000| Untracked 
|  83|0x0000000085300000, 0x0000000085300000, 0x0000000085400000|  0%| F|  |TAMS 0x0000000085300000| PB 0x0000000085300000| Untracked 
|  84|0x0000000085400000, 0x0000000085400000, 0x0000000085500000|  0%| F|  |TAMS 0x0000000085400000| PB 0x0000000085400000| Untracked 
|  85|0x0000000085500000, 0x0000000085500000, 0x0000000085600000|  0%| F|  |TAMS 0x0000000085500000| PB 0x0000000085500000| Untracked 
|  86|0x0000000085600000, 0x0000000085600000, 0x0000000085700000|  0%| F|  |TAMS 0x0000000085600000| PB 0x0000000085600000| Untracked 
|  87|0x0000000085700000, 0x0000000085700000, 0x0000000085800000|  0%| F|  |TAMS 0x0000000085700000| PB 0x0000000085700000| Untracked 
|  88|0x0000000085800000, 0x0000000085800000, 0x0000000085900000|  0%| F|  |TAMS 0x0000000085800000| PB 0x0000000085800000| Untracked 
|  89|0x0000000085900000, 0x0000000085900000, 0x0000000085a00000|  0%| F|  |TAMS 0x0000000085900000| PB 0x0000000085900000| Untracked 
|  90|0x0000000085a00000, 0x0000000085a00000, 0x0000000085b00000|  0%| F|  |TAMS 0x0000000085a00000| PB 0x0000000085a00000| Untracked 
|  91|0x0000000085b00000, 0x0000000085b00000, 0x0000000085c00000|  0%| F|  |TAMS 0x0000000085b00000| PB 0x0000000085b00000| Untracked 
|  92|0x0000000085c00000, 0x0000000085c00000, 0x0000000085d00000|  0%| F|  |TAMS 0x0000000085c00000| PB 0x0000000085c00000| Untracked 
|  93|0x0000000085d00000, 0x0000000085d00000, 0x0000000085e00000|  0%| F|  |TAMS 0x0000000085d00000| PB 0x0000000085d00000| Untracked 
|  94|0x0000000085e00000, 0x0000000085e00000, 0x0000000085f00000|  0%| F|  |TAMS 0x0000000085e00000| PB 0x0000000085e00000| Untracked 
|  95|0x0000000085f00000, 0x0000000085f80000, 0x0000000086000000| 50%| E|  |TAMS 0x0000000085f00000| PB 0x0000000085f00000| Complete 
|  96|0x0000000086000000, 0x0000000086100000, 0x0000000086100000|100%| E|CS|TAMS 0x0000000086000000| PB 0x0000000086000000| Complete 
|  97|0x0000000086100000, 0x0000000086200000, 0x0000000086200000|100%| E|CS|TAMS 0x0000000086100000| PB 0x0000000086100000| Complete 
|  98|0x0000000086200000, 0x0000000086300000, 0x0000000086300000|100%| E|CS|TAMS 0x0000000086200000| PB 0x0000000086200000| Complete 
|  99|0x0000000086300000, 0x0000000086400000, 0x0000000086400000|100%| E|CS|TAMS 0x0000000086300000| PB 0x0000000086300000| Complete 
| 100|0x0000000086400000, 0x0000000086500000, 0x0000000086500000|100%| E|CS|TAMS 0x0000000086400000| PB 0x0000000086400000| Complete 
| 101|0x0000000086500000, 0x0000000086600000, 0x0000000086600000|100%| E|CS|TAMS 0x0000000086500000| PB 0x0000000086500000| Complete 
| 102|0x0000000086600000, 0x0000000086700000, 0x0000000086700000|100%| E|CS|TAMS 0x0000000086600000| PB 0x0000000086600000| Complete 
| 103|0x0000000086700000, 0x0000000086800000, 0x0000000086800000|100%| E|CS|TAMS 0x0000000086700000| PB 0x0000000086700000| Complete 
| 104|0x0000000086800000, 0x0000000086900000, 0x0000000086900000|100%| E|CS|TAMS 0x0000000086800000| PB 0x0000000086800000| Complete 
| 105|0x0000000086900000, 0x0000000086a00000, 0x0000000086a00000|100%| E|CS|TAMS 0x0000000086900000| PB 0x0000000086900000| Complete 
| 106|0x0000000086a00000, 0x0000000086b00000, 0x0000000086b00000|100%| E|CS|TAMS 0x0000000086a00000| PB 0x0000000086a00000| Complete 
|2045|0x00000000ffd00000, 0x00000000ffe00000, 0x00000000ffe00000|100%| O|  |TAMS 0x00000000ffd00000| PB 0x00000000ffd00000| Untracked 
|2046|0x00000000ffe00000, 0x00000000fff00000, 0x00000000fff00000|100%| O|  |TAMS 0x00000000ffe00000| PB 0x00000000ffe00000| Untracked 
|2047|0x00000000fff00000, 0x0000000100000000, 0x0000000100000000|100%| O|  |TAMS 0x00000000fff00000| PB 0x00000000fff00000| Untracked 

Card table byte_map: [0x000001c279760000,0x000001c279b60000] _byte_map_base: 0x000001c279360000

Marking Bits: (CMBitMap*) 0x000001c266f27150
 Bits: [0x000001c279b60000, 0x000001c27bb60000)

Polling page: 0x000001c264e80000

Metaspace:

Usage:
  Non-class:     47.53 MB used.
      Class:      7.57 MB used.
       Both:     55.10 MB used.

Virtual space:
  Non-class space:       64.00 MB reserved,      48.25 MB ( 75%) committed,  1 nodes.
      Class space:        1.00 GB reserved,       8.25 MB ( <1%) committed,  1 nodes.
             Both:        1.06 GB reserved,      56.50 MB (  5%) committed. 

Chunk freelists:
   Non-Class:  15.55 MB
       Class:  7.64 MB
        Both:  23.19 MB

MaxMetaspaceSize: unlimited
CompressedClassSpaceSize: 1.00 GB
Initial GC threshold: 21.00 MB
Current GC threshold: 78.44 MB
CDS: off
 - commit_granule_bytes: 65536.
 - commit_granule_words: 8192.
 - virtual_space_node_default_size: 8388608.
 - enlarge_chunks_in_place: 1.
 - use_allocation_guard: 0.


Internal statistics:

num_allocs_failed_limit: 6.
num_arena_births: 2738.
num_arena_deaths: 0.
num_vsnodes_births: 2.
num_vsnodes_deaths: 0.
num_space_committed: 904.
num_space_uncommitted: 0.
num_chunks_returned_to_freelist: 6.
num_chunks_taken_from_freelist: 4978.
num_chunk_merges: 3.
num_chunk_splits: 3187.
num_chunks_enlarged: 1899.
num_inconsistent_stats: 0.

CodeHeap 'non-profiled nmethods': size=120000Kb used=2839Kb max_used=2839Kb free=117160Kb
 bounds [0x000001c271b00000, 0x000001c271dd0000, 0x000001c279030000]
CodeHeap 'profiled nmethods': size=120000Kb used=9025Kb max_used=9025Kb free=110974Kb
 bounds [0x000001c26a030000, 0x000001c26a910000, 0x000001c271560000]
CodeHeap 'non-nmethods': size=5760Kb used=2688Kb max_used=2725Kb free=3071Kb
 bounds [0x000001c271560000, 0x000001c271810000, 0x000001c271b00000]
 total_blobs=5556 nmethods=4710 adapters=750
 compilation: enabled
              stopped_count=0, restarted_count=0
 full_count=0

Compilation events (20 events):
Event: 68.430 Thread 0x000001c27e749080 nmethod 5345 0x000001c26a8f1310 code [0x000001c26a8f1620, 0x000001c26a8f2500]
Event: 68.434 Thread 0x000001c27e7465d0 5347       4       org.objectweb.asm.SymbolTable::addConstantUtf8Reference (101 bytes)
Event: 68.434 Thread 0x000001c27e749080 5348       3       org.gradle.internal.instantiation.generator.AsmBackedClassGenerator$ClassBuilderImpl::access$4500 (4 bytes)
Event: 68.434 Thread 0x000001c27e749080 nmethod 5348 0x000001c26a8f2a10 code [0x000001c26a8f2ba0, 0x000001c26a8f2c98]
Event: 68.434 Thread 0x000001c27e749080 5349       3       org.objectweb.asm.SymbolTable::getConstantMethodHandleSymbolData (16 bytes)
Event: 68.434 Thread 0x000001c27e749080 nmethod 5349 0x000001c26a8f2d10 code [0x000001c26a8f2ec0, 0x000001c26a8f3040]
Event: 68.434 Thread 0x000001c27e749080 5350       3       org.objectweb.asm.SymbolTable::hash (23 bytes)
Event: 68.434 Thread 0x000001c27e749080 nmethod 5350 0x000001c26a8f3110 code [0x000001c26a8f32e0, 0x000001c26a8f34a8]
Event: 68.451 Thread 0x000001c27e749080 5351       3       org.gradle.internal.instantiation.generator.AbstractClassGenerator$InjectionAnnotationValidator::validateMethod (506 bytes)
Event: 68.457 Thread 0x000001c27e749080 nmethod 5351 0x000001c26a8f3610 code [0x000001c26a8f3f80, 0x000001c26a8f9938]
Event: 68.457 Thread 0x000001c27e749080 5355       3       org.gradle.model.internal.asm.ClassVisitorScope$1::emit (11 bytes)
Event: 68.458 Thread 0x000001c27e749080 nmethod 5355 0x000001c26a8fb390 code [0x000001c26a8fb5a0, 0x000001c26a8fbca8]
Event: 68.458 Thread 0x000001c27e749080 5356       3       org.gradle.model.internal.asm.ClassVisitorScope$1$1::<init> (33 bytes)
Event: 68.458 Thread 0x000001c27e749080 nmethod 5356 0x000001c26a8fbf90 code [0x000001c26a8fc1a0, 0x000001c26a8fc7d8]
Event: 68.458 Thread 0x000001c27e749080 5353       3       org.gradle.model.internal.asm.MethodVisitorScope::_INVOKESPECIAL (11 bytes)
Event: 68.458 Thread 0x000001c27e749080 nmethod 5353 0x000001c26a8fca10 code [0x000001c26a8fcbe0, 0x000001c26a8fce70]
Event: 68.458 Thread 0x000001c27e749080 5354       3       org.gradle.model.internal.asm.MethodVisitorScope::_INVOKESPECIAL (9 bytes)
Event: 68.458 Thread 0x000001c27e749080 nmethod 5354 0x000001c26a8fd010 code [0x000001c26a8fd1c0, 0x000001c26a8fd380]
Event: 68.462 Thread 0x000001c27e7465d0 nmethod 5347 0x000001c271dc4590 code [0x000001c271dc47e0, 0x000001c271dc57b0]
Event: 68.462 Thread 0x000001c27e7465d0 5352       4       org.objectweb.asm.SymbolTable::addConstantMemberReference (147 bytes)

GC Heap History (20 events):
Event: 37.443 GC heap before
{Heap before GC invocations=8 (full 0):
 garbage-first heap   total 63488K, used 51926K [0x0000000080000000, 0x0000000100000000)
  region size 1024K, 32 young (32768K), 4 survivors (4096K)
 Metaspace       used 34202K, committed 35008K, reserved 1114112K
  class space    used 4597K, committed 4992K, reserved 1048576K
}
Event: 37.459 GC heap after
{Heap after GC invocations=9 (full 0):
 garbage-first heap   total 63488K, used 25575K [0x0000000080000000, 0x0000000100000000)
  region size 1024K, 4 young (4096K), 4 survivors (4096K)
 Metaspace       used 34202K, committed 35008K, reserved 1114112K
  class space    used 4597K, committed 4992K, reserved 1048576K
}
Event: 39.244 GC heap before
{Heap before GC invocations=9 (full 0):
 garbage-first heap   total 63488K, used 30695K [0x0000000080000000, 0x0000000100000000)
  region size 1024K, 10 young (10240K), 4 survivors (4096K)
 Metaspace       used 35163K, committed 35968K, reserved 1114112K
  class space    used 4769K, committed 5120K, reserved 1048576K
}
Event: 39.255 GC heap after
{Heap after GC invocations=10 (full 0):
 garbage-first heap   total 63488K, used 26124K [0x0000000080000000, 0x0000000100000000)
  region size 1024K, 3 young (3072K), 3 survivors (3072K)
 Metaspace       used 35163K, committed 35968K, reserved 1114112K
  class space    used 4769K, committed 5120K, reserved 1048576K
}
Event: 41.409 GC heap before
{Heap before GC invocations=11 (full 0):
 garbage-first heap   total 69632K, used 68108K [0x0000000080000000, 0x0000000100000000)
  region size 1024K, 18 young (18432K), 3 survivors (3072K)
 Metaspace       used 36438K, committed 37248K, reserved 1114112K
  class space    used 5001K, committed 5376K, reserved 1048576K
}
Event: 41.417 GC heap after
{Heap after GC invocations=12 (full 0):
 garbage-first heap   total 76800K, used 57683K [0x0000000080000000, 0x0000000100000000)
  region size 1024K, 4 young (4096K), 4 survivors (4096K)
 Metaspace       used 36438K, committed 37248K, reserved 1114112K
  class space    used 5001K, committed 5376K, reserved 1048576K
}
Event: 42.445 GC heap before
{Heap before GC invocations=12 (full 0):
 garbage-first heap   total 76800K, used 66899K [0x0000000080000000, 0x0000000100000000)
  region size 1024K, 13 young (13312K), 4 survivors (4096K)
 Metaspace       used 37582K, committed 38400K, reserved 1114112K
  class space    used 5169K, committed 5568K, reserved 1048576K
}
Event: 42.452 GC heap after
{Heap after GC invocations=13 (full 0):
 garbage-first heap   total 76800K, used 60767K [0x0000000080000000, 0x0000000100000000)
  region size 1024K, 2 young (2048K), 2 survivors (2048K)
 Metaspace       used 37582K, committed 38400K, reserved 1114112K
  class space    used 5169K, committed 5568K, reserved 1048576K
}
Event: 43.411 GC heap before
{Heap before GC invocations=13 (full 0):
 garbage-first heap   total 76800K, used 68959K [0x0000000080000000, 0x0000000100000000)
  region size 1024K, 10 young (10240K), 2 survivors (2048K)
 Metaspace       used 38607K, committed 39424K, reserved 1114112K
  class space    used 5302K, committed 5696K, reserved 1048576K
}
Event: 43.415 GC heap after
{Heap after GC invocations=14 (full 0):
 garbage-first heap   total 76800K, used 60843K [0x0000000080000000, 0x0000000100000000)
  region size 1024K, 1 young (1024K), 1 survivors (1024K)
 Metaspace       used 38607K, committed 39424K, reserved 1114112K
  class space    used 5302K, committed 5696K, reserved 1048576K
}
Event: 49.112 GC heap before
{Heap before GC invocations=15 (full 0):
 garbage-first heap   total 104448K, used 68011K [0x0000000080000000, 0x0000000100000000)
  region size 1024K, 8 young (8192K), 1 survivors (1024K)
 Metaspace       used 39643K, committed 40576K, reserved 1114112K
  class space    used 5481K, committed 5952K, reserved 1048576K
}
Event: 49.115 GC heap after
{Heap after GC invocations=16 (full 0):
 garbage-first heap   total 104448K, used 61008K [0x0000000080000000, 0x0000000100000000)
  region size 1024K, 1 young (1024K), 1 survivors (1024K)
 Metaspace       used 39643K, committed 40576K, reserved 1114112K
  class space    used 5481K, committed 5952K, reserved 1048576K
}
Event: 55.589 GC heap before
{Heap before GC invocations=16 (full 0):
 garbage-first heap   total 104448K, used 92752K [0x0000000080000000, 0x0000000100000000)
  region size 1024K, 33 young (33792K), 1 survivors (1024K)
 Metaspace       used 46207K, committed 47168K, reserved 1114112K
  class space    used 6224K, committed 6720K, reserved 1048576K
}
Event: 55.639 GC heap after
{Heap after GC invocations=17 (full 0):
 garbage-first heap   total 104448K, used 64778K [0x0000000080000000, 0x0000000100000000)
  region size 1024K, 5 young (5120K), 5 survivors (5120K)
 Metaspace       used 46207K, committed 47168K, reserved 1114112K
  class space    used 6224K, committed 6720K, reserved 1048576K
}
Event: 57.737 GC heap before
{Heap before GC invocations=17 (full 0):
 garbage-first heap   total 104448K, used 92426K [0x0000000080000000, 0x0000000100000000)
  region size 1024K, 32 young (32768K), 5 survivors (5120K)
 Metaspace       used 47173K, committed 48192K, reserved 1114112K
  class space    used 6361K, committed 6848K, reserved 1048576K
}
Event: 57.751 GC heap after
{Heap after GC invocations=18 (full 0):
 garbage-first heap   total 104448K, used 66303K [0x0000000080000000, 0x0000000100000000)
  region size 1024K, 3 young (3072K), 3 survivors (3072K)
 Metaspace       used 47173K, committed 48192K, reserved 1114112K
  class space    used 6361K, committed 6848K, reserved 1048576K
}
Event: 63.189 GC heap before
{Heap before GC invocations=19 (full 0):
 garbage-first heap   total 112640K, used 98047K [0x0000000080000000, 0x0000000100000000)
  region size 1024K, 30 young (30720K), 3 survivors (3072K)
 Metaspace       used 50884K, committed 52032K, reserved 1114112K
  class space    used 6825K, committed 7424K, reserved 1048576K
}
Event: 63.197 GC heap after
{Heap after GC invocations=20 (full 0):
 garbage-first heap   total 112640K, used 68324K [0x0000000080000000, 0x0000000100000000)
  region size 1024K, 2 young (2048K), 2 survivors (2048K)
 Metaspace       used 50884K, committed 52032K, reserved 1114112K
  class space    used 6825K, committed 7424K, reserved 1048576K
}
Event: 67.381 GC heap before
{Heap before GC invocations=20 (full 0):
 garbage-first heap   total 112640K, used 103140K [0x0000000080000000, 0x0000000100000000)
  region size 1024K, 36 young (36864K), 2 survivors (2048K)
 Metaspace       used 55045K, committed 56448K, reserved 1114112K
  class space    used 7525K, committed 8192K, reserved 1048576K
}
Event: 67.395 GC heap after
{Heap after GC invocations=21 (full 0):
 garbage-first heap   total 112640K, used 70067K [0x0000000080000000, 0x0000000100000000)
  region size 1024K, 4 young (4096K), 4 survivors (4096K)
 Metaspace       used 55045K, committed 56448K, reserved 1114112K
  class space    used 7525K, committed 8192K, reserved 1048576K
}

Dll operation events (3 events):
Event: 0.106 Loaded shared library C:\Program Files\Android\Android Studio\jbr\bin\java.dll
Event: 0.150 Loaded shared library C:\Program Files\Android\Android Studio\jbr\bin\zip.dll
Event: 4.332 Loaded shared library C:\Program Files\Android\Android Studio\jbr\bin\verify.dll

Deoptimization events (20 events):
Event: 64.528 Thread 0x000001c27ec0e7c0 Uncommon trap: trap_request=0xffffff45 fr.pc=0x000001c271d73c58 relative=0x0000000000000af8
Event: 64.528 Thread 0x000001c27ec0e7c0 Uncommon trap: reason=unstable_if action=reinterpret pc=0x000001c271d73c58 method=org.objectweb.asm.Frame.push(I)V @ 26 c2
Event: 64.528 Thread 0x000001c27ec0e7c0 DEOPT PACKING pc=0x000001c271d73c58 sp=0x0000007992ff66a0
Event: 64.528 Thread 0x000001c27ec0e7c0 DEOPT UNPACKING pc=0x000001c2715b46a2 sp=0x0000007992ff65a8 mode 2
Event: 64.832 Thread 0x000001c27ec0e7c0 Uncommon trap: trap_request=0xffffff3d fr.pc=0x000001c271b32d80 relative=0x0000000000000d00
Event: 64.832 Thread 0x000001c27ec0e7c0 Uncommon trap: reason=unstable_fused_if action=reinterpret pc=0x000001c271b32d80 method=org.objectweb.asm.ByteVector.putUTF8(Ljava/lang/String;)Lorg/objectweb/asm/ByteVector; @ 93 c2
Event: 64.832 Thread 0x000001c27ec0e7c0 DEOPT PACKING pc=0x000001c271b32d80 sp=0x0000007992ff5bc0
Event: 64.832 Thread 0x000001c27ec0e7c0 DEOPT UNPACKING pc=0x000001c2715b46a2 sp=0x0000007992ff5b18 mode 2
Event: 64.966 Thread 0x000001c27ec0e7c0 Uncommon trap: trap_request=0xffffff45 fr.pc=0x000001c271d185dc relative=0x000000000000023c
Event: 64.966 Thread 0x000001c27ec0e7c0 Uncommon trap: reason=unstable_if action=reinterpret pc=0x000001c271d185dc method=java.util.HashMap.putVal(ILjava/lang/Object;Ljava/lang/Object;ZZ)Ljava/lang/Object; @ 162 c2
Event: 64.966 Thread 0x000001c27ec0e7c0 DEOPT PACKING pc=0x000001c271d185dc sp=0x0000007992ff5ec0
Event: 64.967 Thread 0x000001c27ec0e7c0 DEOPT UNPACKING pc=0x000001c2715b46a2 sp=0x0000007992ff5dd0 mode 2
Event: 66.433 Thread 0x000001c27ec0e7c0 Uncommon trap: trap_request=0xffffff45 fr.pc=0x000001c271d20d50 relative=0x0000000000000130
Event: 66.433 Thread 0x000001c27ec0e7c0 Uncommon trap: reason=unstable_if action=reinterpret pc=0x000001c271d20d50 method=java.util.Arrays.hashCode([Ljava/lang/Object;)I @ 34 c2
Event: 66.434 Thread 0x000001c27ec0e7c0 DEOPT PACKING pc=0x000001c271d20d50 sp=0x0000007992ff7600
Event: 66.434 Thread 0x000001c27ec0e7c0 DEOPT UNPACKING pc=0x000001c2715b46a2 sp=0x0000007992ff7578 mode 2
Event: 66.749 Thread 0x000001c27ec0e7c0 Uncommon trap: trap_request=0xffffff45 fr.pc=0x000001c271bcb9c4 relative=0x00000000000000a4
Event: 66.749 Thread 0x000001c27ec0e7c0 Uncommon trap: reason=unstable_if action=reinterpret pc=0x000001c271bcb9c4 method=java.lang.ref.ReferenceQueue.poll()Ljava/lang/ref/Reference; @ 4 c2
Event: 66.749 Thread 0x000001c27ec0e7c0 DEOPT PACKING pc=0x000001c271bcb9c4 sp=0x0000007992ff5ec0
Event: 66.750 Thread 0x000001c27ec0e7c0 DEOPT UNPACKING pc=0x000001c2715b46a2 sp=0x0000007992ff5da8 mode 2

Classes loaded (20 events):
Event: 63.920 Loading class java/lang/invoke/BoundMethodHandle$Species_LLLLLLLLLLLLLLLLLLLLLLLLLL
Event: 63.920 Loading class java/lang/invoke/BoundMethodHandle$Species_LLLLLLLLLLLLLLLLLLLLLLLLLL done
Event: 63.922 Loading class java/lang/invoke/BoundMethodHandle$Species_LLLLLLLLLLLLLLLLLLLLLLLLLLL
Event: 63.922 Loading class java/lang/invoke/BoundMethodHandle$Species_LLLLLLLLLLLLLLLLLLLLLLLLLLL done
Event: 63.923 Loading class java/lang/invoke/BoundMethodHandle$Species_LLLLLLLLLLLLLLLLLLLLLLLLLLLL
Event: 63.923 Loading class java/lang/invoke/BoundMethodHandle$Species_LLLLLLLLLLLLLLLLLLLLLLLLLLLL done
Event: 63.925 Loading class java/lang/invoke/BoundMethodHandle$Species_LLLLLLLLLLLLLLLLLLLLLLLLLLLLL
Event: 63.925 Loading class java/lang/invoke/BoundMethodHandle$Species_LLLLLLLLLLLLLLLLLLLLLLLLLLLLL done
Event: 63.932 Loading class java/lang/invoke/BoundMethodHandle$Species_LLLLLLLLLLLLLLLLLLLLLLLLLLLLLL
Event: 63.932 Loading class java/lang/invoke/BoundMethodHandle$Species_LLLLLLLLLLLLLLLLLLLLLLLLLLLLLL done
Event: 63.942 Loading class java/lang/invoke/BoundMethodHandle$Species_LLLLLLLLLLLLLLLLLLLLLLLLLLLLLLL
Event: 63.942 Loading class java/lang/invoke/BoundMethodHandle$Species_LLLLLLLLLLLLLLLLLLLLLLLLLLLLLLL done
Event: 63.955 Loading class java/lang/invoke/BoundMethodHandle$Species_LLLLLLLLLLLLLLLLLLLLLLLLLLLLLLLL
Event: 63.955 Loading class java/lang/invoke/BoundMethodHandle$Species_LLLLLLLLLLLLLLLLLLLLLLLLLLLLLLLL done
Event: 66.522 Loading class java/util/PrimitiveIterator$OfInt
Event: 66.522 Loading class java/util/PrimitiveIterator
Event: 66.523 Loading class java/util/PrimitiveIterator done
Event: 66.523 Loading class java/util/PrimitiveIterator$OfInt done
Event: 66.548 Loading class java/util/concurrent/RecursiveAction
Event: 66.555 Loading class java/util/concurrent/RecursiveAction done

Classes unloaded (0 events):
No events

Classes redefined (0 events):
No events

Internal exceptions (20 events):
Event: 64.510 Thread 0x000001c27ec0e7c0 Exception <a 'java/lang/NoSuchMethodError'{0x0000000085de3c78}: 'java.lang.Object java.lang.invoke.DirectMethodHandle$Holder.invokeVirtual(java.lang.Object, java.lang.Object, java.lang.Object, java.lang.Object, java.lang.Object, java.lang.Object, java.lang.Object, java.lang.Object, java.lang.Object, java.lang.Object, java.lang.Object, java.lang.Object, java.lang.Object, java.lang.Object, java.lang.Object)'> (0x0000000085de3c78) 
thrown [s\src\hotspot\share\interpreter\linkResolver.cpp, line 784]
Event: 64.540 Thread 0x000001c27ec0e7c0 Exception <a 'java/lang/NoSuchMethodError'{0x0000000085cbea48}: 'java.lang.Object java.lang.invoke.DirectMethodHandle$Holder.newInvokeSpecial(java.lang.Object, java.lang.Object, java.lang.Object, java.lang.Object, java.lang.Object, java.lang.Object, java.lang.Object, java.lang.Object, java.lang.Object, java.lang.Object, java.lang.Object, java.lang.Object, java.lang.Object)'> (0x0000000085cbea48) 
thrown [s\src\hotspot\share\interpreter\linkResolver.cpp, line 784]
Event: 65.071 Thread 0x000001c27ec0e7c0 Exception <a 'java/lang/NoSuchMethodError'{0x00000000858438d0}: 'java.lang.Object java.lang.invoke.DirectMethodHandle$Holder.newInvokeSpecial(java.lang.Object, java.lang.Object, java.lang.Object, java.lang.Object, int)'> (0x00000000858438d0) 
thrown [s\src\hotspot\share\interpreter\linkResolver.cpp, line 784]
Event: 65.075 Thread 0x000001c27ec0e7c0 Exception <a 'java/lang/NoSuchMethodError'{0x0000000085848bf0}: 'java.lang.Object java.lang.invoke.DirectMethodHandle$Holder.invokeSpecial(java.lang.Object, java.lang.Object, java.lang.Object, java.lang.Object, java.lang.Object, int)'> (0x0000000085848bf0) 
thrown [s\src\hotspot\share\interpreter\linkResolver.cpp, line 784]
Event: 65.078 Thread 0x000001c27ec0e7c0 Exception <a 'java/lang/NoSuchMethodError'{0x000000008584d5d8}: 'java.lang.Object java.lang.invoke.Invokers$Holder.linkToTargetMethod(java.lang.Object, java.lang.Object, java.lang.Object, int, java.lang.Object)'> (0x000000008584d5d8) 
thrown [s\src\hotspot\share\interpreter\linkResolver.cpp, line 784]
Event: 65.574 Thread 0x000001c27ec0e7c0 Exception <a 'java/lang/NoSuchMethodError'{0x0000000085526248}: 'int java.lang.invoke.DirectMethodHandle$Holder.invokeInterface(java.lang.Object, java.lang.Object, java.lang.Object, java.lang.Object)'> (0x0000000085526248) 
thrown [s\src\hotspot\share\interpreter\linkResolver.cpp, line 784]
Event: 65.812 Thread 0x000001c27ec0e7c0 Exception <a 'java/lang/NoSuchMethodError'{0x00000000853e4f30}: 'java.lang.Object java.lang.invoke.Invokers$Holder.linkToTargetMethod(java.lang.Object, java.lang.Object, java.lang.Object, java.lang.Object, long, java.lang.Object, java.lang.Object)'> (0x00000000853e4f30) 
thrown [s\src\hotspot\share\interpreter\linkResolver.cpp, line 784]
Event: 65.824 Thread 0x000001c27ec0e7c0 Exception <a 'java/lang/NoSuchMethodError'{0x000000008522acc0}: 'java.lang.Object java.lang.invoke.DirectMethodHandle$Holder.newInvokeSpecial(java.lang.Object, java.lang.Object, java.lang.Object, long, java.lang.Object)'> (0x000000008522acc0) 
thrown [s\src\hotspot\share\interpreter\linkResolver.cpp, line 784]
Event: 65.826 Thread 0x000001c27ec0e7c0 Exception <a 'java/lang/NoSuchMethodError'{0x000000008522fe18}: 'java.lang.Object java.lang.invoke.DirectMethodHandle$Holder.invokeSpecial(java.lang.Object, java.lang.Object, java.lang.Object, java.lang.Object, long, java.lang.Object)'> (0x000000008522fe18) 
thrown [s\src\hotspot\share\interpreter\linkResolver.cpp, line 784]
Event: 65.826 Thread 0x000001c27ec0e7c0 Exception <a 'java/lang/NoSuchMethodError'{0x0000000085234600}: 'java.lang.Object java.lang.invoke.Invokers$Holder.linkToTargetMethod(java.lang.Object, java.lang.Object, long, java.lang.Object, java.lang.Object)'> (0x0000000085234600) 
thrown [s\src\hotspot\share\interpreter\linkResolver.cpp, line 784]
Event: 66.048 Thread 0x000001c27ec0e7c0 Exception <a 'java/lang/NoSuchMethodError'{0x000000008509bd00}: 'java.lang.Object java.lang.invoke.DirectMethodHandle$Holder.newInvokeSpecial(java.lang.Object, java.lang.Object, java.lang.Object, java.lang.Object, java.lang.Object, java.lang.Object, java.lang.Object, java.lang.Object, java.lang.Object, java.lang.Object, java.lang.Object, java.lang.Object, java.lang.Object, java.lang.Object, java.lang.Object, java.lang.Object, java.lang.Object, java.lang.Object, java.lang.Object, java.lang.Object, java.lang
Event: 66.433 Thread 0x000001c27ec0e7c0 Implicit null exception at 0x000001c271d20c80 to 0x000001c271d20d34
Event: 66.688 Thread 0x000001c27ec0e7c0 Exception <a 'java/lang/ClassNotFoundException'{0x0000000084ab3618}: org/gradle/api/internal/artifacts/dsl/dependencies/DefaultDependencyHandler_DecoratedBeanInfo> (0x0000000084ab3618) 
thrown [s\src\hotspot\share\classfile\systemDictionary.cpp, line 312]
Event: 66.717 Thread 0x000001c27ec0e7c0 Exception <a 'java/lang/ClassNotFoundException'{0x0000000084ac9348}: org/gradle/api/internal/artifacts/dsl/dependencies/DefaultDependencyHandlerBeanInfo> (0x0000000084ac9348) 
thrown [s\src\hotspot\share\classfile\systemDictionary.cpp, line 312]
Event: 66.740 Thread 0x000001c27ec0e7c0 Exception <a 'java/lang/ClassNotFoundException'{0x0000000084adf038}: org/gradle/api/internal/artifacts/dsl/dependencies/DefaultDependencyHandlerCustomizer> (0x0000000084adf038) 
thrown [s\src\hotspot\share\classfile\systemDictionary.cpp, line 312]
Event: 66.809 Thread 0x000001c27ec0e7c0 Exception <a 'java/lang/ClassNotFoundException'{0x000000008492a350}: org/gradle/api/internal/artifacts/dsl/dependencies/DefaultDependencyHandler_DecoratedCustomizer> (0x000000008492a350) 
thrown [s\src\hotspot\share\classfile\systemDictionary.cpp, line 312]
Event: 66.885 Thread 0x000001c27ec0e7c0 Exception <a 'java/lang/ClassNotFoundException'{0x000000008496b8c8}: sync_studio_tooling1789_dq6inb1t525860phvlq64er8n$_run_closure1BeanInfo> (0x000000008496b8c8) 
thrown [s\src\hotspot\share\classfile\systemDictionary.cpp, line 312]
Event: 66.940 Thread 0x000001c27ec0e7c0 Exception <a 'java/lang/ClassNotFoundException'{0x0000000084973ac0}: sync_studio_tooling1789_dq6inb1t525860phvlq64er8n$_run_closure1Customizer> (0x0000000084973ac0) 
thrown [s\src\hotspot\share\classfile\systemDictionary.cpp, line 312]
Event: 67.436 Thread 0x000001c27ec0e7c0 Exception <a 'java/lang/NoSuchMethodError'{0x0000000086a3c0e8}: 'java.lang.Object java.lang.invoke.DirectMethodHandle$Holder.newInvokeSpecial(java.lang.Object, int, java.lang.Object)'> (0x0000000086a3c0e8) 
thrown [s\src\hotspot\share\interpreter\linkResolver.cpp, line 784]
Event: 68.430 Thread 0x000001c27ec0e7c0 Exception <a 'java/lang/NoSuchMethodError'{0x00000000862fd4b8}: 'java.lang.Object java.lang.invoke.DirectMethodHandle$Holder.invokeSpecial(java.lang.Object, java.lang.Object, long, java.lang.Object, java.lang.Object)'> (0x00000000862fd4b8) 
thrown [s\src\hotspot\share\interpreter\linkResolver.cpp, line 784]

ZGC Phase Switch (0 events):
No events

VM Operations (20 events):
Event: 61.967 Executing VM operation: HandshakeAllThreads (Deoptimize)
Event: 61.967 Executing VM operation: HandshakeAllThreads (Deoptimize) done
Event: 62.968 Executing VM operation: Cleanup
Event: 62.984 Executing VM operation: Cleanup done
Event: 63.123 Executing VM operation: G1CollectForAllocation (G1 Evacuation Pause)
Event: 63.197 Executing VM operation: G1CollectForAllocation (G1 Evacuation Pause) done
Event: 64.207 Executing VM operation: Cleanup
Event: 64.225 Executing VM operation: Cleanup done
Event: 64.980 Executing VM operation: HandshakeAllThreads (Deoptimize)
Event: 64.981 Executing VM operation: HandshakeAllThreads (Deoptimize) done
Event: 65.545 Executing VM operation: HandshakeAllThreads (Deoptimize)
Event: 65.546 Executing VM operation: HandshakeAllThreads (Deoptimize) done
Event: 65.546 Executing VM operation: Cleanup
Event: 65.546 Executing VM operation: Cleanup done
Event: 66.559 Executing VM operation: Cleanup
Event: 66.575 Executing VM operation: Cleanup done
Event: 67.381 Executing VM operation: G1CollectForAllocation (G1 Evacuation Pause)
Event: 67.395 Executing VM operation: G1CollectForAllocation (G1 Evacuation Pause) done
Event: 68.223 Executing VM operation: HandshakeAllThreads (Deoptimize)
Event: 68.224 Executing VM operation: HandshakeAllThreads (Deoptimize) done

Memory protections (0 events):
No events

Nmethod flushes (20 events):
Event: 57.865 Thread 0x000001c27e5a3770 flushing  nmethod 0x000001c26a031710
Event: 57.865 Thread 0x000001c27e5a3770 flushing  nmethod 0x000001c26a0a8490
Event: 57.865 Thread 0x000001c27e5a3770 flushing  nmethod 0x000001c26a0a8e90
Event: 57.865 Thread 0x000001c27e5a3770 flushing  nmethod 0x000001c26a1fd190
Event: 57.866 Thread 0x000001c27e5a3770 flushing  nmethod 0x000001c26a4cde90
Event: 57.866 Thread 0x000001c27e5a3770 flushing  nmethod 0x000001c26a4cf190
Event: 57.866 Thread 0x000001c27e5a3770 flushing  nmethod 0x000001c26a58d410
Event: 57.866 Thread 0x000001c27e5a3770 flushing  nmethod 0x000001c26a59ee90
Event: 57.866 Thread 0x000001c27e5a3770 flushing  nmethod 0x000001c26a69a490
Event: 57.866 Thread 0x000001c27e5a3770 flushing  nmethod 0x000001c26a09de10
Event: 57.866 Thread 0x000001c27e5a3770 flushing  nmethod 0x000001c26a18a510
Event: 57.866 Thread 0x000001c27e5a3770 flushing  nmethod 0x000001c26a2b8510
Event: 57.866 Thread 0x000001c27e5a3770 flushing  nmethod 0x000001c26a4e0910
Event: 57.866 Thread 0x000001c27e5a3770 flushing  nmethod 0x000001c26a4e1c90
Event: 57.866 Thread 0x000001c27e5a3770 flushing  nmethod 0x000001c26a5e0490
Event: 57.866 Thread 0x000001c27e5a3770 flushing  nmethod 0x000001c26a5e1410
Event: 57.866 Thread 0x000001c27e5a3770 flushing  nmethod 0x000001c271c8ac90
Event: 57.866 Thread 0x000001c27e5a3770 flushing  nmethod 0x000001c271c8c490
Event: 57.866 Thread 0x000001c27e5a3770 flushing  nmethod 0x000001c26a16ea10
Event: 57.866 Thread 0x000001c27e5a3770 flushing  nmethod 0x000001c26a2d5c90

Events (20 events):
Event: 21.011 Thread 0x000001c27ec0e7c0 Thread added: 0x000001c204d858b0
Event: 22.334 Thread 0x000001c27ec0e7c0 Thread added: 0x000001c204d865d0
Event: 24.322 Thread 0x000001c27ec0e7c0 Thread added: 0x000001c204d87980
Event: 24.416 Thread 0x000001c204d865d0 Thread added: 0x000001c204d84b90
Event: 33.538 Thread 0x000001c27ec0e7c0 Thread added: 0x000001c204d85220
Event: 36.840 Thread 0x000001c27ec0e7c0 Thread added: 0x000001c204cbf3b0
Event: 38.093 Thread 0x000001c27ec0e7c0 Thread added: 0x000001c204cbd970
Event: 38.132 Thread 0x000001c27ec0e7c0 Thread added: 0x000001c204cbe000
Event: 39.630 Thread 0x000001c27ec0e7c0 Thread added: 0x000001c204cb8420
Event: 39.631 Thread 0x000001c27ec0e7c0 Thread added: 0x000001c204cbbf30
Event: 39.631 Thread 0x000001c27ec0e7c0 Thread added: 0x000001c204cbcc50
Event: 39.631 Thread 0x000001c27ec0e7c0 Thread added: 0x000001c204cbd2e0
Event: 39.631 Thread 0x000001c27ec0e7c0 Thread added: 0x000001c204cbc5c0
Event: 39.631 Thread 0x000001c27ec0e7c0 Thread added: 0x000001c204cbb8a0
Event: 39.631 Thread 0x000001c27ec0e7c0 Thread added: 0x000001c204cbed20
Event: 39.631 Thread 0x000001c27ec0e7c0 Thread added: 0x000001c204cbfa40
Event: 56.648 Thread 0x000001c27ec0e7c0 Thread added: 0x000001c204cbe690
Event: 57.031 Thread 0x000001c27ec0e7c0 Thread added: 0x000001c204cbab80
Event: 63.091 Thread 0x000001c27ec0e7c0 Thread added: 0x000001c204cb9140
Event: 63.758 Thread 0x000001c27ec0e7c0 Thread added: 0x000001c204cb97d0


Dynamic libraries:
0x00007ff7d35c0000 - 0x00007ff7d35ca000 	C:\Program Files\Android\Android Studio\jbr\bin\java.exe
0x00007ffdd5170000 - 0x00007ffdd5368000 	C:\Windows\SYSTEM32\ntdll.dll
0x00007ffdd40f0000 - 0x00007ffdd41b2000 	C:\Windows\System32\KERNEL32.DLL
0x00007ffdd2aa0000 - 0x00007ffdd2d96000 	C:\Windows\System32\KERNELBASE.dll
0x00007ffdd2f30000 - 0x00007ffdd3030000 	C:\Windows\System32\ucrtbase.dll
0x00007ffdcdb40000 - 0x00007ffdcdb58000 	C:\Program Files\Android\Android Studio\jbr\bin\jli.dll
0x00007ffdab800000 - 0x00007ffdab81b000 	C:\Program Files\Android\Android Studio\jbr\bin\VCRUNTIME140.dll
0x00007ffdd1bb0000 - 0x00007ffdd1e4b000 	C:\Windows\WinSxS\amd64_microsoft.windows.common-controls_6595b64144ccf1df_6.0.19041.6280_none_60bc30a171f2f3f3\COMCTL32.dll
0x00007ffdd3650000 - 0x00007ffdd36ee000 	C:\Windows\System32\msvcrt.dll
0x00007ffdd4060000 - 0x00007ffdd408b000 	C:\Windows\System32\GDI32.dll
0x00007ffdd3030000 - 0x00007ffdd3052000 	C:\Windows\System32\win32u.dll
0x00007ffdd2930000 - 0x00007ffdd2a49000 	C:\Windows\System32\gdi32full.dll
0x00007ffdd2890000 - 0x00007ffdd292d000 	C:\Windows\System32\msvcp_win.dll
0x00007ffdd4cb0000 - 0x00007ffdd4e4d000 	C:\Windows\System32\USER32.dll
0x00007ffdd3350000 - 0x00007ffdd337f000 	C:\Windows\System32\IMM32.DLL
0x00007ffdcc450000 - 0x00007ffdcc45c000 	C:\Program Files\Android\Android Studio\jbr\bin\vcruntime140_1.dll
0x00007ffdcd970000 - 0x00007ffdcd9fd000 	C:\Program Files\Android\Android Studio\jbr\bin\msvcp140.dll
0x00007ffd604d0000 - 0x00007ffd6115e000 	C:\Program Files\Android\Android Studio\jbr\bin\server\jvm.dll
0x00007ffdd4bf0000 - 0x00007ffdd4ca1000 	C:\Windows\System32\ADVAPI32.dll
0x00007ffdd4650000 - 0x00007ffdd46ef000 	C:\Windows\System32\sechost.dll
0x00007ffdd3380000 - 0x00007ffdd34a0000 	C:\Windows\System32\RPCRT4.dll
0x00007ffdd2f00000 - 0x00007ffdd2f27000 	C:\Windows\System32\bcrypt.dll
0x00007ffdd36f0000 - 0x00007ffdd375b000 	C:\Windows\System32\WS2_32.dll
0x00007ffdd2250000 - 0x00007ffdd229b000 	C:\Windows\SYSTEM32\POWRPROF.dll
0x00007ffdc1a30000 - 0x00007ffdc1a57000 	C:\Windows\SYSTEM32\WINMM.dll
0x00007ffdcef80000 - 0x00007ffdcef8a000 	C:\Windows\SYSTEM32\VERSION.dll
0x00007ffdd1e50000 - 0x00007ffdd1e62000 	C:\Windows\SYSTEM32\UMPDC.dll
0x00007ffdd0300000 - 0x00007ffdd0312000 	C:\Windows\SYSTEM32\kernel.appcore.dll
0x00007ffdcc420000 - 0x00007ffdcc42a000 	C:\Program Files\Android\Android Studio\jbr\bin\jimage.dll
0x00007ffdd1fc0000 - 0x00007ffdd21c1000 	C:\Windows\SYSTEM32\DBGHELP.DLL
0x00007ffdd1f80000 - 0x00007ffdd1fb4000 	C:\Windows\SYSTEM32\dbgcore.DLL
0x00007ffdd3110000 - 0x00007ffdd3192000 	C:\Windows\System32\bcryptPrimitives.dll
0x00007ffdcdd50000 - 0x00007ffdcdd5e000 	C:\Program Files\Android\Android Studio\jbr\bin\instrument.dll
0x00007ffdab710000 - 0x00007ffdab730000 	C:\Program Files\Android\Android Studio\jbr\bin\java.dll
0x00007ffd64a10000 - 0x00007ffd64a28000 	C:\Program Files\Android\Android Studio\jbr\bin\zip.dll
0x00007ffdd3840000 - 0x00007ffdd3fb0000 	C:\Windows\System32\SHELL32.dll
0x00007ffdcfb40000 - 0x00007ffdd02e5000 	C:\Windows\SYSTEM32\windows.storage.dll
0x00007ffdd41c0000 - 0x00007ffdd4513000 	C:\Windows\System32\combase.dll
0x00007ffdd1b10000 - 0x00007ffdd1b3b000 	C:\Windows\SYSTEM32\Wldp.dll
0x00007ffdd31a0000 - 0x00007ffdd326d000 	C:\Windows\System32\OLEAUT32.dll
0x00007ffdd4e50000 - 0x00007ffdd4efd000 	C:\Windows\System32\SHCORE.dll
0x00007ffdd4b70000 - 0x00007ffdd4bcb000 	C:\Windows\System32\shlwapi.dll
0x00007ffdd2740000 - 0x00007ffdd2764000 	C:\Windows\SYSTEM32\profapi.dll
0x00007ffdbb6d0000 - 0x00007ffdbb6e0000 	C:\Program Files\Android\Android Studio\jbr\bin\net.dll
0x00007ffdc8e60000 - 0x00007ffdc8f6a000 	C:\Windows\SYSTEM32\WINHTTP.dll
0x00007ffdd19e0000 - 0x00007ffdd1a4a000 	C:\Windows\system32\mswsock.dll
0x00007ffd7a530000 - 0x00007ffd7a546000 	C:\Program Files\Android\Android Studio\jbr\bin\nio.dll
0x00007ffdc5b90000 - 0x00007ffdc5ba0000 	C:\Program Files\Android\Android Studio\jbr\bin\verify.dll
0x00007ffdcdb60000 - 0x00007ffdcdb87000 	C:\Users\Asus\.gradle\native\1def1411415f61bf3af743bc5b6707747c0891f09f0c88961ee8f79bc544acac\windows-amd64\native-platform.dll
0x00007ffdcd8a0000 - 0x00007ffdcd918000 	C:\Users\Asus\.gradle\native\0.2.7\x86_64-windows-gnu\gradle-fileevents.dll
0x00007ffdb51e0000 - 0x00007ffdb51e9000 	C:\Program Files\Android\Android Studio\jbr\bin\management.dll
0x00007ffdb4ce0000 - 0x00007ffdb4ceb000 	C:\Program Files\Android\Android Studio\jbr\bin\management_ext.dll
0x00007ffdd32e0000 - 0x00007ffdd32e8000 	C:\Windows\System32\PSAPI.DLL
0x00007ffdd1550000 - 0x00007ffdd158b000 	C:\Windows\SYSTEM32\IPHLPAPI.DLL
0x00007ffdd32d0000 - 0x00007ffdd32d8000 	C:\Windows\System32\NSI.dll
0x00007ffdb69f0000 - 0x00007ffdb69f9000 	C:\Program Files\Android\Android Studio\jbr\bin\extnet.dll
0x00007ffdd2580000 - 0x00007ffdd2598000 	C:\Windows\SYSTEM32\CRYPTSP.dll
0x00007ffdd11f0000 - 0x00007ffdd1228000 	C:\Windows\system32\rsaenh.dll
0x00007ffdd26c0000 - 0x00007ffdd26ee000 	C:\Windows\SYSTEM32\USERENV.dll
0x00007ffdd1ad0000 - 0x00007ffdd1adc000 	C:\Windows\SYSTEM32\CRYPTBASE.dll
0x00007ffdb7b50000 - 0x00007ffdb7b57000 	C:\Windows\system32\wshunix.dll

dbghelp: loaded successfully - version: 4.0.5 - missing functions: none
symbol engine: initialized successfully - sym options: 0x614 - pdb path: .;C:\Program Files\Android\Android Studio\jbr\bin;C:\Windows\SYSTEM32;C:\Windows\WinSxS\amd64_microsoft.windows.common-controls_6595b64144ccf1df_6.0.19041.6280_none_60bc30a171f2f3f3;C:\Program Files\Android\Android Studio\jbr\bin\server;C:\Users\Asus\.gradle\native\1def1411415f61bf3af743bc5b6707747c0891f09f0c88961ee8f79bc544acac\windows-amd64;C:\Users\Asus\.gradle\native\0.2.7\x86_64-windows-gnu

VM Arguments:
jvm_args: --add-opens=java.base/java.lang=ALL-UNNAMED --add-opens=java.base/java.lang.invoke=ALL-UNNAMED --add-opens=java.base/java.util=ALL-UNNAMED --add-opens=java.prefs/java.util.prefs=ALL-UNNAMED --add-exports=jdk.compiler/com.sun.tools.javac.api=ALL-UNNAMED --add-exports=jdk.compiler/com.sun.tools.javac.util=ALL-UNNAMED --add-opens=java.base/java.util=ALL-UNNAMED --add-opens=java.prefs/java.util.prefs=ALL-UNNAMED --add-opens=java.base/java.nio.charset=ALL-UNNAMED --add-opens=java.base/java.net=ALL-UNNAMED --add-opens=java.base/java.util.concurrent.atomic=ALL-UNNAMED --add-opens=java.xml/javax.xml.namespace=ALL-UNNAMED -Xmx2048m -Dfile.encoding=UTF-8 -Duser.country=ID -Duser.language=en -Duser.variant -javaagent:C:\Users\Asus\.gradle\wrapper\dists\gradle-8.13-bin\5xuhj0ry160q40clulazy9h7d\gradle-8.13\lib\agents\gradle-instrumentation-agent-8.13.jar 
java_command: org.gradle.launcher.daemon.bootstrap.GradleDaemon 8.13
java_class_path (initial): C:\Users\Asus\.gradle\wrapper\dists\gradle-8.13-bin\5xuhj0ry160q40clulazy9h7d\gradle-8.13\lib\gradle-daemon-main-8.13.jar
Launcher Type: SUN_STANDARD

[Global flags]
     intx CICompilerCount                          = 4                                         {product} {ergonomic}
     uint ConcGCThreads                            = 2                                         {product} {ergonomic}
     uint G1ConcRefinementThreads                  = 8                                         {product} {ergonomic}
   size_t G1HeapRegionSize                         = 1048576                                   {product} {ergonomic}
    uintx GCDrainStackTargetSize                   = 64                                        {product} {ergonomic}
   size_t InitialHeapSize                          = 65011712                                  {product} {ergonomic}
   size_t MarkStackSize                            = 4194304                                   {product} {ergonomic}
   size_t MaxHeapSize                              = 2147483648                                {product} {command line}
   size_t MaxNewSize                               = 1287651328                                {product} {ergonomic}
   size_t MinHeapDeltaBytes                        = 1048576                                   {product} {ergonomic}
   size_t MinHeapSize                              = 8388608                                   {product} {ergonomic}
    uintx NonNMethodCodeHeapSize                   = 5839372                                {pd product} {ergonomic}
    uintx NonProfiledCodeHeapSize                  = 122909434                              {pd product} {ergonomic}
    uintx ProfiledCodeHeapSize                     = 122909434                              {pd product} {ergonomic}
    uintx ReservedCodeCacheSize                    = 251658240                              {pd product} {ergonomic}
     bool SegmentedCodeCache                       = true                                      {product} {ergonomic}
   size_t SoftMaxHeapSize                          = 2147483648                             {manageable} {ergonomic}
     bool UseCompressedOops                        = true                           {product lp64_product} {ergonomic}
     bool UseG1GC                                  = true                                      {product} {ergonomic}
     bool UseLargePagesIndividualAllocation        = false                                  {pd product} {ergonomic}

Logging:
Log output configuration:
 #0: stdout all=warning uptime,level,tags foldmultilines=false
 #1: stderr all=off uptime,level,tags foldmultilines=false

Environment Variables:
PATH=C:\Windows\system32;C:\Windows;C:\Windows\System32\Wbem;C:\Windows\System32\WindowsPowerShell\v1.0\;C:\Windows\System32\OpenSSH\;C:\Program Files (x86)\NVIDIA Corporation\PhysX\Common;C:\Program Files\Git\cmd;C:\Program Files\dotnet\;C:\Users\Asus\AppData\Local\Microsoft\WindowsApps;C:\Users\Asus\AppData\Local\Programs\Microsoft VS Code\bin;C:\Users\Asus\AppData\Local\GitHubDesktop\bin;C:\Users\Asus\.dotnet\tools
USERNAME=Asus
OS=Windows_NT
PROCESSOR_IDENTIFIER=Intel64 Family 6 Model 142 Stepping 12, GenuineIntel
TMP=C:\Users\Asus\AppData\Local\Temp
TEMP=C:\Users\Asus\AppData\Local\Temp




Periodic native trim disabled

JNI global refs:
JNI global refs: 27, weak refs: 1

JNI global refs memory usage: 835, weak refs: 833

Process memory usage:
Resident Set Size: 140084K (3% of 4042184K total physical memory with 18368K free physical memory)

OOME stack traces (most recent first):
Classloader memory used:
Loader org.gradle.internal.classloader.VisitableURLClassLoader                         : 26257K
Loader bootstrap                                                                       : 22364K
Loader org.gradle.initialization.MixInLegacyTypesClassLoader                           : 6188K
Loader org.gradle.internal.classloader.VisitableURLClassLoader                         : 734K
Loader jdk.internal.loader.ClassLoaders$PlatformClassLoader                            : 500K
Loader jdk.internal.loader.ClassLoaders$AppClassLoader                                 : 235K
Loader jdk.internal.reflect.DelegatingClassLoader                                      : 158K
Loader org.gradle.groovy.scripts.internal.DefaultScriptCompilationHandler$ScriptClassLoader: 35128B
Loader org.codehaus.groovy.runtime.callsite.CallSiteClassLoader                        : 7200B

Classes loaded by more than one classloader:
Class org.gradle.api.GradleException                                                  : loaded 3 times (x 80B)
Class org.gradle.internal.classloader.FilteringClassLoader                            : loaded 2 times (x 103B)
Class org.gradle.internal.classloader.ClassLoaderHierarchy                            : loaded 2 times (x 68B)
Class org.gradle.api.internal.classpath.ManifestUtil                                  : loaded 2 times (x 69B)
Class org.gradle.internal.operations.MultipleBuildOperationFailures                   : loaded 2 times (x 93B)
Class org.gradle.internal.classloader.DefaultClassLoaderFactory                       : loaded 2 times (x 80B)
Class kotlin.collections.AbstractList$Companion                                       : loaded 2 times (x 69B)
Class org.gradle.internal.classloader.ClassLoaderVisitor                              : loaded 2 times (x 74B)
Class org.gradle.api.internal.classpath.EffectiveClassPath                            : loaded 2 times (x 88B)
Class org.gradle.api.internal.DefaultClassPathProvider                                : loaded 2 times (x 74B)
Class [Lorg.gradle.api.internal.ClassPathProvider;                                    : loaded 2 times (x 67B)
Class org.gradle.api.internal.ClassPathProvider                                       : loaded 2 times (x 68B)
Class org.gradle.internal.service.UnknownServiceException                             : loaded 2 times (x 81B)
Class org.gradle.internal.classpath.TransformedClassPath                              : loaded 2 times (x 94B)
Class org.gradle.internal.classloader.InstrumentingClassLoader                        : loaded 2 times (x 68B)
Class kotlin.enums.EnumEntriesList                                                    : loaded 2 times (x 221B)
Class org.gradle.internal.service.ServiceLocator                                      : loaded 2 times (x 68B)
Class org.gradle.internal.InternalTransformer                                         : loaded 2 times (x 68B)
Class org.gradle.internal.time.DefaultTimer                                           : loaded 2 times (x 78B)
Class org.gradle.internal.classloader.ClasspathUtil$1                                 : loaded 2 times (x 74B)
Class org.gradle.api.internal.classpath.DefaultModuleRegistry$DefaultModule           : loaded 2 times (x 84B)
Class org.gradle.internal.time.DefaultCountdownTimer                                  : loaded 2 times (x 86B)
Class kotlin.Function                                                                 : loaded 2 times (x 68B)
Class org.gradle.api.internal.classpath.Module                                        : loaded 2 times (x 68B)
Class org.gradle.api.internal.classpath.UnknownModuleException                        : loaded 2 times (x 80B)
Class org.gradle.api.internal.DefaultClassPathRegistry                                : loaded 2 times (x 74B)
Class org.gradle.api.internal.ClassPathRegistry                                       : loaded 2 times (x 68B)
Class org.gradle.internal.classpath.DefaultClassPath$ImmutableUniqueList              : loaded 2 times (x 197B)
Class org.gradle.internal.classpath.ClassPath                                         : loaded 2 times (x 68B)
Class org.gradle.api.UncheckedIOException                                             : loaded 2 times (x 80B)
Class kotlin.UninitializedPropertyAccessException                                     : loaded 2 times (x 80B)
Class org.gradle.internal.installation.GradleInstallation$1                           : loaded 2 times (x 73B)
Class org.gradle.api.internal.classpath.ModuleRegistry                                : loaded 2 times (x 68B)
Class org.gradle.api.internal.classpath.DefaultModuleRegistry                         : loaded 2 times (x 84B)
Class org.gradle.internal.time.MonotonicClock                                         : loaded 2 times (x 75B)
Class org.gradle.internal.service.ServiceLookupException                              : loaded 2 times (x 80B)
Class org.gradle.internal.classloader.ClassLoaderFactory                              : loaded 2 times (x 68B)
Class org.gradle.internal.service.CachingServiceLocator                               : loaded 2 times (x 80B)
Class org.gradle.internal.time.TimeSource                                             : loaded 2 times (x 68B)
Class kotlin.enums.EnumEntries                                                        : loaded 2 times (x 68B)
Class org.gradle.internal.exceptions.ResolutionProvider                               : loaded 2 times (x 68B)
Class org.gradle.internal.classloader.ClasspathUtil                                   : loaded 2 times (x 69B)
Class org.gradle.internal.time.TimeSource$1                                           : loaded 2 times (x 75B)
Class org.gradle.api.specs.Spec                                                       : loaded 2 times (x 68B)
Class org.gradle.internal.time.Clock                                                  : loaded 2 times (x 68B)
Class kotlin.collections.AbstractList                                                 : loaded 2 times (x 195B)
Class kotlin.collections.AbstractCollection                                           : loaded 2 times (x 115B)
Class org.gradle.internal.classloader.VisitableURLClassLoader$InstrumentingVisitableURLClassLoader: loaded 2 times (x 121B)
Class org.gradle.internal.classloader.VisitableURLClassLoader$Spec                    : loaded 2 times (x 72B)
Class org.gradle.internal.classpath.DefaultClassPath                                  : loaded 2 times (x 88B)
Class org.gradle.internal.classloader.ClassLoaderSpec                                 : loaded 2 times (x 69B)
Class org.gradle.internal.classloader.VisitableURLClassLoader                         : loaded 2 times (x 115B)
Class org.gradle.internal.Cast                                                        : loaded 2 times (x 69B)
Class org.gradle.api.Action                                                           : loaded 2 times (x 68B)
Class kotlin.jvm.functions.Function1                                                  : loaded 2 times (x 68B)
Class org.gradle.internal.classpath.DefaultClassPath$ImmutableUniqueList$Builder      : loaded 2 times (x 73B)
Class kotlin.NotImplementedError                                                      : loaded 2 times (x 80B)
Class org.gradle.internal.exceptions.NonGradleCauseExceptionsHolder                   : loaded 2 times (x 68B)
Class kotlin.enums.EnumEntriesKt                                                      : loaded 2 times (x 69B)
Class org.gradle.internal.IoActions                                                   : loaded 2 times (x 69B)
Class org.gradle.internal.classloader.SystemClassLoaderSpec                           : loaded 2 times (x 69B)
Class org.gradle.internal.exceptions.MultiCauseException                              : loaded 2 times (x 68B)
Class org.gradle.internal.time.CountdownTimer                                         : loaded 2 times (x 68B)
Class kotlin.jvm.internal.Intrinsics                                                  : loaded 2 times (x 69B)
Class org.gradle.tooling.model.ProjectModel                                           : loaded 2 times (x 68B)
Class kotlin.KotlinNullPointerException                                               : loaded 2 times (x 81B)
Class org.gradle.internal.exceptions.DefaultMultiCauseException                       : loaded 2 times (x 93B)
Class org.gradle.internal.time.Time                                                   : loaded 2 times (x 69B)
Class org.gradle.api.internal.classpath.GlobalCacheRootsProvider                      : loaded 2 times (x 68B)
Class org.gradle.internal.time.Timer                                                  : loaded 2 times (x 68B)
Class kotlin.jvm.internal.markers.KMappedMarker                                       : loaded 2 times (x 68B)
Class org.gradle.internal.installation.CurrentGradleInstallationLocator               : loaded 2 times (x 69B)
Class org.gradle.internal.service.DefaultServiceLocator                               : loaded 2 times (x 81B)
Class org.gradle.util.GradleVersion                                                   : loaded 2 times (x 77B)
Class org.gradle.internal.installation.CurrentGradleInstallation                      : loaded 2 times (x 71B)
Class org.gradle.util.internal.GUtil                                                  : loaded 2 times (x 69B)
Class org.gradle.internal.installation.GradleInstallation                             : loaded 2 times (x 73B)

---------------  S Y S T E M  ---------------

OS:
 Windows 10 , 64 bit Build 19041 (10.0.19041.5915)
OS uptime: 6 days 20:06 hours

CPU: total 8 (initial active 8) (4 cores per cpu, 2 threads per core) family 6 model 142 stepping 12 microcode 0xde, cx8, cmov, fxsr, ht, mmx, 3dnowpref, sse, sse2, sse3, ssse3, sse4.1, sse4.2, popcnt, lzcnt, tsc, tscinvbit, avx, avx2, aes, erms, clmul, bmi1, bmi2, adx, fma, vzeroupper, clflush, clflushopt, rdtscp, f16c
Processor Information for the first 8 processors :
  Max Mhz: 1800, Current Mhz: 1600, Mhz Limit: 1584

Memory: 4k page, system-wide physical 3947M (16M free)
TotalPageFile size 16235M (AvailPageFile size 1M)
current process WorkingSet (physical memory assigned to process): 139M, peak: 153M
current process commit charge ("private bytes"): 301M, peak: 306M

vm_info: OpenJDK 64-Bit Server VM (21.0.7+-13880790-b1038.58) for windows-amd64 JRE (21.0.7+-13880790-b1038.58), built on 2025-08-04T20:56:21Z by "builder" with MS VC++ 16.10 / 16.11 (VS2019)

END.
