#
# There is insufficient memory for the Java Runtime Environment to continue.
# Native memory allocation (mmap) failed to map 23068672 bytes. Error detail: G1 virtual space
# Possible reasons:
#   The system is out of physical RAM or swap space
#   This process is running with CompressedOops enabled, and the Java Heap may be blocking the growth of the native heap
# Possible solutions:
#   Reduce memory load on the system
#   Increase physical memory or swap space
#   Check if swap backing store is full
#   Decrease Java heap size (-Xmx/-Xms)
#   Decrease number of Java threads
#   Decrease Java thread stack sizes (-Xss)
#   Set larger code cache with -XX:ReservedCodeCacheSize=
#   JVM is running with Unscaled Compressed Oops mode in which the Java heap is
#     placed in the first 4GB address space. The Java Heap base address is the
#     maximum limit for the native heap growth. Please use -XX:HeapBaseMinAddress
#     to set the Java Heap base and to place the Java Heap above 4GB virtual address.
# This output file may be truncated or incomplete.
#
#  Out of Memory Error (os_windows.cpp:3898), pid=18544, tid=2732
#
# JRE version: OpenJDK Runtime Environment (21.0.7) (build 21.0.7+-13880790-b1038.58)
# Java VM: OpenJDK 64-Bit Server VM (21.0.7+-13880790-b1038.58, mixed mode, tiered, compressed oops, compressed class ptrs, g1 gc, windows-amd64)
# No core dump will be written. Minidumps are not enabled by default on client versions of Windows
#

---------------  S U M M A R Y ------------

Command Line: --add-opens=java.base/java.lang=ALL-UNNAMED --add-opens=java.base/java.lang.invoke=ALL-UNNAMED --add-opens=java.base/java.util=ALL-UNNAMED --add-opens=java.prefs/java.util.prefs=ALL-UNNAMED --add-exports=jdk.compiler/com.sun.tools.javac.api=ALL-UNNAMED --add-exports=jdk.compiler/com.sun.tools.javac.util=ALL-UNNAMED --add-opens=java.base/java.util=ALL-UNNAMED --add-opens=java.prefs/java.util.prefs=ALL-UNNAMED --add-opens=java.base/java.nio.charset=ALL-UNNAMED --add-opens=java.base/java.net=ALL-UNNAMED --add-opens=java.base/java.util.concurrent.atomic=ALL-UNNAMED --add-opens=java.xml/javax.xml.namespace=ALL-UNNAMED -Xmx2048m -Dfile.encoding=UTF-8 -Duser.country=ID -Duser.language=en -Duser.variant -javaagent:C:\Users\Asus\.gradle\wrapper\dists\gradle-8.13-bin\5xuhj0ry160q40clulazy9h7d\gradle-8.13\lib\agents\gradle-instrumentation-agent-8.13.jar org.gradle.launcher.daemon.bootstrap.GradleDaemon 8.13

Host: Intel(R) Core(TM) i5-8265U CPU @ 1.60GHz, 8 cores, 3G,  Windows 10 , 64 bit Build 19041 (10.0.19041.5915)
Time: Fri Sep 26 11:27:55 2025 SE Asia Standard Time elapsed time: 66.511381 seconds (0d 0h 1m 6s)

---------------  T H R E A D  ---------------

Current thread (0x0000023154d20e70):  VMThread "VM Thread"          [id=2732, stack(0x0000008ff3c00000,0x0000008ff3d00000) (1024K)]

Stack: [0x0000008ff3c00000,0x0000008ff3d00000]
Native frames: (J=compiled Java code, j=interpreted, Vv=VM code, C=native code)
V  [jvm.dll+0x6d25c9]
V  [jvm.dll+0x860923]
V  [jvm.dll+0x862e7e]
V  [jvm.dll+0x863563]
V  [jvm.dll+0x27f156]
V  [jvm.dll+0x6ceee5]
V  [jvm.dll+0x6c29aa]
V  [jvm.dll+0x355ebb]
V  [jvm.dll+0x35db16]
V  [jvm.dll+0x3afb16]
V  [jvm.dll+0x3afde8]
V  [jvm.dll+0x32855c]
V  [jvm.dll+0x3285e7]
V  [jvm.dll+0x36e47c]
V  [jvm.dll+0x36cc2e]
V  [jvm.dll+0x327cb1]
V  [jvm.dll+0x36c330]
V  [jvm.dll+0x8692e8]
V  [jvm.dll+0x86a664]
V  [jvm.dll+0x86aba0]
V  [jvm.dll+0x86ae33]
V  [jvm.dll+0x808d08]
V  [jvm.dll+0x6d0e1d]
C  [ucrtbase.dll+0x21bb2]
C  [KERNEL32.DLL+0x17374]
C  [ntdll.dll+0x4cc91]

VM_Operation (0x0000008ff54f4260): G1CollectForAllocation, mode: safepoint, requested by thread 0x000002315ab53f40


---------------  P R O C E S S  ---------------

Threads class SMR info:
_java_thread_list=0x000002315b3c6960, length=40, elements={
0x000002313b361b70, 0x0000023154d5dfc0, 0x0000023159024d50, 0x0000023159025a70,
0x000002315902f5f0, 0x0000023159030050, 0x0000023159032ac0, 0x0000023159033520,
0x00000231590352c0, 0x0000023159035d60, 0x0000023159347a90, 0x00000231595da010,
0x000002315a952dd0, 0x00000231593fddf0, 0x000002315a27d800, 0x00000231594b1de0,
0x000002315a1393e0, 0x000002315ab53f40, 0x000002315aa525b0, 0x000002315aa52c40,
0x000002315aa532d0, 0x000002315aa51f20, 0x000002315b72d3d0, 0x000002315b72f4a0,
0x000002315b730850, 0x000002315b732290, 0x000002315b732fb0, 0x000002315b731c00,
0x000002315b732920, 0x000002315b72ee10, 0x000002315b733640, 0x000002315b730ee0,
0x000002315b733cd0, 0x000002315b734360, 0x000002315b7349f0, 0x000002315b731570,
0x000002315b72da60, 0x000002315b72e780, 0x000002315b7301c0, 0x000002315ba262d0
}

Java Threads: ( => current thread )
  0x000002313b361b70 JavaThread "main"                              [_thread_blocked, id=10884, stack(0x0000008ff3500000,0x0000008ff3600000) (1024K)]
  0x0000023154d5dfc0 JavaThread "Common-Cleaner"             daemon [_thread_blocked, id=4528, stack(0x0000008ff3d00000,0x0000008ff3e00000) (1024K)]
  0x0000023159024d50 JavaThread "Reference Handler"          daemon [_thread_blocked, id=15964, stack(0x0000008ff3e00000,0x0000008ff3f00000) (1024K)]
  0x0000023159025a70 JavaThread "Finalizer"                  daemon [_thread_blocked, id=19768, stack(0x0000008ff3f00000,0x0000008ff4000000) (1024K)]
  0x000002315902f5f0 JavaThread "Signal Dispatcher"          daemon [_thread_blocked, id=13008, stack(0x0000008ff4000000,0x0000008ff4100000) (1024K)]
  0x0000023159030050 JavaThread "Attach Listener"            daemon [_thread_blocked, id=14468, stack(0x0000008ff4100000,0x0000008ff4200000) (1024K)]
  0x0000023159032ac0 JavaThread "Service Thread"             daemon [_thread_blocked, id=16304, stack(0x0000008ff4200000,0x0000008ff4300000) (1024K)]
  0x0000023159033520 JavaThread "Monitor Deflation Thread"   daemon [_thread_blocked, id=19664, stack(0x0000008ff4300000,0x0000008ff4400000) (1024K)]
  0x00000231590352c0 JavaThread "C2 CompilerThread0"         daemon [_thread_blocked, id=22572, stack(0x0000008ff4400000,0x0000008ff4500000) (1024K)]
  0x0000023159035d60 JavaThread "C1 CompilerThread0"         daemon [_thread_blocked, id=17224, stack(0x0000008ff4500000,0x0000008ff4600000) (1024K)]
  0x0000023159347a90 JavaThread "Notification Thread"        daemon [_thread_blocked, id=17888, stack(0x0000008ff4600000,0x0000008ff4700000) (1024K)]
  0x00000231595da010 JavaThread "Daemon health stats"               [_thread_blocked, id=10596, stack(0x0000008ff4b00000,0x0000008ff4c00000) (1024K)]
  0x000002315a952dd0 JavaThread "Incoming local TCP Connector on port 62445"        [_thread_in_native, id=22332, stack(0x0000008ff4c00000,0x0000008ff4d00000) (1024K)]
  0x00000231593fddf0 JavaThread "Daemon periodic checks"            [_thread_blocked, id=20884, stack(0x0000008ff5000000,0x0000008ff5100000) (1024K)]
  0x000002315a27d800 JavaThread "Daemon"                            [_thread_blocked, id=7324, stack(0x0000008ff5100000,0x0000008ff5200000) (1024K)]
  0x00000231594b1de0 JavaThread "Handler for socket connection from /127.0.0.1:62445 to /127.0.0.1:62455"        [_thread_in_native, id=5752, stack(0x0000008ff5200000,0x0000008ff5300000) (1024K)]
  0x000002315a1393e0 JavaThread "Cancel handler"                    [_thread_blocked, id=14592, stack(0x0000008ff5300000,0x0000008ff5400000) (1024K)]
  0x000002315ab53f40 JavaThread "Daemon worker"                     [_thread_blocked, id=10984, stack(0x0000008ff5400000,0x0000008ff5500000) (1024K)]
  0x000002315aa525b0 JavaThread "Asynchronous log dispatcher for DefaultDaemonConnection: socket connection from /127.0.0.1:62445 to /127.0.0.1:62455"        [_thread_blocked, id=8220, stack(0x0000008ff5500000,0x0000008ff5600000) (1024K)]
  0x000002315aa52c40 JavaThread "Stdin handler"                     [_thread_blocked, id=19876, stack(0x0000008ff5700000,0x0000008ff5800000) (1024K)]
  0x000002315aa532d0 JavaThread "Daemon client event forwarder"        [_thread_blocked, id=9040, stack(0x0000008ff5800000,0x0000008ff5900000) (1024K)]
  0x000002315aa51f20 JavaThread "Cache worker for journal cache (C:\Users\Asus\.gradle\caches\journal-1)"        [_thread_blocked, id=14552, stack(0x0000008ff5900000,0x0000008ff5a00000) (1024K)]
  0x000002315b72d3d0 JavaThread "File lock request listener"        [_thread_in_native, id=17884, stack(0x0000008ff5a00000,0x0000008ff5b00000) (1024K)]
  0x000002315b72f4a0 JavaThread "File lock release action executor"        [_thread_blocked, id=3576, stack(0x0000008ff5b00000,0x0000008ff5c00000) (1024K)]
  0x000002315b730850 JavaThread "Cache worker for file hash cache (C:\Users\Asus\.gradle\caches\8.13\fileHashes)"        [_thread_blocked, id=22904, stack(0x0000008ff5c00000,0x0000008ff5d00000) (1024K)]
  0x000002315b732290 JavaThread "Cache worker for file hash cache (E:\5\IF570-HL (Mobile Application Programming)\LAB_WEEK_052\.gradle\8.13\fileHashes)"        [_thread_blocked, id=3820, stack(0x0000008ff3200000,0x0000008ff3300000) (1024K)]
  0x000002315b732fb0 JavaThread "Cache worker for Build Output Cleanup Cache (E:\5\IF570-HL (Mobile Application Programming)\LAB_WEEK_052\.gradle\buildOutputCleanup)"        [_thread_blocked, id=19596, stack(0x0000008ff5d00000,0x0000008ff5e00000) (1024K)]
  0x000002315b731c00 JavaThread "File watcher server"        daemon [_thread_in_native, id=17896, stack(0x0000008ff5e00000,0x0000008ff5f00000) (1024K)]
  0x000002315b732920 JavaThread "File watcher consumer"      daemon [_thread_blocked, id=12124, stack(0x0000008ff5f00000,0x0000008ff6000000) (1024K)]
  0x000002315b72ee10 JavaThread "jar transforms"                    [_thread_blocked, id=10420, stack(0x0000008ff6000000,0x0000008ff6100000) (1024K)]
  0x000002315b733640 JavaThread "jar transforms Thread 2"           [_thread_blocked, id=832, stack(0x0000008ff6100000,0x0000008ff6200000) (1024K)]
  0x000002315b730ee0 JavaThread "jar transforms Thread 3"           [_thread_blocked, id=15264, stack(0x0000008ff6200000,0x0000008ff6300000) (1024K)]
  0x000002315b733cd0 JavaThread "jar transforms Thread 4"           [_thread_blocked, id=15464, stack(0x0000008ff6300000,0x0000008ff6400000) (1024K)]
  0x000002315b734360 JavaThread "jar transforms Thread 5"           [_thread_blocked, id=22872, stack(0x0000008ff6400000,0x0000008ff6500000) (1024K)]
  0x000002315b7349f0 JavaThread "jar transforms Thread 6"           [_thread_blocked, id=4816, stack(0x0000008ff6500000,0x0000008ff6600000) (1024K)]
  0x000002315b731570 JavaThread "jar transforms Thread 7"           [_thread_blocked, id=14620, stack(0x0000008ff6600000,0x0000008ff6700000) (1024K)]
  0x000002315b72da60 JavaThread "jar transforms Thread 8"           [_thread_blocked, id=18952, stack(0x0000008ff6700000,0x0000008ff6800000) (1024K)]
  0x000002315b72e780 JavaThread "Cache worker for checksums cache (E:\5\IF570-HL (Mobile Application Programming)\LAB_WEEK_052\.gradle\8.13\checksums)"        [_thread_blocked, id=17452, stack(0x0000008ff6800000,0x0000008ff6900000) (1024K)]
  0x000002315b7301c0 JavaThread "Cache worker for file content cache (C:\Users\Asus\.gradle\caches\8.13\fileContent)"        [_thread_blocked, id=12304, stack(0x0000008ff3300000,0x0000008ff3400000) (1024K)]
  0x000002315ba262d0 JavaThread "Cache worker for cache directory md-supplier (C:\Users\Asus\.gradle\caches\8.13\md-supplier)"        [_thread_blocked, id=19104, stack(0x0000008ff3400000,0x0000008ff3500000) (1024K)]
Total: 40

Other Threads:
=>0x0000023154d20e70 VMThread "VM Thread"                           [id=2732, stack(0x0000008ff3c00000,0x0000008ff3d00000) (1024K)]
  0x0000023154c8e9d0 WatcherThread "VM Periodic Task Thread"        [id=15948, stack(0x0000008ff3b00000,0x0000008ff3c00000) (1024K)]
  0x000002313d695e70 WorkerThread "GC Thread#0"                     [id=22556, stack(0x0000008ff3600000,0x0000008ff3700000) (1024K)]
  0x00000231596ee4e0 WorkerThread "GC Thread#1"                     [id=4220, stack(0x0000008ff4700000,0x0000008ff4800000) (1024K)]
  0x0000023159424b60 WorkerThread "GC Thread#2"                     [id=12656, stack(0x0000008ff4800000,0x0000008ff4900000) (1024K)]
  0x0000023159424f00 WorkerThread "GC Thread#3"                     [id=21944, stack(0x0000008ff4900000,0x0000008ff4a00000) (1024K)]
  0x0000023159d5c5b0 WorkerThread "GC Thread#4"                     [id=10184, stack(0x0000008ff4a00000,0x0000008ff4b00000) (1024K)]
  0x000002315a8d7180 WorkerThread "GC Thread#5"                     [id=11300, stack(0x0000008ff4d00000,0x0000008ff4e00000) (1024K)]
  0x0000023159d4c4d0 WorkerThread "GC Thread#6"                     [id=16432, stack(0x0000008ff4e00000,0x0000008ff4f00000) (1024K)]
  0x0000023159d4c870 WorkerThread "GC Thread#7"                     [id=14264, stack(0x0000008ff4f00000,0x0000008ff5000000) (1024K)]
  0x000002313d6a7670 ConcurrentGCThread "G1 Main Marker"            [id=21768, stack(0x0000008ff3700000,0x0000008ff3800000) (1024K)]
  0x000002313d6a81f0 WorkerThread "G1 Conc#0"                       [id=11192, stack(0x0000008ff3800000,0x0000008ff3900000) (1024K)]
  0x000002315a95b8c0 WorkerThread "G1 Conc#1"                       [id=21300, stack(0x0000008ff5600000,0x0000008ff5700000) (1024K)]
  0x0000023154b710a0 ConcurrentGCThread "G1 Refine#0"               [id=12616, stack(0x0000008ff3900000,0x0000008ff3a00000) (1024K)]
  0x0000023154b71b20 ConcurrentGCThread "G1 Service"                [id=7108, stack(0x0000008ff3a00000,0x0000008ff3b00000) (1024K)]
Total: 15

Threads with active compile tasks:
Total: 0

VM state: at safepoint (normal execution)

VM Mutex/Monitor currently owned by a thread:  ([mutex/lock_event])
[0x00007ffd61081468] Threads_lock - owner thread: 0x0000023154d20e70
[0x00007ffd61081568] Heap_lock - owner thread: 0x000002315ab53f40

Heap address: 0x0000000080000000, size: 2048 MB, Compressed Oops mode: 32-bit

CDS archive(s) not mapped
Compressed class space mapped at: 0x0000000100000000-0x0000000140000000, reserved size: 1073741824
Narrow klass base: 0x0000000000000000, Narrow klass shift: 3, Narrow klass range: 0x140000000

GC Precious Log:
 CardTable entry size: 512
 Card Set container configuration: InlinePtr #cards 5 size 8 Array Of Cards #cards 12 size 40 Howl #buckets 4 coarsen threshold 1843 Howl Bitmap #cards 512 size 80 coarsen threshold 460 Card regions per heap region 1 cards per card region 2048
 CPUs: 8 total, 8 available
 Memory: 3947M
 Large Page Support: Disabled
 NUMA Support: Disabled
 Compressed Oops: Enabled (32-bit)
 Heap Region Size: 1M
 Heap Min Capacity: 8M
 Heap Initial Capacity: 62M
 Heap Max Capacity: 2G
 Pre-touch: Disabled
 Parallel Workers: 8
 Concurrent Workers: 2
 Concurrent Refinement Workers: 8
 Periodic GC: Disabled

Heap:
 garbage-first heap   total 112640K, used 68397K [0x0000000080000000, 0x0000000100000000)
  region size 1024K, 2 young (2048K), 2 survivors (2048K)
 Metaspace       used 50784K, committed 52032K, reserved 1114112K
  class space    used 6825K, committed 7424K, reserved 1048576K

Heap Regions: E=young(eden), S=young(survivor), O=old, HS=humongous(starts), HC=humongous(continues), CS=collection set, F=free, TAMS=top-at-mark-start, PB=parsable bottom
|   0|0x0000000080000000, 0x0000000080100000, 0x0000000080100000|100%|HS|  |TAMS 0x0000000080000000| PB 0x0000000080000000| Complete 
|   1|0x0000000080100000, 0x0000000080200000, 0x0000000080200000|100%|HC|  |TAMS 0x0000000080100000| PB 0x0000000080100000| Complete 
|   2|0x0000000080200000, 0x0000000080300000, 0x0000000080300000|100%|HC|  |TAMS 0x0000000080200000| PB 0x0000000080200000| Complete 
|   3|0x0000000080300000, 0x0000000080400000, 0x0000000080400000|100%| O|  |TAMS 0x0000000080300000| PB 0x0000000080300000| Untracked 
|   4|0x0000000080400000, 0x0000000080500000, 0x0000000080500000|100%| O|  |TAMS 0x0000000080400000| PB 0x0000000080400000| Untracked 
|   5|0x0000000080500000, 0x0000000080600000, 0x0000000080600000|100%| O|  |TAMS 0x0000000080500000| PB 0x0000000080500000| Untracked 
|   6|0x0000000080600000, 0x0000000080700000, 0x0000000080700000|100%| O|  |TAMS 0x0000000080600000| PB 0x0000000080600000| Untracked 
|   7|0x0000000080700000, 0x0000000080800000, 0x0000000080800000|100%| O|  |TAMS 0x0000000080700000| PB 0x0000000080700000| Untracked 
|   8|0x0000000080800000, 0x0000000080900000, 0x0000000080900000|100%| O|  |TAMS 0x0000000080800000| PB 0x0000000080800000| Untracked 
|   9|0x0000000080900000, 0x0000000080a00000, 0x0000000080a00000|100%| O|  |TAMS 0x0000000080900000| PB 0x0000000080900000| Untracked 
|  10|0x0000000080a00000, 0x0000000080b00000, 0x0000000080b00000|100%| O|  |TAMS 0x0000000080a00000| PB 0x0000000080a00000| Untracked 
|  11|0x0000000080b00000, 0x0000000080c00000, 0x0000000080c00000|100%|HS|  |TAMS 0x0000000080b00000| PB 0x0000000080b00000| Complete 
|  12|0x0000000080c00000, 0x0000000080d00000, 0x0000000080d00000|100%| O|  |TAMS 0x0000000080c00000| PB 0x0000000080c00000| Untracked 
|  13|0x0000000080d00000, 0x0000000080e00000, 0x0000000080e00000|100%| O|  |TAMS 0x0000000080d00000| PB 0x0000000080d00000| Untracked 
|  14|0x0000000080e00000, 0x0000000080f00000, 0x0000000080f00000|100%| O|  |TAMS 0x0000000080e00000| PB 0x0000000080e00000| Untracked 
|  15|0x0000000080f00000, 0x0000000081000000, 0x0000000081000000|100%| O|  |TAMS 0x0000000080f00000| PB 0x0000000080f00000| Untracked 
|  16|0x0000000081000000, 0x0000000081100000, 0x0000000081100000|100%| O|  |TAMS 0x0000000081000000| PB 0x0000000081000000| Untracked 
|  17|0x0000000081100000, 0x0000000081200000, 0x0000000081200000|100%| O|  |TAMS 0x0000000081100000| PB 0x0000000081100000| Untracked 
|  18|0x0000000081200000, 0x0000000081300000, 0x0000000081300000|100%| O|  |TAMS 0x0000000081200000| PB 0x0000000081200000| Untracked 
|  19|0x0000000081300000, 0x0000000081400000, 0x0000000081400000|100%| O|  |TAMS 0x0000000081300000| PB 0x0000000081300000| Untracked 
|  20|0x0000000081400000, 0x0000000081500000, 0x0000000081500000|100%| O|  |TAMS 0x0000000081400000| PB 0x0000000081400000| Untracked 
|  21|0x0000000081500000, 0x0000000081600000, 0x0000000081600000|100%| O|  |TAMS 0x0000000081500000| PB 0x0000000081500000| Untracked 
|  22|0x0000000081600000, 0x0000000081700000, 0x0000000081700000|100%| O|  |TAMS 0x0000000081600000| PB 0x0000000081600000| Untracked 
|  23|0x0000000081700000, 0x0000000081800000, 0x0000000081800000|100%|HS|  |TAMS 0x0000000081700000| PB 0x0000000081700000| Complete 
|  24|0x0000000081800000, 0x0000000081900000, 0x0000000081900000|100%|HC|  |TAMS 0x0000000081800000| PB 0x0000000081800000| Complete 
|  25|0x0000000081900000, 0x0000000081a00000, 0x0000000081a00000|100%|HC|  |TAMS 0x0000000081900000| PB 0x0000000081900000| Complete 
|  26|0x0000000081a00000, 0x0000000081b00000, 0x0000000081b00000|100%|HC|  |TAMS 0x0000000081a00000| PB 0x0000000081a00000| Complete 
|  27|0x0000000081b00000, 0x0000000081c00000, 0x0000000081c00000|100%|HC|  |TAMS 0x0000000081b00000| PB 0x0000000081b00000| Complete 
|  28|0x0000000081c00000, 0x0000000081d00000, 0x0000000081d00000|100%|HC|  |TAMS 0x0000000081c00000| PB 0x0000000081c00000| Complete 
|  29|0x0000000081d00000, 0x0000000081e00000, 0x0000000081e00000|100%|HS|  |TAMS 0x0000000081d00000| PB 0x0000000081d00000| Complete 
|  30|0x0000000081e00000, 0x0000000081f00000, 0x0000000081f00000|100%|HS|  |TAMS 0x0000000081e00000| PB 0x0000000081e00000| Complete 
|  31|0x0000000081f00000, 0x0000000082000000, 0x0000000082000000|100%|HC|  |TAMS 0x0000000081f00000| PB 0x0000000081f00000| Complete 
|  32|0x0000000082000000, 0x0000000082100000, 0x0000000082100000|100%|HC|  |TAMS 0x0000000082000000| PB 0x0000000082000000| Complete 
|  33|0x0000000082100000, 0x0000000082200000, 0x0000000082200000|100%|HC|  |TAMS 0x0000000082100000| PB 0x0000000082100000| Complete 
|  34|0x0000000082200000, 0x0000000082300000, 0x0000000082300000|100%|HS|  |TAMS 0x0000000082200000| PB 0x0000000082200000| Complete 
|  35|0x0000000082300000, 0x0000000082400000, 0x0000000082400000|100%|HC|  |TAMS 0x0000000082300000| PB 0x0000000082300000| Complete 
|  36|0x0000000082400000, 0x0000000082500000, 0x0000000082500000|100%|HS|  |TAMS 0x0000000082400000| PB 0x0000000082400000| Complete 
|  37|0x0000000082500000, 0x0000000082600000, 0x0000000082600000|100%|HS|  |TAMS 0x0000000082500000| PB 0x0000000082500000| Complete 
|  38|0x0000000082600000, 0x0000000082700000, 0x0000000082700000|100%|HC|  |TAMS 0x0000000082600000| PB 0x0000000082600000| Complete 
|  39|0x0000000082700000, 0x0000000082800000, 0x0000000082800000|100%|HC|  |TAMS 0x0000000082700000| PB 0x0000000082700000| Complete 
|  40|0x0000000082800000, 0x0000000082900000, 0x0000000082900000|100%|HC|  |TAMS 0x0000000082800000| PB 0x0000000082800000| Complete 
|  41|0x0000000082900000, 0x0000000082a00000, 0x0000000082a00000|100%|HC|  |TAMS 0x0000000082900000| PB 0x0000000082900000| Complete 
|  42|0x0000000082a00000, 0x0000000082b00000, 0x0000000082b00000|100%|HC|  |TAMS 0x0000000082a00000| PB 0x0000000082a00000| Complete 
|  43|0x0000000082b00000, 0x0000000082c00000, 0x0000000082c00000|100%|HS|  |TAMS 0x0000000082b00000| PB 0x0000000082b00000| Complete 
|  44|0x0000000082c00000, 0x0000000082d00000, 0x0000000082d00000|100%|HS|  |TAMS 0x0000000082c00000| PB 0x0000000082c00000| Complete 
|  45|0x0000000082d00000, 0x0000000082e00000, 0x0000000082e00000|100%| O|  |TAMS 0x0000000082d00000| PB 0x0000000082d00000| Untracked 
|  46|0x0000000082e00000, 0x0000000082f00000, 0x0000000082f00000|100%| O|  |TAMS 0x0000000082e00000| PB 0x0000000082e00000| Untracked 
|  47|0x0000000082f00000, 0x0000000083000000, 0x0000000083000000|100%| O|  |TAMS 0x0000000082f00000| PB 0x0000000082f00000| Untracked 
|  48|0x0000000083000000, 0x0000000083100000, 0x0000000083100000|100%| O|  |TAMS 0x0000000083000000| PB 0x0000000083000000| Untracked 
|  49|0x0000000083100000, 0x0000000083200000, 0x0000000083200000|100%| O|Cm|TAMS 0x0000000083100000| PB 0x0000000083100000| Complete 
|  50|0x0000000083200000, 0x0000000083300000, 0x0000000083300000|100%| O|  |TAMS 0x0000000083200000| PB 0x0000000083200000| Untracked 
|  51|0x0000000083300000, 0x0000000083400000, 0x0000000083400000|100%| O|  |TAMS 0x0000000083300000| PB 0x0000000083300000| Untracked 
|  52|0x0000000083400000, 0x0000000083500000, 0x0000000083500000|100%| O|  |TAMS 0x0000000083400000| PB 0x0000000083400000| Untracked 
|  53|0x0000000083500000, 0x0000000083600000, 0x0000000083600000|100%| O|  |TAMS 0x0000000083500000| PB 0x0000000083500000| Untracked 
|  54|0x0000000083600000, 0x0000000083600000, 0x0000000083700000|  0%| F|  |TAMS 0x0000000083600000| PB 0x0000000083600000| Untracked 
|  55|0x0000000083700000, 0x0000000083700000, 0x0000000083800000|  0%| F|  |TAMS 0x0000000083700000| PB 0x0000000083700000| Untracked 
|  56|0x0000000083800000, 0x0000000083800000, 0x0000000083900000|  0%| F|  |TAMS 0x0000000083800000| PB 0x0000000083800000| Untracked 
|  57|0x0000000083900000, 0x0000000083900000, 0x0000000083a00000|  0%| F|  |TAMS 0x0000000083900000| PB 0x0000000083900000| Untracked 
|  58|0x0000000083a00000, 0x0000000083a00000, 0x0000000083b00000|  0%| F|  |TAMS 0x0000000083a00000| PB 0x0000000083a00000| Untracked 
|  59|0x0000000083b00000, 0x0000000083c00000, 0x0000000083c00000|100%| O|  |TAMS 0x0000000083b00000| PB 0x0000000083b00000| Untracked 
|  60|0x0000000083c00000, 0x0000000083cd83c0, 0x0000000083d00000| 84%| O|  |TAMS 0x0000000083c00000| PB 0x0000000083c00000| Untracked 
|  61|0x0000000083d00000, 0x0000000083d00000, 0x0000000083e00000|  0%| F|  |TAMS 0x0000000083d00000| PB 0x0000000083d00000| Untracked 
|  62|0x0000000083e00000, 0x0000000083f00000, 0x0000000083f00000|100%|HS|  |TAMS 0x0000000083e00000| PB 0x0000000083e00000| Complete 
|  63|0x0000000083f00000, 0x0000000084000000, 0x0000000084000000|100%|HC|  |TAMS 0x0000000083f00000| PB 0x0000000083f00000| Complete 
|  64|0x0000000084000000, 0x0000000084100000, 0x0000000084100000|100%|HC|  |TAMS 0x0000000084000000| PB 0x0000000084000000| Complete 
|  65|0x0000000084100000, 0x0000000084200000, 0x0000000084200000|100%|HC|  |TAMS 0x0000000084100000| PB 0x0000000084100000| Complete 
|  66|0x0000000084200000, 0x0000000084300000, 0x0000000084300000|100%|HS|  |TAMS 0x0000000084200000| PB 0x0000000084200000| Complete 
|  67|0x0000000084300000, 0x0000000084400000, 0x0000000084400000|100%|HC|  |TAMS 0x0000000084300000| PB 0x0000000084300000| Complete 
|  68|0x0000000084400000, 0x0000000084400000, 0x0000000084500000|  0%| F|  |TAMS 0x0000000084400000| PB 0x0000000084400000| Untracked 
|  69|0x0000000084500000, 0x0000000084500000, 0x0000000084600000|  0%| F|  |TAMS 0x0000000084500000| PB 0x0000000084500000| Untracked 
|  70|0x0000000084600000, 0x0000000084600000, 0x0000000084700000|  0%| F|  |TAMS 0x0000000084600000| PB 0x0000000084600000| Untracked 
|  71|0x0000000084700000, 0x0000000084700000, 0x0000000084800000|  0%| F|  |TAMS 0x0000000084700000| PB 0x0000000084700000| Untracked 
|  72|0x0000000084800000, 0x0000000084800000, 0x0000000084900000|  0%| F|  |TAMS 0x0000000084800000| PB 0x0000000084800000| Untracked 
|  73|0x0000000084900000, 0x0000000084900000, 0x0000000084a00000|  0%| F|  |TAMS 0x0000000084900000| PB 0x0000000084900000| Untracked 
|  74|0x0000000084a00000, 0x0000000084a00000, 0x0000000084b00000|  0%| F|  |TAMS 0x0000000084a00000| PB 0x0000000084a00000| Untracked 
|  75|0x0000000084b00000, 0x0000000084b00000, 0x0000000084c00000|  0%| F|  |TAMS 0x0000000084b00000| PB 0x0000000084b00000| Untracked 
|  76|0x0000000084c00000, 0x0000000084c00000, 0x0000000084d00000|  0%| F|  |TAMS 0x0000000084c00000| PB 0x0000000084c00000| Untracked 
|  77|0x0000000084d00000, 0x0000000084d00000, 0x0000000084e00000|  0%| F|  |TAMS 0x0000000084d00000| PB 0x0000000084d00000| Untracked 
|  78|0x0000000084e00000, 0x0000000084ef33b0, 0x0000000084f00000| 95%| S|CS|TAMS 0x0000000084e00000| PB 0x0000000084e00000| Complete 
|  79|0x0000000084f00000, 0x0000000085000000, 0x0000000085000000|100%| S|CS|TAMS 0x0000000084f00000| PB 0x0000000084f00000| Complete 
|  80|0x0000000085000000, 0x0000000085000000, 0x0000000085100000|  0%| F|  |TAMS 0x0000000085000000| PB 0x0000000085000000| Untracked 
|  81|0x0000000085100000, 0x0000000085100000, 0x0000000085200000|  0%| F|  |TAMS 0x0000000085100000| PB 0x0000000085100000| Untracked 
|  82|0x0000000085200000, 0x0000000085200000, 0x0000000085300000|  0%| F|  |TAMS 0x0000000085200000| PB 0x0000000085200000| Untracked 
|  83|0x0000000085300000, 0x0000000085300000, 0x0000000085400000|  0%| F|  |TAMS 0x0000000085300000| PB 0x0000000085300000| Untracked 
|  84|0x0000000085400000, 0x0000000085400000, 0x0000000085500000|  0%| F|  |TAMS 0x0000000085400000| PB 0x0000000085400000| Untracked 
|  85|0x0000000085500000, 0x0000000085500000, 0x0000000085600000|  0%| F|  |TAMS 0x0000000085500000| PB 0x0000000085500000| Untracked 
|  86|0x0000000085600000, 0x0000000085600000, 0x0000000085700000|  0%| F|  |TAMS 0x0000000085600000| PB 0x0000000085600000| Untracked 
|  87|0x0000000085700000, 0x0000000085700000, 0x0000000085800000|  0%| F|  |TAMS 0x0000000085700000| PB 0x0000000085700000| Untracked 
|  88|0x0000000085800000, 0x0000000085800000, 0x0000000085900000|  0%| F|  |TAMS 0x0000000085800000| PB 0x0000000085800000| Untracked 
|  89|0x0000000085900000, 0x0000000085900000, 0x0000000085a00000|  0%| F|  |TAMS 0x0000000085900000| PB 0x0000000085900000| Untracked 
|  90|0x0000000085a00000, 0x0000000085a00000, 0x0000000085b00000|  0%| F|  |TAMS 0x0000000085a00000| PB 0x0000000085a00000| Untracked 
|  91|0x0000000085b00000, 0x0000000085b00000, 0x0000000085c00000|  0%| F|  |TAMS 0x0000000085b00000| PB 0x0000000085b00000| Untracked 
|  92|0x0000000085c00000, 0x0000000085c00000, 0x0000000085d00000|  0%| F|  |TAMS 0x0000000085c00000| PB 0x0000000085c00000| Untracked 
|  93|0x0000000085d00000, 0x0000000085d00000, 0x0000000085e00000|  0%| F|  |TAMS 0x0000000085d00000| PB 0x0000000085d00000| Untracked 
|  94|0x0000000085e00000, 0x0000000085e00000, 0x0000000085f00000|  0%| F|  |TAMS 0x0000000085e00000| PB 0x0000000085e00000| Untracked 
|  95|0x0000000085f00000, 0x0000000085f00000, 0x0000000086000000|  0%| F|  |TAMS 0x0000000085f00000| PB 0x0000000085f00000| Untracked 
|  96|0x0000000086000000, 0x0000000086000000, 0x0000000086100000|  0%| F|  |TAMS 0x0000000086000000| PB 0x0000000086000000| Untracked 
|  97|0x0000000086100000, 0x0000000086100000, 0x0000000086200000|  0%| F|  |TAMS 0x0000000086100000| PB 0x0000000086100000| Untracked 
|  98|0x0000000086200000, 0x0000000086200000, 0x0000000086300000|  0%| F|  |TAMS 0x0000000086200000| PB 0x0000000086200000| Untracked 
|  99|0x0000000086300000, 0x0000000086300000, 0x0000000086400000|  0%| F|  |TAMS 0x0000000086300000| PB 0x0000000086300000| Untracked 
| 100|0x0000000086400000, 0x0000000086400000, 0x0000000086500000|  0%| F|  |TAMS 0x0000000086400000| PB 0x0000000086400000| Untracked 
| 101|0x0000000086500000, 0x0000000086500000, 0x0000000086600000|  0%| F|  |TAMS 0x0000000086500000| PB 0x0000000086500000| Untracked 
| 102|0x0000000086600000, 0x0000000086600000, 0x0000000086700000|  0%| F|  |TAMS 0x0000000086600000| PB 0x0000000086600000| Untracked 
| 103|0x0000000086700000, 0x0000000086700000, 0x0000000086800000|  0%| F|  |TAMS 0x0000000086700000| PB 0x0000000086700000| Untracked 
| 104|0x0000000086800000, 0x0000000086800000, 0x0000000086900000|  0%| F|  |TAMS 0x0000000086800000| PB 0x0000000086800000| Untracked 
| 105|0x0000000086900000, 0x0000000086900000, 0x0000000086a00000|  0%| F|  |TAMS 0x0000000086900000| PB 0x0000000086900000| Untracked 
| 106|0x0000000086a00000, 0x0000000086a00000, 0x0000000086b00000|  0%| F|  |TAMS 0x0000000086a00000| PB 0x0000000086a00000| Untracked 
|2045|0x00000000ffd00000, 0x00000000ffe00000, 0x00000000ffe00000|100%| O|  |TAMS 0x00000000ffd00000| PB 0x00000000ffd00000| Untracked 
|2046|0x00000000ffe00000, 0x00000000fff00000, 0x00000000fff00000|100%| O|  |TAMS 0x00000000ffe00000| PB 0x00000000ffe00000| Untracked 
|2047|0x00000000fff00000, 0x0000000100000000, 0x0000000100000000|100%| O|  |TAMS 0x00000000fff00000| PB 0x00000000fff00000| Untracked 

Card table byte_map: [0x000002314fee0000,0x00000231502e0000] _byte_map_base: 0x000002314fae0000

Marking Bits: (CMBitMap*) 0x000002313d696480
 Bits: [0x00000231502e0000, 0x00000231522e0000)

Polling page: 0x000002313b4b0000

Metaspace:

Usage:
  Non-class:     42.93 MB used.
      Class:      6.67 MB used.
       Both:     49.59 MB used.

Virtual space:
  Non-class space:       64.00 MB reserved,      43.56 MB ( 68%) committed,  1 nodes.
      Class space:        1.00 GB reserved,       7.25 MB ( <1%) committed,  1 nodes.
             Both:        1.06 GB reserved,      50.81 MB (  5%) committed. 

Chunk freelists:
   Non-Class:  4.09 MB
       Class:  8.67 MB
        Both:  12.76 MB

MaxMetaspaceSize: unlimited
CompressedClassSpaceSize: 1.00 GB
Initial GC threshold: 21.00 MB
Current GC threshold: 78.88 MB
CDS: off
 - commit_granule_bytes: 65536.
 - commit_granule_words: 8192.
 - virtual_space_node_default_size: 8388608.
 - enlarge_chunks_in_place: 1.
 - use_allocation_guard: 0.


Internal statistics:

num_allocs_failed_limit: 6.
num_arena_births: 2138.
num_arena_deaths: 0.
num_vsnodes_births: 2.
num_vsnodes_deaths: 0.
num_space_committed: 813.
num_space_uncommitted: 0.
num_chunks_returned_to_freelist: 6.
num_chunks_taken_from_freelist: 4012.
num_chunk_merges: 3.
num_chunk_splits: 2553.
num_chunks_enlarged: 1538.
num_inconsistent_stats: 0.

CodeHeap 'non-profiled nmethods': size=120000Kb used=2488Kb max_used=2488Kb free=117511Kb
 bounds [0x0000023148270000, 0x00000231484e0000, 0x000002314f7a0000]
CodeHeap 'profiled nmethods': size=120000Kb used=8411Kb max_used=8411Kb free=111588Kb
 bounds [0x00000231407a0000, 0x0000023140fe0000, 0x0000023147cd0000]
CodeHeap 'non-nmethods': size=5760Kb used=2666Kb max_used=2701Kb free=3093Kb
 bounds [0x0000023147cd0000, 0x0000023147f80000, 0x0000023148270000]
 total_blobs=5224 nmethods=4394 adapters=733
 compilation: enabled
              stopped_count=0, restarted_count=0
 full_count=0

Compilation events (20 events):
Event: 65.820 Thread 0x0000023159035d60 5045   !   3       sun.invoke.util.VerifyAccess$1::run (16 bytes)
Event: 65.821 Thread 0x0000023159035d60 nmethod 5045 0x0000023140fd3c10 code [0x0000023140fd3dc0, 0x0000023140fd3f60]
Event: 65.822 Thread 0x00000231590352c0 5046       4       java.lang.invoke.InvokerBytecodeGenerator::emitImplicitConversion (161 bytes)
Event: 65.864 Thread 0x00000231590352c0 nmethod 5046 0x00000231484dae90 code [0x00000231484db180, 0x00000231484dc288]
Event: 65.969 Thread 0x0000023159035d60 5048       3       org.gradle.internal.service.DefaultServiceRegistry$FactoryService::assembleParameters (58 bytes)
Event: 65.969 Thread 0x0000023159035d60 nmethod 5048 0x0000023140fd4010 code [0x0000023140fd4200, 0x0000023140fd47e0]
Event: 65.969 Thread 0x0000023159035d60 5047       3       org.gradle.internal.service.DefaultServiceRegistry$FactoryService::createServiceInstance (18 bytes)
Event: 65.970 Thread 0x0000023159035d60 nmethod 5047 0x0000023140fd4a10 code [0x0000023140fd4bc0, 0x0000023140fd4e00]
Event: 65.993 Thread 0x0000023159035d60 5049       3       java.lang.invoke.BoundMethodHandle$Species_LLLL::make (16 bytes)
Event: 65.993 Thread 0x0000023159035d60 nmethod 5049 0x0000023140fd4f10 code [0x0000023140fd50e0, 0x0000023140fd5478]
Event: 65.993 Thread 0x0000023159035d60 5050       3       java.lang.invoke.BoundMethodHandle$Species_LLLL::<init> (30 bytes)
Event: 65.994 Thread 0x0000023159035d60 nmethod 5050 0x0000023140fd5590 code [0x0000023140fd5760, 0x0000023140fd5ab0]
Event: 65.996 Thread 0x00000231590352c0 5051       4       jdk.internal.org.objectweb.asm.ByteVector::put11 (52 bytes)
Event: 65.997 Thread 0x00000231590352c0 nmethod 5051 0x00000231483f9310 code [0x00000231483f94c0, 0x00000231483f9688]
Event: 66.002 Thread 0x00000231590352c0 5052       4       jdk.internal.org.objectweb.asm.MethodWriter::visitTypeInsn (116 bytes)
Event: 66.007 Thread 0x00000231590352c0 nmethod 5052 0x00000231484dce90 code [0x00000231484dd060, 0x00000231484dd420]
Event: 66.342 Thread 0x0000023159035d60 5054       3       java.io.File::getName (42 bytes)
Event: 66.343 Thread 0x0000023159035d60 nmethod 5054 0x0000023140fd5c10 code [0x0000023140fd5e60, 0x0000023140fd6670]
Event: 66.353 Thread 0x0000023159035d60 5057       3       org.gradle.internal.serialize.AbstractDecoder::readBytes (9 bytes)
Event: 66.353 Thread 0x0000023159035d60 nmethod 5057 0x0000023140fd6a10 code [0x0000023140fd6bc0, 0x0000023140fd6d98]

GC Heap History (20 events):
Event: 24.700 GC heap after
{Heap after GC invocations=7 (full 0):
 garbage-first heap   total 63488K, used 21745K [0x0000000080000000, 0x0000000100000000)
  region size 1024K, 3 young (3072K), 3 survivors (3072K)
 Metaspace       used 26098K, committed 26560K, reserved 1114112K
  class space    used 3187K, committed 3392K, reserved 1048576K
}
Event: 29.844 GC heap before
{Heap before GC invocations=7 (full 0):
 garbage-first heap   total 63488K, used 48369K [0x0000000080000000, 0x0000000100000000)
  region size 1024K, 30 young (30720K), 3 survivors (3072K)
 Metaspace       used 30041K, committed 30592K, reserved 1114112K
  class space    used 3895K, committed 4160K, reserved 1048576K
}
Event: 29.851 GC heap after
{Heap after GC invocations=8 (full 0):
 garbage-first heap   total 63488K, used 23259K [0x0000000080000000, 0x0000000100000000)
  region size 1024K, 4 young (4096K), 4 survivors (4096K)
 Metaspace       used 30041K, committed 30592K, reserved 1114112K
  class space    used 3895K, committed 4160K, reserved 1048576K
}
Event: 37.175 GC heap before
{Heap before GC invocations=8 (full 0):
 garbage-first heap   total 63488K, used 50907K [0x0000000080000000, 0x0000000100000000)
  region size 1024K, 31 young (31744K), 4 survivors (4096K)
 Metaspace       used 33591K, committed 34368K, reserved 1114112K
  class space    used 4486K, committed 4864K, reserved 1048576K
}
Event: 37.188 GC heap after
{Heap after GC invocations=9 (full 0):
 garbage-first heap   total 63488K, used 25525K [0x0000000080000000, 0x0000000100000000)
  region size 1024K, 4 young (4096K), 4 survivors (4096K)
 Metaspace       used 33591K, committed 34368K, reserved 1114112K
  class space    used 4486K, committed 4864K, reserved 1048576K
}
Event: 40.143 GC heap before
{Heap before GC invocations=9 (full 0):
 garbage-first heap   total 63488K, used 35765K [0x0000000080000000, 0x0000000100000000)
  region size 1024K, 15 young (15360K), 4 survivors (4096K)
 Metaspace       used 35161K, committed 35968K, reserved 1114112K
  class space    used 4772K, committed 5120K, reserved 1048576K
}
Event: 40.171 GC heap after
{Heap after GC invocations=10 (full 0):
 garbage-first heap   total 63488K, used 26166K [0x0000000080000000, 0x0000000100000000)
  region size 1024K, 3 young (3072K), 3 survivors (3072K)
 Metaspace       used 35161K, committed 35968K, reserved 1114112K
  class space    used 4772K, committed 5120K, reserved 1048576K
}
Event: 43.273 GC heap before
{Heap before GC invocations=11 (full 0):
 garbage-first heap   total 69632K, used 68150K [0x0000000080000000, 0x0000000100000000)
  region size 1024K, 18 young (18432K), 3 survivors (3072K)
 Metaspace       used 36488K, committed 37376K, reserved 1114112K
  class space    used 5013K, committed 5440K, reserved 1048576K
}
Event: 43.286 GC heap after
{Heap after GC invocations=12 (full 0):
 garbage-first heap   total 76800K, used 57418K [0x0000000080000000, 0x0000000100000000)
  region size 1024K, 4 young (4096K), 4 survivors (4096K)
 Metaspace       used 36488K, committed 37376K, reserved 1114112K
  class space    used 5013K, committed 5440K, reserved 1048576K
}
Event: 44.220 GC heap before
{Heap before GC invocations=12 (full 0):
 garbage-first heap   total 76800K, used 66634K [0x0000000080000000, 0x0000000100000000)
  region size 1024K, 13 young (13312K), 4 survivors (4096K)
 Metaspace       used 37585K, committed 38464K, reserved 1114112K
  class space    used 5169K, committed 5568K, reserved 1048576K
}
Event: 44.226 GC heap after
{Heap after GC invocations=13 (full 0):
 garbage-first heap   total 76800K, used 60653K [0x0000000080000000, 0x0000000100000000)
  region size 1024K, 2 young (2048K), 2 survivors (2048K)
 Metaspace       used 37585K, committed 38464K, reserved 1114112K
  class space    used 5169K, committed 5568K, reserved 1048576K
}
Event: 44.723 GC heap before
{Heap before GC invocations=13 (full 0):
 garbage-first heap   total 76800K, used 67821K [0x0000000080000000, 0x0000000100000000)
  region size 1024K, 10 young (10240K), 2 survivors (2048K)
 Metaspace       used 38596K, committed 39424K, reserved 1114112K
  class space    used 5306K, committed 5696K, reserved 1048576K
}
Event: 44.725 GC heap after
{Heap after GC invocations=14 (full 0):
 garbage-first heap   total 76800K, used 60909K [0x0000000080000000, 0x0000000100000000)
  region size 1024K, 1 young (1024K), 1 survivors (1024K)
 Metaspace       used 38596K, committed 39424K, reserved 1114112K
  class space    used 5306K, committed 5696K, reserved 1048576K
}
Event: 47.886 GC heap before
{Heap before GC invocations=15 (full 0):
 garbage-first heap   total 104448K, used 67053K [0x0000000080000000, 0x0000000100000000)
  region size 1024K, 8 young (8192K), 1 survivors (1024K)
 Metaspace       used 39624K, committed 40640K, reserved 1114112K
  class space    used 5479K, committed 5952K, reserved 1048576K
}
Event: 47.888 GC heap after
{Heap after GC invocations=16 (full 0):
 garbage-first heap   total 104448K, used 61085K [0x0000000080000000, 0x0000000100000000)
  region size 1024K, 1 young (1024K), 1 survivors (1024K)
 Metaspace       used 39624K, committed 40640K, reserved 1114112K
  class space    used 5479K, committed 5952K, reserved 1048576K
}
Event: 58.073 GC heap before
{Heap before GC invocations=16 (full 0):
 garbage-first heap   total 104448K, used 92829K [0x0000000080000000, 0x0000000100000000)
  region size 1024K, 33 young (33792K), 1 survivors (1024K)
 Metaspace       used 46220K, committed 47232K, reserved 1114112K
  class space    used 6229K, committed 6720K, reserved 1048576K
}
Event: 58.096 GC heap after
{Heap after GC invocations=17 (full 0):
 garbage-first heap   total 104448K, used 64239K [0x0000000080000000, 0x0000000100000000)
  region size 1024K, 4 young (4096K), 4 survivors (4096K)
 Metaspace       used 46220K, committed 47232K, reserved 1114112K
  class space    used 6229K, committed 6720K, reserved 1048576K
}
Event: 61.654 GC heap before
{Heap before GC invocations=17 (full 0):
 garbage-first heap   total 104448K, used 92911K [0x0000000080000000, 0x0000000100000000)
  region size 1024K, 32 young (32768K), 4 survivors (4096K)
 Metaspace       used 47253K, committed 48320K, reserved 1114112K
  class space    used 6380K, committed 6912K, reserved 1048576K
}
Event: 61.674 GC heap after
{Heap after GC invocations=18 (full 0):
 garbage-first heap   total 104448K, used 66308K [0x0000000080000000, 0x0000000100000000)
  region size 1024K, 3 young (3072K), 3 survivors (3072K)
 Metaspace       used 47253K, committed 48320K, reserved 1114112K
  class space    used 6380K, committed 6912K, reserved 1048576K
}
Event: 66.355 GC heap before
{Heap before GC invocations=19 (full 0):
 garbage-first heap   total 112640K, used 98052K [0x0000000080000000, 0x0000000100000000)
  region size 1024K, 30 young (30720K), 3 survivors (3072K)
 Metaspace       used 50784K, committed 52032K, reserved 1114112K
  class space    used 6825K, committed 7424K, reserved 1048576K
}

Dll operation events (3 events):
Event: 0.107 Loaded shared library C:\Program Files\Android\Android Studio\jbr\bin\java.dll
Event: 0.150 Loaded shared library C:\Program Files\Android\Android Studio\jbr\bin\zip.dll
Event: 4.845 Loaded shared library C:\Program Files\Android\Android Studio\jbr\bin\verify.dll

Deoptimization events (20 events):
Event: 64.296 Thread 0x000002315ab53f40 Uncommon trap: trap_request=0xffffffbe fr.pc=0x00000231483c0234 relative=0x00000000000010d4
Event: 64.296 Thread 0x000002315ab53f40 Uncommon trap: reason=profile_predicate action=maybe_recompile pc=0x00000231483c0234 method=java.lang.invoke.InvokerBytecodeGenerator.<init>(Ljava/lang/String;Ljava/lang/String;Ljava/lang/invoke/LambdaForm;Ljava/lang/invoke/MethodType;)V @ 33 c2
Event: 64.296 Thread 0x000002315ab53f40 DEOPT PACKING pc=0x00000231483c0234 sp=0x0000008ff54f5e10
Event: 64.297 Thread 0x000002315ab53f40 DEOPT UNPACKING pc=0x0000023147d246a2 sp=0x0000008ff54f5dc0 mode 2
Event: 64.298 Thread 0x000002315ab53f40 Uncommon trap: trap_request=0xffffffbe fr.pc=0x00000231483c0234 relative=0x00000000000010d4
Event: 64.298 Thread 0x000002315ab53f40 Uncommon trap: reason=profile_predicate action=maybe_recompile pc=0x00000231483c0234 method=java.lang.invoke.InvokerBytecodeGenerator.<init>(Ljava/lang/String;Ljava/lang/String;Ljava/lang/invoke/LambdaForm;Ljava/lang/invoke/MethodType;)V @ 33 c2
Event: 64.298 Thread 0x000002315ab53f40 DEOPT PACKING pc=0x00000231483c0234 sp=0x0000008ff54f5e00
Event: 64.298 Thread 0x000002315ab53f40 DEOPT UNPACKING pc=0x0000023147d246a2 sp=0x0000008ff54f5db0 mode 2
Event: 64.299 Thread 0x000002315ab53f40 Uncommon trap: trap_request=0xffffffbe fr.pc=0x00000231483c0234 relative=0x00000000000010d4
Event: 64.299 Thread 0x000002315ab53f40 Uncommon trap: reason=profile_predicate action=maybe_recompile pc=0x00000231483c0234 method=java.lang.invoke.InvokerBytecodeGenerator.<init>(Ljava/lang/String;Ljava/lang/String;Ljava/lang/invoke/LambdaForm;Ljava/lang/invoke/MethodType;)V @ 33 c2
Event: 64.299 Thread 0x000002315ab53f40 DEOPT PACKING pc=0x00000231483c0234 sp=0x0000008ff54f5de0
Event: 64.299 Thread 0x000002315ab53f40 DEOPT UNPACKING pc=0x0000023147d246a2 sp=0x0000008ff54f5d90 mode 2
Event: 64.305 Thread 0x000002315ab53f40 Uncommon trap: trap_request=0xffffffbe fr.pc=0x00000231483c0234 relative=0x00000000000010d4
Event: 64.305 Thread 0x000002315ab53f40 Uncommon trap: reason=profile_predicate action=maybe_recompile pc=0x00000231483c0234 method=java.lang.invoke.InvokerBytecodeGenerator.<init>(Ljava/lang/String;Ljava/lang/String;Ljava/lang/invoke/LambdaForm;Ljava/lang/invoke/MethodType;)V @ 33 c2
Event: 64.305 Thread 0x000002315ab53f40 DEOPT PACKING pc=0x00000231483c0234 sp=0x0000008ff54f5dd0
Event: 64.305 Thread 0x000002315ab53f40 DEOPT UNPACKING pc=0x0000023147d246a2 sp=0x0000008ff54f5d80 mode 2
Event: 64.865 Thread 0x000002315ab53f40 Uncommon trap: trap_request=0xffffffde fr.pc=0x00000231484b9b3c relative=0x00000000000027fc
Event: 64.865 Thread 0x000002315ab53f40 Uncommon trap: reason=class_check action=maybe_recompile pc=0x00000231484b9b3c method=java.util.regex.Pattern$CharProperty.study(Ljava/util/regex/Pattern$TreeInfo;)Z @ 25 c2
Event: 64.865 Thread 0x000002315ab53f40 DEOPT PACKING pc=0x00000231484b9b3c sp=0x0000008ff54f5130
Event: 64.865 Thread 0x000002315ab53f40 DEOPT UNPACKING pc=0x0000023147d246a2 sp=0x0000008ff54f5028 mode 2

Classes loaded (20 events):
Event: 62.226 Loading class com/sun/beans/finder/MethodFinder
Event: 62.227 Loading class com/sun/beans/finder/AbstractFinder
Event: 62.227 Loading class com/sun/beans/finder/AbstractFinder done
Event: 62.227 Loading class com/sun/beans/finder/MethodFinder done
Event: 62.227 Loading class com/sun/beans/finder/MethodFinder$1
Event: 62.227 Loading class com/sun/beans/finder/MethodFinder$1 done
Event: 62.227 Loading class com/sun/beans/finder/FinderUtils
Event: 62.227 Loading class com/sun/beans/finder/FinderUtils done
Event: 62.242 Loading class java/lang/invoke/BoundMethodHandle$Species_LJ
Event: 62.242 Loading class java/lang/invoke/BoundMethodHandle$Species_LJ done
Event: 63.681 Loading class java/util/function/IntBinaryOperator
Event: 63.681 Loading class java/util/function/IntBinaryOperator done
Event: 64.487 Loading class java/lang/invoke/SerializedLambda
Event: 64.487 Loading class java/lang/invoke/SerializedLambda done
Event: 64.590 Loading class java/lang/SafeVarargs
Event: 64.590 Loading class java/lang/SafeVarargs done
Event: 64.864 Loading class java/util/regex/Pattern$GroupCurly
Event: 64.864 Loading class java/util/regex/Pattern$GroupCurly done
Event: 65.477 Loading class jdk/internal/reflect/MethodHandleIntegerFieldAccessorImpl
Event: 65.477 Loading class jdk/internal/reflect/MethodHandleIntegerFieldAccessorImpl done

Classes unloaded (0 events):
No events

Classes redefined (0 events):
No events

Internal exceptions (20 events):
Event: 62.213 Thread 0x000002315ab53f40 Exception <a 'java/lang/ClassNotFoundException'{0x000000008687bb00}: groovy/lang/ClosureCustomizer> (0x000000008687bb00) 
thrown [s\src\hotspot\share\classfile\systemDictionary.cpp, line 312]
Event: 62.226 Thread 0x000002315ab53f40 Exception <a 'java/lang/ClassNotFoundException'{0x00000000868aea90}: groovy/lang/Closure$1Customizer> (0x00000000868aea90) 
thrown [s\src\hotspot\share\classfile\systemDictionary.cpp, line 312]
Event: 63.467 Thread 0x000002315ab53f40 Exception <a 'java/lang/ClassNotFoundException'{0x00000000866a6090}: sync_studio_tooling3_cm0bchw72kq4gb588p8gzt712BeanInfo> (0x00000000866a6090) 
thrown [s\src\hotspot\share\classfile\systemDictionary.cpp, line 312]
Event: 63.476 Thread 0x000002315ab53f40 Exception <a 'java/lang/ClassNotFoundException'{0x00000000866ad460}: sync_studio_tooling3_cm0bchw72kq4gb588p8gzt712Customizer> (0x00000000866ad460) 
thrown [s\src\hotspot\share\classfile\systemDictionary.cpp, line 312]
Event: 63.594 Thread 0x000002315ab53f40 Exception <a 'java/lang/ClassNotFoundException'{0x00000000865048b0}: org/gradle/internal/metaobject/ConfigureDelegateBeanInfo> (0x00000000865048b0) 
thrown [s\src\hotspot\share\classfile\systemDictionary.cpp, line 312]
Event: 63.596 Thread 0x000002315ab53f40 Exception <a 'java/lang/ClassNotFoundException'{0x0000000086513e20}: org/gradle/internal/metaobject/ConfigureDelegateCustomizer> (0x0000000086513e20) 
thrown [s\src\hotspot\share\classfile\systemDictionary.cpp, line 312]
Event: 63.769 Thread 0x000002315ab53f40 Exception <a 'java/lang/ClassNotFoundException'{0x000000008641c4d0}: org/gradle/api/internal/initialization/DefaultScriptHandler_DecoratedBeanInfo> (0x000000008641c4d0) 
thrown [s\src\hotspot\share\classfile\systemDictionary.cpp, line 312]
Event: 63.770 Thread 0x000002315ab53f40 Exception <a 'java/lang/ClassNotFoundException'{0x000000008642da70}: org/gradle/api/internal/initialization/DefaultScriptHandlerBeanInfo> (0x000000008642da70) 
thrown [s\src\hotspot\share\classfile\systemDictionary.cpp, line 312]
Event: 63.771 Thread 0x000002315ab53f40 Exception <a 'java/lang/ClassNotFoundException'{0x000000008643efe0}: org/gradle/api/internal/initialization/DefaultScriptHandlerCustomizer> (0x000000008643efe0) 
thrown [s\src\hotspot\share\classfile\systemDictionary.cpp, line 312]
Event: 63.773 Thread 0x000002315ab53f40 Exception <a 'java/lang/ClassNotFoundException'{0x000000008645d458}: org/gradle/api/internal/initialization/DefaultScriptHandler_DecoratedCustomizer> (0x000000008645d458) 
thrown [s\src\hotspot\share\classfile\systemDictionary.cpp, line 312]
Event: 65.462 Thread 0x000002315ab53f40 Exception <a 'java/lang/NoSuchMethodError'{0x00000000856ab150}: 'java.lang.Object java.lang.invoke.DirectMethodHandle$Holder.newInvokeSpecial(java.lang.Object, java.lang.Object, int, int)'> (0x00000000856ab150) 
thrown [s\src\hotspot\share\interpreter\linkResolver.cpp, line 784]
Event: 65.463 Thread 0x000002315ab53f40 Exception <a 'java/lang/NoSuchMethodError'{0x00000000856b05d8}: 'java.lang.Object java.lang.invoke.DirectMethodHandle$Holder.invokeSpecial(java.lang.Object, java.lang.Object, java.lang.Object, int, int)'> (0x00000000856b05d8) 
thrown [s\src\hotspot\share\interpreter\linkResolver.cpp, line 784]
Event: 65.478 Thread 0x000002315ab53f40 Exception <a 'java/lang/NoSuchMethodError'{0x00000000856eb448}: 'void java.lang.invoke.DirectMethodHandle$Holder.invokeSpecial(java.lang.Object, java.lang.Object, int)'> (0x00000000856eb448) 
thrown [s\src\hotspot\share\interpreter\linkResolver.cpp, line 784]
Event: 65.482 Thread 0x000002315ab53f40 Exception <a 'java/lang/NoSuchMethodError'{0x00000000856efe90}: 'void java.lang.invoke.Invokers$Holder.invokeExact_MT(java.lang.Object, int, java.lang.Object)'> (0x00000000856efe90) 
thrown [s\src\hotspot\share\interpreter\linkResolver.cpp, line 784]
Event: 65.717 Thread 0x000002315ab53f40 Exception <a 'java/lang/NoSuchMethodError'{0x0000000085336f58}: 'java.lang.Object java.lang.invoke.DirectMethodHandle$Holder.newInvokeSpecial(java.lang.Object, java.lang.Object, java.lang.Object, java.lang.Object, java.lang.Object, java.lang.Object, java.lang.Object, java.lang.Object, java.lang.Object, java.lang.Object, java.lang.Object)'> (0x0000000085336f58) 
thrown [s\src\hotspot\share\interpreter\linkResolver.cpp, line 784]
Event: 66.158 Thread 0x000002315ab53f40 Exception <a 'java/lang/NoSuchMethodError'{0x00000000851cbb48}: 'java.lang.Object java.lang.invoke.DirectMethodHandle$Holder.newInvokeSpecial(java.lang.Object, java.lang.Object, java.lang.Object, java.lang.Object, java.lang.Object, java.lang.Object, java.lang.Object, java.lang.Object, java.lang.Object, java.lang.Object, java.lang.Object, java.lang.Object)'> (0x00000000851cbb48) 
thrown [s\src\hotspot\share\interpreter\linkResolver.cpp, line 784]
Event: 66.159 Thread 0x000002315ab53f40 Exception <a 'java/lang/NoSuchMethodError'{0x00000000851d1500}: 'java.lang.Object java.lang.invoke.Invokers$Holder.linkToTargetMethod(java.lang.Object, java.lang.Object, java.lang.Object, java.lang.Object, java.lang.Object, java.lang.Object, java.lang.Object, java.lang.Object, java.lang.Object, java.lang.Object, java.lang.Object, java.lang.Object)'> (0x00000000851d1500) 
thrown [s\src\hotspot\share\interpreter\linkResolver.cpp, line 784]
Event: 66.347 Thread 0x000002315ab53f40 Exception <a 'java/lang/NoSuchMethodError'{0x0000000085095248}: 'java.lang.Object java.lang.invoke.DirectMethodHandle$Holder.newInvokeSpecial(java.lang.Object, java.lang.Object, java.lang.Object, java.lang.Object, java.lang.Object, java.lang.Object, java.lang.Object, java.lang.Object, java.lang.Object, java.lang.Object, java.lang.Object, java.lang.Object, java.lang.Object, java.lang.Object, java.lang.Object)'> (0x0000000085095248) 
thrown [s\src\hotspot\share\interpreter\linkResolver.cpp, line 784]
Event: 66.348 Thread 0x000002315ab53f40 Exception <a 'java/lang/NoSuchMethodError'{0x000000008509bb40}: 'java.lang.Object java.lang.invoke.DirectMethodHandle$Holder.invokeSpecial(java.lang.Object, java.lang.Object, java.lang.Object, java.lang.Object, java.lang.Object, java.lang.Object, java.lang.Object, java.lang.Object, java.lang.Object, java.lang.Object, java.lang.Object, java.lang.Object, java.lang.Object, java.lang.Object, java.lang.Object, java.lang.Object)'> (0x000000008509bb40) 
thrown [s\src\hotspot\share\interpreter\linkResolver.cpp, li
Event: 66.349 Thread 0x000002315ab53f40 Exception <a 'java/lang/NoSuchMethodError'{0x00000000850a1320}: 'java.lang.Object java.lang.invoke.DelegatingMethodHandle$Holder.reinvoke_L(java.lang.Object, java.lang.Object, java.lang.Object, java.lang.Object, java.lang.Object, java.lang.Object, java.lang.Object, java.lang.Object, java.lang.Object, java.lang.Object, java.lang.Object, java.lang.Object, java.lang.Object, java.lang.Object, java.lang.Object)'> (0x00000000850a1320) 
thrown [s\src\hotspot\share\interpreter\linkResolver.cpp, line 784]

ZGC Phase Switch (0 events):
No events

VM Operations (20 events):
Event: 60.252 Executing VM operation: HandshakeAllThreads (HandshakeForDeflation) done
Event: 60.253 Executing VM operation: RendezvousGCThreads
Event: 60.253 Executing VM operation: RendezvousGCThreads done
Event: 61.264 Executing VM operation: Cleanup
Event: 61.264 Executing VM operation: Cleanup done
Event: 61.654 Executing VM operation: G1CollectForAllocation (G1 Evacuation Pause)
Event: 61.675 Executing VM operation: G1CollectForAllocation (G1 Evacuation Pause) done
Event: 61.831 Executing VM operation: G1PauseRemark
Event: 61.937 Executing VM operation: G1PauseRemark done
Event: 61.950 Executing VM operation: G1PauseCleanup
Event: 61.994 Executing VM operation: G1PauseCleanup done
Event: 62.999 Executing VM operation: Cleanup
Event: 62.999 Executing VM operation: Cleanup done
Event: 64.006 Executing VM operation: Cleanup
Event: 64.006 Executing VM operation: Cleanup done
Event: 64.555 Executing VM operation: HandshakeAllThreads (Deoptimize)
Event: 64.555 Executing VM operation: HandshakeAllThreads (Deoptimize) done
Event: 65.569 Executing VM operation: Cleanup
Event: 65.569 Executing VM operation: Cleanup done
Event: 66.355 Executing VM operation: G1CollectForAllocation (G1 Evacuation Pause)

Memory protections (0 events):
No events

Nmethod flushes (20 events):
Event: 61.930 Thread 0x0000023154d20e70 flushing  nmethod 0x000002314829bb90
Event: 61.930 Thread 0x0000023154d20e70 flushing  nmethod 0x0000023148334510
Event: 61.930 Thread 0x0000023154d20e70 flushing  nmethod 0x00000231407acb90
Event: 61.930 Thread 0x0000023154d20e70 flushing  nmethod 0x00000231407e6e90
Event: 61.930 Thread 0x0000023154d20e70 flushing  nmethod 0x00000231407e8290
Event: 61.930 Thread 0x0000023154d20e70 flushing  nmethod 0x0000023140811810
Event: 61.930 Thread 0x0000023154d20e70 flushing  nmethod 0x0000023140818410
Event: 61.930 Thread 0x0000023154d20e70 flushing  nmethod 0x0000023140818e10
Event: 61.930 Thread 0x0000023154d20e70 flushing  nmethod 0x0000023140873810
Event: 61.930 Thread 0x0000023154d20e70 flushing  nmethod 0x00000231408ba590
Event: 61.930 Thread 0x0000023154d20e70 flushing  nmethod 0x000002314094ae90
Event: 61.930 Thread 0x0000023154d20e70 flushing  nmethod 0x0000023140a4b810
Event: 61.930 Thread 0x0000023154d20e70 flushing  nmethod 0x0000023140a80810
Event: 61.930 Thread 0x0000023154d20e70 flushing  nmethod 0x0000023140c3d290
Event: 61.930 Thread 0x0000023154d20e70 flushing  nmethod 0x0000023140c3db10
Event: 61.930 Thread 0x0000023154d20e70 flushing  nmethod 0x0000023140ccec90
Event: 61.930 Thread 0x0000023154d20e70 flushing  nmethod 0x0000023148307410
Event: 61.930 Thread 0x0000023154d20e70 flushing  nmethod 0x00000231483ab010
Event: 61.930 Thread 0x0000023154d20e70 flushing  nmethod 0x0000023140cfe810
Event: 61.930 Thread 0x0000023154d20e70 flushing  nmethod 0x0000023140e19c10

Events (20 events):
Event: 18.013 Thread 0x000002315ab53f40 Thread added: 0x000002315aa532d0
Event: 20.991 Thread 0x000002315ab53f40 Thread added: 0x000002315aa51f20
Event: 22.343 Thread 0x000002315ab53f40 Thread added: 0x000002315b72d3d0
Event: 23.071 Thread 0x000002315b72d3d0 Thread added: 0x000002315b72f4a0
Event: 24.245 Thread 0x000002315ab53f40 Thread added: 0x000002315b730850
Event: 33.541 Thread 0x000002315ab53f40 Thread added: 0x000002315b732290
Event: 36.926 Thread 0x000002315ab53f40 Thread added: 0x000002315b732fb0
Event: 38.034 Thread 0x000002315ab53f40 Thread added: 0x000002315b731c00
Event: 38.053 Thread 0x000002315ab53f40 Thread added: 0x000002315b732920
Event: 40.577 Thread 0x000002315ab53f40 Thread added: 0x000002315b72ee10
Event: 40.578 Thread 0x000002315ab53f40 Thread added: 0x000002315b733640
Event: 40.578 Thread 0x000002315ab53f40 Thread added: 0x000002315b730ee0
Event: 40.578 Thread 0x000002315ab53f40 Thread added: 0x000002315b733cd0
Event: 40.578 Thread 0x000002315ab53f40 Thread added: 0x000002315b734360
Event: 40.578 Thread 0x000002315ab53f40 Thread added: 0x000002315b7349f0
Event: 40.578 Thread 0x000002315ab53f40 Thread added: 0x000002315b731570
Event: 40.578 Thread 0x000002315ab53f40 Thread added: 0x000002315b72da60
Event: 59.725 Thread 0x000002315ab53f40 Thread added: 0x000002315b72e780
Event: 60.471 Thread 0x000002315ab53f40 Thread added: 0x000002315b7301c0
Event: 66.316 Thread 0x000002315ab53f40 Thread added: 0x000002315ba262d0


Dynamic libraries:
0x00007ff7d35c0000 - 0x00007ff7d35ca000 	C:\Program Files\Android\Android Studio\jbr\bin\java.exe
0x00007ffdd5170000 - 0x00007ffdd5368000 	C:\Windows\SYSTEM32\ntdll.dll
0x00007ffdd40f0000 - 0x00007ffdd41b2000 	C:\Windows\System32\KERNEL32.DLL
0x00007ffdd2aa0000 - 0x00007ffdd2d96000 	C:\Windows\System32\KERNELBASE.dll
0x00007ffdd2f30000 - 0x00007ffdd3030000 	C:\Windows\System32\ucrtbase.dll
0x00007ffdcdb40000 - 0x00007ffdcdb58000 	C:\Program Files\Android\Android Studio\jbr\bin\jli.dll
0x00007ffdab800000 - 0x00007ffdab81b000 	C:\Program Files\Android\Android Studio\jbr\bin\VCRUNTIME140.dll
0x00007ffdd4cb0000 - 0x00007ffdd4e4d000 	C:\Windows\System32\USER32.dll
0x00007ffdd3030000 - 0x00007ffdd3052000 	C:\Windows\System32\win32u.dll
0x00007ffdd4060000 - 0x00007ffdd408b000 	C:\Windows\System32\GDI32.dll
0x00007ffdd2930000 - 0x00007ffdd2a49000 	C:\Windows\System32\gdi32full.dll
0x00007ffdd2890000 - 0x00007ffdd292d000 	C:\Windows\System32\msvcp_win.dll
0x00007ffdd1bb0000 - 0x00007ffdd1e4b000 	C:\Windows\WinSxS\amd64_microsoft.windows.common-controls_6595b64144ccf1df_6.0.19041.6280_none_60bc30a171f2f3f3\COMCTL32.dll
0x00007ffdd3650000 - 0x00007ffdd36ee000 	C:\Windows\System32\msvcrt.dll
0x00007ffdd3350000 - 0x00007ffdd337f000 	C:\Windows\System32\IMM32.DLL
0x00007ffdcc450000 - 0x00007ffdcc45c000 	C:\Program Files\Android\Android Studio\jbr\bin\vcruntime140_1.dll
0x00007ffdcd970000 - 0x00007ffdcd9fd000 	C:\Program Files\Android\Android Studio\jbr\bin\msvcp140.dll
0x00007ffd604d0000 - 0x00007ffd6115e000 	C:\Program Files\Android\Android Studio\jbr\bin\server\jvm.dll
0x00007ffdd4bf0000 - 0x00007ffdd4ca1000 	C:\Windows\System32\ADVAPI32.dll
0x00007ffdd4650000 - 0x00007ffdd46ef000 	C:\Windows\System32\sechost.dll
0x00007ffdd3380000 - 0x00007ffdd34a0000 	C:\Windows\System32\RPCRT4.dll
0x00007ffdd2f00000 - 0x00007ffdd2f27000 	C:\Windows\System32\bcrypt.dll
0x00007ffdd36f0000 - 0x00007ffdd375b000 	C:\Windows\System32\WS2_32.dll
0x00007ffdd2250000 - 0x00007ffdd229b000 	C:\Windows\SYSTEM32\POWRPROF.dll
0x00007ffdc1a30000 - 0x00007ffdc1a57000 	C:\Windows\SYSTEM32\WINMM.dll
0x00007ffdcef80000 - 0x00007ffdcef8a000 	C:\Windows\SYSTEM32\VERSION.dll
0x00007ffdd1e50000 - 0x00007ffdd1e62000 	C:\Windows\SYSTEM32\UMPDC.dll
0x00007ffdd0300000 - 0x00007ffdd0312000 	C:\Windows\SYSTEM32\kernel.appcore.dll
0x00007ffdcc420000 - 0x00007ffdcc42a000 	C:\Program Files\Android\Android Studio\jbr\bin\jimage.dll
0x00007ffdd1fc0000 - 0x00007ffdd21c1000 	C:\Windows\SYSTEM32\DBGHELP.DLL
0x00007ffdd1f80000 - 0x00007ffdd1fb4000 	C:\Windows\SYSTEM32\dbgcore.DLL
0x00007ffdd3110000 - 0x00007ffdd3192000 	C:\Windows\System32\bcryptPrimitives.dll
0x00007ffdcdd50000 - 0x00007ffdcdd5e000 	C:\Program Files\Android\Android Studio\jbr\bin\instrument.dll
0x00007ffdab710000 - 0x00007ffdab730000 	C:\Program Files\Android\Android Studio\jbr\bin\java.dll
0x00007ffd64a10000 - 0x00007ffd64a28000 	C:\Program Files\Android\Android Studio\jbr\bin\zip.dll
0x00007ffdd3840000 - 0x00007ffdd3fb0000 	C:\Windows\System32\SHELL32.dll
0x00007ffdcfb40000 - 0x00007ffdd02e5000 	C:\Windows\SYSTEM32\windows.storage.dll
0x00007ffdd41c0000 - 0x00007ffdd4513000 	C:\Windows\System32\combase.dll
0x00007ffdd1b10000 - 0x00007ffdd1b3b000 	C:\Windows\SYSTEM32\Wldp.dll
0x00007ffdd31a0000 - 0x00007ffdd326d000 	C:\Windows\System32\OLEAUT32.dll
0x00007ffdd4e50000 - 0x00007ffdd4efd000 	C:\Windows\System32\SHCORE.dll
0x00007ffdd4b70000 - 0x00007ffdd4bcb000 	C:\Windows\System32\shlwapi.dll
0x00007ffdd2740000 - 0x00007ffdd2764000 	C:\Windows\SYSTEM32\profapi.dll
0x00007ffdbb6d0000 - 0x00007ffdbb6e0000 	C:\Program Files\Android\Android Studio\jbr\bin\net.dll
0x00007ffdc8e60000 - 0x00007ffdc8f6a000 	C:\Windows\SYSTEM32\WINHTTP.dll
0x00007ffdd19e0000 - 0x00007ffdd1a4a000 	C:\Windows\system32\mswsock.dll
0x00007ffd7a530000 - 0x00007ffd7a546000 	C:\Program Files\Android\Android Studio\jbr\bin\nio.dll
0x00007ffdc5b90000 - 0x00007ffdc5ba0000 	C:\Program Files\Android\Android Studio\jbr\bin\verify.dll
0x00007ffdcdb60000 - 0x00007ffdcdb87000 	C:\Users\Asus\.gradle\native\1def1411415f61bf3af743bc5b6707747c0891f09f0c88961ee8f79bc544acac\windows-amd64\native-platform.dll
0x00007ffdcd8a0000 - 0x00007ffdcd918000 	C:\Users\Asus\.gradle\native\0.2.7\x86_64-windows-gnu\gradle-fileevents.dll
0x00007ffdb51e0000 - 0x00007ffdb51e9000 	C:\Program Files\Android\Android Studio\jbr\bin\management.dll
0x00007ffdb4ce0000 - 0x00007ffdb4ceb000 	C:\Program Files\Android\Android Studio\jbr\bin\management_ext.dll
0x00007ffdd32e0000 - 0x00007ffdd32e8000 	C:\Windows\System32\PSAPI.DLL
0x00007ffdd1550000 - 0x00007ffdd158b000 	C:\Windows\SYSTEM32\IPHLPAPI.DLL
0x00007ffdd32d0000 - 0x00007ffdd32d8000 	C:\Windows\System32\NSI.dll
0x00007ffdb69f0000 - 0x00007ffdb69f9000 	C:\Program Files\Android\Android Studio\jbr\bin\extnet.dll
0x00007ffdd2580000 - 0x00007ffdd2598000 	C:\Windows\SYSTEM32\CRYPTSP.dll
0x00007ffdd11f0000 - 0x00007ffdd1228000 	C:\Windows\system32\rsaenh.dll
0x00007ffdd26c0000 - 0x00007ffdd26ee000 	C:\Windows\SYSTEM32\USERENV.dll
0x00007ffdd1ad0000 - 0x00007ffdd1adc000 	C:\Windows\SYSTEM32\CRYPTBASE.dll
0x00007ffdb7b50000 - 0x00007ffdb7b57000 	C:\Windows\system32\wshunix.dll

dbghelp: loaded successfully - version: 4.0.5 - missing functions: none
symbol engine: initialized successfully - sym options: 0x614 - pdb path: .;C:\Program Files\Android\Android Studio\jbr\bin;C:\Windows\SYSTEM32;C:\Windows\WinSxS\amd64_microsoft.windows.common-controls_6595b64144ccf1df_6.0.19041.6280_none_60bc30a171f2f3f3;C:\Program Files\Android\Android Studio\jbr\bin\server;C:\Users\Asus\.gradle\native\1def1411415f61bf3af743bc5b6707747c0891f09f0c88961ee8f79bc544acac\windows-amd64;C:\Users\Asus\.gradle\native\0.2.7\x86_64-windows-gnu

VM Arguments:
jvm_args: --add-opens=java.base/java.lang=ALL-UNNAMED --add-opens=java.base/java.lang.invoke=ALL-UNNAMED --add-opens=java.base/java.util=ALL-UNNAMED --add-opens=java.prefs/java.util.prefs=ALL-UNNAMED --add-exports=jdk.compiler/com.sun.tools.javac.api=ALL-UNNAMED --add-exports=jdk.compiler/com.sun.tools.javac.util=ALL-UNNAMED --add-opens=java.base/java.util=ALL-UNNAMED --add-opens=java.prefs/java.util.prefs=ALL-UNNAMED --add-opens=java.base/java.nio.charset=ALL-UNNAMED --add-opens=java.base/java.net=ALL-UNNAMED --add-opens=java.base/java.util.concurrent.atomic=ALL-UNNAMED --add-opens=java.xml/javax.xml.namespace=ALL-UNNAMED -Xmx2048m -Dfile.encoding=UTF-8 -Duser.country=ID -Duser.language=en -Duser.variant -javaagent:C:\Users\Asus\.gradle\wrapper\dists\gradle-8.13-bin\5xuhj0ry160q40clulazy9h7d\gradle-8.13\lib\agents\gradle-instrumentation-agent-8.13.jar 
java_command: org.gradle.launcher.daemon.bootstrap.GradleDaemon 8.13
java_class_path (initial): C:\Users\Asus\.gradle\wrapper\dists\gradle-8.13-bin\5xuhj0ry160q40clulazy9h7d\gradle-8.13\lib\gradle-daemon-main-8.13.jar
Launcher Type: SUN_STANDARD

[Global flags]
     intx CICompilerCount                          = 4                                         {product} {ergonomic}
     uint ConcGCThreads                            = 2                                         {product} {ergonomic}
     uint G1ConcRefinementThreads                  = 8                                         {product} {ergonomic}
   size_t G1HeapRegionSize                         = 1048576                                   {product} {ergonomic}
    uintx GCDrainStackTargetSize                   = 64                                        {product} {ergonomic}
   size_t InitialHeapSize                          = 65011712                                  {product} {ergonomic}
   size_t MarkStackSize                            = 4194304                                   {product} {ergonomic}
   size_t MaxHeapSize                              = 2147483648                                {product} {command line}
   size_t MaxNewSize                               = 1287651328                                {product} {ergonomic}
   size_t MinHeapDeltaBytes                        = 1048576                                   {product} {ergonomic}
   size_t MinHeapSize                              = 8388608                                   {product} {ergonomic}
    uintx NonNMethodCodeHeapSize                   = 5839372                                {pd product} {ergonomic}
    uintx NonProfiledCodeHeapSize                  = 122909434                              {pd product} {ergonomic}
    uintx ProfiledCodeHeapSize                     = 122909434                              {pd product} {ergonomic}
    uintx ReservedCodeCacheSize                    = 251658240                              {pd product} {ergonomic}
     bool SegmentedCodeCache                       = true                                      {product} {ergonomic}
   size_t SoftMaxHeapSize                          = 2147483648                             {manageable} {ergonomic}
     bool UseCompressedOops                        = true                           {product lp64_product} {ergonomic}
     bool UseG1GC                                  = true                                      {product} {ergonomic}
     bool UseLargePagesIndividualAllocation        = false                                  {pd product} {ergonomic}

Logging:
Log output configuration:
 #0: stdout all=warning uptime,level,tags foldmultilines=false
 #1: stderr all=off uptime,level,tags foldmultilines=false

Environment Variables:
PATH=C:\Windows\system32;C:\Windows;C:\Windows\System32\Wbem;C:\Windows\System32\WindowsPowerShell\v1.0\;C:\Windows\System32\OpenSSH\;C:\Program Files (x86)\NVIDIA Corporation\PhysX\Common;C:\Program Files\Git\cmd;C:\Program Files\dotnet\;C:\Users\Asus\AppData\Local\Microsoft\WindowsApps;C:\Users\Asus\AppData\Local\Programs\Microsoft VS Code\bin;C:\Users\Asus\AppData\Local\GitHubDesktop\bin;C:\Users\Asus\.dotnet\tools
USERNAME=Asus
OS=Windows_NT
PROCESSOR_IDENTIFIER=Intel64 Family 6 Model 142 Stepping 12, GenuineIntel
TMP=C:\Users\Asus\AppData\Local\Temp
TEMP=C:\Users\Asus\AppData\Local\Temp




Periodic native trim disabled

JNI global refs:
JNI global refs: 26, weak refs: 0

JNI global refs memory usage: 835, weak refs: 833

Process memory usage:
Resident Set Size: 137976K (3% of 4042184K total physical memory with 97072K free physical memory)

OOME stack traces (most recent first):
Classloader memory used:
Loader org.gradle.internal.classloader.VisitableURLClassLoader                         : 23690K
Loader bootstrap                                                                       : 21462K
Loader org.gradle.initialization.MixInLegacyTypesClassLoader                           : 3960K
Loader org.gradle.internal.classloader.VisitableURLClassLoader                         : 734K
Loader jdk.internal.loader.ClassLoaders$PlatformClassLoader                            : 500K
Loader jdk.internal.loader.ClassLoaders$AppClassLoader                                 : 235K
Loader jdk.internal.reflect.DelegatingClassLoader                                      : 158K
Loader org.gradle.groovy.scripts.internal.DefaultScriptCompilationHandler$ScriptClassLoader: 35656B
Loader org.codehaus.groovy.runtime.callsite.CallSiteClassLoader                        : 7200B

Classes loaded by more than one classloader:
Class org.gradle.api.GradleException                                                  : loaded 3 times (x 80B)
Class org.gradle.internal.classloader.FilteringClassLoader                            : loaded 2 times (x 103B)
Class org.gradle.internal.classloader.ClassLoaderHierarchy                            : loaded 2 times (x 68B)
Class org.gradle.api.internal.classpath.ManifestUtil                                  : loaded 2 times (x 69B)
Class org.gradle.internal.operations.MultipleBuildOperationFailures                   : loaded 2 times (x 93B)
Class org.gradle.internal.classloader.DefaultClassLoaderFactory                       : loaded 2 times (x 80B)
Class org.gradle.internal.classloader.ClassLoaderVisitor                              : loaded 2 times (x 74B)
Class org.gradle.api.internal.classpath.EffectiveClassPath                            : loaded 2 times (x 88B)
Class org.gradle.api.internal.DefaultClassPathProvider                                : loaded 2 times (x 74B)
Class [Lorg.gradle.api.internal.ClassPathProvider;                                    : loaded 2 times (x 67B)
Class org.gradle.api.internal.ClassPathProvider                                       : loaded 2 times (x 68B)
Class org.gradle.internal.service.UnknownServiceException                             : loaded 2 times (x 81B)
Class org.gradle.internal.classpath.TransformedClassPath                              : loaded 2 times (x 94B)
Class org.gradle.internal.classloader.InstrumentingClassLoader                        : loaded 2 times (x 68B)
Class org.gradle.internal.service.ServiceLocator                                      : loaded 2 times (x 68B)
Class org.gradle.internal.InternalTransformer                                         : loaded 2 times (x 68B)
Class org.gradle.internal.time.DefaultTimer                                           : loaded 2 times (x 78B)
Class org.gradle.internal.classloader.ClasspathUtil$1                                 : loaded 2 times (x 74B)
Class org.gradle.api.internal.classpath.DefaultModuleRegistry$DefaultModule           : loaded 2 times (x 84B)
Class org.gradle.internal.time.DefaultCountdownTimer                                  : loaded 2 times (x 86B)
Class kotlin.Function                                                                 : loaded 2 times (x 68B)
Class org.gradle.api.internal.classpath.Module                                        : loaded 2 times (x 68B)
Class org.gradle.api.internal.classpath.UnknownModuleException                        : loaded 2 times (x 80B)
Class org.gradle.api.internal.DefaultClassPathRegistry                                : loaded 2 times (x 74B)
Class org.gradle.api.internal.ClassPathRegistry                                       : loaded 2 times (x 68B)
Class org.gradle.internal.classpath.DefaultClassPath$ImmutableUniqueList              : loaded 2 times (x 197B)
Class org.gradle.internal.classpath.ClassPath                                         : loaded 2 times (x 68B)
Class org.gradle.api.UncheckedIOException                                             : loaded 2 times (x 80B)
Class kotlin.UninitializedPropertyAccessException                                     : loaded 2 times (x 80B)
Class org.gradle.internal.installation.GradleInstallation$1                           : loaded 2 times (x 73B)
Class org.gradle.api.internal.classpath.ModuleRegistry                                : loaded 2 times (x 68B)
Class org.gradle.api.internal.classpath.DefaultModuleRegistry                         : loaded 2 times (x 84B)
Class org.gradle.internal.time.MonotonicClock                                         : loaded 2 times (x 75B)
Class org.gradle.internal.service.ServiceLookupException                              : loaded 2 times (x 80B)
Class org.gradle.internal.classloader.ClassLoaderFactory                              : loaded 2 times (x 68B)
Class org.gradle.internal.service.CachingServiceLocator                               : loaded 2 times (x 80B)
Class org.gradle.internal.time.TimeSource                                             : loaded 2 times (x 68B)
Class org.gradle.internal.exceptions.ResolutionProvider                               : loaded 2 times (x 68B)
Class org.gradle.internal.classloader.ClasspathUtil                                   : loaded 2 times (x 69B)
Class org.gradle.internal.time.TimeSource$1                                           : loaded 2 times (x 75B)
Class org.gradle.api.specs.Spec                                                       : loaded 2 times (x 68B)
Class org.gradle.internal.time.Clock                                                  : loaded 2 times (x 68B)
Class org.gradle.internal.classloader.VisitableURLClassLoader$InstrumentingVisitableURLClassLoader: loaded 2 times (x 121B)
Class org.gradle.internal.classloader.VisitableURLClassLoader$Spec                    : loaded 2 times (x 72B)
Class org.gradle.internal.classpath.DefaultClassPath                                  : loaded 2 times (x 88B)
Class org.gradle.internal.classloader.ClassLoaderSpec                                 : loaded 2 times (x 69B)
Class org.gradle.internal.classloader.VisitableURLClassLoader                         : loaded 2 times (x 115B)
Class org.gradle.internal.Cast                                                        : loaded 2 times (x 69B)
Class org.gradle.api.Action                                                           : loaded 2 times (x 68B)
Class kotlin.jvm.functions.Function1                                                  : loaded 2 times (x 68B)
Class org.gradle.internal.classpath.DefaultClassPath$ImmutableUniqueList$Builder      : loaded 2 times (x 73B)
Class kotlin.NotImplementedError                                                      : loaded 2 times (x 80B)
Class org.gradle.internal.exceptions.NonGradleCauseExceptionsHolder                   : loaded 2 times (x 68B)
Class org.gradle.internal.IoActions                                                   : loaded 2 times (x 69B)
Class org.gradle.internal.classloader.SystemClassLoaderSpec                           : loaded 2 times (x 69B)
Class org.gradle.internal.exceptions.MultiCauseException                              : loaded 2 times (x 68B)
Class org.gradle.internal.time.CountdownTimer                                         : loaded 2 times (x 68B)
Class kotlin.jvm.internal.Intrinsics                                                  : loaded 2 times (x 69B)
Class org.gradle.tooling.model.ProjectModel                                           : loaded 2 times (x 68B)
Class kotlin.KotlinNullPointerException                                               : loaded 2 times (x 81B)
Class org.gradle.internal.exceptions.DefaultMultiCauseException                       : loaded 2 times (x 93B)
Class org.gradle.internal.time.Time                                                   : loaded 2 times (x 69B)
Class org.gradle.api.internal.classpath.GlobalCacheRootsProvider                      : loaded 2 times (x 68B)
Class org.gradle.internal.time.Timer                                                  : loaded 2 times (x 68B)
Class org.gradle.internal.installation.CurrentGradleInstallationLocator               : loaded 2 times (x 69B)
Class org.gradle.internal.service.DefaultServiceLocator                               : loaded 2 times (x 81B)
Class org.gradle.util.GradleVersion                                                   : loaded 2 times (x 77B)
Class org.gradle.internal.installation.CurrentGradleInstallation                      : loaded 2 times (x 71B)
Class org.gradle.util.internal.GUtil                                                  : loaded 2 times (x 69B)
Class org.gradle.internal.installation.GradleInstallation                             : loaded 2 times (x 73B)

---------------  S Y S T E M  ---------------

OS:
 Windows 10 , 64 bit Build 19041 (10.0.19041.5915)
OS uptime: 6 days 20:06 hours

CPU: total 8 (initial active 8) (4 cores per cpu, 2 threads per core) family 6 model 142 stepping 12 microcode 0xde, cx8, cmov, fxsr, ht, mmx, 3dnowpref, sse, sse2, sse3, ssse3, sse4.1, sse4.2, popcnt, lzcnt, tsc, tscinvbit, avx, avx2, aes, erms, clmul, bmi1, bmi2, adx, fma, vzeroupper, clflush, clflushopt, rdtscp, f16c
Processor Information for the first 8 processors :
  Max Mhz: 1800, Current Mhz: 1600, Mhz Limit: 1584

Memory: 4k page, system-wide physical 3947M (83M free)
TotalPageFile size 16235M (AvailPageFile size 62M)
current process WorkingSet (physical memory assigned to process): 135M, peak: 153M
current process commit charge ("private bytes"): 291M, peak: 315M

vm_info: OpenJDK 64-Bit Server VM (21.0.7+-13880790-b1038.58) for windows-amd64 JRE (21.0.7+-13880790-b1038.58), built on 2025-08-04T20:56:21Z by "builder" with MS VC++ 16.10 / 16.11 (VS2019)

END.
