#
# There is insufficient memory for the Java Runtime Environment to continue.
# Native memory allocation (malloc) failed to allocate 1523696 bytes. Error detail: Chunk::new
# Possible reasons:
#   The system is out of physical RAM or swap space
#   This process is running with CompressedOops enabled, and the Java Heap may be blocking the growth of the native heap
# Possible solutions:
#   Reduce memory load on the system
#   Increase physical memory or swap space
#   Check if swap backing store is full
#   Decrease Java heap size (-Xmx/-Xms)
#   Decrease number of Java threads
#   Decrease Java thread stack sizes (-Xss)
#   Set larger code cache with -XX:ReservedCodeCacheSize=
#   JVM is running with Unscaled Compressed Oops mode in which the Java heap is
#     placed in the first 4GB address space. The Java Heap base address is the
#     maximum limit for the native heap growth. Please use -XX:HeapBaseMinAddress
#     to set the Java Heap base and to place the Java Heap above 4GB virtual address.
# This output file may be truncated or incomplete.
#
#  Out of Memory Error (arena.cpp:168), pid=18388, tid=13180
#
# JRE version: OpenJDK Runtime Environment (21.0.7) (build 21.0.7+-13880790-b1038.58)
# Java VM: OpenJDK 64-Bit Server VM (21.0.7+-13880790-b1038.58, mixed mode, tiered, compressed oops, compressed class ptrs, g1 gc, windows-amd64)
# No core dump will be written. Minidumps are not enabled by default on client versions of Windows
#

---------------  S U M M A R Y ------------

Command Line: --add-opens=java.base/java.lang=ALL-UNNAMED --add-opens=java.base/java.lang.invoke=ALL-UNNAMED --add-opens=java.base/java.util=ALL-UNNAMED --add-opens=java.prefs/java.util.prefs=ALL-UNNAMED --add-exports=jdk.compiler/com.sun.tools.javac.api=ALL-UNNAMED --add-exports=jdk.compiler/com.sun.tools.javac.util=ALL-UNNAMED --add-opens=java.base/java.util=ALL-UNNAMED --add-opens=java.prefs/java.util.prefs=ALL-UNNAMED --add-opens=java.base/java.nio.charset=ALL-UNNAMED --add-opens=java.base/java.net=ALL-UNNAMED --add-opens=java.base/java.util.concurrent.atomic=ALL-UNNAMED --add-opens=java.xml/javax.xml.namespace=ALL-UNNAMED -Xmx2048m -Dfile.encoding=UTF-8 -Duser.country=ID -Duser.language=en -Duser.variant -javaagent:C:\Users\Asus\.gradle\wrapper\dists\gradle-8.13-bin\5xuhj0ry160q40clulazy9h7d\gradle-8.13\lib\agents\gradle-instrumentation-agent-8.13.jar org.gradle.launcher.daemon.bootstrap.GradleDaemon 8.13

Host: Intel(R) Core(TM) i5-8265U CPU @ 1.60GHz, 8 cores, 3G,  Windows 10 , 64 bit Build 19041 (10.0.19041.5915)
Time: Fri Sep 26 11:27:58 2025 SE Asia Standard Time elapsed time: 69.563747 seconds (0d 0h 1m 9s)

---------------  T H R E A D  ---------------

Current thread (0x0000027e97036d90):  JavaThread "C2 CompilerThread0" daemon [_thread_in_native, id=13180, stack(0x000000c4ddf00000,0x000000c4de000000) (1024K)]


Current CompileTask:
C2:69563 5454       4       java.lang.invoke.MethodType::makeImpl (109 bytes)

Stack: [0x000000c4ddf00000,0x000000c4de000000]
Native frames: (J=compiled Java code, j=interpreted, Vv=VM code, C=native code)
V  [jvm.dll+0x6d25c9]
V  [jvm.dll+0x860923]
V  [jvm.dll+0x862e7e]
V  [jvm.dll+0x863563]
V  [jvm.dll+0x27f156]
V  [jvm.dll+0xc002d]
V  [jvm.dll+0xc0563]
V  [jvm.dll+0x3b6d01]
V  [jvm.dll+0x382c27]
V  [jvm.dll+0x38209a]
V  [jvm.dll+0x247e72]
V  [jvm.dll+0x247441]
V  [jvm.dll+0x1c5fb4]
V  [jvm.dll+0x256bac]
V  [jvm.dll+0x2550f6]
V  [jvm.dll+0x3f1d16]
V  [jvm.dll+0x808d08]
V  [jvm.dll+0x6d0e1d]
C  [ucrtbase.dll+0x21bb2]
C  [KERNEL32.DLL+0x17374]
C  [ntdll.dll+0x4cc91]


---------------  P R O C E S S  ---------------

Threads class SMR info:
_java_thread_list=0x0000027e9b185fe0, length=45, elements={
0x0000027efb47fb40, 0x0000027effb8be20, 0x0000027e9701c980, 0x0000027e97020400,
0x0000027e97020e60, 0x0000027e970218c0, 0x0000027e97022320, 0x0000027e97022d80,
0x0000027e97036d90, 0x0000027e97037830, 0x0000027e9736f0c0, 0x0000027e981604f0,
0x0000027e9815d700, 0x0000027e9815f140, 0x0000027e9815f7d0, 0x0000027e9815fe60,
0x0000027e9815dd90, 0x0000027e9815d070, 0x0000027e9815e420, 0x0000027e98935c20,
0x0000027e98937cf0, 0x0000027e98931a80, 0x0000027e98936fd0, 0x0000027e98937660,
0x0000027e98933b50, 0x0000027e98932110, 0x0000027e98935590, 0x0000027e98938380,
0x0000027e98934f00, 0x0000027e989341e0, 0x0000027e989327a0, 0x0000027e989313f0,
0x0000027e98938a10, 0x0000027e98932e30, 0x0000027e989362b0, 0x0000027e98936940,
0x0000027e989334c0, 0x0000027e98b54cc0, 0x0000027e98b53910, 0x0000027e98b57420,
0x0000027e98b51ed0, 0x0000027e98b56700, 0x0000027e98b559e0, 0x0000027e98b58e60,
0x0000027e98b55350
}

Java Threads: ( => current thread )
  0x0000027efb47fb40 JavaThread "main"                              [_thread_blocked, id=22472, stack(0x000000c4dd000000,0x000000c4dd100000) (1024K)]
  0x0000027effb8be20 JavaThread "Common-Cleaner"             daemon [_thread_blocked, id=7828, stack(0x000000c4dd800000,0x000000c4dd900000) (1024K)]
  0x0000027e9701c980 JavaThread "Reference Handler"          daemon [_thread_blocked, id=15612, stack(0x000000c4dd900000,0x000000c4dda00000) (1024K)]
  0x0000027e97020400 JavaThread "Finalizer"                  daemon [_thread_blocked, id=18720, stack(0x000000c4dda00000,0x000000c4ddb00000) (1024K)]
  0x0000027e97020e60 JavaThread "Signal Dispatcher"          daemon [_thread_blocked, id=16568, stack(0x000000c4ddb00000,0x000000c4ddc00000) (1024K)]
  0x0000027e970218c0 JavaThread "Attach Listener"            daemon [_thread_blocked, id=12800, stack(0x000000c4ddc00000,0x000000c4ddd00000) (1024K)]
  0x0000027e97022320 JavaThread "Service Thread"             daemon [_thread_in_vm, id=15000, stack(0x000000c4ddd00000,0x000000c4dde00000) (1024K)]
  0x0000027e97022d80 JavaThread "Monitor Deflation Thread"   daemon [_thread_blocked, id=22196, stack(0x000000c4dde00000,0x000000c4ddf00000) (1024K)]
=>0x0000027e97036d90 JavaThread "C2 CompilerThread0"         daemon [_thread_in_native, id=13180, stack(0x000000c4ddf00000,0x000000c4de000000) (1024K)]
  0x0000027e97037830 JavaThread "C1 CompilerThread0"         daemon [_thread_blocked, id=13996, stack(0x000000c4de000000,0x000000c4de100000) (1024K)]
  0x0000027e9736f0c0 JavaThread "Notification Thread"        daemon [_thread_blocked, id=23352, stack(0x000000c4de100000,0x000000c4de200000) (1024K)]
  0x0000027e981604f0 JavaThread "Daemon health stats"               [_thread_blocked, id=14136, stack(0x000000c4de600000,0x000000c4de700000) (1024K)]
  0x0000027e9815d700 JavaThread "Incoming local TCP Connector on port 62447"        [_thread_in_native, id=8572, stack(0x000000c4de700000,0x000000c4de800000) (1024K)]
  0x0000027e9815f140 JavaThread "Daemon periodic checks"            [_thread_blocked, id=15236, stack(0x000000c4deb00000,0x000000c4dec00000) (1024K)]
  0x0000027e9815f7d0 JavaThread "Daemon"                            [_thread_blocked, id=13160, stack(0x000000c4dec00000,0x000000c4ded00000) (1024K)]
  0x0000027e9815fe60 JavaThread "Handler for socket connection from /127.0.0.1:62447 to /127.0.0.1:62453"        [_thread_in_native, id=20432, stack(0x000000c4ded00000,0x000000c4dee00000) (1024K)]
  0x0000027e9815dd90 JavaThread "Cancel handler"                    [_thread_blocked, id=5688, stack(0x000000c4dee00000,0x000000c4def00000) (1024K)]
  0x0000027e9815d070 JavaThread "Daemon worker"                     [_thread_blocked, id=14976, stack(0x000000c4def00000,0x000000c4df000000) (1024K)]
  0x0000027e9815e420 JavaThread "Asynchronous log dispatcher for DefaultDaemonConnection: socket connection from /127.0.0.1:62447 to /127.0.0.1:62453"        [_thread_blocked, id=7840, stack(0x000000c4df000000,0x000000c4df100000) (1024K)]
  0x0000027e98935c20 JavaThread "Stdin handler"                     [_thread_blocked, id=20980, stack(0x000000c4df100000,0x000000c4df200000) (1024K)]
  0x0000027e98937cf0 JavaThread "Daemon client event forwarder"        [_thread_blocked, id=17792, stack(0x000000c4df300000,0x000000c4df400000) (1024K)]
  0x0000027e98931a80 JavaThread "Cache worker for journal cache (C:\Users\Asus\.gradle\caches\journal-1)"        [_thread_blocked, id=20236, stack(0x000000c4df400000,0x000000c4df500000) (1024K)]
  0x0000027e98936fd0 JavaThread "File lock request listener"        [_thread_in_native, id=10800, stack(0x000000c4df500000,0x000000c4df600000) (1024K)]
  0x0000027e98937660 JavaThread "File lock release action executor"        [_thread_blocked, id=13440, stack(0x000000c4df600000,0x000000c4df700000) (1024K)]
  0x0000027e98933b50 JavaThread "Cache worker for file hash cache (C:\Users\Asus\.gradle\caches\8.13\fileHashes)"        [_thread_blocked, id=7992, stack(0x000000c4df700000,0x000000c4df800000) (1024K)]
  0x0000027e98932110 JavaThread "Cache worker for file hash cache (E:\5\IF570-HL (Mobile Application Programming)\LAB_WEEK_052\.gradle\8.13\fileHashes)"        [_thread_blocked, id=18068, stack(0x000000c4dcf00000,0x000000c4dd000000) (1024K)]
  0x0000027e98935590 JavaThread "Cache worker for Build Output Cleanup Cache (E:\5\IF570-HL (Mobile Application Programming)\LAB_WEEK_052\.gradle\buildOutputCleanup)"        [_thread_blocked, id=6388, stack(0x000000c4df800000,0x000000c4df900000) (1024K)]
  0x0000027e98938380 JavaThread "File watcher server"        daemon [_thread_in_native, id=12700, stack(0x000000c4df900000,0x000000c4dfa00000) (1024K)]
  0x0000027e98934f00 JavaThread "File watcher consumer"      daemon [_thread_blocked, id=21152, stack(0x000000c4dfa00000,0x000000c4dfb00000) (1024K)]
  0x0000027e989341e0 JavaThread "jar transforms"                    [_thread_blocked, id=8596, stack(0x000000c4dfb00000,0x000000c4dfc00000) (1024K)]
  0x0000027e989327a0 JavaThread "jar transforms Thread 2"           [_thread_blocked, id=12956, stack(0x000000c4dfc00000,0x000000c4dfd00000) (1024K)]
  0x0000027e989313f0 JavaThread "jar transforms Thread 3"           [_thread_blocked, id=20228, stack(0x000000c4dfd00000,0x000000c4dfe00000) (1024K)]
  0x0000027e98938a10 JavaThread "jar transforms Thread 4"           [_thread_blocked, id=14824, stack(0x000000c4dfe00000,0x000000c4dff00000) (1024K)]
  0x0000027e98932e30 JavaThread "jar transforms Thread 5"           [_thread_blocked, id=14708, stack(0x000000c4dff00000,0x000000c4e0000000) (1024K)]
  0x0000027e989362b0 JavaThread "jar transforms Thread 6"           [_thread_blocked, id=14396, stack(0x000000c4e0000000,0x000000c4e0100000) (1024K)]
  0x0000027e98936940 JavaThread "jar transforms Thread 7"           [_thread_blocked, id=23544, stack(0x000000c4e0100000,0x000000c4e0200000) (1024K)]
  0x0000027e989334c0 JavaThread "jar transforms Thread 8"           [_thread_blocked, id=11392, stack(0x000000c4e0200000,0x000000c4e0300000) (1024K)]
  0x0000027e98b54cc0 JavaThread "Cache worker for checksums cache (E:\5\IF570-HL (Mobile Application Programming)\LAB_WEEK_052\.gradle\8.13\checksums)"        [_thread_blocked, id=12020, stack(0x000000c4e0300000,0x000000c4e0400000) (1024K)]
  0x0000027e98b53910 JavaThread "Cache worker for file content cache (C:\Users\Asus\.gradle\caches\8.13\fileContent)"        [_thread_blocked, id=16580, stack(0x000000c4e0400000,0x000000c4e0500000) (1024K)]
  0x0000027e98b57420 JavaThread "Cache worker for cache directory md-supplier (C:\Users\Asus\.gradle\caches\8.13\md-supplier)"        [_thread_blocked, id=11560, stack(0x000000c4dcd00000,0x000000c4dce00000) (1024K)]
  0x0000027e98b51ed0 JavaThread "Cache worker for cache directory md-rule (C:\Users\Asus\.gradle\caches\8.13\md-rule)"        [_thread_blocked, id=17624, stack(0x000000c4dce00000,0x000000c4dcf00000) (1024K)]
  0x0000027e98b56700 JavaThread "Unconstrained build operations"        [_thread_blocked, id=10304, stack(0x000000c4e0500000,0x000000c4e0600000) (1024K)]
  0x0000027e98b559e0 JavaThread "Unconstrained build operations Thread 2"        [_thread_blocked, id=23220, stack(0x000000c4e0600000,0x000000c4e0700000) (1024K)]
  0x0000027e98b58e60 JavaThread "Unconstrained build operations Thread 3"        [_thread_blocked, id=18240, stack(0x000000c4e0700000,0x000000c4e0800000) (1024K)]
  0x0000027e98b55350 JavaThread "Unconstrained build operations Thread 4"        [_thread_blocked, id=20896, stack(0x000000c4e0800000,0x000000c4e0900000) (1024K)]
Total: 45

Other Threads:
  0x0000027effb4dbc0 VMThread "VM Thread"                           [id=20072, stack(0x000000c4dd700000,0x000000c4dd800000) (1024K)]
  0x0000027efb54dc10 WatcherThread "VM Periodic Task Thread"        [id=15340, stack(0x000000c4dd600000,0x000000c4dd700000) (1024K)]
  0x0000027efb4d4b70 WorkerThread "GC Thread#0"                     [id=13132, stack(0x000000c4dd100000,0x000000c4dd200000) (1024K)]
  0x0000027e973f8f60 WorkerThread "GC Thread#1"                     [id=22040, stack(0x000000c4de200000,0x000000c4de300000) (1024K)]
  0x0000027e97758c70 WorkerThread "GC Thread#2"                     [id=22740, stack(0x000000c4de300000,0x000000c4de400000) (1024K)]
  0x0000027e97759010 WorkerThread "GC Thread#3"                     [id=9748, stack(0x000000c4de400000,0x000000c4de500000) (1024K)]
  0x0000027e975b96f0 WorkerThread "GC Thread#4"                     [id=6828, stack(0x000000c4de500000,0x000000c4de600000) (1024K)]
  0x0000027e98941260 WorkerThread "GC Thread#5"                     [id=14488, stack(0x000000c4de800000,0x000000c4de900000) (1024K)]
  0x0000027e989419a0 WorkerThread "GC Thread#6"                     [id=6264, stack(0x000000c4de900000,0x000000c4dea00000) (1024K)]
  0x0000027e98941d40 WorkerThread "GC Thread#7"                     [id=12376, stack(0x000000c4dea00000,0x000000c4deb00000) (1024K)]
  0x0000027efb4e5b50 ConcurrentGCThread "G1 Main Marker"            [id=14632, stack(0x000000c4dd200000,0x000000c4dd300000) (1024K)]
  0x0000027efb4e77d0 WorkerThread "G1 Conc#0"                       [id=15164, stack(0x000000c4dd300000,0x000000c4dd400000) (1024K)]
  0x0000027e98941600 WorkerThread "G1 Conc#1"                       [id=8384, stack(0x000000c4df200000,0x000000c4df300000) (1024K)]
  0x0000027eff9a10a0 ConcurrentGCThread "G1 Refine#0"               [id=11124, stack(0x000000c4dd400000,0x000000c4dd500000) (1024K)]
  0x0000027efb542670 ConcurrentGCThread "G1 Service"                [id=12752, stack(0x000000c4dd500000,0x000000c4dd600000) (1024K)]
Total: 15

Threads with active compile tasks:
C2 CompilerThread0  69601 5454       4       java.lang.invoke.MethodType::makeImpl (109 bytes)
Total: 1

VM state: not at safepoint (normal execution)

VM Mutex/Monitor currently owned by a thread: None

Heap address: 0x0000000080000000, size: 2048 MB, Compressed Oops mode: 32-bit

CDS archive(s) not mapped
Compressed class space mapped at: 0x0000000100000000-0x0000000140000000, reserved size: 1073741824
Narrow klass base: 0x0000000000000000, Narrow klass shift: 3, Narrow klass range: 0x140000000

GC Precious Log:
 CardTable entry size: 512
 Card Set container configuration: InlinePtr #cards 5 size 8 Array Of Cards #cards 12 size 40 Howl #buckets 4 coarsen threshold 1843 Howl Bitmap #cards 512 size 80 coarsen threshold 460 Card regions per heap region 1 cards per card region 2048
 CPUs: 8 total, 8 available
 Memory: 3947M
 Large Page Support: Disabled
 NUMA Support: Disabled
 Compressed Oops: Enabled (32-bit)
 Heap Region Size: 1M
 Heap Min Capacity: 8M
 Heap Initial Capacity: 62M
 Heap Max Capacity: 2G
 Pre-touch: Disabled
 Parallel Workers: 8
 Concurrent Workers: 2
 Concurrent Refinement Workers: 8
 Periodic GC: Disabled

Heap:
 garbage-first heap   total 134144K, used 73438K [0x0000000080000000, 0x0000000100000000)
  region size 1024K, 9 young (9216K), 5 survivors (5120K)
 Metaspace       used 57186K, committed 58624K, reserved 1114112K
  class space    used 7907K, committed 8576K, reserved 1048576K

Heap Regions: E=young(eden), S=young(survivor), O=old, HS=humongous(starts), HC=humongous(continues), CS=collection set, F=free, TAMS=top-at-mark-start, PB=parsable bottom
|   0|0x0000000080000000, 0x0000000080100000, 0x0000000080100000|100%|HS|  |TAMS 0x0000000080000000| PB 0x0000000080000000| Complete 
|   1|0x0000000080100000, 0x0000000080200000, 0x0000000080200000|100%|HC|  |TAMS 0x0000000080100000| PB 0x0000000080100000| Complete 
|   2|0x0000000080200000, 0x0000000080300000, 0x0000000080300000|100%|HC|  |TAMS 0x0000000080200000| PB 0x0000000080200000| Complete 
|   3|0x0000000080300000, 0x0000000080400000, 0x0000000080400000|100%| O|  |TAMS 0x0000000080300000| PB 0x0000000080300000| Untracked 
|   4|0x0000000080400000, 0x0000000080500000, 0x0000000080500000|100%| O|  |TAMS 0x0000000080400000| PB 0x0000000080400000| Untracked 
|   5|0x0000000080500000, 0x0000000080600000, 0x0000000080600000|100%| O|  |TAMS 0x0000000080500000| PB 0x0000000080500000| Untracked 
|   6|0x0000000080600000, 0x0000000080700000, 0x0000000080700000|100%| O|  |TAMS 0x0000000080600000| PB 0x0000000080600000| Untracked 
|   7|0x0000000080700000, 0x0000000080800000, 0x0000000080800000|100%| O|  |TAMS 0x0000000080700000| PB 0x0000000080700000| Untracked 
|   8|0x0000000080800000, 0x0000000080900000, 0x0000000080900000|100%| O|  |TAMS 0x0000000080800000| PB 0x0000000080800000| Untracked 
|   9|0x0000000080900000, 0x0000000080a00000, 0x0000000080a00000|100%| O|  |TAMS 0x0000000080900000| PB 0x0000000080900000| Untracked 
|  10|0x0000000080a00000, 0x0000000080b00000, 0x0000000080b00000|100%| O|  |TAMS 0x0000000080a00000| PB 0x0000000080a00000| Untracked 
|  11|0x0000000080b00000, 0x0000000080c00000, 0x0000000080c00000|100%|HS|  |TAMS 0x0000000080b00000| PB 0x0000000080b00000| Complete 
|  12|0x0000000080c00000, 0x0000000080d00000, 0x0000000080d00000|100%| O|  |TAMS 0x0000000080c00000| PB 0x0000000080c00000| Untracked 
|  13|0x0000000080d00000, 0x0000000080e00000, 0x0000000080e00000|100%| O|  |TAMS 0x0000000080d00000| PB 0x0000000080d00000| Untracked 
|  14|0x0000000080e00000, 0x0000000080f00000, 0x0000000080f00000|100%| O|  |TAMS 0x0000000080e00000| PB 0x0000000080e00000| Untracked 
|  15|0x0000000080f00000, 0x0000000081000000, 0x0000000081000000|100%| O|  |TAMS 0x0000000080f00000| PB 0x0000000080f00000| Untracked 
|  16|0x0000000081000000, 0x0000000081100000, 0x0000000081100000|100%| O|  |TAMS 0x0000000081000000| PB 0x0000000081000000| Untracked 
|  17|0x0000000081100000, 0x0000000081200000, 0x0000000081200000|100%| O|  |TAMS 0x0000000081100000| PB 0x0000000081100000| Untracked 
|  18|0x0000000081200000, 0x0000000081300000, 0x0000000081300000|100%| O|  |TAMS 0x0000000081200000| PB 0x0000000081200000| Untracked 
|  19|0x0000000081300000, 0x0000000081400000, 0x0000000081400000|100%| O|  |TAMS 0x0000000081300000| PB 0x0000000081300000| Untracked 
|  20|0x0000000081400000, 0x0000000081500000, 0x0000000081500000|100%| O|  |TAMS 0x0000000081400000| PB 0x0000000081400000| Untracked 
|  21|0x0000000081500000, 0x0000000081600000, 0x0000000081600000|100%| O|  |TAMS 0x0000000081500000| PB 0x0000000081500000| Untracked 
|  22|0x0000000081600000, 0x0000000081600000, 0x0000000081700000|  0%| F|  |TAMS 0x0000000081600000| PB 0x0000000081600000| Untracked 
|  23|0x0000000081700000, 0x0000000081800000, 0x0000000081800000|100%|HS|  |TAMS 0x0000000081700000| PB 0x0000000081700000| Complete 
|  24|0x0000000081800000, 0x0000000081900000, 0x0000000081900000|100%|HC|  |TAMS 0x0000000081800000| PB 0x0000000081800000| Complete 
|  25|0x0000000081900000, 0x0000000081a00000, 0x0000000081a00000|100%|HC|  |TAMS 0x0000000081900000| PB 0x0000000081900000| Complete 
|  26|0x0000000081a00000, 0x0000000081b00000, 0x0000000081b00000|100%|HC|  |TAMS 0x0000000081a00000| PB 0x0000000081a00000| Complete 
|  27|0x0000000081b00000, 0x0000000081c00000, 0x0000000081c00000|100%|HC|  |TAMS 0x0000000081b00000| PB 0x0000000081b00000| Complete 
|  28|0x0000000081c00000, 0x0000000081d00000, 0x0000000081d00000|100%|HC|  |TAMS 0x0000000081c00000| PB 0x0000000081c00000| Complete 
|  29|0x0000000081d00000, 0x0000000081e00000, 0x0000000081e00000|100%|HS|  |TAMS 0x0000000081d00000| PB 0x0000000081d00000| Complete 
|  30|0x0000000081e00000, 0x0000000081f00000, 0x0000000081f00000|100%|HS|  |TAMS 0x0000000081e00000| PB 0x0000000081e00000| Complete 
|  31|0x0000000081f00000, 0x0000000082000000, 0x0000000082000000|100%|HC|  |TAMS 0x0000000081f00000| PB 0x0000000081f00000| Complete 
|  32|0x0000000082000000, 0x0000000082100000, 0x0000000082100000|100%|HC|  |TAMS 0x0000000082000000| PB 0x0000000082000000| Complete 
|  33|0x0000000082100000, 0x0000000082200000, 0x0000000082200000|100%|HC|  |TAMS 0x0000000082100000| PB 0x0000000082100000| Complete 
|  34|0x0000000082200000, 0x0000000082300000, 0x0000000082300000|100%|HS|  |TAMS 0x0000000082200000| PB 0x0000000082200000| Complete 
|  35|0x0000000082300000, 0x0000000082400000, 0x0000000082400000|100%|HC|  |TAMS 0x0000000082300000| PB 0x0000000082300000| Complete 
|  36|0x0000000082400000, 0x0000000082500000, 0x0000000082500000|100%|HS|  |TAMS 0x0000000082400000| PB 0x0000000082400000| Complete 
|  37|0x0000000082500000, 0x0000000082600000, 0x0000000082600000|100%|HS|  |TAMS 0x0000000082500000| PB 0x0000000082500000| Complete 
|  38|0x0000000082600000, 0x0000000082700000, 0x0000000082700000|100%|HC|  |TAMS 0x0000000082600000| PB 0x0000000082600000| Complete 
|  39|0x0000000082700000, 0x0000000082800000, 0x0000000082800000|100%|HC|  |TAMS 0x0000000082700000| PB 0x0000000082700000| Complete 
|  40|0x0000000082800000, 0x0000000082900000, 0x0000000082900000|100%|HC|  |TAMS 0x0000000082800000| PB 0x0000000082800000| Complete 
|  41|0x0000000082900000, 0x0000000082a00000, 0x0000000082a00000|100%|HC|  |TAMS 0x0000000082900000| PB 0x0000000082900000| Complete 
|  42|0x0000000082a00000, 0x0000000082b00000, 0x0000000082b00000|100%|HC|  |TAMS 0x0000000082a00000| PB 0x0000000082a00000| Complete 
|  43|0x0000000082b00000, 0x0000000082c00000, 0x0000000082c00000|100%|HS|  |TAMS 0x0000000082b00000| PB 0x0000000082b00000| Complete 
|  44|0x0000000082c00000, 0x0000000082d00000, 0x0000000082d00000|100%|HS|  |TAMS 0x0000000082c00000| PB 0x0000000082c00000| Complete 
|  45|0x0000000082d00000, 0x0000000082e00000, 0x0000000082e00000|100%| O|  |TAMS 0x0000000082d00000| PB 0x0000000082d00000| Untracked 
|  46|0x0000000082e00000, 0x0000000082f00000, 0x0000000082f00000|100%| O|  |TAMS 0x0000000082e00000| PB 0x0000000082e00000| Untracked 
|  47|0x0000000082f00000, 0x0000000083000000, 0x0000000083000000|100%| O|  |TAMS 0x0000000082f00000| PB 0x0000000082f00000| Untracked 
|  48|0x0000000083000000, 0x0000000083100000, 0x0000000083100000|100%| O|  |TAMS 0x0000000083000000| PB 0x0000000083000000| Untracked 
|  49|0x0000000083100000, 0x0000000083200000, 0x0000000083200000|100%| O|  |TAMS 0x0000000083100000| PB 0x0000000083100000| Untracked 
|  50|0x0000000083200000, 0x0000000083300000, 0x0000000083300000|100%| O|  |TAMS 0x0000000083200000| PB 0x0000000083200000| Untracked 
|  51|0x0000000083300000, 0x0000000083400000, 0x0000000083400000|100%| O|  |TAMS 0x0000000083300000| PB 0x0000000083300000| Untracked 
|  52|0x0000000083400000, 0x0000000083500000, 0x0000000083500000|100%| O|  |TAMS 0x0000000083400000| PB 0x0000000083400000| Untracked 
|  53|0x0000000083500000, 0x0000000083600000, 0x0000000083600000|100%| O|  |TAMS 0x0000000083500000| PB 0x0000000083500000| Untracked 
|  54|0x0000000083600000, 0x0000000083665988, 0x0000000083700000| 39%| O|  |TAMS 0x0000000083600000| PB 0x0000000083600000| Untracked 
|  55|0x0000000083700000, 0x0000000083700000, 0x0000000083800000|  0%| F|  |TAMS 0x0000000083700000| PB 0x0000000083700000| Untracked 
|  56|0x0000000083800000, 0x0000000083800000, 0x0000000083900000|  0%| F|  |TAMS 0x0000000083800000| PB 0x0000000083800000| Untracked 
|  57|0x0000000083900000, 0x0000000083900000, 0x0000000083a00000|  0%| F|  |TAMS 0x0000000083900000| PB 0x0000000083900000| Untracked 
|  58|0x0000000083a00000, 0x0000000083a00000, 0x0000000083b00000|  0%| F|  |TAMS 0x0000000083a00000| PB 0x0000000083a00000| Untracked 
|  59|0x0000000083b00000, 0x0000000083c00000, 0x0000000083c00000|100%| O|  |TAMS 0x0000000083b00000| PB 0x0000000083b00000| Untracked 
|  60|0x0000000083c00000, 0x0000000083d00000, 0x0000000083d00000|100%| O|  |TAMS 0x0000000083c00000| PB 0x0000000083c00000| Untracked 
|  61|0x0000000083d00000, 0x0000000083d00000, 0x0000000083e00000|  0%| F|  |TAMS 0x0000000083d00000| PB 0x0000000083d00000| Untracked 
|  62|0x0000000083e00000, 0x0000000083f00000, 0x0000000083f00000|100%|HS|  |TAMS 0x0000000083e00000| PB 0x0000000083e00000| Complete 
|  63|0x0000000083f00000, 0x0000000084000000, 0x0000000084000000|100%|HC|  |TAMS 0x0000000083f00000| PB 0x0000000083f00000| Complete 
|  64|0x0000000084000000, 0x0000000084100000, 0x0000000084100000|100%|HC|  |TAMS 0x0000000084000000| PB 0x0000000084000000| Complete 
|  65|0x0000000084100000, 0x0000000084200000, 0x0000000084200000|100%|HC|  |TAMS 0x0000000084100000| PB 0x0000000084100000| Complete 
|  66|0x0000000084200000, 0x0000000084300000, 0x0000000084300000|100%|HS|  |TAMS 0x0000000084200000| PB 0x0000000084200000| Complete 
|  67|0x0000000084300000, 0x0000000084400000, 0x0000000084400000|100%|HC|  |TAMS 0x0000000084300000| PB 0x0000000084300000| Complete 
|  68|0x0000000084400000, 0x0000000084400000, 0x0000000084500000|  0%| F|  |TAMS 0x0000000084400000| PB 0x0000000084400000| Untracked 
|  69|0x0000000084500000, 0x0000000084500000, 0x0000000084600000|  0%| F|  |TAMS 0x0000000084500000| PB 0x0000000084500000| Untracked 
|  70|0x0000000084600000, 0x0000000084700000, 0x0000000084700000|100%| O|  |TAMS 0x0000000084600000| PB 0x0000000084600000| Untracked 
|  71|0x0000000084700000, 0x0000000084752100, 0x0000000084800000| 32%| S|CS|TAMS 0x0000000084700000| PB 0x0000000084700000| Complete 
|  72|0x0000000084800000, 0x0000000084900000, 0x0000000084900000|100%| S|CS|TAMS 0x0000000084800000| PB 0x0000000084800000| Complete 
|  73|0x0000000084900000, 0x0000000084a00000, 0x0000000084a00000|100%| S|CS|TAMS 0x0000000084900000| PB 0x0000000084900000| Complete 
|  74|0x0000000084a00000, 0x0000000084b00000, 0x0000000084b00000|100%| S|CS|TAMS 0x0000000084a00000| PB 0x0000000084a00000| Complete 
|  75|0x0000000084b00000, 0x0000000084c00000, 0x0000000084c00000|100%| S|CS|TAMS 0x0000000084b00000| PB 0x0000000084b00000| Complete 
|  76|0x0000000084c00000, 0x0000000084c00000, 0x0000000084d00000|  0%| F|  |TAMS 0x0000000084c00000| PB 0x0000000084c00000| Untracked 
|  77|0x0000000084d00000, 0x0000000084d00000, 0x0000000084e00000|  0%| F|  |TAMS 0x0000000084d00000| PB 0x0000000084d00000| Untracked 
|  78|0x0000000084e00000, 0x0000000084e00000, 0x0000000084f00000|  0%| F|  |TAMS 0x0000000084e00000| PB 0x0000000084e00000| Untracked 
|  79|0x0000000084f00000, 0x0000000084f00000, 0x0000000085000000|  0%| F|  |TAMS 0x0000000084f00000| PB 0x0000000084f00000| Untracked 
|  80|0x0000000085000000, 0x0000000085000000, 0x0000000085100000|  0%| F|  |TAMS 0x0000000085000000| PB 0x0000000085000000| Untracked 
|  81|0x0000000085100000, 0x0000000085100000, 0x0000000085200000|  0%| F|  |TAMS 0x0000000085100000| PB 0x0000000085100000| Untracked 
|  82|0x0000000085200000, 0x0000000085200000, 0x0000000085300000|  0%| F|  |TAMS 0x0000000085200000| PB 0x0000000085200000| Untracked 
|  83|0x0000000085300000, 0x0000000085300000, 0x0000000085400000|  0%| F|  |TAMS 0x0000000085300000| PB 0x0000000085300000| Untracked 
|  84|0x0000000085400000, 0x0000000085400000, 0x0000000085500000|  0%| F|  |TAMS 0x0000000085400000| PB 0x0000000085400000| Untracked 
|  85|0x0000000085500000, 0x0000000085500000, 0x0000000085600000|  0%| F|  |TAMS 0x0000000085500000| PB 0x0000000085500000| Untracked 
|  86|0x0000000085600000, 0x0000000085600000, 0x0000000085700000|  0%| F|  |TAMS 0x0000000085600000| PB 0x0000000085600000| Untracked 
|  87|0x0000000085700000, 0x0000000085700000, 0x0000000085800000|  0%| F|  |TAMS 0x0000000085700000| PB 0x0000000085700000| Untracked 
|  88|0x0000000085800000, 0x0000000085800000, 0x0000000085900000|  0%| F|  |TAMS 0x0000000085800000| PB 0x0000000085800000| Untracked 
|  89|0x0000000085900000, 0x0000000085900000, 0x0000000085a00000|  0%| F|  |TAMS 0x0000000085900000| PB 0x0000000085900000| Untracked 
|  90|0x0000000085a00000, 0x0000000085a00000, 0x0000000085b00000|  0%| F|  |TAMS 0x0000000085a00000| PB 0x0000000085a00000| Untracked 
|  91|0x0000000085b00000, 0x0000000085b00000, 0x0000000085c00000|  0%| F|  |TAMS 0x0000000085b00000| PB 0x0000000085b00000| Untracked 
|  92|0x0000000085c00000, 0x0000000085c00000, 0x0000000085d00000|  0%| F|  |TAMS 0x0000000085c00000| PB 0x0000000085c00000| Untracked 
|  93|0x0000000085d00000, 0x0000000085d00000, 0x0000000085e00000|  0%| F|  |TAMS 0x0000000085d00000| PB 0x0000000085d00000| Untracked 
|  94|0x0000000085e00000, 0x0000000085e00000, 0x0000000085f00000|  0%| F|  |TAMS 0x0000000085e00000| PB 0x0000000085e00000| Untracked 
|  95|0x0000000085f00000, 0x0000000085f00000, 0x0000000086000000|  0%| F|  |TAMS 0x0000000085f00000| PB 0x0000000085f00000| Untracked 
|  96|0x0000000086000000, 0x0000000086000000, 0x0000000086100000|  0%| F|  |TAMS 0x0000000086000000| PB 0x0000000086000000| Untracked 
|  97|0x0000000086100000, 0x0000000086100000, 0x0000000086200000|  0%| F|  |TAMS 0x0000000086100000| PB 0x0000000086100000| Untracked 
|  98|0x0000000086200000, 0x0000000086200000, 0x0000000086300000|  0%| F|  |TAMS 0x0000000086200000| PB 0x0000000086200000| Untracked 
|  99|0x0000000086300000, 0x0000000086300000, 0x0000000086400000|  0%| F|  |TAMS 0x0000000086300000| PB 0x0000000086300000| Untracked 
| 100|0x0000000086400000, 0x0000000086400000, 0x0000000086500000|  0%| F|  |TAMS 0x0000000086400000| PB 0x0000000086400000| Untracked 
| 101|0x0000000086500000, 0x0000000086500000, 0x0000000086600000|  0%| F|  |TAMS 0x0000000086500000| PB 0x0000000086500000| Untracked 
| 102|0x0000000086600000, 0x0000000086600000, 0x0000000086700000|  0%| F|  |TAMS 0x0000000086600000| PB 0x0000000086600000| Untracked 
| 103|0x0000000086700000, 0x0000000086700000, 0x0000000086800000|  0%| F|  |TAMS 0x0000000086700000| PB 0x0000000086700000| Untracked 
| 104|0x0000000086800000, 0x0000000086800000, 0x0000000086900000|  0%| F|  |TAMS 0x0000000086800000| PB 0x0000000086800000| Untracked 
| 105|0x0000000086900000, 0x0000000086900000, 0x0000000086a00000|  0%| F|  |TAMS 0x0000000086900000| PB 0x0000000086900000| Untracked 
| 106|0x0000000086a00000, 0x0000000086a00000, 0x0000000086b00000|  0%| F|  |TAMS 0x0000000086a00000| PB 0x0000000086a00000| Untracked 
| 107|0x0000000086b00000, 0x0000000086b00000, 0x0000000086c00000|  0%| F|  |TAMS 0x0000000086b00000| PB 0x0000000086b00000| Untracked 
| 108|0x0000000086c00000, 0x0000000086c00000, 0x0000000086d00000|  0%| F|  |TAMS 0x0000000086c00000| PB 0x0000000086c00000| Untracked 
| 109|0x0000000086d00000, 0x0000000086d00000, 0x0000000086e00000|  0%| F|  |TAMS 0x0000000086d00000| PB 0x0000000086d00000| Untracked 
| 110|0x0000000086e00000, 0x0000000086e00000, 0x0000000086f00000|  0%| F|  |TAMS 0x0000000086e00000| PB 0x0000000086e00000| Untracked 
| 111|0x0000000086f00000, 0x0000000086f00000, 0x0000000087000000|  0%| F|  |TAMS 0x0000000086f00000| PB 0x0000000086f00000| Untracked 
| 112|0x0000000087000000, 0x0000000087000000, 0x0000000087100000|  0%| F|  |TAMS 0x0000000087000000| PB 0x0000000087000000| Untracked 
| 113|0x0000000087100000, 0x0000000087100000, 0x0000000087200000|  0%| F|  |TAMS 0x0000000087100000| PB 0x0000000087100000| Untracked 
| 114|0x0000000087200000, 0x0000000087200000, 0x0000000087300000|  0%| F|  |TAMS 0x0000000087200000| PB 0x0000000087200000| Untracked 
| 115|0x0000000087300000, 0x0000000087300000, 0x0000000087400000|  0%| F|  |TAMS 0x0000000087300000| PB 0x0000000087300000| Untracked 
| 116|0x0000000087400000, 0x0000000087400000, 0x0000000087500000|  0%| F|  |TAMS 0x0000000087400000| PB 0x0000000087400000| Untracked 
| 117|0x0000000087500000, 0x0000000087500000, 0x0000000087600000|  0%| F|  |TAMS 0x0000000087500000| PB 0x0000000087500000| Untracked 
| 118|0x0000000087600000, 0x0000000087600000, 0x0000000087700000|  0%| F|  |TAMS 0x0000000087600000| PB 0x0000000087600000| Untracked 
| 119|0x0000000087700000, 0x0000000087700000, 0x0000000087800000|  0%| F|  |TAMS 0x0000000087700000| PB 0x0000000087700000| Untracked 
| 120|0x0000000087800000, 0x0000000087800000, 0x0000000087900000|  0%| F|  |TAMS 0x0000000087800000| PB 0x0000000087800000| Untracked 
| 121|0x0000000087900000, 0x0000000087900000, 0x0000000087a00000|  0%| F|  |TAMS 0x0000000087900000| PB 0x0000000087900000| Untracked 
| 122|0x0000000087a00000, 0x0000000087a00000, 0x0000000087b00000|  0%| F|  |TAMS 0x0000000087a00000| PB 0x0000000087a00000| Untracked 
| 123|0x0000000087b00000, 0x0000000087b00000, 0x0000000087c00000|  0%| F|  |TAMS 0x0000000087b00000| PB 0x0000000087b00000| Untracked 
| 124|0x0000000087c00000, 0x0000000087c00000, 0x0000000087d00000|  0%| F|  |TAMS 0x0000000087c00000| PB 0x0000000087c00000| Untracked 
| 125|0x0000000087d00000, 0x0000000087d28f80, 0x0000000087e00000| 16%| E|  |TAMS 0x0000000087d00000| PB 0x0000000087d00000| Complete 
| 126|0x0000000087e00000, 0x0000000087f00000, 0x0000000087f00000|100%| E|CS|TAMS 0x0000000087e00000| PB 0x0000000087e00000| Complete 
| 127|0x0000000087f00000, 0x0000000088000000, 0x0000000088000000|100%| E|CS|TAMS 0x0000000087f00000| PB 0x0000000087f00000| Complete 
| 128|0x0000000088000000, 0x0000000088100000, 0x0000000088100000|100%| E|CS|TAMS 0x0000000088000000| PB 0x0000000088000000| Complete 
|2046|0x00000000ffe00000, 0x00000000fff00000, 0x00000000fff00000|100%| O|  |TAMS 0x00000000ffe00000| PB 0x00000000ffe00000| Untracked 
|2047|0x00000000fff00000, 0x0000000100000000, 0x0000000100000000|100%| O|  |TAMS 0x00000000fff00000| PB 0x00000000fff00000| Untracked 

Card table byte_map: [0x0000027efed10000,0x0000027eff110000] _byte_map_base: 0x0000027efe910000

Marking Bits: (CMBitMap*) 0x0000027efb4d5270
 Bits: [0x0000027e8f000000, 0x0000027e91000000)

Polling page: 0x0000027ef92e0000

Metaspace:

Usage:
  Non-class:     48.12 MB used.
      Class:      7.72 MB used.
       Both:     55.85 MB used.

Virtual space:
  Non-class space:       64.00 MB reserved,      48.88 MB ( 76%) committed,  1 nodes.
      Class space:        1.00 GB reserved,       8.38 MB ( <1%) committed,  1 nodes.
             Both:        1.06 GB reserved,      57.25 MB (  5%) committed. 

Chunk freelists:
   Non-Class:  15.10 MB
       Class:  7.64 MB
        Both:  22.73 MB

MaxMetaspaceSize: unlimited
CompressedClassSpaceSize: 1.00 GB
Initial GC threshold: 21.00 MB
Current GC threshold: 78.69 MB
CDS: off
 - commit_granule_bytes: 65536.
 - commit_granule_words: 8192.
 - virtual_space_node_default_size: 8388608.
 - enlarge_chunks_in_place: 1.
 - use_allocation_guard: 0.


Internal statistics:

num_allocs_failed_limit: 6.
num_arena_births: 2726.
num_arena_deaths: 0.
num_vsnodes_births: 2.
num_vsnodes_deaths: 0.
num_space_committed: 916.
num_space_uncommitted: 0.
num_chunks_returned_to_freelist: 6.
num_chunks_taken_from_freelist: 5040.
num_chunk_merges: 6.
num_chunk_splits: 3192.
num_chunks_enlarged: 1888.
num_inconsistent_stats: 0.

CodeHeap 'non-profiled nmethods': size=120000Kb used=2841Kb max_used=2841Kb free=117159Kb
 bounds [0x0000027e87ad0000, 0x0000027e87da0000, 0x0000027e8f000000]
CodeHeap 'profiled nmethods': size=120000Kb used=9220Kb max_used=9220Kb free=110779Kb
 bounds [0x0000027e80000000, 0x0000027e80910000, 0x0000027e87530000]
CodeHeap 'non-nmethods': size=5760Kb used=2691Kb max_used=2735Kb free=3068Kb
 bounds [0x0000027e87530000, 0x0000027e877e0000, 0x0000027e87ad0000]
 total_blobs=5661 nmethods=4812 adapters=752
 compilation: enabled
              stopped_count=0, restarted_count=0
 full_count=0

Compilation events (20 events):
Event: 69.467 Thread 0x0000027e97037830 5460       3       java.security.ProtectionDomain$Key::<init> (5 bytes)
Event: 69.468 Thread 0x0000027e97037830 nmethod 5460 0x0000027e808fd710 code [0x0000027e808fd8c0, 0x0000027e808fda28]
Event: 69.468 Thread 0x0000027e97037830 5461       3       jdk.internal.reflect.Reflection::verifyModuleAccess (24 bytes)
Event: 69.468 Thread 0x0000027e97037830 nmethod 5461 0x0000027e808fdb10 code [0x0000027e808fdd20, 0x0000027e808fe238]
Event: 69.484 Thread 0x0000027e97037830 5462       1       org.gradle.internal.reflect.annotations.AnnotationCategory$1::getDisplayName (3 bytes)
Event: 69.485 Thread 0x0000027e97037830 nmethod 5462 0x0000027e87d95b10 code [0x0000027e87d95ca0, 0x0000027e87d95d70]
Event: 69.495 Thread 0x0000027e97037830 5463       3       com.google.common.collect.ImmutableList::of (9 bytes)
Event: 69.496 Thread 0x0000027e97037830 nmethod 5463 0x0000027e808fe490 code [0x0000027e808fe680, 0x0000027e808feb48]
Event: 69.497 Thread 0x0000027e97037830 5464       3       com.google.common.collect.SingletonImmutableList::<init> (13 bytes)
Event: 69.498 Thread 0x0000027e97037830 nmethod 5464 0x0000027e808fed10 code [0x0000027e808fef00, 0x0000027e808ff330]
Event: 69.506 Thread 0x0000027e97037830 5465       3       java.util.Optional::map (30 bytes)
Event: 69.507 Thread 0x0000027e97037830 nmethod 5465 0x0000027e808ff510 code [0x0000027e808ff720, 0x0000027e808ffdd8]
Event: 69.514 Thread 0x0000027e97037830 5466       1       org.gradle.internal.concurrent.AbstractManagedExecutor::access$100 (5 bytes)
Event: 69.515 Thread 0x0000027e97037830 nmethod 5466 0x0000027e87d95e10 code [0x0000027e87d95fa0, 0x0000027e87d96050]
Event: 69.515 Thread 0x0000027e97037830 5468       1       java.lang.ThreadLocal::initialValue (2 bytes)
Event: 69.516 Thread 0x0000027e97037830 nmethod 5468 0x0000027e87d96110 code [0x0000027e87d962a0, 0x0000027e87d96370]
Event: 69.517 Thread 0x0000027e97037830 5469       3       org.gradle.internal.snapshot.SnapshotUtil::getMetadataFromChildren (21 bytes)
Event: 69.517 Thread 0x0000027e97037830 nmethod 5469 0x0000027e80900010 code [0x0000027e809001e0, 0x0000027e80900638]
Event: 69.517 Thread 0x0000027e97037830 5470       3       org.gradle.internal.snapshot.SnapshotUtil$1::<init> (15 bytes)
Event: 69.518 Thread 0x0000027e97037830 nmethod 5470 0x0000027e80900790 code [0x0000027e80900940, 0x0000027e80900b60]

GC Heap History (20 events):
Event: 37.092 GC heap before
{Heap before GC invocations=8 (full 0):
 garbage-first heap   total 63488K, used 49862K [0x0000000080000000, 0x0000000100000000)
  region size 1024K, 30 young (30720K), 4 survivors (4096K)
 Metaspace       used 33382K, committed 34112K, reserved 1114112K
  class space    used 4451K, committed 4800K, reserved 1048576K
}
Event: 37.100 GC heap after
{Heap after GC invocations=9 (full 0):
 garbage-first heap   total 63488K, used 25385K [0x0000000080000000, 0x0000000100000000)
  region size 1024K, 4 young (4096K), 4 survivors (4096K)
 Metaspace       used 33382K, committed 34112K, reserved 1114112K
  class space    used 4451K, committed 4800K, reserved 1048576K
}
Event: 39.723 GC heap before
{Heap before GC invocations=9 (full 0):
 garbage-first heap   total 63488K, used 36649K [0x0000000080000000, 0x0000000100000000)
  region size 1024K, 16 young (16384K), 4 survivors (4096K)
 Metaspace       used 35195K, committed 35968K, reserved 1114112K
  class space    used 4786K, committed 5184K, reserved 1048576K
}
Event: 39.734 GC heap after
{Heap after GC invocations=10 (full 0):
 garbage-first heap   total 63488K, used 26055K [0x0000000080000000, 0x0000000100000000)
  region size 1024K, 3 young (3072K), 3 survivors (3072K)
 Metaspace       used 35195K, committed 35968K, reserved 1114112K
  class space    used 4786K, committed 5184K, reserved 1048576K
}
Event: 43.251 GC heap before
{Heap before GC invocations=11 (full 0):
 garbage-first heap   total 69632K, used 68039K [0x0000000080000000, 0x0000000100000000)
  region size 1024K, 18 young (18432K), 3 survivors (3072K)
 Metaspace       used 36462K, committed 37376K, reserved 1114112K
  class space    used 5016K, committed 5440K, reserved 1048576K
}
Event: 43.259 GC heap after
{Heap after GC invocations=12 (full 0):
 garbage-first heap   total 75776K, used 56991K [0x0000000080000000, 0x0000000100000000)
  region size 1024K, 4 young (4096K), 4 survivors (4096K)
 Metaspace       used 36462K, committed 37376K, reserved 1114112K
  class space    used 5016K, committed 5440K, reserved 1048576K
}
Event: 44.175 GC heap before
{Heap before GC invocations=12 (full 0):
 garbage-first heap   total 75776K, used 66207K [0x0000000080000000, 0x0000000100000000)
  region size 1024K, 13 young (13312K), 4 survivors (4096K)
 Metaspace       used 37563K, committed 38400K, reserved 1114112K
  class space    used 5172K, committed 5568K, reserved 1048576K
}
Event: 44.186 GC heap after
{Heap after GC invocations=13 (full 0):
 garbage-first heap   total 75776K, used 60151K [0x0000000080000000, 0x0000000100000000)
  region size 1024K, 2 young (2048K), 2 survivors (2048K)
 Metaspace       used 37563K, committed 38400K, reserved 1114112K
  class space    used 5172K, committed 5568K, reserved 1048576K
}
Event: 44.620 GC heap before
{Heap before GC invocations=13 (full 0):
 garbage-first heap   total 75776K, used 68343K [0x0000000080000000, 0x0000000100000000)
  region size 1024K, 10 young (10240K), 2 survivors (2048K)
 Metaspace       used 38559K, committed 39424K, reserved 1114112K
  class space    used 5309K, committed 5696K, reserved 1048576K
}
Event: 44.625 GC heap after
{Heap after GC invocations=14 (full 0):
 garbage-first heap   total 75776K, used 60294K [0x0000000080000000, 0x0000000100000000)
  region size 1024K, 1 young (1024K), 1 survivors (1024K)
 Metaspace       used 38559K, committed 39424K, reserved 1114112K
  class space    used 5309K, committed 5696K, reserved 1048576K
}
Event: 48.231 GC heap before
{Heap before GC invocations=15 (full 0):
 garbage-first heap   total 102400K, used 68486K [0x0000000080000000, 0x0000000100000000)
  region size 1024K, 9 young (9216K), 1 survivors (1024K)
 Metaspace       used 39737K, committed 40704K, reserved 1114112K
  class space    used 5509K, committed 6016K, reserved 1048576K
}
Event: 48.233 GC heap after
{Heap after GC invocations=16 (full 0):
 garbage-first heap   total 102400K, used 60572K [0x0000000080000000, 0x0000000100000000)
  region size 1024K, 1 young (1024K), 1 survivors (1024K)
 Metaspace       used 39737K, committed 40704K, reserved 1114112K
  class space    used 5509K, committed 6016K, reserved 1048576K
}
Event: 55.329 GC heap before
{Heap before GC invocations=16 (full 0):
 garbage-first heap   total 102400K, used 91292K [0x0000000080000000, 0x0000000100000000)
  region size 1024K, 32 young (32768K), 1 survivors (1024K)
 Metaspace       used 46249K, committed 47232K, reserved 1114112K
  class space    used 6238K, committed 6720K, reserved 1048576K
}
Event: 55.355 GC heap after
{Heap after GC invocations=17 (full 0):
 garbage-first heap   total 102400K, used 63647K [0x0000000080000000, 0x0000000100000000)
  region size 1024K, 4 young (4096K), 4 survivors (4096K)
 Metaspace       used 46249K, committed 47232K, reserved 1114112K
  class space    used 6238K, committed 6720K, reserved 1048576K
}
Event: 57.126 GC heap before
{Heap before GC invocations=17 (full 0):
 garbage-first heap   total 102400K, used 92319K [0x0000000080000000, 0x0000000100000000)
  region size 1024K, 32 young (32768K), 4 survivors (4096K)
 Metaspace       used 47200K, committed 48192K, reserved 1114112K
  class space    used 6372K, committed 6848K, reserved 1048576K
}
Event: 57.139 GC heap after
{Heap after GC invocations=18 (full 0):
 garbage-first heap   total 102400K, used 65879K [0x0000000080000000, 0x0000000100000000)
  region size 1024K, 3 young (3072K), 3 survivors (3072K)
 Metaspace       used 47200K, committed 48192K, reserved 1114112K
  class space    used 6372K, committed 6848K, reserved 1048576K
}
Event: 62.275 GC heap before
{Heap before GC invocations=19 (full 0):
 garbage-first heap   total 111616K, used 97623K [0x0000000080000000, 0x0000000100000000)
  region size 1024K, 29 young (29696K), 3 survivors (3072K)
 Metaspace       used 50841K, committed 51968K, reserved 1114112K
  class space    used 6819K, committed 7360K, reserved 1048576K
}
Event: 62.282 GC heap after
{Heap after GC invocations=20 (full 0):
 garbage-first heap   total 134144K, used 67812K [0x0000000080000000, 0x0000000100000000)
  region size 1024K, 2 young (2048K), 2 survivors (2048K)
 Metaspace       used 50841K, committed 51968K, reserved 1114112K
  class space    used 6819K, committed 7360K, reserved 1048576K
}
Event: 69.109 GC heap before
{Heap before GC invocations=20 (full 0):
 garbage-first heap   total 134144K, used 120036K [0x0000000080000000, 0x0000000100000000)
  region size 1024K, 53 young (54272K), 2 survivors (2048K)
 Metaspace       used 56943K, committed 58368K, reserved 1114112K
  class space    used 7855K, committed 8512K, reserved 1048576K
}
Event: 69.175 GC heap after
{Heap after GC invocations=21 (full 0):
 garbage-first heap   total 134144K, used 70366K [0x0000000080000000, 0x0000000100000000)
  region size 1024K, 5 young (5120K), 5 survivors (5120K)
 Metaspace       used 56943K, committed 58368K, reserved 1114112K
  class space    used 7855K, committed 8512K, reserved 1048576K
}

Dll operation events (3 events):
Event: 0.105 Loaded shared library C:\Program Files\Android\Android Studio\jbr\bin\java.dll
Event: 0.147 Loaded shared library C:\Program Files\Android\Android Studio\jbr\bin\zip.dll
Event: 5.022 Loaded shared library C:\Program Files\Android\Android Studio\jbr\bin\verify.dll

Deoptimization events (20 events):
Event: 69.243 Thread 0x0000027e98b559e0 Uncommon trap: trap_request=0xffffff45 fr.pc=0x0000027e87b9b1b8 relative=0x0000000000000178
Event: 69.243 Thread 0x0000027e98b559e0 Uncommon trap: reason=unstable_if action=reinterpret pc=0x0000027e87b9b1b8 method=java.util.concurrent.ConcurrentHashMap.addCount(JI)V @ 34 c2
Event: 69.243 Thread 0x0000027e98b559e0 DEOPT PACKING pc=0x0000027e87b9b1b8 sp=0x000000c4e06fcd00
Event: 69.243 Thread 0x0000027e98b559e0 DEOPT UNPACKING pc=0x0000027e875846a2 sp=0x000000c4e06fcc40 mode 2
Event: 69.258 Thread 0x0000027e98b559e0 Uncommon trap: trap_request=0xffffff45 fr.pc=0x0000027e87bfbd40 relative=0x0000000000000e20
Event: 69.258 Thread 0x0000027e98b559e0 Uncommon trap: reason=unstable_if action=reinterpret pc=0x0000027e87bfbd40 method=java.util.concurrent.ConcurrentHashMap.addCount(JI)V @ 7 c2
Event: 69.258 Thread 0x0000027e98b559e0 DEOPT PACKING pc=0x0000027e87bfbd40 sp=0x000000c4e06fc630
Event: 69.258 Thread 0x0000027e98b559e0 DEOPT UNPACKING pc=0x0000027e875846a2 sp=0x000000c4e06fc510 mode 2
Event: 69.328 Thread 0x0000027e98b559e0 Uncommon trap: trap_request=0xffffff54 fr.pc=0x0000027e87c2e0d0 relative=0x00000000000012f0
Event: 69.328 Thread 0x0000027e98b559e0 Uncommon trap: reason=speculate_null_assert action=make_not_entrant pc=0x0000027e87c2e0d0 method=jdk.internal.util.ReferencedKeyMap.existingKey(Ljdk/internal/util/ReferencedKeyMap;Ljava/lang/Object;)Ljava/lang/Object; @ 18 c2
Event: 69.328 Thread 0x0000027e98b559e0 DEOPT PACKING pc=0x0000027e87c2e0d0 sp=0x000000c4e06fd290
Event: 69.328 Thread 0x0000027e98b559e0 DEOPT UNPACKING pc=0x0000027e875846a2 sp=0x000000c4e06fd170 mode 2
Event: 69.346 Thread 0x0000027e9815d070 Uncommon trap: trap_request=0xffffffde fr.pc=0x0000027e87c5e29c relative=0x00000000000002dc
Event: 69.346 Thread 0x0000027e9815d070 Uncommon trap: reason=class_check action=maybe_recompile pc=0x0000027e87c5e29c method=java.util.Collections$SetFromMap.remove(Ljava/lang/Object;)Z @ 5 c2
Event: 69.346 Thread 0x0000027e9815d070 DEOPT PACKING pc=0x0000027e87c5e29c sp=0x000000c4deff5760
Event: 69.346 Thread 0x0000027e9815d070 DEOPT UNPACKING pc=0x0000027e875846a2 sp=0x000000c4deff5748 mode 2
Event: 69.517 Thread 0x0000027e9815d070 Uncommon trap: trap_request=0xffffff45 fr.pc=0x0000027e87c440c0 relative=0x0000000000000280
Event: 69.517 Thread 0x0000027e9815d070 Uncommon trap: reason=unstable_if action=reinterpret pc=0x0000027e87c440c0 method=java.util.concurrent.ConcurrentHashMap.get(Ljava/lang/Object;)Ljava/lang/Object; @ 86 c2
Event: 69.517 Thread 0x0000027e9815d070 DEOPT PACKING pc=0x0000027e87c440c0 sp=0x000000c4deff6ec0
Event: 69.517 Thread 0x0000027e9815d070 DEOPT UNPACKING pc=0x0000027e875846a2 sp=0x000000c4deff6e38 mode 2

Classes loaded (20 events):
Event: 65.374 Loading class java/util/PrimitiveIterator done
Event: 65.374 Loading class java/util/PrimitiveIterator$OfInt done
Event: 65.399 Loading class java/util/concurrent/RecursiveAction
Event: 65.425 Loading class java/util/concurrent/RecursiveAction done
Event: 67.220 Loading class java/io/DeleteOnExitHook
Event: 67.224 Loading class java/io/DeleteOnExitHook done
Event: 67.225 Loading class java/io/DeleteOnExitHook$1
Event: 67.225 Loading class java/io/DeleteOnExitHook$1 done
Event: 67.763 Loading class java/util/stream/DistinctOps
Event: 67.772 Loading class java/util/stream/DistinctOps done
Event: 67.772 Loading class java/util/stream/DistinctOps$1
Event: 67.787 Loading class java/util/stream/ReferencePipeline$StatefulOp
Event: 67.791 Loading class java/util/stream/ReferencePipeline$StatefulOp done
Event: 67.791 Loading class java/util/stream/DistinctOps$1 done
Event: 67.797 Loading class java/util/stream/DistinctOps$1$2
Event: 67.798 Loading class java/util/stream/DistinctOps$1$2 done
Event: 67.992 Loading class sun/reflect/ReflectionFactory
Event: 67.993 Loading class sun/reflect/ReflectionFactory done
Event: 67.993 Loading class sun/reflect/ReflectionFactory$1
Event: 67.994 Loading class sun/reflect/ReflectionFactory$1 done

Classes unloaded (0 events):
No events

Classes redefined (0 events):
No events

Internal exceptions (20 events):
Event: 64.000 Thread 0x0000027e9815d070 Exception <a 'java/lang/NoSuchMethodError'{0x0000000086ed79e0}: 'java.lang.Object java.lang.invoke.Invokers$Holder.linkToTargetMethod(java.lang.Object, java.lang.Object, java.lang.Object, int, java.lang.Object)'> (0x0000000086ed79e0) 
thrown [s\src\hotspot\share\interpreter\linkResolver.cpp, line 784]
Event: 64.459 Thread 0x0000027e9815d070 Exception <a 'java/lang/NoSuchMethodError'{0x0000000086bb4408}: 'int java.lang.invoke.DirectMethodHandle$Holder.invokeInterface(java.lang.Object, java.lang.Object, java.lang.Object, java.lang.Object)'> (0x0000000086bb4408) 
thrown [s\src\hotspot\share\interpreter\linkResolver.cpp, line 784]
Event: 64.784 Thread 0x0000027e9815d070 Exception <a 'java/lang/NoSuchMethodError'{0x0000000086874d68}: 'java.lang.Object java.lang.invoke.Invokers$Holder.linkToTargetMethod(java.lang.Object, java.lang.Object, java.lang.Object, java.lang.Object, long, java.lang.Object, java.lang.Object)'> (0x0000000086874d68) 
thrown [s\src\hotspot\share\interpreter\linkResolver.cpp, line 784]
Event: 64.813 Thread 0x0000027e9815d070 Exception <a 'java/lang/NoSuchMethodError'{0x00000000868bab50}: 'java.lang.Object java.lang.invoke.DirectMethodHandle$Holder.newInvokeSpecial(java.lang.Object, java.lang.Object, java.lang.Object, long, java.lang.Object)'> (0x00000000868bab50) 
thrown [s\src\hotspot\share\interpreter\linkResolver.cpp, line 784]
Event: 64.813 Thread 0x0000027e9815d070 Exception <a 'java/lang/NoSuchMethodError'{0x00000000868bfca8}: 'java.lang.Object java.lang.invoke.DirectMethodHandle$Holder.invokeSpecial(java.lang.Object, java.lang.Object, java.lang.Object, java.lang.Object, long, java.lang.Object)'> (0x00000000868bfca8) 
thrown [s\src\hotspot\share\interpreter\linkResolver.cpp, line 784]
Event: 64.813 Thread 0x0000027e9815d070 Exception <a 'java/lang/NoSuchMethodError'{0x00000000868c4490}: 'java.lang.Object java.lang.invoke.Invokers$Holder.linkToTargetMethod(java.lang.Object, java.lang.Object, long, java.lang.Object, java.lang.Object)'> (0x00000000868c4490) 
thrown [s\src\hotspot\share\interpreter\linkResolver.cpp, line 784]
Event: 65.023 Thread 0x0000027e9815d070 Exception <a 'java/lang/NoSuchMethodError'{0x000000008652d748}: 'java.lang.Object java.lang.invoke.DirectMethodHandle$Holder.newInvokeSpecial(java.lang.Object, java.lang.Object, java.lang.Object, java.lang.Object, java.lang.Object, java.lang.Object, java.lang.Object, java.lang.Object, java.lang.Object, java.lang.Object, java.lang.Object, java.lang.Object, java.lang.Object, java.lang.Object, java.lang.Object, java.lang.Object, java.lang.Object, java.lang.Object, java.lang.Object, java.lang.Object, java.lang
Event: 65.352 Thread 0x0000027e9815d070 Implicit null exception at 0x0000027e87d02e00 to 0x0000027e87d02eb4
Event: 65.472 Thread 0x0000027e9815d070 Exception <a 'java/lang/ClassNotFoundException'{0x000000008613b4e0}: org/gradle/api/internal/artifacts/dsl/dependencies/DefaultDependencyHandler_DecoratedBeanInfo> (0x000000008613b4e0) 
thrown [s\src\hotspot\share\classfile\systemDictionary.cpp, line 312]
Event: 65.489 Thread 0x0000027e9815d070 Exception <a 'java/lang/ClassNotFoundException'{0x0000000086151210}: org/gradle/api/internal/artifacts/dsl/dependencies/DefaultDependencyHandlerBeanInfo> (0x0000000086151210) 
thrown [s\src\hotspot\share\classfile\systemDictionary.cpp, line 312]
Event: 65.498 Thread 0x0000027e9815d070 Exception <a 'java/lang/ClassNotFoundException'{0x0000000086166f00}: org/gradle/api/internal/artifacts/dsl/dependencies/DefaultDependencyHandlerCustomizer> (0x0000000086166f00) 
thrown [s\src\hotspot\share\classfile\systemDictionary.cpp, line 312]
Event: 65.573 Thread 0x0000027e9815d070 Exception <a 'java/lang/ClassNotFoundException'{0x00000000861b2270}: org/gradle/api/internal/artifacts/dsl/dependencies/DefaultDependencyHandler_DecoratedCustomizer> (0x00000000861b2270) 
thrown [s\src\hotspot\share\classfile\systemDictionary.cpp, line 312]
Event: 65.619 Thread 0x0000027e9815d070 Exception <a 'java/lang/ClassNotFoundException'{0x00000000861f37e0}: sync_studio_tooling820_6t6ec98ei28fgsfykugmt6zp1$_run_closure1BeanInfo> (0x00000000861f37e0) 
thrown [s\src\hotspot\share\classfile\systemDictionary.cpp, line 312]
Event: 65.623 Thread 0x0000027e9815d070 Exception <a 'java/lang/ClassNotFoundException'{0x00000000861fb9b8}: sync_studio_tooling820_6t6ec98ei28fgsfykugmt6zp1$_run_closure1Customizer> (0x00000000861fb9b8) 
thrown [s\src\hotspot\share\classfile\systemDictionary.cpp, line 312]
Event: 65.907 Thread 0x0000027e9815d070 Exception <a 'java/lang/NoSuchMethodError'{0x0000000085ec57b8}: 'java.lang.Object java.lang.invoke.DirectMethodHandle$Holder.newInvokeSpecial(java.lang.Object, int, java.lang.Object)'> (0x0000000085ec57b8) 
thrown [s\src\hotspot\share\interpreter\linkResolver.cpp, line 784]
Event: 67.082 Thread 0x0000027e9815d070 Exception <a 'java/lang/NoSuchMethodError'{0x000000008559d850}: 'java.lang.Object java.lang.invoke.DirectMethodHandle$Holder.invokeSpecial(java.lang.Object, java.lang.Object, long, java.lang.Object, java.lang.Object)'> (0x000000008559d850) 
thrown [s\src\hotspot\share\interpreter\linkResolver.cpp, line 784]
Event: 67.748 Thread 0x0000027e9815d070 Exception <a 'java/lang/NoSuchMethodError'{0x00000000851aa8f8}: 'int java.lang.invoke.DirectMethodHandle$Holder.invokeInterface(java.lang.Object, java.lang.Object, java.lang.Object, java.lang.Object, java.lang.Object)'> (0x00000000851aa8f8) 
thrown [s\src\hotspot\share\interpreter\linkResolver.cpp, line 784]
Event: 68.085 Thread 0x0000027e9815d070 Exception <a 'java/lang/NoSuchMethodError'{0x0000000084eda660}: 'java.lang.Object java.lang.invoke.DirectMethodHandle$Holder.newInvokeSpecial(java.lang.Object, java.lang.Object, java.lang.Object, java.lang.Object, int, java.lang.Object)'> (0x0000000084eda660) 
thrown [s\src\hotspot\share\interpreter\linkResolver.cpp, line 784]
Event: 68.088 Thread 0x0000027e9815d070 Exception <a 'java/lang/NoSuchMethodError'{0x0000000084ee2f10}: 'java.lang.Object java.lang.invoke.Invokers$Holder.linkToTargetMethod(java.lang.Object, java.lang.Object, java.lang.Object, int, java.lang.Object, java.lang.Object)'> (0x0000000084ee2f10) 
thrown [s\src\hotspot\share\interpreter\linkResolver.cpp, line 784]
Event: 69.512 Thread 0x0000027e9815d070 Exception <a 'java/lang/NoSuchMethodError'{0x0000000087e9cd50}: 'java.lang.Object java.lang.invoke.DirectMethodHandle$Holder.invokeSpecialIFC(java.lang.Object, java.lang.Object, java.lang.Object)'> (0x0000000087e9cd50) 
thrown [s\src\hotspot\share\interpreter\linkResolver.cpp, line 784]

ZGC Phase Switch (0 events):
No events

VM Operations (20 events):
Event: 63.953 Executing VM operation: HandshakeAllThreads (Deoptimize)
Event: 63.953 Executing VM operation: HandshakeAllThreads (Deoptimize) done
Event: 64.445 Executing VM operation: HandshakeAllThreads (Deoptimize)
Event: 64.445 Executing VM operation: HandshakeAllThreads (Deoptimize) done
Event: 64.445 Executing VM operation: Cleanup
Event: 64.445 Executing VM operation: Cleanup done
Event: 65.445 Executing VM operation: Cleanup
Event: 65.445 Executing VM operation: Cleanup done
Event: 66.449 Executing VM operation: Cleanup
Event: 66.450 Executing VM operation: Cleanup done
Event: 66.881 Executing VM operation: HandshakeAllThreads (Deoptimize)
Event: 66.882 Executing VM operation: HandshakeAllThreads (Deoptimize) done
Event: 67.797 Executing VM operation: HandshakeAllThreads (Deoptimize)
Event: 67.797 Executing VM operation: HandshakeAllThreads (Deoptimize) done
Event: 67.797 Executing VM operation: Cleanup
Event: 67.797 Executing VM operation: Cleanup done
Event: 68.811 Executing VM operation: Cleanup
Event: 68.811 Executing VM operation: Cleanup done
Event: 69.109 Executing VM operation: G1CollectForAllocation (G1 Evacuation Pause)
Event: 69.175 Executing VM operation: G1CollectForAllocation (G1 Evacuation Pause) done

Memory protections (0 events):
No events

Nmethod flushes (20 events):
Event: 57.208 Thread 0x0000027effb4dbc0 flushing  nmethod 0x0000027e800d5890
Event: 57.208 Thread 0x0000027effb4dbc0 flushing  nmethod 0x0000027e803b4390
Event: 57.208 Thread 0x0000027effb4dbc0 flushing  nmethod 0x0000027e803e6110
Event: 57.208 Thread 0x0000027effb4dbc0 flushing  nmethod 0x0000027e87c04890
Event: 57.208 Thread 0x0000027effb4dbc0 flushing  nmethod 0x0000027e87c64610
Event: 57.208 Thread 0x0000027effb4dbc0 flushing  nmethod 0x0000027e87c77310
Event: 57.208 Thread 0x0000027effb4dbc0 flushing  nmethod 0x0000027e8005a090
Event: 57.208 Thread 0x0000027effb4dbc0 flushing  nmethod 0x0000027e80074d90
Event: 57.208 Thread 0x0000027effb4dbc0 flushing  nmethod 0x0000027e80187610
Event: 57.208 Thread 0x0000027effb4dbc0 flushing  nmethod 0x0000027e80188c90
Event: 57.208 Thread 0x0000027effb4dbc0 flushing  nmethod 0x0000027e8024c610
Event: 57.208 Thread 0x0000027effb4dbc0 flushing  nmethod 0x0000027e80253910
Event: 57.208 Thread 0x0000027effb4dbc0 flushing  nmethod 0x0000027e80283190
Event: 57.208 Thread 0x0000027effb4dbc0 flushing  nmethod 0x0000027e87b33990
Event: 57.208 Thread 0x0000027effb4dbc0 flushing  nmethod 0x0000027e8001da10
Event: 57.208 Thread 0x0000027effb4dbc0 flushing  nmethod 0x0000027e805ae590
Event: 57.208 Thread 0x0000027effb4dbc0 flushing  nmethod 0x0000027e80677d10
Event: 57.208 Thread 0x0000027effb4dbc0 flushing  nmethod 0x0000027e80682e10
Event: 57.208 Thread 0x0000027effb4dbc0 flushing  nmethod 0x0000027e806a1490
Event: 57.208 Thread 0x0000027effb4dbc0 flushing  nmethod 0x0000027e806a4610

Events (20 events):
Event: 33.543 Thread 0x0000027e9815d070 Thread added: 0x0000027e98932110
Event: 36.791 Thread 0x0000027e9815d070 Thread added: 0x0000027e98935590
Event: 38.105 Thread 0x0000027e9815d070 Thread added: 0x0000027e98938380
Event: 38.129 Thread 0x0000027e9815d070 Thread added: 0x0000027e98934f00
Event: 40.031 Thread 0x0000027e9815d070 Thread added: 0x0000027e989341e0
Event: 40.032 Thread 0x0000027e9815d070 Thread added: 0x0000027e989327a0
Event: 40.032 Thread 0x0000027e9815d070 Thread added: 0x0000027e989313f0
Event: 40.032 Thread 0x0000027e9815d070 Thread added: 0x0000027e98938a10
Event: 40.032 Thread 0x0000027e9815d070 Thread added: 0x0000027e98932e30
Event: 40.032 Thread 0x0000027e9815d070 Thread added: 0x0000027e989362b0
Event: 40.032 Thread 0x0000027e9815d070 Thread added: 0x0000027e98936940
Event: 40.033 Thread 0x0000027e9815d070 Thread added: 0x0000027e989334c0
Event: 56.184 Thread 0x0000027e9815d070 Thread added: 0x0000027e98b54cc0
Event: 56.579 Thread 0x0000027e9815d070 Thread added: 0x0000027e98b53910
Event: 62.295 Thread 0x0000027e9815d070 Thread added: 0x0000027e98b57420
Event: 62.624 Thread 0x0000027e9815d070 Thread added: 0x0000027e98b51ed0
Event: 68.536 Thread 0x0000027e9815d070 Thread added: 0x0000027e98b56700
Event: 68.541 Thread 0x0000027e9815d070 Thread added: 0x0000027e98b559e0
Event: 69.514 Thread 0x0000027e9815d070 Thread added: 0x0000027e98b58e60
Event: 69.516 Thread 0x0000027e9815d070 Thread added: 0x0000027e98b55350


Dynamic libraries:
0x00007ff7d35c0000 - 0x00007ff7d35ca000 	C:\Program Files\Android\Android Studio\jbr\bin\java.exe
0x00007ffdd5170000 - 0x00007ffdd5368000 	C:\Windows\SYSTEM32\ntdll.dll
0x00007ffdd40f0000 - 0x00007ffdd41b2000 	C:\Windows\System32\KERNEL32.DLL
0x00007ffdd2aa0000 - 0x00007ffdd2d96000 	C:\Windows\System32\KERNELBASE.dll
0x00007ffdd2f30000 - 0x00007ffdd3030000 	C:\Windows\System32\ucrtbase.dll
0x00007ffdab800000 - 0x00007ffdab81b000 	C:\Program Files\Android\Android Studio\jbr\bin\VCRUNTIME140.dll
0x00007ffdcdb40000 - 0x00007ffdcdb58000 	C:\Program Files\Android\Android Studio\jbr\bin\jli.dll
0x00007ffdd4cb0000 - 0x00007ffdd4e4d000 	C:\Windows\System32\USER32.dll
0x00007ffdd3030000 - 0x00007ffdd3052000 	C:\Windows\System32\win32u.dll
0x00007ffdd4060000 - 0x00007ffdd408b000 	C:\Windows\System32\GDI32.dll
0x00007ffdd2930000 - 0x00007ffdd2a49000 	C:\Windows\System32\gdi32full.dll
0x00007ffdd1bb0000 - 0x00007ffdd1e4b000 	C:\Windows\WinSxS\amd64_microsoft.windows.common-controls_6595b64144ccf1df_6.0.19041.6280_none_60bc30a171f2f3f3\COMCTL32.dll
0x00007ffdd2890000 - 0x00007ffdd292d000 	C:\Windows\System32\msvcp_win.dll
0x00007ffdd3650000 - 0x00007ffdd36ee000 	C:\Windows\System32\msvcrt.dll
0x00007ffdd3350000 - 0x00007ffdd337f000 	C:\Windows\System32\IMM32.DLL
0x00007ffdcc450000 - 0x00007ffdcc45c000 	C:\Program Files\Android\Android Studio\jbr\bin\vcruntime140_1.dll
0x00007ffdcd970000 - 0x00007ffdcd9fd000 	C:\Program Files\Android\Android Studio\jbr\bin\msvcp140.dll
0x00007ffd604d0000 - 0x00007ffd6115e000 	C:\Program Files\Android\Android Studio\jbr\bin\server\jvm.dll
0x00007ffdd4bf0000 - 0x00007ffdd4ca1000 	C:\Windows\System32\ADVAPI32.dll
0x00007ffdd4650000 - 0x00007ffdd46ef000 	C:\Windows\System32\sechost.dll
0x00007ffdd3380000 - 0x00007ffdd34a0000 	C:\Windows\System32\RPCRT4.dll
0x00007ffdd2f00000 - 0x00007ffdd2f27000 	C:\Windows\System32\bcrypt.dll
0x00007ffdd36f0000 - 0x00007ffdd375b000 	C:\Windows\System32\WS2_32.dll
0x00007ffdcef80000 - 0x00007ffdcef8a000 	C:\Windows\SYSTEM32\VERSION.dll
0x00007ffdd2250000 - 0x00007ffdd229b000 	C:\Windows\SYSTEM32\POWRPROF.dll
0x00007ffdc1a30000 - 0x00007ffdc1a57000 	C:\Windows\SYSTEM32\WINMM.dll
0x00007ffdd1e50000 - 0x00007ffdd1e62000 	C:\Windows\SYSTEM32\UMPDC.dll
0x00007ffdd0300000 - 0x00007ffdd0312000 	C:\Windows\SYSTEM32\kernel.appcore.dll
0x00007ffdcc420000 - 0x00007ffdcc42a000 	C:\Program Files\Android\Android Studio\jbr\bin\jimage.dll
0x00007ffdd1fc0000 - 0x00007ffdd21c1000 	C:\Windows\SYSTEM32\DBGHELP.DLL
0x00007ffdd1f80000 - 0x00007ffdd1fb4000 	C:\Windows\SYSTEM32\dbgcore.DLL
0x00007ffdd3110000 - 0x00007ffdd3192000 	C:\Windows\System32\bcryptPrimitives.dll
0x00007ffdcdd50000 - 0x00007ffdcdd5e000 	C:\Program Files\Android\Android Studio\jbr\bin\instrument.dll
0x00007ffdab710000 - 0x00007ffdab730000 	C:\Program Files\Android\Android Studio\jbr\bin\java.dll
0x00007ffd64a10000 - 0x00007ffd64a28000 	C:\Program Files\Android\Android Studio\jbr\bin\zip.dll
0x00007ffdd3840000 - 0x00007ffdd3fb0000 	C:\Windows\System32\SHELL32.dll
0x00007ffdcfb40000 - 0x00007ffdd02e5000 	C:\Windows\SYSTEM32\windows.storage.dll
0x00007ffdd41c0000 - 0x00007ffdd4513000 	C:\Windows\System32\combase.dll
0x00007ffdd1b10000 - 0x00007ffdd1b3b000 	C:\Windows\SYSTEM32\Wldp.dll
0x00007ffdd31a0000 - 0x00007ffdd326d000 	C:\Windows\System32\OLEAUT32.dll
0x00007ffdd4e50000 - 0x00007ffdd4efd000 	C:\Windows\System32\SHCORE.dll
0x00007ffdd4b70000 - 0x00007ffdd4bcb000 	C:\Windows\System32\shlwapi.dll
0x00007ffdd2740000 - 0x00007ffdd2764000 	C:\Windows\SYSTEM32\profapi.dll
0x00007ffdbb6d0000 - 0x00007ffdbb6e0000 	C:\Program Files\Android\Android Studio\jbr\bin\net.dll
0x00007ffdc8e60000 - 0x00007ffdc8f6a000 	C:\Windows\SYSTEM32\WINHTTP.dll
0x00007ffdd19e0000 - 0x00007ffdd1a4a000 	C:\Windows\system32\mswsock.dll
0x00007ffd7a530000 - 0x00007ffd7a546000 	C:\Program Files\Android\Android Studio\jbr\bin\nio.dll
0x00007ffdc5b90000 - 0x00007ffdc5ba0000 	C:\Program Files\Android\Android Studio\jbr\bin\verify.dll
0x00007ffdcdb60000 - 0x00007ffdcdb87000 	C:\Users\Asus\.gradle\native\1def1411415f61bf3af743bc5b6707747c0891f09f0c88961ee8f79bc544acac\windows-amd64\native-platform.dll
0x00007ffdcd8a0000 - 0x00007ffdcd918000 	C:\Users\Asus\.gradle\native\0.2.7\x86_64-windows-gnu\gradle-fileevents.dll
0x00007ffdb51e0000 - 0x00007ffdb51e9000 	C:\Program Files\Android\Android Studio\jbr\bin\management.dll
0x00007ffdb4ce0000 - 0x00007ffdb4ceb000 	C:\Program Files\Android\Android Studio\jbr\bin\management_ext.dll
0x00007ffdd32e0000 - 0x00007ffdd32e8000 	C:\Windows\System32\PSAPI.DLL
0x00007ffdd1550000 - 0x00007ffdd158b000 	C:\Windows\SYSTEM32\IPHLPAPI.DLL
0x00007ffdd32d0000 - 0x00007ffdd32d8000 	C:\Windows\System32\NSI.dll
0x00007ffdb69f0000 - 0x00007ffdb69f9000 	C:\Program Files\Android\Android Studio\jbr\bin\extnet.dll
0x00007ffdd2580000 - 0x00007ffdd2598000 	C:\Windows\SYSTEM32\CRYPTSP.dll
0x00007ffdd11f0000 - 0x00007ffdd1228000 	C:\Windows\system32\rsaenh.dll
0x00007ffdd26c0000 - 0x00007ffdd26ee000 	C:\Windows\SYSTEM32\USERENV.dll
0x00007ffdd1ad0000 - 0x00007ffdd1adc000 	C:\Windows\SYSTEM32\CRYPTBASE.dll
0x00007ffdb7b50000 - 0x00007ffdb7b57000 	C:\Windows\system32\wshunix.dll

dbghelp: loaded successfully - version: 4.0.5 - missing functions: none
symbol engine: initialized successfully - sym options: 0x614 - pdb path: .;C:\Program Files\Android\Android Studio\jbr\bin;C:\Windows\SYSTEM32;C:\Windows\WinSxS\amd64_microsoft.windows.common-controls_6595b64144ccf1df_6.0.19041.6280_none_60bc30a171f2f3f3;C:\Program Files\Android\Android Studio\jbr\bin\server;C:\Users\Asus\.gradle\native\1def1411415f61bf3af743bc5b6707747c0891f09f0c88961ee8f79bc544acac\windows-amd64;C:\Users\Asus\.gradle\native\0.2.7\x86_64-windows-gnu

VM Arguments:
jvm_args: --add-opens=java.base/java.lang=ALL-UNNAMED --add-opens=java.base/java.lang.invoke=ALL-UNNAMED --add-opens=java.base/java.util=ALL-UNNAMED --add-opens=java.prefs/java.util.prefs=ALL-UNNAMED --add-exports=jdk.compiler/com.sun.tools.javac.api=ALL-UNNAMED --add-exports=jdk.compiler/com.sun.tools.javac.util=ALL-UNNAMED --add-opens=java.base/java.util=ALL-UNNAMED --add-opens=java.prefs/java.util.prefs=ALL-UNNAMED --add-opens=java.base/java.nio.charset=ALL-UNNAMED --add-opens=java.base/java.net=ALL-UNNAMED --add-opens=java.base/java.util.concurrent.atomic=ALL-UNNAMED --add-opens=java.xml/javax.xml.namespace=ALL-UNNAMED -Xmx2048m -Dfile.encoding=UTF-8 -Duser.country=ID -Duser.language=en -Duser.variant -javaagent:C:\Users\Asus\.gradle\wrapper\dists\gradle-8.13-bin\5xuhj0ry160q40clulazy9h7d\gradle-8.13\lib\agents\gradle-instrumentation-agent-8.13.jar 
java_command: org.gradle.launcher.daemon.bootstrap.GradleDaemon 8.13
java_class_path (initial): C:\Users\Asus\.gradle\wrapper\dists\gradle-8.13-bin\5xuhj0ry160q40clulazy9h7d\gradle-8.13\lib\gradle-daemon-main-8.13.jar
Launcher Type: SUN_STANDARD

[Global flags]
     intx CICompilerCount                          = 4                                         {product} {ergonomic}
     uint ConcGCThreads                            = 2                                         {product} {ergonomic}
     uint G1ConcRefinementThreads                  = 8                                         {product} {ergonomic}
   size_t G1HeapRegionSize                         = 1048576                                   {product} {ergonomic}
    uintx GCDrainStackTargetSize                   = 64                                        {product} {ergonomic}
   size_t InitialHeapSize                          = 65011712                                  {product} {ergonomic}
   size_t MarkStackSize                            = 4194304                                   {product} {ergonomic}
   size_t MaxHeapSize                              = 2147483648                                {product} {command line}
   size_t MaxNewSize                               = 1287651328                                {product} {ergonomic}
   size_t MinHeapDeltaBytes                        = 1048576                                   {product} {ergonomic}
   size_t MinHeapSize                              = 8388608                                   {product} {ergonomic}
    uintx NonNMethodCodeHeapSize                   = 5839372                                {pd product} {ergonomic}
    uintx NonProfiledCodeHeapSize                  = 122909434                              {pd product} {ergonomic}
    uintx ProfiledCodeHeapSize                     = 122909434                              {pd product} {ergonomic}
    uintx ReservedCodeCacheSize                    = 251658240                              {pd product} {ergonomic}
     bool SegmentedCodeCache                       = true                                      {product} {ergonomic}
   size_t SoftMaxHeapSize                          = 2147483648                             {manageable} {ergonomic}
     bool UseCompressedOops                        = true                           {product lp64_product} {ergonomic}
     bool UseG1GC                                  = true                                      {product} {ergonomic}
     bool UseLargePagesIndividualAllocation        = false                                  {pd product} {ergonomic}

Logging:
Log output configuration:
 #0: stdout all=warning uptime,level,tags foldmultilines=false
 #1: stderr all=off uptime,level,tags foldmultilines=false

Environment Variables:
PATH=C:\Windows\system32;C:\Windows;C:\Windows\System32\Wbem;C:\Windows\System32\WindowsPowerShell\v1.0\;C:\Windows\System32\OpenSSH\;C:\Program Files (x86)\NVIDIA Corporation\PhysX\Common;C:\Program Files\Git\cmd;C:\Program Files\dotnet\;C:\Users\Asus\AppData\Local\Microsoft\WindowsApps;C:\Users\Asus\AppData\Local\Programs\Microsoft VS Code\bin;C:\Users\Asus\AppData\Local\GitHubDesktop\bin;C:\Users\Asus\.dotnet\tools
USERNAME=Asus
OS=Windows_NT
PROCESSOR_IDENTIFIER=Intel64 Family 6 Model 142 Stepping 12, GenuineIntel
TMP=C:\Users\Asus\AppData\Local\Temp
TEMP=C:\Users\Asus\AppData\Local\Temp




Periodic native trim disabled

JNI global refs:
JNI global refs: 26, weak refs: 0

JNI global refs memory usage: 835, weak refs: 833

Process memory usage:
Resident Set Size: 133208K (3% of 4042184K total physical memory with 19308K free physical memory)

OOME stack traces (most recent first):
Classloader memory used:
Loader org.gradle.internal.classloader.VisitableURLClassLoader                         : 26601K
Loader bootstrap                                                                       : 22390K
Loader org.gradle.initialization.MixInLegacyTypesClassLoader                           : 6519K
Loader org.gradle.internal.classloader.VisitableURLClassLoader                         : 734K
Loader jdk.internal.loader.ClassLoaders$PlatformClassLoader                            : 497K
Loader jdk.internal.loader.ClassLoaders$AppClassLoader                                 : 235K
Loader jdk.internal.reflect.DelegatingClassLoader                                      : 168K
Loader org.gradle.groovy.scripts.internal.DefaultScriptCompilationHandler$ScriptClassLoader: 35784B
Loader org.codehaus.groovy.runtime.callsite.CallSiteClassLoader                        : 7200B

Classes loaded by more than one classloader:
Class org.gradle.api.GradleException                                                  : loaded 3 times (x 80B)
Class org.gradle.internal.classloader.FilteringClassLoader                            : loaded 2 times (x 103B)
Class org.gradle.internal.classloader.ClassLoaderHierarchy                            : loaded 2 times (x 68B)
Class org.gradle.api.internal.classpath.ManifestUtil                                  : loaded 2 times (x 69B)
Class org.gradle.internal.operations.MultipleBuildOperationFailures                   : loaded 2 times (x 93B)
Class org.gradle.internal.classloader.DefaultClassLoaderFactory                       : loaded 2 times (x 80B)
Class kotlin.collections.AbstractList$Companion                                       : loaded 2 times (x 69B)
Class org.gradle.internal.classloader.ClassLoaderVisitor                              : loaded 2 times (x 74B)
Class org.gradle.api.internal.classpath.EffectiveClassPath                            : loaded 2 times (x 88B)
Class org.gradle.api.internal.DefaultClassPathProvider                                : loaded 2 times (x 74B)
Class [Lorg.gradle.api.internal.ClassPathProvider;                                    : loaded 2 times (x 67B)
Class org.gradle.api.internal.ClassPathProvider                                       : loaded 2 times (x 68B)
Class org.gradle.internal.service.UnknownServiceException                             : loaded 2 times (x 81B)
Class org.gradle.internal.classpath.TransformedClassPath                              : loaded 2 times (x 94B)
Class org.gradle.internal.classloader.InstrumentingClassLoader                        : loaded 2 times (x 68B)
Class kotlin.enums.EnumEntriesList                                                    : loaded 2 times (x 221B)
Class org.gradle.internal.service.ServiceLocator                                      : loaded 2 times (x 68B)
Class org.gradle.internal.InternalTransformer                                         : loaded 2 times (x 68B)
Class org.gradle.internal.time.DefaultTimer                                           : loaded 2 times (x 78B)
Class org.gradle.internal.classloader.ClasspathUtil$1                                 : loaded 2 times (x 74B)
Class org.gradle.api.internal.classpath.DefaultModuleRegistry$DefaultModule           : loaded 2 times (x 84B)
Class org.gradle.internal.time.DefaultCountdownTimer                                  : loaded 2 times (x 86B)
Class kotlin.Function                                                                 : loaded 2 times (x 68B)
Class org.gradle.api.internal.classpath.Module                                        : loaded 2 times (x 68B)
Class org.gradle.api.internal.classpath.UnknownModuleException                        : loaded 2 times (x 80B)
Class org.gradle.api.internal.DefaultClassPathRegistry                                : loaded 2 times (x 74B)
Class org.gradle.api.internal.ClassPathRegistry                                       : loaded 2 times (x 68B)
Class org.gradle.internal.classpath.DefaultClassPath$ImmutableUniqueList              : loaded 2 times (x 197B)
Class org.gradle.internal.classpath.ClassPath                                         : loaded 2 times (x 68B)
Class org.gradle.api.UncheckedIOException                                             : loaded 2 times (x 80B)
Class kotlin.UninitializedPropertyAccessException                                     : loaded 2 times (x 80B)
Class org.gradle.internal.installation.GradleInstallation$1                           : loaded 2 times (x 73B)
Class org.gradle.api.internal.classpath.ModuleRegistry                                : loaded 2 times (x 68B)
Class org.gradle.api.internal.classpath.DefaultModuleRegistry                         : loaded 2 times (x 84B)
Class org.gradle.internal.time.MonotonicClock                                         : loaded 2 times (x 75B)
Class org.gradle.internal.service.ServiceLookupException                              : loaded 2 times (x 80B)
Class org.gradle.internal.classloader.ClassLoaderFactory                              : loaded 2 times (x 68B)
Class org.gradle.internal.service.CachingServiceLocator                               : loaded 2 times (x 80B)
Class org.gradle.internal.time.TimeSource                                             : loaded 2 times (x 68B)
Class kotlin.enums.EnumEntries                                                        : loaded 2 times (x 68B)
Class org.gradle.internal.exceptions.ResolutionProvider                               : loaded 2 times (x 68B)
Class org.gradle.internal.classloader.ClasspathUtil                                   : loaded 2 times (x 69B)
Class org.gradle.internal.time.TimeSource$1                                           : loaded 2 times (x 75B)
Class org.gradle.api.specs.Spec                                                       : loaded 2 times (x 68B)
Class org.gradle.internal.time.Clock                                                  : loaded 2 times (x 68B)
Class kotlin.collections.AbstractList                                                 : loaded 2 times (x 195B)
Class kotlin.collections.AbstractCollection                                           : loaded 2 times (x 115B)
Class org.gradle.internal.classloader.VisitableURLClassLoader$InstrumentingVisitableURLClassLoader: loaded 2 times (x 121B)
Class org.gradle.internal.classloader.VisitableURLClassLoader$Spec                    : loaded 2 times (x 72B)
Class org.gradle.internal.classpath.DefaultClassPath                                  : loaded 2 times (x 88B)
Class org.gradle.internal.classloader.ClassLoaderSpec                                 : loaded 2 times (x 69B)
Class org.gradle.internal.classloader.VisitableURLClassLoader                         : loaded 2 times (x 115B)
Class org.gradle.internal.Cast                                                        : loaded 2 times (x 69B)
Class org.gradle.api.Action                                                           : loaded 2 times (x 68B)
Class kotlin.jvm.functions.Function1                                                  : loaded 2 times (x 68B)
Class org.gradle.internal.classpath.DefaultClassPath$ImmutableUniqueList$Builder      : loaded 2 times (x 73B)
Class kotlin.NotImplementedError                                                      : loaded 2 times (x 80B)
Class org.gradle.internal.exceptions.NonGradleCauseExceptionsHolder                   : loaded 2 times (x 68B)
Class kotlin.enums.EnumEntriesKt                                                      : loaded 2 times (x 69B)
Class org.gradle.internal.IoActions                                                   : loaded 2 times (x 69B)
Class org.gradle.internal.classloader.SystemClassLoaderSpec                           : loaded 2 times (x 69B)
Class org.gradle.internal.exceptions.MultiCauseException                              : loaded 2 times (x 68B)
Class org.gradle.internal.time.CountdownTimer                                         : loaded 2 times (x 68B)
Class kotlin.jvm.internal.Intrinsics                                                  : loaded 2 times (x 69B)
Class org.gradle.tooling.model.ProjectModel                                           : loaded 2 times (x 68B)
Class kotlin.KotlinNullPointerException                                               : loaded 2 times (x 81B)
Class org.gradle.internal.exceptions.DefaultMultiCauseException                       : loaded 2 times (x 93B)
Class org.gradle.internal.time.Time                                                   : loaded 2 times (x 69B)
Class org.gradle.api.internal.classpath.GlobalCacheRootsProvider                      : loaded 2 times (x 68B)
Class org.gradle.internal.time.Timer                                                  : loaded 2 times (x 68B)
Class kotlin.jvm.internal.markers.KMappedMarker                                       : loaded 2 times (x 68B)
Class org.gradle.internal.installation.CurrentGradleInstallationLocator               : loaded 2 times (x 69B)
Class org.gradle.internal.service.DefaultServiceLocator                               : loaded 2 times (x 81B)
Class org.gradle.util.GradleVersion                                                   : loaded 2 times (x 77B)
Class org.gradle.internal.installation.CurrentGradleInstallation                      : loaded 2 times (x 71B)
Class org.gradle.util.internal.GUtil                                                  : loaded 2 times (x 69B)
Class org.gradle.internal.installation.GradleInstallation                             : loaded 2 times (x 73B)

---------------  S Y S T E M  ---------------

OS:
 Windows 10 , 64 bit Build 19041 (10.0.19041.5915)
OS uptime: 6 days 20:06 hours

CPU: total 8 (initial active 8) (4 cores per cpu, 2 threads per core) family 6 model 142 stepping 12 microcode 0xde, cx8, cmov, fxsr, ht, mmx, 3dnowpref, sse, sse2, sse3, ssse3, sse4.1, sse4.2, popcnt, lzcnt, tsc, tscinvbit, avx, avx2, aes, erms, clmul, bmi1, bmi2, adx, fma, vzeroupper, clflush, clflushopt, rdtscp, f16c
Processor Information for the first 8 processors :
  Max Mhz: 1800, Current Mhz: 1600, Mhz Limit: 1584

Memory: 4k page, system-wide physical 3947M (129M free)
TotalPageFile size 16235M (AvailPageFile size 296M)
current process WorkingSet (physical memory assigned to process): 122M, peak: 168M
current process commit charge ("private bytes"): 328M, peak: 331M

vm_info: OpenJDK 64-Bit Server VM (21.0.7+-13880790-b1038.58) for windows-amd64 JRE (21.0.7+-13880790-b1038.58), built on 2025-08-04T20:56:21Z by "builder" with MS VC++ 16.10 / 16.11 (VS2019)

END.
